[0.741s] Invoking command in '/home/k/robo/src/beagle_first_package': PYTHONPATH=/home/k/robo/build/beagle_first_package/prefix_override:/home/k/robo/install/beagle_first_package/lib/python3.8/site-packages:${PYTHONPATH} /usr/bin/python3 setup.py egg_info --egg-base ../../build/beagle_first_package build --build-base /home/k/robo/build/beagle_first_package/build install --record /home/k/robo/build/beagle_first_package/install.log --single-version-externally-managed
[0.987s] running egg_info
[0.996s] writing ../../build/beagle_first_package/beagle_first_package.egg-info/PKG-INFO
[0.996s] writing dependency_links to ../../build/beagle_first_package/beagle_first_package.egg-info/dependency_links.txt
[0.996s] writing entry points to ../../build/beagle_first_package/beagle_first_package.egg-info/entry_points.txt
[0.996s] writing requirements to ../../build/beagle_first_package/beagle_first_package.egg-info/requires.txt
[0.996s] writing top-level names to ../../build/beagle_first_package/beagle_first_package.egg-info/top_level.txt
[1.024s] reading manifest file '../../build/beagle_first_package/beagle_first_package.egg-info/SOURCES.txt'
[1.024s] writing manifest file '../../build/beagle_first_package/beagle_first_package.egg-info/SOURCES.txt'
[1.024s] running build
[1.024s] running build_py
[1.024s] copying beagle_first_package/beagle_camera.py -> /home/k/robo/build/beagle_first_package/build/lib/beagle_first_package
[1.024s] copying beagle_first_package/beagle_first_pub.py -> /home/k/robo/build/beagle_first_package/build/lib/beagle_first_package
[1.024s] running install
[1.025s] /home/k/.local/lib/python3.8/site-packages/setuptools/command/install.py:34: SetuptoolsDeprecationWarning: setup.py install is deprecated. Use build and pip and other standards-based tools.
[1.025s]   warnings.warn(
[1.029s] running install_lib
[1.038s] copying /home/k/robo/build/beagle_first_package/build/lib/beagle_first_package/beagle_camera.py -> /home/k/robo/install/beagle_first_package/lib/python3.8/site-packages/beagle_first_package
[1.039s] copying /home/k/robo/build/beagle_first_package/build/lib/beagle_first_package/beagle_first_pub.py -> /home/k/robo/install/beagle_first_package/lib/python3.8/site-packages/beagle_first_package
[1.039s] byte-compiling /home/k/robo/install/beagle_first_package/lib/python3.8/site-packages/beagle_first_package/beagle_camera.py to beagle_camera.cpython-38.pyc
[1.039s] byte-compiling /home/k/robo/install/beagle_first_package/lib/python3.8/site-packages/beagle_first_package/beagle_first_pub.py to beagle_first_pub.cpython-38.pyc
[1.040s] running install_data
[1.049s] running install_egg_info
[1.059s] removing '/home/k/robo/install/beagle_first_package/lib/python3.8/site-packages/beagle_first_package-0.0.0-py3.8.egg-info' (and everything under it)
[1.059s] Copying ../../build/beagle_first_package/beagle_first_package.egg-info to /home/k/robo/install/beagle_first_package/lib/python3.8/site-packages/beagle_first_package-0.0.0-py3.8.egg-info
[1.059s] running install_scripts
[1.097s] Installing beagle_first_node script to /home/k/robo/install/beagle_first_package/lib/beagle_first_package
[1.097s] Installing beagle_first_pub script to /home/k/robo/install/beagle_first_package/lib/beagle_first_package
[1.097s] Installing beagle_first_sub script to /home/k/robo/install/beagle_first_package/lib/beagle_first_package
[1.097s] writing list of installed files to '/home/k/robo/build/beagle_first_package/install.log'
[1.128s] Invoked command in '/home/k/robo/src/beagle_first_package' returned '0': PYTHONPATH=/home/k/robo/build/beagle_first_package/prefix_override:/home/k/robo/install/beagle_first_package/lib/python3.8/site-packages:${PYTHONPATH} /usr/bin/python3 setup.py egg_info --egg-base ../../build/beagle_first_package build --build-base /home/k/robo/build/beagle_first_package/build install --record /home/k/robo/build/beagle_first_package/install.log --single-version-externally-managed
