[0.267s] Invoking command in '/home/k/robo/build/beagle_msgs': CMAKE_PREFIX_PATH=${CMAKE_PREFIX_PATH}:/home/k/robo/install/beagle_first_package:/opt/ros/galactic /home/k/.local/bin/cmake --build /home/k/robo/build/beagle_msgs -- -j8 -l8
[0.294s] -- Found ament_cmake: 1.1.6 (/opt/ros/galactic/share/ament_cmake/cmake)
[0.308s] -- Found PythonInterp: /usr/bin/python3 (found suitable version "3.8.10", minimum required is "3") 
[0.308s] -- Using PYTHON_EXECUTABLE: /usr/bin/python3
[0.350s] -- Found rosidl_default_generators: 1.1.1 (/opt/ros/galactic/share/rosidl_default_generators/cmake)
[0.351s] -- Using all available rosidl_typesupport_c: rosidl_typesupport_fastrtps_c;rosidl_typesupport_introspection_c
[0.353s] -- Found rosidl_adapter: 2.2.3 (/opt/ros/galactic/share/rosidl_adapter/cmake)
[0.445s] -- Using all available rosidl_typesupport_cpp: rosidl_typesupport_fastrtps_cpp;rosidl_typesupport_introspection_cpp
[0.480s] -- Found PythonInterp: /usr/bin/python3 (found version "3.8.10") 
[0.630s] [31mCMake Error at /opt/ros/galactic/share/rosidl_adapter/cmake/rosidl_adapt_interfaces.cmake:60 (message):
[0.630s]   execute_process(/usr/bin/python3 -m rosidl_adapter --package-name
[0.630s]   beagle_msgs --arguments-file
[0.630s]   /home/k/robo/build/beagle_msgs/rosidl_adapter__arguments__beagle_msgs.json
[0.630s]   --output-dir /home/k/robo/build/beagle_msgs/rosidl_adapter/beagle_msgs
[0.630s]   --output-file
[0.630s]   /home/k/robo/build/beagle_msgs/rosidl_adapter/beagle_msgs.idls) returned
[0.630s]   error code 1:
[0.630s] 
[0.630s]   Traceback (most recent call last):
[0.630s] 
[0.630s]     File "/usr/lib/python3.8/runpy.py", line 194, in _run_module_as_main
[0.630s]       return _run_code(code, main_globals, None,
[0.630s]     File "/usr/lib/python3.8/runpy.py", line 87, in _run_code
[0.630s]       exec(code, run_globals)
[0.630s]     File "/opt/ros/galactic/lib/python3.8/site-packages/rosidl_adapter/__main__.py", line 19, in <module>
[0.631s]       sys.exit(main())
[0.631s]     File "/opt/ros/galactic/lib/python3.8/site-packages/rosidl_adapter/main.py", line 53, in main
[0.631s]       abs_idl_file = convert_to_idl(
[0.631s]     File "/opt/ros/galactic/lib/python3.8/site-packages/rosidl_adapter/__init__.py", line 24, in convert_to_idl
[0.631s]       return convert_srv_to_idl(
[0.631s]     File "/opt/ros/galactic/lib/python3.8/site-packages/rosidl_adapter/srv/__init__.py", line 28, in convert_srv_to_idl
[0.631s]       srv = parse_service_string(package_name, input_file.stem, content)
[0.631s]     File "/opt/ros/galactic/lib/python3.8/site-packages/rosidl_adapter/parser.py", line 852, in parse_service_string
[0.631s]       request_message = parse_message_string(
[0.631s]     File "/opt/ros/galactic/lib/python3.8/site-packages/rosidl_adapter/parser.py", line 540, in parse_message_string
[0.631s]       msg = MessageSpecification(pkg_name, msg_name, fields, constants)
[0.631s]     File "/opt/ros/galactic/lib/python3.8/site-packages/rosidl_adapter/parser.py", line 387, in __init__
[0.631s]       self.base_type = BaseType(
[0.631s]     File "/opt/ros/galactic/lib/python3.8/site-packages/rosidl_adapter/parser.py", line 204, in __init__
[0.631s]       raise InvalidResourceName(
[0.631s] 
[0.631s]   rosidl_adapter.parser.InvalidResourceName: 'beaglePosition_Request' is an
[0.631s]   invalid message name.  It should have the pattern '^[A-Z][A-Za-z0-9]*$'
[0.631s] 
[0.631s] Call Stack (most recent call first):
[0.631s]   /opt/ros/galactic/share/rosidl_cmake/cmake/rosidl_generate_interfaces.cmake:130 (rosidl_adapt_interfaces)
[0.631s]   CMakeLists.txt:14 (rosidl_generate_interfaces)
[0.631s] 
[0.631s] [0m
[0.631s] -- Configuring incomplete, errors occurred!
[0.633s] make: *** [Makefile:935: cmake_check_build_system] Error 1
[0.638s] Invoked command in '/home/k/robo/build/beagle_msgs' returned '2': CMAKE_PREFIX_PATH=${CMAKE_PREFIX_PATH}:/home/k/robo/install/beagle_first_package:/opt/ros/galactic /home/k/.local/bin/cmake --build /home/k/robo/build/beagle_msgs -- -j8 -l8
