[0.274s] Invoking command in '/home/k/robo/build/beagle_msgs': CMAKE_PREFIX_PATH=/home/k/robo/install/beagle_first_package:/opt/ros/galactic /home/k/.local/bin/cmake /home/k/robo/src/beagle_msgs -DCMAKE_INSTALL_PREFIX=/home/k/robo/install/beagle_msgs
[0.300s] -- Found ament_cmake: 1.1.6 (/opt/ros/galactic/share/ament_cmake/cmake)
[0.315s] -- Using PYTHON_EXECUTABLE: /usr/bin/python3
[0.360s] -- Found rosidl_default_generators: 1.1.1 (/opt/ros/galactic/share/rosidl_default_generators/cmake)
[0.361s] -- Using all available rosidl_typesupport_c: rosidl_typesupport_fastrtps_c;rosidl_typesupport_introspection_c
[0.363s] -- Found rosidl_adapter: 2.2.3 (/opt/ros/galactic/share/rosidl_adapter/cmake)
[0.458s] -- Using all available rosidl_typesupport_cpp: rosidl_typesupport_fastrtps_cpp;rosidl_typesupport_introspection_cpp
[0.487s] -- Found PythonInterp: /usr/bin/python3 (found version "3.8.10") 
[0.567s] -- Found ament_cmake_ros: 0.9.2 (/opt/ros/galactic/share/ament_cmake_ros/cmake)
[0.644s] -- Using all available rosidl_typesupport_c: rosidl_typesupport_fastrtps_c;rosidl_typesupport_introspection_c
[0.648s] -- Using all available rosidl_typesupport_cpp: rosidl_typesupport_fastrtps_cpp;rosidl_typesupport_introspection_cpp
[0.664s] -- Found PythonInterp: /usr/bin/python3 (found suitable version "3.8.10", minimum required is "3.5") 
[0.665s] -- Found python_cmake_module: 0.8.1 (/opt/ros/galactic/share/python_cmake_module/cmake)
[0.686s] -- Found PythonLibs: /usr/lib/x86_64-linux-gnu/libpython3.8.so (found suitable version "3.8.10", minimum required is "3.5") 
[0.686s] -- Using PYTHON_EXECUTABLE: /usr/bin/python3
[0.686s] -- Using PYTHON_INCLUDE_DIRS: /usr/include/python3.8
[0.686s] -- Using PYTHON_LIBRARIES: /usr/lib/x86_64-linux-gnu/libpython3.8.so
[0.701s] -- Found PythonExtra: .so  
[0.930s] -- Found ament_lint_auto: 0.10.7 (/opt/ros/galactic/share/ament_lint_auto/cmake)
[0.955s] -- Added test 'copyright' to check source files copyright and LICENSE
[0.956s] -- Added test 'lint_cmake' to check CMake code style
[0.957s] -- Added test 'xmllint' to check XML markup files
[0.959s] -- Configuring done (0.7s)
[0.980s] -- Generating done (0.0s)
[0.981s] -- Build files have been written to: /home/k/robo/build/beagle_msgs
[0.991s] Invoked command in '/home/k/robo/build/beagle_msgs' returned '0': CMAKE_PREFIX_PATH=/home/k/robo/install/beagle_first_package:/opt/ros/galactic /home/k/.local/bin/cmake /home/k/robo/src/beagle_msgs -DCMAKE_INSTALL_PREFIX=/home/k/robo/install/beagle_msgs
[0.993s] Invoking command in '/home/k/robo/build/beagle_msgs': CMAKE_PREFIX_PATH=/home/k/robo/install/beagle_first_package:/opt/ros/galactic /home/k/.local/bin/cmake --build /home/k/robo/build/beagle_msgs -- -j8 -l8
[1.021s] [  3%] [34m[1mGenerating C code for ROS interfaces[0m
[1.023s] [  6%] [34m[1mGenerating C++ code for ROS interfaces[0m
[1.175s] [  9%] [32mBuilding C object CMakeFiles/beagle_msgs__rosidl_generator_c.dir/rosidl_generator_c/beagle_msgs/msg/detail/positioncmd__functions.c.o[0m
[1.178s] [  9%] Built target beagle_msgs__cpp
[1.181s] [ 16%] [34m[1mGenerating C++ type support dispatch for ROS interfaces[0m
[1.181s] [ 16%] [34m[1mGenerating C++ type support for eProsima Fast-RTPS[0m
[1.181s] [ 19%] [34m[1mGenerating C++ introspection for ROS interfaces[0m
[1.242s] [ 22%] [32m[1mLinking C shared library libbeagle_msgs__rosidl_generator_c.so[0m
[1.252s] [ 22%] Built target beagle_msgs__rosidl_generator_c
[1.254s] [ 25%] [34m[1mGenerating C introspection for ROS interfaces[0m
[1.255s] [ 29%] [34m[1mGenerating C type support dispatch for ROS interfaces[0m
[1.350s] [ 35%] [32mBuilding CXX object CMakeFiles/beagle_msgs__rosidl_typesupport_introspection_cpp.dir/rosidl_typesupport_introspection_cpp/beagle_msgs/msg/detail/positioncmd__type_support.cpp.o[0m
[1.350s] [ 35%] [32mBuilding CXX object CMakeFiles/beagle_msgs__rosidl_typesupport_fastrtps_cpp.dir/rosidl_typesupport_fastrtps_cpp/beagle_msgs/msg/detail/dds_fastrtps/positioncmd__type_support.cpp.o[0m
[1.363s] [ 38%] [32mBuilding CXX object CMakeFiles/beagle_msgs__rosidl_typesupport_cpp.dir/rosidl_typesupport_cpp/beagle_msgs/msg/positioncmd__type_support.cpp.o[0m
[1.418s] [ 41%] [32mBuilding CXX object CMakeFiles/beagle_msgs__rosidl_typesupport_c.dir/rosidl_typesupport_c/beagle_msgs/msg/positioncmd__type_support.cpp.o[0m
[1.437s] [ 45%] [32m[1mLinking CXX shared library libbeagle_msgs__rosidl_typesupport_c.so[0m
[1.461s] [ 48%] [32mBuilding C object CMakeFiles/beagle_msgs__rosidl_typesupport_introspection_c.dir/rosidl_typesupport_introspection_c/beagle_msgs/msg/detail/positioncmd__type_support.c.o[0m
[1.462s] [ 48%] Built target beagle_msgs__rosidl_typesupport_c
[1.482s] [ 51%] [32m[1mLinking C shared library libbeagle_msgs__rosidl_typesupport_introspection_c.so[0m
[1.498s] [ 51%] Built target beagle_msgs__rosidl_typesupport_introspection_c
[1.571s] [ 54%] [32m[1mLinking CXX shared library libbeagle_msgs__rosidl_typesupport_cpp.so[0m
[1.582s] [ 58%] [32m[1mLinking CXX shared library libbeagle_msgs__rosidl_typesupport_introspection_cpp.so[0m
[1.589s] [ 58%] Built target beagle_msgs__rosidl_typesupport_cpp
[1.601s] [ 58%] Built target beagle_msgs__rosidl_typesupport_introspection_cpp
[1.683s] [ 61%] [32m[1mLinking CXX shared library libbeagle_msgs__rosidl_typesupport_fastrtps_cpp.so[0m
[1.744s] [ 61%] Built target beagle_msgs__rosidl_typesupport_fastrtps_cpp
[1.747s] [ 64%] [34m[1mGenerating C type support for eProsima Fast-RTPS[0m
[1.884s] [ 67%] [32mBuilding CXX object CMakeFiles/beagle_msgs__rosidl_typesupport_fastrtps_c.dir/rosidl_typesupport_fastrtps_c/beagle_msgs/msg/detail/positioncmd__type_support_c.cpp.o[0m
[2.082s] [ 70%] [32m[1mLinking CXX shared library libbeagle_msgs__rosidl_typesupport_fastrtps_c.so[0m
[2.130s] [ 70%] Built target beagle_msgs__rosidl_typesupport_fastrtps_c
[2.135s] [ 70%] Built target beagle_msgs
[2.140s] [ 74%] [34m[1mGenerating Python code for ROS interfaces[0m
[2.475s] [ 74%] Built target beagle_msgs__py
[2.480s] [ 77%] [32mBuilding C object CMakeFiles/beagle_msgs__python.dir/rosidl_generator_py/beagle_msgs/msg/_positioncmd_s.c.o[0m
[2.570s] [ 80%] [32m[1mLinking C shared library rosidl_generator_py/beagle_msgs/libbeagle_msgs__python.so[0m
[2.590s] [ 80%] Built target beagle_msgs__python
[2.596s] [ 90%] [32mBuilding C object CMakeFiles/beagle_msgs__rosidl_typesupport_fastrtps_c__pyext.dir/rosidl_generator_py/beagle_msgs/_beagle_msgs_s.ep.rosidl_typesupport_fastrtps_c.c.o[0m
[2.596s] [ 90%] [32mBuilding C object CMakeFiles/beagle_msgs__rosidl_typesupport_c__pyext.dir/rosidl_generator_py/beagle_msgs/_beagle_msgs_s.ep.rosidl_typesupport_c.c.o[0m
[2.596s] [ 90%] [32mBuilding C object CMakeFiles/beagle_msgs__rosidl_typesupport_introspection_c__pyext.dir/rosidl_generator_py/beagle_msgs/_beagle_msgs_s.ep.rosidl_typesupport_introspection_c.c.o[0m
[2.644s] [ 96%] [32m[1mLinking C shared library rosidl_generator_py/beagle_msgs/beagle_msgs_s__rosidl_typesupport_c.cpython-38-x86_64-linux-gnu.so[0m
[2.644s] [ 96%] [32m[1mLinking CXX shared library rosidl_generator_py/beagle_msgs/beagle_msgs_s__rosidl_typesupport_fastrtps_c.cpython-38-x86_64-linux-gnu.so[0m
[2.644s] [100%] [32m[1mLinking C shared library rosidl_generator_py/beagle_msgs/beagle_msgs_s__rosidl_typesupport_introspection_c.cpython-38-x86_64-linux-gnu.so[0m
[2.658s] [100%] Built target beagle_msgs__rosidl_typesupport_c__pyext
[2.658s] [100%] Built target beagle_msgs__rosidl_typesupport_introspection_c__pyext
[2.678s] [100%] Built target beagle_msgs__rosidl_typesupport_fastrtps_c__pyext
[2.684s] Invoked command in '/home/k/robo/build/beagle_msgs' returned '0': CMAKE_PREFIX_PATH=/home/k/robo/install/beagle_first_package:/opt/ros/galactic /home/k/.local/bin/cmake --build /home/k/robo/build/beagle_msgs -- -j8 -l8
[2.754s] Invoking command in '/home/k/robo/build/beagle_msgs': CMAKE_PREFIX_PATH=/home/k/robo/install/beagle_first_package:/opt/ros/galactic /home/k/.local/bin/cmake --install /home/k/robo/build/beagle_msgs
[2.773s] -- Install configuration: ""
[2.773s] -- Installing: /home/k/robo/install/beagle_msgs/share/ament_index/resource_index/rosidl_interfaces/beagle_msgs
[2.773s] -- Installing: /home/k/robo/install/beagle_msgs/include/beagle_msgs
[2.773s] -- Installing: /home/k/robo/install/beagle_msgs/include/beagle_msgs/msg
[2.773s] -- Installing: /home/k/robo/install/beagle_msgs/include/beagle_msgs/msg/positioncmd.h
[2.773s] -- Installing: /home/k/robo/install/beagle_msgs/include/beagle_msgs/msg/detail
[2.774s] -- Installing: /home/k/robo/install/beagle_msgs/include/beagle_msgs/msg/detail/positioncmd__type_support.h
[2.774s] -- Installing: /home/k/robo/install/beagle_msgs/include/beagle_msgs/msg/detail/positioncmd__struct.h
[2.774s] -- Installing: /home/k/robo/install/beagle_msgs/include/beagle_msgs/msg/detail/positioncmd__functions.c
[2.774s] -- Installing: /home/k/robo/install/beagle_msgs/include/beagle_msgs/msg/detail/positioncmd__functions.h
[2.774s] -- Installing: /home/k/robo/install/beagle_msgs/include/beagle_msgs/msg/rosidl_generator_c__visibility_control.h
[2.774s] -- Installing: /home/k/robo/install/beagle_msgs/share/beagle_msgs/environment/library_path.sh
[2.774s] -- Installing: /home/k/robo/install/beagle_msgs/share/beagle_msgs/environment/library_path.dsv
[2.774s] -- Installing: /home/k/robo/install/beagle_msgs/lib/libbeagle_msgs__rosidl_generator_c.so
[2.774s] -- Set runtime path of "/home/k/robo/install/beagle_msgs/lib/libbeagle_msgs__rosidl_generator_c.so" to ""
[2.774s] -- Up-to-date: /home/k/robo/install/beagle_msgs/include/beagle_msgs
[2.774s] -- Up-to-date: /home/k/robo/install/beagle_msgs/include/beagle_msgs/msg
[2.774s] -- Installing: /home/k/robo/install/beagle_msgs/include/beagle_msgs/msg/rosidl_typesupport_fastrtps_c__visibility_control.h
[2.774s] -- Up-to-date: /home/k/robo/install/beagle_msgs/include/beagle_msgs/msg/detail
[2.774s] -- Installing: /home/k/robo/install/beagle_msgs/include/beagle_msgs/msg/detail/positioncmd__rosidl_typesupport_fastrtps_c.h
[2.774s] -- Installing: /home/k/robo/install/beagle_msgs/lib/libbeagle_msgs__rosidl_typesupport_fastrtps_c.so
[2.775s] -- Set runtime path of "/home/k/robo/install/beagle_msgs/lib/libbeagle_msgs__rosidl_typesupport_fastrtps_c.so" to ""
[2.775s] -- Up-to-date: /home/k/robo/install/beagle_msgs/include/beagle_msgs
[2.775s] -- Up-to-date: /home/k/robo/install/beagle_msgs/include/beagle_msgs/msg
[2.775s] -- Up-to-date: /home/k/robo/install/beagle_msgs/include/beagle_msgs/msg/detail
[2.775s] -- Installing: /home/k/robo/install/beagle_msgs/include/beagle_msgs/msg/detail/positioncmd__rosidl_typesupport_fastrtps_cpp.hpp
[2.775s] -- Installing: /home/k/robo/install/beagle_msgs/include/beagle_msgs/msg/detail/dds_fastrtps
[2.775s] -- Installing: /home/k/robo/install/beagle_msgs/include/beagle_msgs/msg/rosidl_typesupport_fastrtps_cpp__visibility_control.h
[2.775s] -- Installing: /home/k/robo/install/beagle_msgs/lib/libbeagle_msgs__rosidl_typesupport_fastrtps_cpp.so
[2.775s] -- Set runtime path of "/home/k/robo/install/beagle_msgs/lib/libbeagle_msgs__rosidl_typesupport_fastrtps_cpp.so" to ""
[2.775s] -- Up-to-date: /home/k/robo/install/beagle_msgs/include/beagle_msgs
[2.775s] -- Up-to-date: /home/k/robo/install/beagle_msgs/include/beagle_msgs/msg
[2.775s] -- Up-to-date: /home/k/robo/install/beagle_msgs/include/beagle_msgs/msg/detail
[2.775s] -- Installing: /home/k/robo/install/beagle_msgs/include/beagle_msgs/msg/detail/positioncmd__rosidl_typesupport_introspection_c.h
[2.775s] -- Installing: /home/k/robo/install/beagle_msgs/include/beagle_msgs/msg/detail/positioncmd__type_support.c
[2.776s] -- Installing: /home/k/robo/install/beagle_msgs/include/beagle_msgs/msg/rosidl_typesupport_introspection_c__visibility_control.h
[2.776s] -- Installing: /home/k/robo/install/beagle_msgs/lib/libbeagle_msgs__rosidl_typesupport_introspection_c.so
[2.776s] -- Set runtime path of "/home/k/robo/install/beagle_msgs/lib/libbeagle_msgs__rosidl_typesupport_introspection_c.so" to ""
[2.776s] -- Installing: /home/k/robo/install/beagle_msgs/lib/libbeagle_msgs__rosidl_typesupport_c.so
[2.776s] -- Set runtime path of "/home/k/robo/install/beagle_msgs/lib/libbeagle_msgs__rosidl_typesupport_c.so" to ""
[2.776s] -- Up-to-date: /home/k/robo/install/beagle_msgs/include/beagle_msgs
[2.776s] -- Up-to-date: /home/k/robo/install/beagle_msgs/include/beagle_msgs/msg
[2.776s] -- Up-to-date: /home/k/robo/install/beagle_msgs/include/beagle_msgs/msg/detail
[2.776s] -- Installing: /home/k/robo/install/beagle_msgs/include/beagle_msgs/msg/detail/positioncmd__traits.hpp
[2.776s] -- Installing: /home/k/robo/install/beagle_msgs/include/beagle_msgs/msg/detail/positioncmd__struct.hpp
[2.776s] -- Installing: /home/k/robo/install/beagle_msgs/include/beagle_msgs/msg/detail/positioncmd__builder.hpp
[2.776s] -- Installing: /home/k/robo/install/beagle_msgs/include/beagle_msgs/msg/positioncmd.hpp
[2.776s] -- Up-to-date: /home/k/robo/install/beagle_msgs/include/beagle_msgs
[2.776s] -- Up-to-date: /home/k/robo/install/beagle_msgs/include/beagle_msgs/msg
[2.777s] -- Up-to-date: /home/k/robo/install/beagle_msgs/include/beagle_msgs/msg/detail
[2.777s] -- Installing: /home/k/robo/install/beagle_msgs/include/beagle_msgs/msg/detail/positioncmd__type_support.cpp
[2.777s] -- Installing: /home/k/robo/install/beagle_msgs/include/beagle_msgs/msg/detail/positioncmd__rosidl_typesupport_introspection_cpp.hpp
[2.777s] -- Installing: /home/k/robo/install/beagle_msgs/lib/libbeagle_msgs__rosidl_typesupport_introspection_cpp.so
[2.777s] -- Set runtime path of "/home/k/robo/install/beagle_msgs/lib/libbeagle_msgs__rosidl_typesupport_introspection_cpp.so" to ""
[2.777s] -- Installing: /home/k/robo/install/beagle_msgs/lib/libbeagle_msgs__rosidl_typesupport_cpp.so
[2.777s] -- Set runtime path of "/home/k/robo/install/beagle_msgs/lib/libbeagle_msgs__rosidl_typesupport_cpp.so" to ""
[2.777s] -- Installing: /home/k/robo/install/beagle_msgs/share/beagle_msgs/environment/pythonpath.sh
[2.777s] -- Installing: /home/k/robo/install/beagle_msgs/share/beagle_msgs/environment/pythonpath.dsv
[2.777s] -- Installing: /home/k/robo/install/beagle_msgs/lib/python3.8/site-packages/beagle_msgs/__init__.py
[2.800s] Compiling '/home/k/robo/install/beagle_msgs/lib/python3.8/site-packages/beagle_msgs/__init__.py'...
[2.803s] -- Installing: /home/k/robo/install/beagle_msgs/lib/python3.8/site-packages/beagle_msgs/msg
[2.803s] -- Installing: /home/k/robo/install/beagle_msgs/lib/python3.8/site-packages/beagle_msgs/msg/__init__.py
[2.803s] -- Installing: /home/k/robo/install/beagle_msgs/lib/python3.8/site-packages/beagle_msgs/msg/_positioncmd.py
[2.803s] -- Installing: /home/k/robo/install/beagle_msgs/lib/python3.8/site-packages/beagle_msgs/msg/_positioncmd_s.c
[2.803s] -- Installing: /home/k/robo/install/beagle_msgs/lib/python3.8/site-packages/beagle_msgs/beagle_msgs_s__rosidl_typesupport_fastrtps_c.cpython-38-x86_64-linux-gnu.so
[2.803s] -- Set runtime path of "/home/k/robo/install/beagle_msgs/lib/python3.8/site-packages/beagle_msgs/beagle_msgs_s__rosidl_typesupport_fastrtps_c.cpython-38-x86_64-linux-gnu.so" to ""
[2.803s] -- Installing: /home/k/robo/install/beagle_msgs/lib/python3.8/site-packages/beagle_msgs/beagle_msgs_s__rosidl_typesupport_introspection_c.cpython-38-x86_64-linux-gnu.so
[2.803s] -- Set runtime path of "/home/k/robo/install/beagle_msgs/lib/python3.8/site-packages/beagle_msgs/beagle_msgs_s__rosidl_typesupport_introspection_c.cpython-38-x86_64-linux-gnu.so" to ""
[2.803s] -- Installing: /home/k/robo/install/beagle_msgs/lib/python3.8/site-packages/beagle_msgs/beagle_msgs_s__rosidl_typesupport_c.cpython-38-x86_64-linux-gnu.so
[2.803s] -- Set runtime path of "/home/k/robo/install/beagle_msgs/lib/python3.8/site-packages/beagle_msgs/beagle_msgs_s__rosidl_typesupport_c.cpython-38-x86_64-linux-gnu.so" to ""
[2.804s] -- Installing: /home/k/robo/install/beagle_msgs/lib/libbeagle_msgs__python.so
[2.804s] -- Set runtime path of "/home/k/robo/install/beagle_msgs/lib/libbeagle_msgs__python.so" to ""
[2.804s] -- Installing: /home/k/robo/install/beagle_msgs/share/beagle_msgs/msg/Positioncmd.idl
[2.804s] -- Installing: /home/k/robo/install/beagle_msgs/share/beagle_msgs/msg/Positioncmd.msg
[2.804s] -- Installing: /home/k/robo/install/beagle_msgs/share/ament_index/resource_index/package_run_dependencies/beagle_msgs
[2.804s] -- Installing: /home/k/robo/install/beagle_msgs/share/ament_index/resource_index/parent_prefix_path/beagle_msgs
[2.804s] -- Installing: /home/k/robo/install/beagle_msgs/share/beagle_msgs/environment/ament_prefix_path.sh
[2.804s] -- Installing: /home/k/robo/install/beagle_msgs/share/beagle_msgs/environment/ament_prefix_path.dsv
[2.804s] -- Installing: /home/k/robo/install/beagle_msgs/share/beagle_msgs/environment/path.sh
[2.804s] -- Installing: /home/k/robo/install/beagle_msgs/share/beagle_msgs/environment/path.dsv
[2.804s] -- Installing: /home/k/robo/install/beagle_msgs/share/beagle_msgs/local_setup.bash
[2.804s] -- Installing: /home/k/robo/install/beagle_msgs/share/beagle_msgs/local_setup.sh
[2.804s] -- Installing: /home/k/robo/install/beagle_msgs/share/beagle_msgs/local_setup.zsh
[2.804s] -- Installing: /home/k/robo/install/beagle_msgs/share/beagle_msgs/local_setup.dsv
[2.804s] -- Installing: /home/k/robo/install/beagle_msgs/share/beagle_msgs/package.dsv
[2.804s] -- Installing: /home/k/robo/install/beagle_msgs/share/ament_index/resource_index/packages/beagle_msgs
[2.805s] -- Installing: /home/k/robo/install/beagle_msgs/share/beagle_msgs/cmake/beagle_msgs__rosidl_generator_cExport.cmake
[2.805s] -- Installing: /home/k/robo/install/beagle_msgs/share/beagle_msgs/cmake/beagle_msgs__rosidl_generator_cExport-noconfig.cmake
[2.805s] -- Installing: /home/k/robo/install/beagle_msgs/share/beagle_msgs/cmake/beagle_msgs__rosidl_typesupport_introspection_cExport.cmake
[2.805s] -- Installing: /home/k/robo/install/beagle_msgs/share/beagle_msgs/cmake/beagle_msgs__rosidl_typesupport_introspection_cExport-noconfig.cmake
[2.805s] -- Installing: /home/k/robo/install/beagle_msgs/share/beagle_msgs/cmake/beagle_msgs__rosidl_typesupport_cExport.cmake
[2.805s] -- Installing: /home/k/robo/install/beagle_msgs/share/beagle_msgs/cmake/beagle_msgs__rosidl_typesupport_cExport-noconfig.cmake
[2.805s] -- Installing: /home/k/robo/install/beagle_msgs/share/beagle_msgs/cmake/beagle_msgs__rosidl_generator_cppExport.cmake
[2.805s] -- Installing: /home/k/robo/install/beagle_msgs/share/beagle_msgs/cmake/beagle_msgs__rosidl_typesupport_introspection_cppExport.cmake
[2.805s] -- Installing: /home/k/robo/install/beagle_msgs/share/beagle_msgs/cmake/beagle_msgs__rosidl_typesupport_introspection_cppExport-noconfig.cmake
[2.805s] -- Installing: /home/k/robo/install/beagle_msgs/share/beagle_msgs/cmake/beagle_msgs__rosidl_typesupport_cppExport.cmake
[2.805s] -- Installing: /home/k/robo/install/beagle_msgs/share/beagle_msgs/cmake/beagle_msgs__rosidl_typesupport_cppExport-noconfig.cmake
[2.805s] -- Installing: /home/k/robo/install/beagle_msgs/share/beagle_msgs/cmake/rosidl_cmake-extras.cmake
[2.805s] -- Installing: /home/k/robo/install/beagle_msgs/share/beagle_msgs/cmake/ament_cmake_export_dependencies-extras.cmake
[2.805s] -- Installing: /home/k/robo/install/beagle_msgs/share/beagle_msgs/cmake/ament_cmake_export_libraries-extras.cmake
[2.805s] -- Installing: /home/k/robo/install/beagle_msgs/share/beagle_msgs/cmake/ament_cmake_export_targets-extras.cmake
[2.805s] -- Installing: /home/k/robo/install/beagle_msgs/share/beagle_msgs/cmake/ament_cmake_export_include_directories-extras.cmake
[2.806s] -- Installing: /home/k/robo/install/beagle_msgs/share/beagle_msgs/cmake/rosidl_cmake_export_typesupport_libraries-extras.cmake
[2.806s] -- Installing: /home/k/robo/install/beagle_msgs/share/beagle_msgs/cmake/rosidl_cmake_export_typesupport_targets-extras.cmake
[2.806s] -- Installing: /home/k/robo/install/beagle_msgs/share/beagle_msgs/cmake/beagle_msgsConfig.cmake
[2.806s] -- Installing: /home/k/robo/install/beagle_msgs/share/beagle_msgs/cmake/beagle_msgsConfig-version.cmake
[2.806s] -- Installing: /home/k/robo/install/beagle_msgs/share/beagle_msgs/package.xml
[2.813s] Invoked command in '/home/k/robo/build/beagle_msgs' returned '0': CMAKE_PREFIX_PATH=/home/k/robo/install/beagle_first_package:/opt/ros/galactic /home/k/.local/bin/cmake --install /home/k/robo/build/beagle_msgs
