[0.672s] Invoking command in '/home/k/robo/src/beagle_first_package': PYTHONPATH=/home/k/robo/build/beagle_first_package/prefix_override:/home/k/robo/install/beagle_first_package/lib/python3.8/site-packages:${PYTHONPATH} /usr/bin/python3 setup.py egg_info --egg-base ../../build/beagle_first_package build --build-base /home/k/robo/build/beagle_first_package/build install --record /home/k/robo/build/beagle_first_package/install.log --single-version-externally-managed
[0.895s] running egg_info
[0.895s] creating ../../build/beagle_first_package/beagle_first_package.egg-info
[0.903s] writing ../../build/beagle_first_package/beagle_first_package.egg-info/PKG-INFO
[0.903s] writing dependency_links to ../../build/beagle_first_package/beagle_first_package.egg-info/dependency_links.txt
[0.903s] writing entry points to ../../build/beagle_first_package/beagle_first_package.egg-info/entry_points.txt
[0.903s] writing requirements to ../../build/beagle_first_package/beagle_first_package.egg-info/requires.txt
[0.903s] writing top-level names to ../../build/beagle_first_package/beagle_first_package.egg-info/top_level.txt
[0.912s] writing manifest file '../../build/beagle_first_package/beagle_first_package.egg-info/SOURCES.txt'
[0.928s] reading manifest file '../../build/beagle_first_package/beagle_first_package.egg-info/SOURCES.txt'
[0.928s] writing manifest file '../../build/beagle_first_package/beagle_first_package.egg-info/SOURCES.txt'
[0.928s] running build
[0.928s] running build_py
[0.928s] creating /home/k/robo/build/beagle_first_package/build
[0.929s] creating /home/k/robo/build/beagle_first_package/build/lib
[0.929s] creating /home/k/robo/build/beagle_first_package/build/lib/beagle_first_package
[0.929s] copying beagle_first_package/__init__.py -> /home/k/robo/build/beagle_first_package/build/lib/beagle_first_package
[0.929s] copying beagle_first_package/beagle_first_node.py -> /home/k/robo/build/beagle_first_package/build/lib/beagle_first_package
[0.929s] running install
[0.929s] /home/k/.local/lib/python3.8/site-packages/setuptools/command/install.py:34: SetuptoolsDeprecationWarning: setup.py install is deprecated. Use build and pip and other standards-based tools.
[0.929s]   warnings.warn(
[0.933s] running install_lib
[0.941s] creating /home/k/robo/install/beagle_first_package/lib/python3.8/site-packages/beagle_first_package
[0.941s] copying /home/k/robo/build/beagle_first_package/build/lib/beagle_first_package/__init__.py -> /home/k/robo/install/beagle_first_package/lib/python3.8/site-packages/beagle_first_package
[0.941s] copying /home/k/robo/build/beagle_first_package/build/lib/beagle_first_package/beagle_first_node.py -> /home/k/robo/install/beagle_first_package/lib/python3.8/site-packages/beagle_first_package
[0.942s] byte-compiling /home/k/robo/install/beagle_first_package/lib/python3.8/site-packages/beagle_first_package/__init__.py to __init__.cpython-38.pyc
[0.942s] byte-compiling /home/k/robo/install/beagle_first_package/lib/python3.8/site-packages/beagle_first_package/beagle_first_node.py to beagle_first_node.cpython-38.pyc
[0.942s] running install_data
[0.958s] creating /home/k/robo/install/beagle_first_package/share/ament_index
[0.958s] creating /home/k/robo/install/beagle_first_package/share/ament_index/resource_index
[0.958s] creating /home/k/robo/install/beagle_first_package/share/ament_index/resource_index/packages
[0.958s] copying resource/beagle_first_package -> /home/k/robo/install/beagle_first_package/share/ament_index/resource_index/packages
[0.958s] copying package.xml -> /home/k/robo/install/beagle_first_package/share/beagle_first_package
[0.958s] running install_egg_info
[0.967s] Copying ../../build/beagle_first_package/beagle_first_package.egg-info to /home/k/robo/install/beagle_first_package/lib/python3.8/site-packages/beagle_first_package-0.0.0-py3.8.egg-info
[0.968s] running install_scripts
[1.001s] Installing beagle_first_node script to /home/k/robo/install/beagle_first_package/lib/beagle_first_package
[1.001s] writing list of installed files to '/home/k/robo/build/beagle_first_package/install.log'
[1.029s] Invoked command in '/home/k/robo/src/beagle_first_package' returned '0': PYTHONPATH=/home/k/robo/build/beagle_first_package/prefix_override:/home/k/robo/install/beagle_first_package/lib/python3.8/site-packages:${PYTHONPATH} /usr/bin/python3 setup.py egg_info --egg-base ../../build/beagle_first_package build --build-base /home/k/robo/build/beagle_first_package/build install --record /home/k/robo/build/beagle_first_package/install.log --single-version-externally-managed
