[1.538s] Invoking command in '/home/k/robo/src/beagle_first_package': PYTHONPATH=/home/k/robo/build/beagle_first_package/prefix_override:/home/k/robo/install/beagle_first_package/lib/python3.8/site-packages:${PYTHONPATH} /usr/bin/python3 setup.py egg_info --egg-base ../../build/beagle_first_package build --build-base /home/k/robo/build/beagle_first_package/build install --record /home/k/robo/build/beagle_first_package/install.log --single-version-externally-managed
[1.997s] running egg_info
[2.012s] writing ../../build/beagle_first_package/beagle_first_package.egg-info/PKG-INFO
[2.012s] writing dependency_links to ../../build/beagle_first_package/beagle_first_package.egg-info/dependency_links.txt
[2.013s] writing entry points to ../../build/beagle_first_package/beagle_first_package.egg-info/entry_points.txt
[2.013s] writing requirements to ../../build/beagle_first_package/beagle_first_package.egg-info/requires.txt
[2.013s] writing top-level names to ../../build/beagle_first_package/beagle_first_package.egg-info/top_level.txt
[2.065s] reading manifest file '../../build/beagle_first_package/beagle_first_package.egg-info/SOURCES.txt'
[2.066s] writing manifest file '../../build/beagle_first_package/beagle_first_package.egg-info/SOURCES.txt'
[2.066s] running build
[2.066s] running build_py
[2.066s] running install
[2.067s] /home/k/.local/lib/python3.8/site-packages/setuptools/command/install.py:34: SetuptoolsDeprecationWarning: setup.py install is deprecated. Use build and pip and other standards-based tools.
[2.067s]   warnings.warn(
[2.074s] running install_lib
[2.092s] running install_data
[2.110s] running install_egg_info
[2.126s] removing '/home/k/robo/install/beagle_first_package/lib/python3.8/site-packages/beagle_first_package-0.0.0-py3.8.egg-info' (and everything under it)
[2.133s] Copying ../../build/beagle_first_package/beagle_first_package.egg-info to /home/k/robo/install/beagle_first_package/lib/python3.8/site-packages/beagle_first_package-0.0.0-py3.8.egg-info
[2.133s] running install_scripts
[2.192s] Installing beagle_action_server script to /home/k/robo/install/beagle_first_package/lib/beagle_first_package
[2.192s] Installing beagle_first_node script to /home/k/robo/install/beagle_first_package/lib/beagle_first_package
[2.192s] Installing beagle_first_pub script to /home/k/robo/install/beagle_first_package/lib/beagle_first_package
[2.193s] Installing beagle_first_sub script to /home/k/robo/install/beagle_first_package/lib/beagle_first_package
[2.193s] Installing beagle_service_server script to /home/k/robo/install/beagle_first_package/lib/beagle_first_package
[2.193s] writing list of installed files to '/home/k/robo/build/beagle_first_package/install.log'
[2.242s] Invoked command in '/home/k/robo/src/beagle_first_package' returned '0': PYTHONPATH=/home/k/robo/build/beagle_first_package/prefix_override:/home/k/robo/install/beagle_first_package/lib/python3.8/site-packages:${PYTHONPATH} /usr/bin/python3 setup.py egg_info --egg-base ../../build/beagle_first_package build --build-base /home/k/robo/build/beagle_first_package/build install --record /home/k/robo/build/beagle_first_package/install.log --single-version-externally-managed
