[0.230s] Invoking command in '/home/k/robo/build/beagle_msgs': /home/k/.local/bin/cmake /home/k/robo/src/beagle_msgs -DCMAKE_INSTALL_PREFIX=/home/k/robo/install/beagle_msgs
[0.326s] -- The C compiler identification is GNU 9.4.0
[0.399s] -- The CXX compiler identification is GNU 9.4.0
[0.410s] -- Detecting C compiler ABI info
[0.444s] -- Detecting C compiler ABI info - done
[0.455s] -- Check for working C compiler: /usr/bin/cc - skipped
[0.455s] -- Detecting C compile features
[0.456s] -- Detecting C compile features - done
[0.460s] -- Detecting CXX compiler ABI info
[0.508s] -- Detecting CXX compiler ABI info - done
[0.516s] -- Check for working CXX compiler: /usr/bin/c++ - skipped
[0.516s] -- Detecting CXX compile features
[0.516s] -- Detecting CXX compile features - done
[0.524s] [31mCMake Error at CMakeLists.txt:9 (find_package):
[0.524s]   By not providing "Findament_cmake.cmake" in CMAKE_MODULE_PATH this project
[0.525s]   has asked CMake to find a package configuration file provided by
[0.525s]   "ament_cmake", but CMake did not find one.
[0.525s] 
[0.525s]   Could not find a package configuration file provided by "ament_cmake" with
[0.525s]   any of the following names:
[0.525s] 
[0.525s]     ament_cmakeConfig.cmake
[0.525s]     ament_cmake-config.cmake
[0.525s] 
[0.525s]   Add the installation prefix of "ament_cmake" to CMAKE_PREFIX_PATH or set
[0.525s]   "ament_cmake_DIR" to a directory containing one of the above files.  If
[0.525s]   "ament_cmake" provides a separate development package or SDK, be sure it
[0.525s]   has been installed.
[0.525s] 
[0.525s] [0m
[0.525s] -- Configuring incomplete, errors occurred!
[0.531s] Invoked command in '/home/k/robo/build/beagle_msgs' returned '1': /home/k/.local/bin/cmake /home/k/robo/src/beagle_msgs -DCMAKE_INSTALL_PREFIX=/home/k/robo/install/beagle_msgs
