[1.200s] Invoking command in '/home/k/robo/src/beagle_first_package': PYTHONPATH=/home/k/robo/build/beagle_first_package/prefix_override:/home/k/robo/install/beagle_first_package/lib/python3.8/site-packages:${PYTHONPATH} /usr/bin/python3 setup.py egg_info --egg-base ../../build/beagle_first_package build --build-base /home/k/robo/build/beagle_first_package/build install --record /home/k/robo/build/beagle_first_package/install.log --single-version-externally-managed
[1.516s] running egg_info
[1.533s] writing ../../build/beagle_first_package/beagle_first_package.egg-info/PKG-INFO
[1.533s] writing dependency_links to ../../build/beagle_first_package/beagle_first_package.egg-info/dependency_links.txt
[1.533s] writing entry points to ../../build/beagle_first_package/beagle_first_package.egg-info/entry_points.txt
[1.534s] writing requirements to ../../build/beagle_first_package/beagle_first_package.egg-info/requires.txt
[1.534s] writing top-level names to ../../build/beagle_first_package/beagle_first_package.egg-info/top_level.txt
[1.574s] reading manifest file '../../build/beagle_first_package/beagle_first_package.egg-info/SOURCES.txt'
[1.575s] writing manifest file '../../build/beagle_first_package/beagle_first_package.egg-info/SOURCES.txt'
[1.575s] running build
[1.575s] running build_py
[1.575s] copying beagle_first_package/beagle_service_server.py -> /home/k/robo/build/beagle_first_package/build/lib/beagle_first_package
[1.576s] running install
[1.576s] /home/k/.local/lib/python3.8/site-packages/setuptools/command/install.py:34: SetuptoolsDeprecationWarning: setup.py install is deprecated. Use build and pip and other standards-based tools.
[1.576s]   warnings.warn(
[1.583s] running install_lib
[1.600s] copying /home/k/robo/build/beagle_first_package/build/lib/beagle_first_package/beagle_service_server.py -> /home/k/robo/install/beagle_first_package/lib/python3.8/site-packages/beagle_first_package
[1.600s] byte-compiling /home/k/robo/install/beagle_first_package/lib/python3.8/site-packages/beagle_first_package/beagle_service_server.py to beagle_service_server.cpython-38.pyc
[1.601s] running install_data
[1.617s] running install_egg_info
[1.628s] removing '/home/k/robo/install/beagle_first_package/lib/python3.8/site-packages/beagle_first_package-0.0.0-py3.8.egg-info' (and everything under it)
[1.628s] Copying ../../build/beagle_first_package/beagle_first_package.egg-info to /home/k/robo/install/beagle_first_package/lib/python3.8/site-packages/beagle_first_package-0.0.0-py3.8.egg-info
[1.629s] running install_scripts
[1.685s] Installing beagle_action_server script to /home/k/robo/install/beagle_first_package/lib/beagle_first_package
[1.686s] Installing beagle_first_node script to /home/k/robo/install/beagle_first_package/lib/beagle_first_package
[1.686s] Installing beagle_first_pub script to /home/k/robo/install/beagle_first_package/lib/beagle_first_package
[1.686s] Installing beagle_first_sub script to /home/k/robo/install/beagle_first_package/lib/beagle_first_package
[1.686s] Installing beagle_service_server script to /home/k/robo/install/beagle_first_package/lib/beagle_first_package
[1.686s] writing list of installed files to '/home/k/robo/build/beagle_first_package/install.log'
[1.750s] Invoked command in '/home/k/robo/src/beagle_first_package' returned '0': PYTHONPATH=/home/k/robo/build/beagle_first_package/prefix_override:/home/k/robo/install/beagle_first_package/lib/python3.8/site-packages:${PYTHONPATH} /usr/bin/python3 setup.py egg_info --egg-base ../../build/beagle_first_package build --build-base /home/k/robo/build/beagle_first_package/build install --record /home/k/robo/build/beagle_first_package/install.log --single-version-externally-managed
