[0.292s] Invoking command in '/home/k/robo/build/beagle_msgs': CMAKE_PREFIX_PATH=${CMAKE_PREFIX_PATH}:/home/k/robo/install/beagle_first_package:/opt/ros/galactic /home/k/.local/bin/cmake --build /home/k/robo/build/beagle_msgs -- -j8 -l8
[0.320s] -- Found ament_cmake: 1.1.6 (/opt/ros/galactic/share/ament_cmake/cmake)
[0.337s] -- Found PythonInterp: /usr/bin/python3 (found suitable version "3.8.10", minimum required is "3") 
[0.337s] -- Using PYTHON_EXECUTABLE: /usr/bin/python3
[0.378s] -- Found rosidl_default_generators: 1.1.1 (/opt/ros/galactic/share/rosidl_default_generators/cmake)
[0.379s] -- Using all available rosidl_typesupport_c: rosidl_typesupport_fastrtps_c;rosidl_typesupport_introspection_c
[0.381s] -- Found rosidl_adapter: 2.2.3 (/opt/ros/galactic/share/rosidl_adapter/cmake)
[0.473s] -- Using all available rosidl_typesupport_cpp: rosidl_typesupport_fastrtps_cpp;rosidl_typesupport_introspection_cpp
[0.503s] -- Found PythonInterp: /usr/bin/python3 (found version "3.8.10") 
[0.649s] -- Found ament_cmake_ros: 0.9.2 (/opt/ros/galactic/share/ament_cmake_ros/cmake)
[0.742s] -- Using all available rosidl_typesupport_c: rosidl_typesupport_fastrtps_c;rosidl_typesupport_introspection_c
[0.759s] -- Using all available rosidl_typesupport_cpp: rosidl_typesupport_fastrtps_cpp;rosidl_typesupport_introspection_cpp
[0.787s] -- Found PythonInterp: /usr/bin/python3 (found suitable version "3.8.10", minimum required is "3.5") 
[0.787s] -- Found python_cmake_module: 0.8.1 (/opt/ros/galactic/share/python_cmake_module/cmake)
[0.801s] -- Using PYTHON_EXECUTABLE: /usr/bin/python3
[0.801s] -- Using PYTHON_INCLUDE_DIRS: /usr/include/python3.8
[0.801s] -- Using PYTHON_LIBRARIES: /usr/lib/x86_64-linux-gnu/libpython3.8.so
[0.816s] -- Found ament_lint_auto: 0.10.7 (/opt/ros/galactic/share/ament_lint_auto/cmake)
[0.834s] -- Added test 'copyright' to check source files copyright and LICENSE
[0.836s] -- Added test 'lint_cmake' to check CMake code style
[0.837s] -- Added test 'xmllint' to check XML markup files
[0.839s] -- Configuring done (0.5s)
[0.887s] -- Generating done (0.0s)
[0.889s] -- Build files have been written to: /home/k/robo/build/beagle_msgs
[0.900s] [  2%] [34m[1mGenerating C code for ROS interfaces[0m
[0.903s] [  4%] [34m[1mGenerating C++ code for ROS interfaces[0m
[1.260s] [  4%] Built target beagle_msgs__cpp
[1.262s] [  6%] [34m[1mGenerating C++ type support dispatch for ROS interfaces[0m
[1.262s] [  8%] [34m[1mGenerating C++ type support for eProsima Fast-RTPS[0m
[1.262s] [ 10%] [34m[1mGenerating C++ introspection for ROS interfaces[0m
[1.309s] [ 14%] [32mBuilding C object CMakeFiles/beagle_msgs__rosidl_generator_c.dir/rosidl_generator_c/beagle_msgs/msg/detail/cmd_and_pose_vel__functions.c.o[0m
[1.309s] [ 14%] [32mBuilding C object CMakeFiles/beagle_msgs__rosidl_generator_c.dir/rosidl_generator_c/beagle_msgs/action/detail/distbeagle__functions.c.o[0m
[1.311s] [ 17%] [32mBuilding C object CMakeFiles/beagle_msgs__rosidl_generator_c.dir/rosidl_generator_c/beagle_msgs/srv/detail/beagleposition__functions.c.o[0m
[1.407s] [ 19%] [32m[1mLinking C shared library libbeagle_msgs__rosidl_generator_c.so[0m
[1.429s] [ 19%] Built target beagle_msgs__rosidl_generator_c
[1.433s] [ 23%] [34m[1mGenerating C type support dispatch for ROS interfaces[0m
[1.433s] [ 23%] [34m[1mGenerating C introspection for ROS interfaces[0m
[1.570s] [ 25%] [32mBuilding CXX object CMakeFiles/beagle_msgs__rosidl_typesupport_cpp.dir/rosidl_typesupport_cpp/beagle_msgs/msg/cmd_and_pose_vel__type_support.cpp.o[0m
[1.570s] [ 27%] [32mBuilding CXX object CMakeFiles/beagle_msgs__rosidl_typesupport_cpp.dir/rosidl_typesupport_cpp/beagle_msgs/srv/beagleposition__type_support.cpp.o[0m
[1.572s] [ 29%] [32mBuilding CXX object CMakeFiles/beagle_msgs__rosidl_typesupport_cpp.dir/rosidl_typesupport_cpp/beagle_msgs/action/distbeagle__type_support.cpp.o[0m
[1.621s] [ 31%] [32mBuilding CXX object CMakeFiles/beagle_msgs__rosidl_typesupport_introspection_cpp.dir/rosidl_typesupport_introspection_cpp/beagle_msgs/msg/detail/cmd_and_pose_vel__type_support.cpp.o[0m
[1.627s] [ 34%] [32mBuilding CXX object CMakeFiles/beagle_msgs__rosidl_typesupport_introspection_cpp.dir/rosidl_typesupport_introspection_cpp/beagle_msgs/action/detail/distbeagle__type_support.cpp.o[0m
[1.778s] [ 36%] [32mBuilding CXX object CMakeFiles/beagle_msgs__rosidl_typesupport_fastrtps_cpp.dir/rosidl_typesupport_fastrtps_cpp/beagle_msgs/msg/detail/dds_fastrtps/cmd_and_pose_vel__type_support.cpp.o[0m
[1.973s] [ 38%] [32mBuilding CXX object CMakeFiles/beagle_msgs__rosidl_typesupport_fastrtps_cpp.dir/rosidl_typesupport_fastrtps_cpp/beagle_msgs/action/detail/dds_fastrtps/distbeagle__type_support.cpp.o[0m
[1.978s] [ 40%] [32mBuilding CXX object CMakeFiles/beagle_msgs__rosidl_typesupport_c.dir/rosidl_typesupport_c/beagle_msgs/msg/cmd_and_pose_vel__type_support.cpp.o[0m
[1.981s] [ 42%] [32mBuilding CXX object CMakeFiles/beagle_msgs__rosidl_typesupport_c.dir/rosidl_typesupport_c/beagle_msgs/action/distbeagle__type_support.cpp.o[0m
[2.012s] [ 44%] [32mBuilding CXX object CMakeFiles/beagle_msgs__rosidl_typesupport_c.dir/rosidl_typesupport_c/beagle_msgs/srv/beagleposition__type_support.cpp.o[0m
[2.025s] [ 46%] [32mBuilding C object CMakeFiles/beagle_msgs__rosidl_typesupport_introspection_c.dir/rosidl_typesupport_introspection_c/beagle_msgs/msg/detail/cmd_and_pose_vel__type_support.c.o[0m
[2.032s] [ 48%] [32mBuilding CXX object CMakeFiles/beagle_msgs__rosidl_typesupport_introspection_cpp.dir/rosidl_typesupport_introspection_cpp/beagle_msgs/srv/detail/beagleposition__type_support.cpp.o[0m
[2.044s] [ 51%] [32mBuilding C object CMakeFiles/beagle_msgs__rosidl_typesupport_introspection_c.dir/rosidl_typesupport_introspection_c/beagle_msgs/action/detail/distbeagle__type_support.c.o[0m
[2.050s] [ 53%] [32m[1mLinking CXX shared library libbeagle_msgs__rosidl_typesupport_c.so[0m
[2.068s] [ 55%] [32mBuilding C object CMakeFiles/beagle_msgs__rosidl_typesupport_introspection_c.dir/rosidl_typesupport_introspection_c/beagle_msgs/srv/detail/beagleposition__type_support.c.o[0m
[2.085s] [ 55%] Built target beagle_msgs__rosidl_typesupport_c
[2.088s] [ 57%] [32mBuilding CXX object CMakeFiles/beagle_msgs__rosidl_typesupport_fastrtps_cpp.dir/rosidl_typesupport_fastrtps_cpp/beagle_msgs/srv/detail/dds_fastrtps/beagleposition__type_support.cpp.o[0m
[2.131s] [ 59%] [32m[1mLinking C shared library libbeagle_msgs__rosidl_typesupport_introspection_c.so[0m
[2.156s] [ 59%] Built target beagle_msgs__rosidl_typesupport_introspection_c
[2.205s] [ 61%] [32m[1mLinking CXX shared library libbeagle_msgs__rosidl_typesupport_cpp.so[0m
[2.226s] [ 61%] Built target beagle_msgs__rosidl_typesupport_cpp
[2.306s] [ 63%] [32m[1mLinking CXX shared library libbeagle_msgs__rosidl_typesupport_introspection_cpp.so[0m
[2.357s] [ 63%] Built target beagle_msgs__rosidl_typesupport_introspection_cpp
[2.562s] [ 65%] [32m[1mLinking CXX shared library libbeagle_msgs__rosidl_typesupport_fastrtps_cpp.so[0m
[2.619s] [ 65%] Built target beagle_msgs__rosidl_typesupport_fastrtps_cpp
[2.623s] [ 68%] [34m[1mGenerating C type support for eProsima Fast-RTPS[0m
[2.930s] [ 70%] [32mBuilding CXX object CMakeFiles/beagle_msgs__rosidl_typesupport_fastrtps_c.dir/rosidl_typesupport_fastrtps_c/beagle_msgs/msg/detail/cmd_and_pose_vel__type_support_c.cpp.o[0m
[2.930s] [ 72%] [32mBuilding CXX object CMakeFiles/beagle_msgs__rosidl_typesupport_fastrtps_c.dir/rosidl_typesupport_fastrtps_c/beagle_msgs/action/detail/distbeagle__type_support_c.cpp.o[0m
[2.930s] [ 74%] [32mBuilding CXX object CMakeFiles/beagle_msgs__rosidl_typesupport_fastrtps_c.dir/rosidl_typesupport_fastrtps_c/beagle_msgs/srv/detail/beagleposition__type_support_c.cpp.o[0m
[3.183s] [ 76%] [32m[1mLinking CXX shared library libbeagle_msgs__rosidl_typesupport_fastrtps_c.so[0m
[3.240s] [ 76%] Built target beagle_msgs__rosidl_typesupport_fastrtps_c
[3.246s] [ 76%] Built target beagle_msgs
[3.251s] [ 78%] [34m[1mGenerating Python code for ROS interfaces[0m
[3.906s] [ 78%] Built target beagle_msgs__py
[3.914s] [ 80%] [32mBuilding C object CMakeFiles/beagle_msgs__python.dir/rosidl_generator_py/beagle_msgs/msg/_cmd_and_pose_vel_s.c.o[0m
[3.915s] [ 82%] [32mBuilding C object CMakeFiles/beagle_msgs__python.dir/rosidl_generator_py/beagle_msgs/action/_distbeagle_s.c.o[0m
[3.915s] [ 85%] [32mBuilding C object CMakeFiles/beagle_msgs__python.dir/rosidl_generator_py/beagle_msgs/srv/_beagleposition_s.c.o[0m
[4.016s] [ 87%] [32m[1mLinking C shared library rosidl_generator_py/beagle_msgs/libbeagle_msgs__python.so[0m
[4.037s] [ 87%] Built target beagle_msgs__python
[4.046s] [ 89%] [32mBuilding C object CMakeFiles/beagle_msgs__rosidl_typesupport_introspection_c__pyext.dir/rosidl_generator_py/beagle_msgs/_beagle_msgs_s.ep.rosidl_typesupport_introspection_c.c.o[0m
[4.046s] [ 91%] [32mBuilding C object CMakeFiles/beagle_msgs__rosidl_typesupport_c__pyext.dir/rosidl_generator_py/beagle_msgs/_beagle_msgs_s.ep.rosidl_typesupport_c.c.o[0m
[4.047s] [ 93%] [32mBuilding C object CMakeFiles/beagle_msgs__rosidl_typesupport_fastrtps_c__pyext.dir/rosidl_generator_py/beagle_msgs/_beagle_msgs_s.ep.rosidl_typesupport_fastrtps_c.c.o[0m
[4.115s] [ 97%] [32m[1mLinking C shared library rosidl_generator_py/beagle_msgs/beagle_msgs_s__rosidl_typesupport_introspection_c.cpython-38-x86_64-linux-gnu.so[0m
[4.116s] [ 97%] [32m[1mLinking C shared library rosidl_generator_py/beagle_msgs/beagle_msgs_s__rosidl_typesupport_c.cpython-38-x86_64-linux-gnu.so[0m
[4.133s] [ 97%] Built target beagle_msgs__rosidl_typesupport_c__pyext
[4.133s] [ 97%] Built target beagle_msgs__rosidl_typesupport_introspection_c__pyext
[4.154s] [100%] [32m[1mLinking CXX shared library rosidl_generator_py/beagle_msgs/beagle_msgs_s__rosidl_typesupport_fastrtps_c.cpython-38-x86_64-linux-gnu.so[0m
[4.191s] [100%] Built target beagle_msgs__rosidl_typesupport_fastrtps_c__pyext
[4.199s] Invoked command in '/home/k/robo/build/beagle_msgs' returned '0': CMAKE_PREFIX_PATH=${CMAKE_PREFIX_PATH}:/home/k/robo/install/beagle_first_package:/opt/ros/galactic /home/k/.local/bin/cmake --build /home/k/robo/build/beagle_msgs -- -j8 -l8
[4.281s] Invoking command in '/home/k/robo/build/beagle_msgs': CMAKE_PREFIX_PATH=${CMAKE_PREFIX_PATH}:/home/k/robo/install/beagle_first_package:/opt/ros/galactic /home/k/.local/bin/cmake --install /home/k/robo/build/beagle_msgs
[4.302s] -- Install configuration: ""
[4.302s] -- Up-to-date: /home/k/robo/install/beagle_msgs/share/ament_index/resource_index/rosidl_interfaces/beagle_msgs
[4.302s] -- Up-to-date: /home/k/robo/install/beagle_msgs/include/beagle_msgs
[4.302s] -- Up-to-date: /home/k/robo/install/beagle_msgs/include/beagle_msgs/msg
[4.302s] -- Up-to-date: /home/k/robo/install/beagle_msgs/include/beagle_msgs/msg/positioncmd.h
[4.302s] -- Up-to-date: /home/k/robo/install/beagle_msgs/include/beagle_msgs/msg/detail
[4.302s] -- Installing: /home/k/robo/install/beagle_msgs/include/beagle_msgs/msg/detail/cmd_and_pose_vel__type_support.h
[4.302s] -- Up-to-date: /home/k/robo/install/beagle_msgs/include/beagle_msgs/msg/detail/positioncmd__type_support.h
[4.302s] -- Up-to-date: /home/k/robo/install/beagle_msgs/include/beagle_msgs/msg/detail/position_cmd__type_support.h
[4.303s] -- Up-to-date: /home/k/robo/install/beagle_msgs/include/beagle_msgs/msg/detail/positioncmd__struct.h
[4.303s] -- Up-to-date: /home/k/robo/install/beagle_msgs/include/beagle_msgs/msg/detail/positioncmd__functions.c
[4.303s] -- Installing: /home/k/robo/install/beagle_msgs/include/beagle_msgs/msg/detail/cmd_and_pose_vel__functions.c
[4.303s] -- Up-to-date: /home/k/robo/install/beagle_msgs/include/beagle_msgs/msg/detail/position_cmd__functions.c
[4.303s] -- Up-to-date: /home/k/robo/install/beagle_msgs/include/beagle_msgs/msg/detail/position_cmd__functions.h
[4.303s] -- Up-to-date: /home/k/robo/install/beagle_msgs/include/beagle_msgs/msg/detail/positioncmd__functions.h
[4.303s] -- Installing: /home/k/robo/install/beagle_msgs/include/beagle_msgs/msg/detail/cmd_and_pose_vel__struct.h
[4.303s] -- Installing: /home/k/robo/install/beagle_msgs/include/beagle_msgs/msg/detail/cmd_and_pose_vel__functions.h
[4.303s] -- Up-to-date: /home/k/robo/install/beagle_msgs/include/beagle_msgs/msg/detail/position_cmd__struct.h
[4.303s] -- Up-to-date: /home/k/robo/install/beagle_msgs/include/beagle_msgs/msg/position_cmd.h
[4.303s] -- Installing: /home/k/robo/install/beagle_msgs/include/beagle_msgs/msg/cmd_and_pose_vel.h
[4.303s] -- Up-to-date: /home/k/robo/install/beagle_msgs/include/beagle_msgs/msg/rosidl_generator_c__visibility_control.h
[4.303s] -- Up-to-date: /home/k/robo/install/beagle_msgs/include/beagle_msgs/action
[4.303s] -- Up-to-date: /home/k/robo/install/beagle_msgs/include/beagle_msgs/action/detail
[4.303s] -- Installing: /home/k/robo/install/beagle_msgs/include/beagle_msgs/action/detail/distbeagle__struct.h
[4.303s] -- Installing: /home/k/robo/install/beagle_msgs/include/beagle_msgs/action/detail/distbeagle__functions.c
[4.303s] -- Installing: /home/k/robo/install/beagle_msgs/include/beagle_msgs/action/detail/distbeagle__functions.h
[4.303s] -- Installing: /home/k/robo/install/beagle_msgs/include/beagle_msgs/action/detail/distbeagle__type_support.h
[4.303s] -- Installing: /home/k/robo/install/beagle_msgs/include/beagle_msgs/action/distbeagle.h
[4.303s] -- Up-to-date: /home/k/robo/install/beagle_msgs/include/beagle_msgs/srv
[4.303s] -- Installing: /home/k/robo/install/beagle_msgs/include/beagle_msgs/srv/beagleposition.h
[4.303s] -- Up-to-date: /home/k/robo/install/beagle_msgs/include/beagle_msgs/srv/detail
[4.303s] -- Installing: /home/k/robo/install/beagle_msgs/include/beagle_msgs/srv/detail/beagleposition__functions.h
[4.304s] -- Installing: /home/k/robo/install/beagle_msgs/include/beagle_msgs/srv/detail/beagleposition__type_support.h
[4.304s] -- Installing: /home/k/robo/install/beagle_msgs/include/beagle_msgs/srv/detail/beagleposition__functions.c
[4.304s] -- Installing: /home/k/robo/install/beagle_msgs/include/beagle_msgs/srv/detail/beagleposition__struct.h
[4.304s] -- Up-to-date: /home/k/robo/install/beagle_msgs/share/beagle_msgs/environment/library_path.sh
[4.304s] -- Installing: /home/k/robo/install/beagle_msgs/share/beagle_msgs/environment/library_path.dsv
[4.304s] -- Installing: /home/k/robo/install/beagle_msgs/lib/libbeagle_msgs__rosidl_generator_c.so
[4.305s] -- Set runtime path of "/home/k/robo/install/beagle_msgs/lib/libbeagle_msgs__rosidl_generator_c.so" to ""
[4.305s] -- Up-to-date: /home/k/robo/install/beagle_msgs/include/beagle_msgs
[4.305s] -- Up-to-date: /home/k/robo/install/beagle_msgs/include/beagle_msgs/msg
[4.305s] -- Up-to-date: /home/k/robo/install/beagle_msgs/include/beagle_msgs/msg/rosidl_typesupport_fastrtps_c__visibility_control.h
[4.305s] -- Up-to-date: /home/k/robo/install/beagle_msgs/include/beagle_msgs/msg/detail
[4.305s] -- Up-to-date: /home/k/robo/install/beagle_msgs/include/beagle_msgs/msg/detail/position_cmd__rosidl_typesupport_fastrtps_c.h
[4.305s] -- Up-to-date: /home/k/robo/install/beagle_msgs/include/beagle_msgs/msg/detail/positioncmd__rosidl_typesupport_fastrtps_c.h
[4.305s] -- Installing: /home/k/robo/install/beagle_msgs/include/beagle_msgs/msg/detail/cmd_and_pose_vel__rosidl_typesupport_fastrtps_c.h
[4.305s] -- Up-to-date: /home/k/robo/install/beagle_msgs/include/beagle_msgs/action
[4.305s] -- Up-to-date: /home/k/robo/install/beagle_msgs/include/beagle_msgs/action/detail
[4.305s] -- Installing: /home/k/robo/install/beagle_msgs/include/beagle_msgs/action/detail/distbeagle__rosidl_typesupport_fastrtps_c.h
[4.305s] -- Up-to-date: /home/k/robo/install/beagle_msgs/include/beagle_msgs/srv
[4.305s] -- Up-to-date: /home/k/robo/install/beagle_msgs/include/beagle_msgs/srv/detail
[4.305s] -- Installing: /home/k/robo/install/beagle_msgs/include/beagle_msgs/srv/detail/beagleposition__rosidl_typesupport_fastrtps_c.h
[4.306s] -- Installing: /home/k/robo/install/beagle_msgs/lib/libbeagle_msgs__rosidl_typesupport_fastrtps_c.so
[4.306s] -- Set runtime path of "/home/k/robo/install/beagle_msgs/lib/libbeagle_msgs__rosidl_typesupport_fastrtps_c.so" to ""
[4.306s] -- Up-to-date: /home/k/robo/install/beagle_msgs/include/beagle_msgs
[4.306s] -- Up-to-date: /home/k/robo/install/beagle_msgs/include/beagle_msgs/msg
[4.306s] -- Up-to-date: /home/k/robo/install/beagle_msgs/include/beagle_msgs/msg/detail
[4.306s] -- Up-to-date: /home/k/robo/install/beagle_msgs/include/beagle_msgs/msg/detail/positioncmd__rosidl_typesupport_fastrtps_cpp.hpp
[4.306s] -- Up-to-date: /home/k/robo/install/beagle_msgs/include/beagle_msgs/msg/detail/dds_fastrtps
[4.306s] -- Up-to-date: /home/k/robo/install/beagle_msgs/include/beagle_msgs/msg/detail/position_cmd__rosidl_typesupport_fastrtps_cpp.hpp
[4.306s] -- Installing: /home/k/robo/install/beagle_msgs/include/beagle_msgs/msg/detail/cmd_and_pose_vel__rosidl_typesupport_fastrtps_cpp.hpp
[4.306s] -- Up-to-date: /home/k/robo/install/beagle_msgs/include/beagle_msgs/msg/rosidl_typesupport_fastrtps_cpp__visibility_control.h
[4.307s] -- Up-to-date: /home/k/robo/install/beagle_msgs/include/beagle_msgs/action
[4.307s] -- Up-to-date: /home/k/robo/install/beagle_msgs/include/beagle_msgs/action/detail
[4.307s] -- Up-to-date: /home/k/robo/install/beagle_msgs/include/beagle_msgs/action/detail/dds_fastrtps
[4.307s] -- Installing: /home/k/robo/install/beagle_msgs/include/beagle_msgs/action/detail/distbeagle__rosidl_typesupport_fastrtps_cpp.hpp
[4.307s] -- Up-to-date: /home/k/robo/install/beagle_msgs/include/beagle_msgs/srv
[4.307s] -- Up-to-date: /home/k/robo/install/beagle_msgs/include/beagle_msgs/srv/detail
[4.307s] -- Up-to-date: /home/k/robo/install/beagle_msgs/include/beagle_msgs/srv/detail/dds_fastrtps
[4.307s] -- Installing: /home/k/robo/install/beagle_msgs/include/beagle_msgs/srv/detail/beagleposition__rosidl_typesupport_fastrtps_cpp.hpp
[4.307s] -- Installing: /home/k/robo/install/beagle_msgs/lib/libbeagle_msgs__rosidl_typesupport_fastrtps_cpp.so
[4.307s] -- Set runtime path of "/home/k/robo/install/beagle_msgs/lib/libbeagle_msgs__rosidl_typesupport_fastrtps_cpp.so" to ""
[4.307s] -- Up-to-date: /home/k/robo/install/beagle_msgs/include/beagle_msgs
[4.307s] -- Up-to-date: /home/k/robo/install/beagle_msgs/include/beagle_msgs/msg
[4.307s] -- Up-to-date: /home/k/robo/install/beagle_msgs/include/beagle_msgs/msg/detail
[4.308s] -- Up-to-date: /home/k/robo/install/beagle_msgs/include/beagle_msgs/msg/detail/positioncmd__rosidl_typesupport_introspection_c.h
[4.308s] -- Up-to-date: /home/k/robo/install/beagle_msgs/include/beagle_msgs/msg/detail/positioncmd__type_support.c
[4.308s] -- Installing: /home/k/robo/install/beagle_msgs/include/beagle_msgs/msg/detail/cmd_and_pose_vel__type_support.c
[4.308s] -- Installing: /home/k/robo/install/beagle_msgs/include/beagle_msgs/msg/detail/cmd_and_pose_vel__rosidl_typesupport_introspection_c.h
[4.308s] -- Up-to-date: /home/k/robo/install/beagle_msgs/include/beagle_msgs/msg/detail/position_cmd__rosidl_typesupport_introspection_c.h
[4.308s] -- Up-to-date: /home/k/robo/install/beagle_msgs/include/beagle_msgs/msg/detail/position_cmd__type_support.c
[4.308s] -- Up-to-date: /home/k/robo/install/beagle_msgs/include/beagle_msgs/msg/rosidl_typesupport_introspection_c__visibility_control.h
[4.308s] -- Up-to-date: /home/k/robo/install/beagle_msgs/include/beagle_msgs/action
[4.308s] -- Up-to-date: /home/k/robo/install/beagle_msgs/include/beagle_msgs/action/detail
[4.308s] -- Installing: /home/k/robo/install/beagle_msgs/include/beagle_msgs/action/detail/distbeagle__rosidl_typesupport_introspection_c.h
[4.308s] -- Installing: /home/k/robo/install/beagle_msgs/include/beagle_msgs/action/detail/distbeagle__type_support.c
[4.308s] -- Up-to-date: /home/k/robo/install/beagle_msgs/include/beagle_msgs/srv
[4.308s] -- Up-to-date: /home/k/robo/install/beagle_msgs/include/beagle_msgs/srv/detail
[4.308s] -- Installing: /home/k/robo/install/beagle_msgs/include/beagle_msgs/srv/detail/beagleposition__rosidl_typesupport_introspection_c.h
[4.308s] -- Installing: /home/k/robo/install/beagle_msgs/include/beagle_msgs/srv/detail/beagleposition__type_support.c
[4.308s] -- Installing: /home/k/robo/install/beagle_msgs/lib/libbeagle_msgs__rosidl_typesupport_introspection_c.so
[4.309s] -- Set runtime path of "/home/k/robo/install/beagle_msgs/lib/libbeagle_msgs__rosidl_typesupport_introspection_c.so" to ""
[4.309s] -- Installing: /home/k/robo/install/beagle_msgs/lib/libbeagle_msgs__rosidl_typesupport_c.so
[4.309s] -- Set runtime path of "/home/k/robo/install/beagle_msgs/lib/libbeagle_msgs__rosidl_typesupport_c.so" to ""
[4.309s] -- Up-to-date: /home/k/robo/install/beagle_msgs/include/beagle_msgs
[4.309s] -- Up-to-date: /home/k/robo/install/beagle_msgs/include/beagle_msgs/msg
[4.309s] -- Up-to-date: /home/k/robo/install/beagle_msgs/include/beagle_msgs/msg/detail
[4.310s] -- Up-to-date: /home/k/robo/install/beagle_msgs/include/beagle_msgs/msg/detail/position_cmd__builder.hpp
[4.310s] -- Up-to-date: /home/k/robo/install/beagle_msgs/include/beagle_msgs/msg/detail/position_cmd__struct.hpp
[4.310s] -- Installing: /home/k/robo/install/beagle_msgs/include/beagle_msgs/msg/detail/cmd_and_pose_vel__struct.hpp
[4.310s] -- Installing: /home/k/robo/install/beagle_msgs/include/beagle_msgs/msg/detail/cmd_and_pose_vel__builder.hpp
[4.310s] -- Up-to-date: /home/k/robo/install/beagle_msgs/include/beagle_msgs/msg/detail/positioncmd__traits.hpp
[4.310s] -- Up-to-date: /home/k/robo/install/beagle_msgs/include/beagle_msgs/msg/detail/positioncmd__struct.hpp
[4.310s] -- Up-to-date: /home/k/robo/install/beagle_msgs/include/beagle_msgs/msg/detail/position_cmd__traits.hpp
[4.310s] -- Installing: /home/k/robo/install/beagle_msgs/include/beagle_msgs/msg/detail/cmd_and_pose_vel__traits.hpp
[4.310s] -- Up-to-date: /home/k/robo/install/beagle_msgs/include/beagle_msgs/msg/detail/positioncmd__builder.hpp
[4.310s] -- Up-to-date: /home/k/robo/install/beagle_msgs/include/beagle_msgs/msg/position_cmd.hpp
[4.310s] -- Up-to-date: /home/k/robo/install/beagle_msgs/include/beagle_msgs/msg/positioncmd.hpp
[4.310s] -- Installing: /home/k/robo/install/beagle_msgs/include/beagle_msgs/msg/cmd_and_pose_vel.hpp
[4.310s] -- Up-to-date: /home/k/robo/install/beagle_msgs/include/beagle_msgs/action
[4.310s] -- Installing: /home/k/robo/install/beagle_msgs/include/beagle_msgs/action/distbeagle.hpp
[4.310s] -- Up-to-date: /home/k/robo/install/beagle_msgs/include/beagle_msgs/action/detail
[4.310s] -- Installing: /home/k/robo/install/beagle_msgs/include/beagle_msgs/action/detail/distbeagle__builder.hpp
[4.310s] -- Installing: /home/k/robo/install/beagle_msgs/include/beagle_msgs/action/detail/distbeagle__struct.hpp
[4.310s] -- Installing: /home/k/robo/install/beagle_msgs/include/beagle_msgs/action/detail/distbeagle__traits.hpp
[4.310s] -- Up-to-date: /home/k/robo/install/beagle_msgs/include/beagle_msgs/srv
[4.310s] -- Up-to-date: /home/k/robo/install/beagle_msgs/include/beagle_msgs/srv/detail
[4.311s] -- Installing: /home/k/robo/install/beagle_msgs/include/beagle_msgs/srv/detail/beagleposition__traits.hpp
[4.311s] -- Installing: /home/k/robo/install/beagle_msgs/include/beagle_msgs/srv/detail/beagleposition__builder.hpp
[4.311s] -- Installing: /home/k/robo/install/beagle_msgs/include/beagle_msgs/srv/detail/beagleposition__struct.hpp
[4.311s] -- Installing: /home/k/robo/install/beagle_msgs/include/beagle_msgs/srv/beagleposition.hpp
[4.311s] -- Up-to-date: /home/k/robo/install/beagle_msgs/include/beagle_msgs
[4.311s] -- Up-to-date: /home/k/robo/install/beagle_msgs/include/beagle_msgs/msg
[4.311s] -- Up-to-date: /home/k/robo/install/beagle_msgs/include/beagle_msgs/msg/detail
[4.311s] -- Up-to-date: /home/k/robo/install/beagle_msgs/include/beagle_msgs/msg/detail/position_cmd__type_support.cpp
[4.311s] -- Up-to-date: /home/k/robo/install/beagle_msgs/include/beagle_msgs/msg/detail/positioncmd__type_support.cpp
[4.311s] -- Installing: /home/k/robo/install/beagle_msgs/include/beagle_msgs/msg/detail/cmd_and_pose_vel__type_support.cpp
[4.311s] -- Up-to-date: /home/k/robo/install/beagle_msgs/include/beagle_msgs/msg/detail/position_cmd__rosidl_typesupport_introspection_cpp.hpp
[4.311s] -- Installing: /home/k/robo/install/beagle_msgs/include/beagle_msgs/msg/detail/cmd_and_pose_vel__rosidl_typesupport_introspection_cpp.hpp
[4.311s] -- Up-to-date: /home/k/robo/install/beagle_msgs/include/beagle_msgs/msg/detail/positioncmd__rosidl_typesupport_introspection_cpp.hpp
[4.311s] -- Up-to-date: /home/k/robo/install/beagle_msgs/include/beagle_msgs/action
[4.311s] -- Up-to-date: /home/k/robo/install/beagle_msgs/include/beagle_msgs/action/detail
[4.311s] -- Installing: /home/k/robo/install/beagle_msgs/include/beagle_msgs/action/detail/distbeagle__type_support.cpp
[4.311s] -- Installing: /home/k/robo/install/beagle_msgs/include/beagle_msgs/action/detail/distbeagle__rosidl_typesupport_introspection_cpp.hpp
[4.311s] -- Up-to-date: /home/k/robo/install/beagle_msgs/include/beagle_msgs/srv
[4.311s] -- Up-to-date: /home/k/robo/install/beagle_msgs/include/beagle_msgs/srv/detail
[4.311s] -- Installing: /home/k/robo/install/beagle_msgs/include/beagle_msgs/srv/detail/beagleposition__rosidl_typesupport_introspection_cpp.hpp
[4.312s] -- Installing: /home/k/robo/install/beagle_msgs/include/beagle_msgs/srv/detail/beagleposition__type_support.cpp
[4.312s] -- Installing: /home/k/robo/install/beagle_msgs/lib/libbeagle_msgs__rosidl_typesupport_introspection_cpp.so
[4.312s] -- Set runtime path of "/home/k/robo/install/beagle_msgs/lib/libbeagle_msgs__rosidl_typesupport_introspection_cpp.so" to ""
[4.313s] -- Installing: /home/k/robo/install/beagle_msgs/lib/libbeagle_msgs__rosidl_typesupport_cpp.so
[4.313s] -- Set runtime path of "/home/k/robo/install/beagle_msgs/lib/libbeagle_msgs__rosidl_typesupport_cpp.so" to ""
[4.313s] -- Up-to-date: /home/k/robo/install/beagle_msgs/share/beagle_msgs/environment/pythonpath.sh
[4.313s] -- Installing: /home/k/robo/install/beagle_msgs/share/beagle_msgs/environment/pythonpath.dsv
[4.313s] -- Installing: /home/k/robo/install/beagle_msgs/lib/python3.8/site-packages/beagle_msgs/__init__.py
[4.335s] Compiling '/home/k/robo/install/beagle_msgs/lib/python3.8/site-packages/beagle_msgs/__init__.py'...
[4.338s] -- Up-to-date: /home/k/robo/install/beagle_msgs/lib/python3.8/site-packages/beagle_msgs/msg
[4.338s] -- Up-to-date: /home/k/robo/install/beagle_msgs/lib/python3.8/site-packages/beagle_msgs/msg/_position_cmd.py
[4.338s] -- Installing: /home/k/robo/install/beagle_msgs/lib/python3.8/site-packages/beagle_msgs/msg/__init__.py
[4.338s] -- Up-to-date: /home/k/robo/install/beagle_msgs/lib/python3.8/site-packages/beagle_msgs/msg/_positioncmd.py
[4.339s] -- Up-to-date: /home/k/robo/install/beagle_msgs/lib/python3.8/site-packages/beagle_msgs/msg/_position_cmd_s.c
[4.339s] -- Installing: /home/k/robo/install/beagle_msgs/lib/python3.8/site-packages/beagle_msgs/msg/_cmd_and_pose_vel.py
[4.339s] -- Up-to-date: /home/k/robo/install/beagle_msgs/lib/python3.8/site-packages/beagle_msgs/msg/_positioncmd_s.c
[4.339s] -- Installing: /home/k/robo/install/beagle_msgs/lib/python3.8/site-packages/beagle_msgs/msg/_cmd_and_pose_vel_s.c
[4.339s] -- Up-to-date: /home/k/robo/install/beagle_msgs/lib/python3.8/site-packages/beagle_msgs/action
[4.339s] -- Installing: /home/k/robo/install/beagle_msgs/lib/python3.8/site-packages/beagle_msgs/action/__init__.py
[4.339s] -- Installing: /home/k/robo/install/beagle_msgs/lib/python3.8/site-packages/beagle_msgs/action/_distbeagle.py
[4.339s] -- Installing: /home/k/robo/install/beagle_msgs/lib/python3.8/site-packages/beagle_msgs/action/_distbeagle_s.c
[4.339s] -- Up-to-date: /home/k/robo/install/beagle_msgs/lib/python3.8/site-packages/beagle_msgs/srv
[4.339s] -- Installing: /home/k/robo/install/beagle_msgs/lib/python3.8/site-packages/beagle_msgs/srv/_beagleposition_s.c
[4.339s] -- Installing: /home/k/robo/install/beagle_msgs/lib/python3.8/site-packages/beagle_msgs/srv/__init__.py
[4.339s] -- Installing: /home/k/robo/install/beagle_msgs/lib/python3.8/site-packages/beagle_msgs/srv/_beagleposition.py
[4.340s] -- Installing: /home/k/robo/install/beagle_msgs/lib/python3.8/site-packages/beagle_msgs/beagle_msgs_s__rosidl_typesupport_fastrtps_c.cpython-38-x86_64-linux-gnu.so
[4.340s] -- Set runtime path of "/home/k/robo/install/beagle_msgs/lib/python3.8/site-packages/beagle_msgs/beagle_msgs_s__rosidl_typesupport_fastrtps_c.cpython-38-x86_64-linux-gnu.so" to ""
[4.341s] -- Installing: /home/k/robo/install/beagle_msgs/lib/python3.8/site-packages/beagle_msgs/beagle_msgs_s__rosidl_typesupport_introspection_c.cpython-38-x86_64-linux-gnu.so
[4.341s] -- Set runtime path of "/home/k/robo/install/beagle_msgs/lib/python3.8/site-packages/beagle_msgs/beagle_msgs_s__rosidl_typesupport_introspection_c.cpython-38-x86_64-linux-gnu.so" to ""
[4.341s] -- Installing: /home/k/robo/install/beagle_msgs/lib/python3.8/site-packages/beagle_msgs/beagle_msgs_s__rosidl_typesupport_c.cpython-38-x86_64-linux-gnu.so
[4.342s] -- Set runtime path of "/home/k/robo/install/beagle_msgs/lib/python3.8/site-packages/beagle_msgs/beagle_msgs_s__rosidl_typesupport_c.cpython-38-x86_64-linux-gnu.so" to ""
[4.342s] -- Installing: /home/k/robo/install/beagle_msgs/lib/libbeagle_msgs__python.so
[4.342s] -- Set runtime path of "/home/k/robo/install/beagle_msgs/lib/libbeagle_msgs__python.so" to ""
[4.342s] -- Up-to-date: /home/k/robo/install/beagle_msgs/share/beagle_msgs/msg/CmdAndPoseVel.idl
[4.343s] -- Up-to-date: /home/k/robo/install/beagle_msgs/share/beagle_msgs/action/Distbeagle.idl
[4.343s] -- Installing: /home/k/robo/install/beagle_msgs/share/beagle_msgs/srv/Beagleposition.idl
[4.343s] -- Up-to-date: /home/k/robo/install/beagle_msgs/share/beagle_msgs/msg/CmdAndPoseVel.msg
[4.343s] -- Up-to-date: /home/k/robo/install/beagle_msgs/share/beagle_msgs/action/Distbeagle.action
[4.343s] -- Installing: /home/k/robo/install/beagle_msgs/share/beagle_msgs/srv/Beagleposition.srv
[4.343s] -- Installing: /home/k/robo/install/beagle_msgs/share/beagle_msgs/srv/Beagleposition_Request.msg
[4.343s] -- Installing: /home/k/robo/install/beagle_msgs/share/beagle_msgs/srv/Beagleposition_Response.msg
[4.343s] -- Up-to-date: /home/k/robo/install/beagle_msgs/share/ament_index/resource_index/package_run_dependencies/beagle_msgs
[4.343s] -- Up-to-date: /home/k/robo/install/beagle_msgs/share/ament_index/resource_index/parent_prefix_path/beagle_msgs
[4.343s] -- Up-to-date: /home/k/robo/install/beagle_msgs/share/beagle_msgs/environment/ament_prefix_path.sh
[4.343s] -- Installing: /home/k/robo/install/beagle_msgs/share/beagle_msgs/environment/ament_prefix_path.dsv
[4.343s] -- Up-to-date: /home/k/robo/install/beagle_msgs/share/beagle_msgs/environment/path.sh
[4.344s] -- Installing: /home/k/robo/install/beagle_msgs/share/beagle_msgs/environment/path.dsv
[4.344s] -- Up-to-date: /home/k/robo/install/beagle_msgs/share/beagle_msgs/local_setup.bash
[4.344s] -- Up-to-date: /home/k/robo/install/beagle_msgs/share/beagle_msgs/local_setup.sh
[4.344s] -- Up-to-date: /home/k/robo/install/beagle_msgs/share/beagle_msgs/local_setup.zsh
[4.344s] -- Installing: /home/k/robo/install/beagle_msgs/share/beagle_msgs/local_setup.dsv
[4.344s] -- Installing: /home/k/robo/install/beagle_msgs/share/beagle_msgs/package.dsv
[4.344s] -- Up-to-date: /home/k/robo/install/beagle_msgs/share/ament_index/resource_index/packages/beagle_msgs
[4.344s] -- Up-to-date: /home/k/robo/install/beagle_msgs/share/beagle_msgs/cmake/beagle_msgs__rosidl_generator_cExport.cmake
[4.344s] -- Up-to-date: /home/k/robo/install/beagle_msgs/share/beagle_msgs/cmake/beagle_msgs__rosidl_generator_cExport-noconfig.cmake
[4.344s] -- Up-to-date: /home/k/robo/install/beagle_msgs/share/beagle_msgs/cmake/beagle_msgs__rosidl_typesupport_introspection_cExport.cmake
[4.344s] -- Up-to-date: /home/k/robo/install/beagle_msgs/share/beagle_msgs/cmake/beagle_msgs__rosidl_typesupport_introspection_cExport-noconfig.cmake
[4.344s] -- Up-to-date: /home/k/robo/install/beagle_msgs/share/beagle_msgs/cmake/beagle_msgs__rosidl_typesupport_cExport.cmake
[4.345s] -- Up-to-date: /home/k/robo/install/beagle_msgs/share/beagle_msgs/cmake/beagle_msgs__rosidl_typesupport_cExport-noconfig.cmake
[4.345s] -- Up-to-date: /home/k/robo/install/beagle_msgs/share/beagle_msgs/cmake/beagle_msgs__rosidl_generator_cppExport.cmake
[4.345s] -- Up-to-date: /home/k/robo/install/beagle_msgs/share/beagle_msgs/cmake/beagle_msgs__rosidl_typesupport_introspection_cppExport.cmake
[4.345s] -- Up-to-date: /home/k/robo/install/beagle_msgs/share/beagle_msgs/cmake/beagle_msgs__rosidl_typesupport_introspection_cppExport-noconfig.cmake
[4.345s] -- Up-to-date: /home/k/robo/install/beagle_msgs/share/beagle_msgs/cmake/beagle_msgs__rosidl_typesupport_cppExport.cmake
[4.345s] -- Up-to-date: /home/k/robo/install/beagle_msgs/share/beagle_msgs/cmake/beagle_msgs__rosidl_typesupport_cppExport-noconfig.cmake
[4.345s] -- Up-to-date: /home/k/robo/install/beagle_msgs/share/beagle_msgs/cmake/rosidl_cmake-extras.cmake
[4.345s] -- Up-to-date: /home/k/robo/install/beagle_msgs/share/beagle_msgs/cmake/ament_cmake_export_dependencies-extras.cmake
[4.345s] -- Up-to-date: /home/k/robo/install/beagle_msgs/share/beagle_msgs/cmake/ament_cmake_export_libraries-extras.cmake
[4.345s] -- Up-to-date: /home/k/robo/install/beagle_msgs/share/beagle_msgs/cmake/ament_cmake_export_targets-extras.cmake
[4.345s] -- Up-to-date: /home/k/robo/install/beagle_msgs/share/beagle_msgs/cmake/ament_cmake_export_include_directories-extras.cmake
[4.345s] -- Up-to-date: /home/k/robo/install/beagle_msgs/share/beagle_msgs/cmake/rosidl_cmake_export_typesupport_libraries-extras.cmake
[4.346s] -- Up-to-date: /home/k/robo/install/beagle_msgs/share/beagle_msgs/cmake/rosidl_cmake_export_typesupport_targets-extras.cmake
[4.346s] -- Up-to-date: /home/k/robo/install/beagle_msgs/share/beagle_msgs/cmake/beagle_msgsConfig.cmake
[4.346s] -- Up-to-date: /home/k/robo/install/beagle_msgs/share/beagle_msgs/cmake/beagle_msgsConfig-version.cmake
[4.346s] -- Up-to-date: /home/k/robo/install/beagle_msgs/share/beagle_msgs/package.xml
[4.355s] Invoked command in '/home/k/robo/build/beagle_msgs' returned '0': CMAKE_PREFIX_PATH=${CMAKE_PREFIX_PATH}:/home/k/robo/install/beagle_first_package:/opt/ros/galactic /home/k/.local/bin/cmake --install /home/k/robo/build/beagle_msgs
