-- Found ament_cmake: 1.1.6 (/opt/ros/galactic/share/ament_cmake/cmake)
-- Found PythonInterp: /usr/bin/python3 (found suitable version "3.8.10", minimum required is "3") 
-- Using PYTHON_EXECUTABLE: /usr/bin/python3
-- Found rosidl_default_generators: 1.1.1 (/opt/ros/galactic/share/rosidl_default_generators/cmake)
-- Using all available rosidl_typesupport_c: rosidl_typesupport_fastrtps_c;rosidl_typesupport_introspection_c
-- Found rosidl_adapter: 2.2.3 (/opt/ros/galactic/share/rosidl_adapter/cmake)
-- Using all available rosidl_typesupport_cpp: rosidl_typesupport_fastrtps_cpp;rosidl_typesupport_introspection_cpp
-- Found PythonInterp: /usr/bin/python3 (found version "3.8.10") 
-- Found ament_cmake_ros: 0.9.2 (/opt/ros/galactic/share/ament_cmake_ros/cmake)
-- Using all available rosidl_typesupport_c: rosidl_typesupport_fastrtps_c;rosidl_typesupport_introspection_c
-- Using all available rosidl_typesupport_cpp: rosidl_typesupport_fastrtps_cpp;rosidl_typesupport_introspection_cpp
-- Found PythonInterp: /usr/bin/python3 (found suitable version "3.8.10", minimum required is "3.5") 
-- Found python_cmake_module: 0.8.1 (/opt/ros/galactic/share/python_cmake_module/cmake)
-- Using PYTHON_EXECUTABLE: /usr/bin/python3
-- Using PYTHON_INCLUDE_DIRS: /usr/include/python3.8
-- Using PYTHON_LIBRARIES: /usr/lib/x86_64-linux-gnu/libpython3.8.so
-- Found ament_lint_auto: 0.10.7 (/opt/ros/galactic/share/ament_lint_auto/cmake)
-- Added test 'copyright' to check source files copyright and LICENSE
-- Added test 'lint_cmake' to check CMake code style
-- Added test 'xmllint' to check XML markup files
-- Configuring done (0.5s)
-- Generating done (0.0s)
-- Build files have been written to: /home/k/robo/build/beagle_msgs
[  2%] [34m[1mGenerating C code for ROS interfaces[0m
[  5%] [34m[1mGenerating C++ code for ROS interfaces[0m
[  5%] Built target beagle_msgs__cpp
[  7%] [34m[1mGenerating C++ type support for eProsima Fast-RTPS[0m
[ 10%] [34m[1mGenerating C++ introspection for ROS interfaces[0m
[ 12%] [34m[1mGenerating C++ type support dispatch for ROS interfaces[0m
[ 17%] [32mBuilding C object CMakeFiles/beagle_msgs__rosidl_generator_c.dir/rosidl_generator_c/beagle_msgs/action/detail/distbeagle__functions.c.o[0m
[ 17%] [32mBuilding C object CMakeFiles/beagle_msgs__rosidl_generator_c.dir/rosidl_generator_c/beagle_msgs/msg/detail/cmd_and_pose_vel__functions.c.o[0m
[ 20%] [32m[1mLinking C shared library libbeagle_msgs__rosidl_generator_c.so[0m
[ 20%] Built target beagle_msgs__rosidl_generator_c
[ 25%] [34m[1mGenerating C introspection for ROS interfaces[0m
[ 25%] [34m[1mGenerating C type support dispatch for ROS interfaces[0m
[ 28%] [32mBuilding CXX object CMakeFiles/beagle_msgs__rosidl_typesupport_introspection_cpp.dir/rosidl_typesupport_introspection_cpp/beagle_msgs/msg/detail/cmd_and_pose_vel__type_support.cpp.o[0m
[ 30%] [32mBuilding CXX object CMakeFiles/beagle_msgs__rosidl_typesupport_introspection_cpp.dir/rosidl_typesupport_introspection_cpp/beagle_msgs/action/detail/distbeagle__type_support.cpp.o[0m
[ 35%] [32mBuilding CXX object CMakeFiles/beagle_msgs__rosidl_typesupport_cpp.dir/rosidl_typesupport_cpp/beagle_msgs/msg/cmd_and_pose_vel__type_support.cpp.o[0m
[ 35%] [32mBuilding CXX object CMakeFiles/beagle_msgs__rosidl_typesupport_cpp.dir/rosidl_typesupport_cpp/beagle_msgs/action/distbeagle__type_support.cpp.o[0m
[ 38%] [32mBuilding CXX object CMakeFiles/beagle_msgs__rosidl_typesupport_fastrtps_cpp.dir/rosidl_typesupport_fastrtps_cpp/beagle_msgs/msg/detail/dds_fastrtps/cmd_and_pose_vel__type_support.cpp.o[0m
[ 41%] [32mBuilding CXX object CMakeFiles/beagle_msgs__rosidl_typesupport_fastrtps_cpp.dir/rosidl_typesupport_fastrtps_cpp/beagle_msgs/action/detail/dds_fastrtps/distbeagle__type_support.cpp.o[0m
[ 43%] [32mBuilding CXX object CMakeFiles/beagle_msgs__rosidl_typesupport_c.dir/rosidl_typesupport_c/beagle_msgs/msg/cmd_and_pose_vel__type_support.cpp.o[0m
[ 46%] [32mBuilding CXX object CMakeFiles/beagle_msgs__rosidl_typesupport_c.dir/rosidl_typesupport_c/beagle_msgs/action/distbeagle__type_support.cpp.o[0m
[ 48%] [32mBuilding C object CMakeFiles/beagle_msgs__rosidl_typesupport_introspection_c.dir/rosidl_typesupport_introspection_c/beagle_msgs/msg/detail/cmd_and_pose_vel__type_support.c.o[0m
[ 51%] [32mBuilding C object CMakeFiles/beagle_msgs__rosidl_typesupport_introspection_c.dir/rosidl_typesupport_introspection_c/beagle_msgs/action/detail/distbeagle__type_support.c.o[0m
[ 53%] [32m[1mLinking CXX shared library libbeagle_msgs__rosidl_typesupport_c.so[0m
[ 56%] [32m[1mLinking C shared library libbeagle_msgs__rosidl_typesupport_introspection_c.so[0m
[ 56%] Built target beagle_msgs__rosidl_typesupport_c
[ 56%] Built target beagle_msgs__rosidl_typesupport_introspection_c
[ 58%] [32m[1mLinking CXX shared library libbeagle_msgs__rosidl_typesupport_introspection_cpp.so[0m
[ 58%] Built target beagle_msgs__rosidl_typesupport_introspection_cpp
[ 61%] [32m[1mLinking CXX shared library libbeagle_msgs__rosidl_typesupport_cpp.so[0m
[ 61%] Built target beagle_msgs__rosidl_typesupport_cpp
[ 64%] [32m[1mLinking CXX shared library libbeagle_msgs__rosidl_typesupport_fastrtps_cpp.so[0m
[ 64%] Built target beagle_msgs__rosidl_typesupport_fastrtps_cpp
[ 66%] [34m[1mGenerating C type support for eProsima Fast-RTPS[0m
[ 69%] [32mBuilding CXX object CMakeFiles/beagle_msgs__rosidl_typesupport_fastrtps_c.dir/rosidl_typesupport_fastrtps_c/beagle_msgs/msg/detail/cmd_and_pose_vel__type_support_c.cpp.o[0m
[ 71%] [32mBuilding CXX object CMakeFiles/beagle_msgs__rosidl_typesupport_fastrtps_c.dir/rosidl_typesupport_fastrtps_c/beagle_msgs/action/detail/distbeagle__type_support_c.cpp.o[0m
[ 74%] [32m[1mLinking CXX shared library libbeagle_msgs__rosidl_typesupport_fastrtps_c.so[0m
[ 74%] Built target beagle_msgs__rosidl_typesupport_fastrtps_c
[ 74%] Built target beagle_msgs
[ 76%] [34m[1mGenerating Python code for ROS interfaces[0m
[ 76%] Built target beagle_msgs__py
[ 79%] [32mBuilding C object CMakeFiles/beagle_msgs__python.dir/rosidl_generator_py/beagle_msgs/msg/_cmd_and_pose_vel_s.c.o[0m
[ 82%] [32mBuilding C object CMakeFiles/beagle_msgs__python.dir/rosidl_generator_py/beagle_msgs/action/_distbeagle_s.c.o[0m
[ 84%] [32m[1mLinking C shared library rosidl_generator_py/beagle_msgs/libbeagle_msgs__python.so[0m
[ 84%] Built target beagle_msgs__python
[ 87%] [32mBuilding C object CMakeFiles/beagle_msgs__rosidl_typesupport_introspection_c__pyext.dir/rosidl_generator_py/beagle_msgs/_beagle_msgs_s.ep.rosidl_typesupport_introspection_c.c.o[0m
[ 89%] [32mBuilding C object CMakeFiles/beagle_msgs__rosidl_typesupport_fastrtps_c__pyext.dir/rosidl_generator_py/beagle_msgs/_beagle_msgs_s.ep.rosidl_typesupport_fastrtps_c.c.o[0m
[ 92%] [32mBuilding C object CMakeFiles/beagle_msgs__rosidl_typesupport_c__pyext.dir/rosidl_generator_py/beagle_msgs/_beagle_msgs_s.ep.rosidl_typesupport_c.c.o[0m
[ 94%] [32m[1mLinking CXX shared library rosidl_generator_py/beagle_msgs/beagle_msgs_s__rosidl_typesupport_fastrtps_c.cpython-38-x86_64-linux-gnu.so[0m
[ 97%] [32m[1mLinking C shared library rosidl_generator_py/beagle_msgs/beagle_msgs_s__rosidl_typesupport_introspection_c.cpython-38-x86_64-linux-gnu.so[0m
[100%] [32m[1mLinking C shared library rosidl_generator_py/beagle_msgs/beagle_msgs_s__rosidl_typesupport_c.cpython-38-x86_64-linux-gnu.so[0m
[100%] Built target beagle_msgs__rosidl_typesupport_introspection_c__pyext
[100%] Built target beagle_msgs__rosidl_typesupport_fastrtps_c__pyext
[100%] Built target beagle_msgs__rosidl_typesupport_c__pyext
-- Install configuration: ""
-- Installing: /home/k/robo/install/beagle_msgs/share/ament_index/resource_index/rosidl_interfaces/beagle_msgs
-- Up-to-date: /home/k/robo/install/beagle_msgs/include/beagle_msgs
-- Up-to-date: /home/k/robo/install/beagle_msgs/include/beagle_msgs/msg
-- Up-to-date: /home/k/robo/install/beagle_msgs/include/beagle_msgs/msg/positioncmd.h
-- Up-to-date: /home/k/robo/install/beagle_msgs/include/beagle_msgs/msg/detail
-- Installing: /home/k/robo/install/beagle_msgs/include/beagle_msgs/msg/detail/cmd_and_pose_vel__type_support.h
-- Up-to-date: /home/k/robo/install/beagle_msgs/include/beagle_msgs/msg/detail/positioncmd__type_support.h
-- Up-to-date: /home/k/robo/install/beagle_msgs/include/beagle_msgs/msg/detail/position_cmd__type_support.h
-- Up-to-date: /home/k/robo/install/beagle_msgs/include/beagle_msgs/msg/detail/positioncmd__struct.h
-- Up-to-date: /home/k/robo/install/beagle_msgs/include/beagle_msgs/msg/detail/positioncmd__functions.c
-- Installing: /home/k/robo/install/beagle_msgs/include/beagle_msgs/msg/detail/cmd_and_pose_vel__functions.c
-- Up-to-date: /home/k/robo/install/beagle_msgs/include/beagle_msgs/msg/detail/position_cmd__functions.c
-- Up-to-date: /home/k/robo/install/beagle_msgs/include/beagle_msgs/msg/detail/position_cmd__functions.h
-- Up-to-date: /home/k/robo/install/beagle_msgs/include/beagle_msgs/msg/detail/positioncmd__functions.h
-- Installing: /home/k/robo/install/beagle_msgs/include/beagle_msgs/msg/detail/cmd_and_pose_vel__struct.h
-- Installing: /home/k/robo/install/beagle_msgs/include/beagle_msgs/msg/detail/cmd_and_pose_vel__functions.h
-- Up-to-date: /home/k/robo/install/beagle_msgs/include/beagle_msgs/msg/detail/position_cmd__struct.h
-- Up-to-date: /home/k/robo/install/beagle_msgs/include/beagle_msgs/msg/position_cmd.h
-- Installing: /home/k/robo/install/beagle_msgs/include/beagle_msgs/msg/cmd_and_pose_vel.h
-- Up-to-date: /home/k/robo/install/beagle_msgs/include/beagle_msgs/msg/rosidl_generator_c__visibility_control.h
-- Installing: /home/k/robo/install/beagle_msgs/include/beagle_msgs/action
-- Installing: /home/k/robo/install/beagle_msgs/include/beagle_msgs/action/detail
-- Installing: /home/k/robo/install/beagle_msgs/include/beagle_msgs/action/detail/distbeagle__struct.h
-- Installing: /home/k/robo/install/beagle_msgs/include/beagle_msgs/action/detail/distbeagle__functions.c
-- Installing: /home/k/robo/install/beagle_msgs/include/beagle_msgs/action/detail/distbeagle__functions.h
-- Installing: /home/k/robo/install/beagle_msgs/include/beagle_msgs/action/detail/distbeagle__type_support.h
-- Installing: /home/k/robo/install/beagle_msgs/include/beagle_msgs/action/distbeagle.h
-- Up-to-date: /home/k/robo/install/beagle_msgs/share/beagle_msgs/environment/library_path.sh
-- Installing: /home/k/robo/install/beagle_msgs/share/beagle_msgs/environment/library_path.dsv
-- Installing: /home/k/robo/install/beagle_msgs/lib/libbeagle_msgs__rosidl_generator_c.so
-- Set runtime path of "/home/k/robo/install/beagle_msgs/lib/libbeagle_msgs__rosidl_generator_c.so" to ""
-- Up-to-date: /home/k/robo/install/beagle_msgs/include/beagle_msgs
-- Up-to-date: /home/k/robo/install/beagle_msgs/include/beagle_msgs/msg
-- Up-to-date: /home/k/robo/install/beagle_msgs/include/beagle_msgs/msg/rosidl_typesupport_fastrtps_c__visibility_control.h
-- Up-to-date: /home/k/robo/install/beagle_msgs/include/beagle_msgs/msg/detail
-- Up-to-date: /home/k/robo/install/beagle_msgs/include/beagle_msgs/msg/detail/position_cmd__rosidl_typesupport_fastrtps_c.h
-- Up-to-date: /home/k/robo/install/beagle_msgs/include/beagle_msgs/msg/detail/positioncmd__rosidl_typesupport_fastrtps_c.h
-- Installing: /home/k/robo/install/beagle_msgs/include/beagle_msgs/msg/detail/cmd_and_pose_vel__rosidl_typesupport_fastrtps_c.h
-- Up-to-date: /home/k/robo/install/beagle_msgs/include/beagle_msgs/action
-- Up-to-date: /home/k/robo/install/beagle_msgs/include/beagle_msgs/action/detail
-- Installing: /home/k/robo/install/beagle_msgs/include/beagle_msgs/action/detail/distbeagle__rosidl_typesupport_fastrtps_c.h
-- Installing: /home/k/robo/install/beagle_msgs/lib/libbeagle_msgs__rosidl_typesupport_fastrtps_c.so
-- Set runtime path of "/home/k/robo/install/beagle_msgs/lib/libbeagle_msgs__rosidl_typesupport_fastrtps_c.so" to ""
-- Up-to-date: /home/k/robo/install/beagle_msgs/include/beagle_msgs
-- Up-to-date: /home/k/robo/install/beagle_msgs/include/beagle_msgs/msg
-- Up-to-date: /home/k/robo/install/beagle_msgs/include/beagle_msgs/msg/detail
-- Up-to-date: /home/k/robo/install/beagle_msgs/include/beagle_msgs/msg/detail/positioncmd__rosidl_typesupport_fastrtps_cpp.hpp
-- Up-to-date: /home/k/robo/install/beagle_msgs/include/beagle_msgs/msg/detail/dds_fastrtps
-- Up-to-date: /home/k/robo/install/beagle_msgs/include/beagle_msgs/msg/detail/position_cmd__rosidl_typesupport_fastrtps_cpp.hpp
-- Installing: /home/k/robo/install/beagle_msgs/include/beagle_msgs/msg/detail/cmd_and_pose_vel__rosidl_typesupport_fastrtps_cpp.hpp
-- Up-to-date: /home/k/robo/install/beagle_msgs/include/beagle_msgs/msg/rosidl_typesupport_fastrtps_cpp__visibility_control.h
-- Up-to-date: /home/k/robo/install/beagle_msgs/include/beagle_msgs/action
-- Up-to-date: /home/k/robo/install/beagle_msgs/include/beagle_msgs/action/detail
-- Installing: /home/k/robo/install/beagle_msgs/include/beagle_msgs/action/detail/dds_fastrtps
-- Installing: /home/k/robo/install/beagle_msgs/include/beagle_msgs/action/detail/distbeagle__rosidl_typesupport_fastrtps_cpp.hpp
-- Installing: /home/k/robo/install/beagle_msgs/lib/libbeagle_msgs__rosidl_typesupport_fastrtps_cpp.so
-- Set runtime path of "/home/k/robo/install/beagle_msgs/lib/libbeagle_msgs__rosidl_typesupport_fastrtps_cpp.so" to ""
-- Up-to-date: /home/k/robo/install/beagle_msgs/include/beagle_msgs
-- Up-to-date: /home/k/robo/install/beagle_msgs/include/beagle_msgs/msg
-- Up-to-date: /home/k/robo/install/beagle_msgs/include/beagle_msgs/msg/detail
-- Up-to-date: /home/k/robo/install/beagle_msgs/include/beagle_msgs/msg/detail/positioncmd__rosidl_typesupport_introspection_c.h
-- Up-to-date: /home/k/robo/install/beagle_msgs/include/beagle_msgs/msg/detail/positioncmd__type_support.c
-- Installing: /home/k/robo/install/beagle_msgs/include/beagle_msgs/msg/detail/cmd_and_pose_vel__type_support.c
-- Installing: /home/k/robo/install/beagle_msgs/include/beagle_msgs/msg/detail/cmd_and_pose_vel__rosidl_typesupport_introspection_c.h
-- Up-to-date: /home/k/robo/install/beagle_msgs/include/beagle_msgs/msg/detail/position_cmd__rosidl_typesupport_introspection_c.h
-- Up-to-date: /home/k/robo/install/beagle_msgs/include/beagle_msgs/msg/detail/position_cmd__type_support.c
-- Up-to-date: /home/k/robo/install/beagle_msgs/include/beagle_msgs/msg/rosidl_typesupport_introspection_c__visibility_control.h
-- Up-to-date: /home/k/robo/install/beagle_msgs/include/beagle_msgs/action
-- Up-to-date: /home/k/robo/install/beagle_msgs/include/beagle_msgs/action/detail
-- Installing: /home/k/robo/install/beagle_msgs/include/beagle_msgs/action/detail/distbeagle__rosidl_typesupport_introspection_c.h
-- Installing: /home/k/robo/install/beagle_msgs/include/beagle_msgs/action/detail/distbeagle__type_support.c
-- Installing: /home/k/robo/install/beagle_msgs/lib/libbeagle_msgs__rosidl_typesupport_introspection_c.so
-- Set runtime path of "/home/k/robo/install/beagle_msgs/lib/libbeagle_msgs__rosidl_typesupport_introspection_c.so" to ""
-- Installing: /home/k/robo/install/beagle_msgs/lib/libbeagle_msgs__rosidl_typesupport_c.so
-- Set runtime path of "/home/k/robo/install/beagle_msgs/lib/libbeagle_msgs__rosidl_typesupport_c.so" to ""
-- Up-to-date: /home/k/robo/install/beagle_msgs/include/beagle_msgs
-- Up-to-date: /home/k/robo/install/beagle_msgs/include/beagle_msgs/msg
-- Up-to-date: /home/k/robo/install/beagle_msgs/include/beagle_msgs/msg/detail
-- Up-to-date: /home/k/robo/install/beagle_msgs/include/beagle_msgs/msg/detail/position_cmd__builder.hpp
-- Up-to-date: /home/k/robo/install/beagle_msgs/include/beagle_msgs/msg/detail/position_cmd__struct.hpp
-- Installing: /home/k/robo/install/beagle_msgs/include/beagle_msgs/msg/detail/cmd_and_pose_vel__struct.hpp
-- Installing: /home/k/robo/install/beagle_msgs/include/beagle_msgs/msg/detail/cmd_and_pose_vel__builder.hpp
-- Up-to-date: /home/k/robo/install/beagle_msgs/include/beagle_msgs/msg/detail/positioncmd__traits.hpp
-- Up-to-date: /home/k/robo/install/beagle_msgs/include/beagle_msgs/msg/detail/positioncmd__struct.hpp
-- Up-to-date: /home/k/robo/install/beagle_msgs/include/beagle_msgs/msg/detail/position_cmd__traits.hpp
-- Installing: /home/k/robo/install/beagle_msgs/include/beagle_msgs/msg/detail/cmd_and_pose_vel__traits.hpp
-- Up-to-date: /home/k/robo/install/beagle_msgs/include/beagle_msgs/msg/detail/positioncmd__builder.hpp
-- Up-to-date: /home/k/robo/install/beagle_msgs/include/beagle_msgs/msg/position_cmd.hpp
-- Up-to-date: /home/k/robo/install/beagle_msgs/include/beagle_msgs/msg/positioncmd.hpp
-- Installing: /home/k/robo/install/beagle_msgs/include/beagle_msgs/msg/cmd_and_pose_vel.hpp
-- Up-to-date: /home/k/robo/install/beagle_msgs/include/beagle_msgs/action
-- Installing: /home/k/robo/install/beagle_msgs/include/beagle_msgs/action/distbeagle.hpp
-- Up-to-date: /home/k/robo/install/beagle_msgs/include/beagle_msgs/action/detail
-- Installing: /home/k/robo/install/beagle_msgs/include/beagle_msgs/action/detail/distbeagle__builder.hpp
-- Installing: /home/k/robo/install/beagle_msgs/include/beagle_msgs/action/detail/distbeagle__struct.hpp
-- Installing: /home/k/robo/install/beagle_msgs/include/beagle_msgs/action/detail/distbeagle__traits.hpp
-- Up-to-date: /home/k/robo/install/beagle_msgs/include/beagle_msgs
-- Up-to-date: /home/k/robo/install/beagle_msgs/include/beagle_msgs/msg
-- Up-to-date: /home/k/robo/install/beagle_msgs/include/beagle_msgs/msg/detail
-- Up-to-date: /home/k/robo/install/beagle_msgs/include/beagle_msgs/msg/detail/position_cmd__type_support.cpp
-- Up-to-date: /home/k/robo/install/beagle_msgs/include/beagle_msgs/msg/detail/positioncmd__type_support.cpp
-- Installing: /home/k/robo/install/beagle_msgs/include/beagle_msgs/msg/detail/cmd_and_pose_vel__type_support.cpp
-- Up-to-date: /home/k/robo/install/beagle_msgs/include/beagle_msgs/msg/detail/position_cmd__rosidl_typesupport_introspection_cpp.hpp
-- Installing: /home/k/robo/install/beagle_msgs/include/beagle_msgs/msg/detail/cmd_and_pose_vel__rosidl_typesupport_introspection_cpp.hpp
-- Up-to-date: /home/k/robo/install/beagle_msgs/include/beagle_msgs/msg/detail/positioncmd__rosidl_typesupport_introspection_cpp.hpp
-- Up-to-date: /home/k/robo/install/beagle_msgs/include/beagle_msgs/action
-- Up-to-date: /home/k/robo/install/beagle_msgs/include/beagle_msgs/action/detail
-- Installing: /home/k/robo/install/beagle_msgs/include/beagle_msgs/action/detail/distbeagle__type_support.cpp
-- Installing: /home/k/robo/install/beagle_msgs/include/beagle_msgs/action/detail/distbeagle__rosidl_typesupport_introspection_cpp.hpp
-- Installing: /home/k/robo/install/beagle_msgs/lib/libbeagle_msgs__rosidl_typesupport_introspection_cpp.so
-- Set runtime path of "/home/k/robo/install/beagle_msgs/lib/libbeagle_msgs__rosidl_typesupport_introspection_cpp.so" to ""
-- Installing: /home/k/robo/install/beagle_msgs/lib/libbeagle_msgs__rosidl_typesupport_cpp.so
-- Set runtime path of "/home/k/robo/install/beagle_msgs/lib/libbeagle_msgs__rosidl_typesupport_cpp.so" to ""
-- Up-to-date: /home/k/robo/install/beagle_msgs/share/beagle_msgs/environment/pythonpath.sh
-- Installing: /home/k/robo/install/beagle_msgs/share/beagle_msgs/environment/pythonpath.dsv
-- Installing: /home/k/robo/install/beagle_msgs/lib/python3.8/site-packages/beagle_msgs/__init__.py
Compiling '/home/k/robo/install/beagle_msgs/lib/python3.8/site-packages/beagle_msgs/__init__.py'...
-- Up-to-date: /home/k/robo/install/beagle_msgs/lib/python3.8/site-packages/beagle_msgs/msg
-- Up-to-date: /home/k/robo/install/beagle_msgs/lib/python3.8/site-packages/beagle_msgs/msg/_position_cmd.py
-- Installing: /home/k/robo/install/beagle_msgs/lib/python3.8/site-packages/beagle_msgs/msg/__init__.py
-- Up-to-date: /home/k/robo/install/beagle_msgs/lib/python3.8/site-packages/beagle_msgs/msg/_positioncmd.py
-- Up-to-date: /home/k/robo/install/beagle_msgs/lib/python3.8/site-packages/beagle_msgs/msg/_position_cmd_s.c
-- Installing: /home/k/robo/install/beagle_msgs/lib/python3.8/site-packages/beagle_msgs/msg/_cmd_and_pose_vel.py
-- Up-to-date: /home/k/robo/install/beagle_msgs/lib/python3.8/site-packages/beagle_msgs/msg/_positioncmd_s.c
-- Installing: /home/k/robo/install/beagle_msgs/lib/python3.8/site-packages/beagle_msgs/msg/_cmd_and_pose_vel_s.c
-- Installing: /home/k/robo/install/beagle_msgs/lib/python3.8/site-packages/beagle_msgs/action
-- Installing: /home/k/robo/install/beagle_msgs/lib/python3.8/site-packages/beagle_msgs/action/__init__.py
-- Installing: /home/k/robo/install/beagle_msgs/lib/python3.8/site-packages/beagle_msgs/action/_distbeagle.py
-- Installing: /home/k/robo/install/beagle_msgs/lib/python3.8/site-packages/beagle_msgs/action/_distbeagle_s.c
-- Installing: /home/k/robo/install/beagle_msgs/lib/python3.8/site-packages/beagle_msgs/beagle_msgs_s__rosidl_typesupport_fastrtps_c.cpython-38-x86_64-linux-gnu.so
-- Set runtime path of "/home/k/robo/install/beagle_msgs/lib/python3.8/site-packages/beagle_msgs/beagle_msgs_s__rosidl_typesupport_fastrtps_c.cpython-38-x86_64-linux-gnu.so" to ""
-- Installing: /home/k/robo/install/beagle_msgs/lib/python3.8/site-packages/beagle_msgs/beagle_msgs_s__rosidl_typesupport_introspection_c.cpython-38-x86_64-linux-gnu.so
-- Set runtime path of "/home/k/robo/install/beagle_msgs/lib/python3.8/site-packages/beagle_msgs/beagle_msgs_s__rosidl_typesupport_introspection_c.cpython-38-x86_64-linux-gnu.so" to ""
-- Installing: /home/k/robo/install/beagle_msgs/lib/python3.8/site-packages/beagle_msgs/beagle_msgs_s__rosidl_typesupport_c.cpython-38-x86_64-linux-gnu.so
-- Set runtime path of "/home/k/robo/install/beagle_msgs/lib/python3.8/site-packages/beagle_msgs/beagle_msgs_s__rosidl_typesupport_c.cpython-38-x86_64-linux-gnu.so" to ""
-- Installing: /home/k/robo/install/beagle_msgs/lib/libbeagle_msgs__python.so
-- Set runtime path of "/home/k/robo/install/beagle_msgs/lib/libbeagle_msgs__python.so" to ""
-- Up-to-date: /home/k/robo/install/beagle_msgs/share/beagle_msgs/msg/CmdAndPoseVel.idl
-- Installing: /home/k/robo/install/beagle_msgs/share/beagle_msgs/action/Distbeagle.idl
-- Up-to-date: /home/k/robo/install/beagle_msgs/share/beagle_msgs/msg/CmdAndPoseVel.msg
-- Installing: /home/k/robo/install/beagle_msgs/share/beagle_msgs/action/Distbeagle.action
-- Installing: /home/k/robo/install/beagle_msgs/share/ament_index/resource_index/package_run_dependencies/beagle_msgs
-- Up-to-date: /home/k/robo/install/beagle_msgs/share/ament_index/resource_index/parent_prefix_path/beagle_msgs
-- Up-to-date: /home/k/robo/install/beagle_msgs/share/beagle_msgs/environment/ament_prefix_path.sh
-- Installing: /home/k/robo/install/beagle_msgs/share/beagle_msgs/environment/ament_prefix_path.dsv
-- Up-to-date: /home/k/robo/install/beagle_msgs/share/beagle_msgs/environment/path.sh
-- Installing: /home/k/robo/install/beagle_msgs/share/beagle_msgs/environment/path.dsv
-- Up-to-date: /home/k/robo/install/beagle_msgs/share/beagle_msgs/local_setup.bash
-- Up-to-date: /home/k/robo/install/beagle_msgs/share/beagle_msgs/local_setup.sh
-- Up-to-date: /home/k/robo/install/beagle_msgs/share/beagle_msgs/local_setup.zsh
-- Installing: /home/k/robo/install/beagle_msgs/share/beagle_msgs/local_setup.dsv
-- Installing: /home/k/robo/install/beagle_msgs/share/beagle_msgs/package.dsv
-- Up-to-date: /home/k/robo/install/beagle_msgs/share/ament_index/resource_index/packages/beagle_msgs
-- Old export file "/home/k/robo/install/beagle_msgs/share/beagle_msgs/cmake/beagle_msgs__rosidl_generator_cExport.cmake" will be replaced.  Removing files [/home/k/robo/install/beagle_msgs/share/beagle_msgs/cmake/beagle_msgs__rosidl_generator_cExport-noconfig.cmake].
-- Installing: /home/k/robo/install/beagle_msgs/share/beagle_msgs/cmake/beagle_msgs__rosidl_generator_cExport.cmake
-- Installing: /home/k/robo/install/beagle_msgs/share/beagle_msgs/cmake/beagle_msgs__rosidl_generator_cExport-noconfig.cmake
-- Old export file "/home/k/robo/install/beagle_msgs/share/beagle_msgs/cmake/beagle_msgs__rosidl_typesupport_introspection_cExport.cmake" will be replaced.  Removing files [/home/k/robo/install/beagle_msgs/share/beagle_msgs/cmake/beagle_msgs__rosidl_typesupport_introspection_cExport-noconfig.cmake].
-- Installing: /home/k/robo/install/beagle_msgs/share/beagle_msgs/cmake/beagle_msgs__rosidl_typesupport_introspection_cExport.cmake
-- Installing: /home/k/robo/install/beagle_msgs/share/beagle_msgs/cmake/beagle_msgs__rosidl_typesupport_introspection_cExport-noconfig.cmake
-- Old export file "/home/k/robo/install/beagle_msgs/share/beagle_msgs/cmake/beagle_msgs__rosidl_typesupport_cExport.cmake" will be replaced.  Removing files [/home/k/robo/install/beagle_msgs/share/beagle_msgs/cmake/beagle_msgs__rosidl_typesupport_cExport-noconfig.cmake].
-- Installing: /home/k/robo/install/beagle_msgs/share/beagle_msgs/cmake/beagle_msgs__rosidl_typesupport_cExport.cmake
-- Installing: /home/k/robo/install/beagle_msgs/share/beagle_msgs/cmake/beagle_msgs__rosidl_typesupport_cExport-noconfig.cmake
-- Installing: /home/k/robo/install/beagle_msgs/share/beagle_msgs/cmake/beagle_msgs__rosidl_generator_cppExport.cmake
-- Old export file "/home/k/robo/install/beagle_msgs/share/beagle_msgs/cmake/beagle_msgs__rosidl_typesupport_introspection_cppExport.cmake" will be replaced.  Removing files [/home/k/robo/install/beagle_msgs/share/beagle_msgs/cmake/beagle_msgs__rosidl_typesupport_introspection_cppExport-noconfig.cmake].
-- Installing: /home/k/robo/install/beagle_msgs/share/beagle_msgs/cmake/beagle_msgs__rosidl_typesupport_introspection_cppExport.cmake
-- Installing: /home/k/robo/install/beagle_msgs/share/beagle_msgs/cmake/beagle_msgs__rosidl_typesupport_introspection_cppExport-noconfig.cmake
-- Old export file "/home/k/robo/install/beagle_msgs/share/beagle_msgs/cmake/beagle_msgs__rosidl_typesupport_cppExport.cmake" will be replaced.  Removing files [/home/k/robo/install/beagle_msgs/share/beagle_msgs/cmake/beagle_msgs__rosidl_typesupport_cppExport-noconfig.cmake].
-- Installing: /home/k/robo/install/beagle_msgs/share/beagle_msgs/cmake/beagle_msgs__rosidl_typesupport_cppExport.cmake
-- Installing: /home/k/robo/install/beagle_msgs/share/beagle_msgs/cmake/beagle_msgs__rosidl_typesupport_cppExport-noconfig.cmake
-- Installing: /home/k/robo/install/beagle_msgs/share/beagle_msgs/cmake/rosidl_cmake-extras.cmake
-- Installing: /home/k/robo/install/beagle_msgs/share/beagle_msgs/cmake/ament_cmake_export_dependencies-extras.cmake
-- Up-to-date: /home/k/robo/install/beagle_msgs/share/beagle_msgs/cmake/ament_cmake_export_libraries-extras.cmake
-- Up-to-date: /home/k/robo/install/beagle_msgs/share/beagle_msgs/cmake/ament_cmake_export_targets-extras.cmake
-- Up-to-date: /home/k/robo/install/beagle_msgs/share/beagle_msgs/cmake/ament_cmake_export_include_directories-extras.cmake
-- Up-to-date: /home/k/robo/install/beagle_msgs/share/beagle_msgs/cmake/rosidl_cmake_export_typesupport_libraries-extras.cmake
-- Up-to-date: /home/k/robo/install/beagle_msgs/share/beagle_msgs/cmake/rosidl_cmake_export_typesupport_targets-extras.cmake
-- Up-to-date: /home/k/robo/install/beagle_msgs/share/beagle_msgs/cmake/beagle_msgsConfig.cmake
-- Up-to-date: /home/k/robo/install/beagle_msgs/share/beagle_msgs/cmake/beagle_msgsConfig-version.cmake
-- Installing: /home/k/robo/install/beagle_msgs/share/beagle_msgs/package.xml
