[0.276s] Invoking command in '/home/k/robo/build/beagle_msgs': CMAKE_PREFIX_PATH=${CMAKE_PREFIX_PATH}:/home/k/robo/install/beagle_first_package:/opt/ros/galactic /home/k/.local/bin/cmake --build /home/k/robo/build/beagle_msgs -- -j8 -l8
[0.304s] -- Found ament_cmake: 1.1.6 (/opt/ros/galactic/share/ament_cmake/cmake)
[0.320s] -- Found PythonInterp: /usr/bin/python3 (found suitable version "3.8.10", minimum required is "3") 
[0.320s] -- Using PYTHON_EXECUTABLE: /usr/bin/python3
[0.361s] -- Found rosidl_default_generators: 1.1.1 (/opt/ros/galactic/share/rosidl_default_generators/cmake)
[0.362s] -- Using all available rosidl_typesupport_c: rosidl_typesupport_fastrtps_c;rosidl_typesupport_introspection_c
[0.365s] -- Found rosidl_adapter: 2.2.3 (/opt/ros/galactic/share/rosidl_adapter/cmake)
[0.463s] -- Using all available rosidl_typesupport_cpp: rosidl_typesupport_fastrtps_cpp;rosidl_typesupport_introspection_cpp
[0.499s] -- Found PythonInterp: /usr/bin/python3 (found version "3.8.10") 
[0.647s] -- Found ament_cmake_ros: 0.9.2 (/opt/ros/galactic/share/ament_cmake_ros/cmake)
[0.738s] -- Using all available rosidl_typesupport_c: rosidl_typesupport_fastrtps_c;rosidl_typesupport_introspection_c
[0.751s] -- Using all available rosidl_typesupport_cpp: rosidl_typesupport_fastrtps_cpp;rosidl_typesupport_introspection_cpp
[0.770s] -- Found PythonInterp: /usr/bin/python3 (found suitable version "3.8.10", minimum required is "3.5") 
[0.770s] -- Found python_cmake_module: 0.8.1 (/opt/ros/galactic/share/python_cmake_module/cmake)
[0.788s] -- Using PYTHON_EXECUTABLE: /usr/bin/python3
[0.788s] -- Using PYTHON_INCLUDE_DIRS: /usr/include/python3.8
[0.789s] -- Using PYTHON_LIBRARIES: /usr/lib/x86_64-linux-gnu/libpython3.8.so
[0.803s] -- Found ament_lint_auto: 0.10.7 (/opt/ros/galactic/share/ament_lint_auto/cmake)
[0.809s] -- Added test 'copyright' to check source files copyright and LICENSE
[0.809s] -- Added test 'lint_cmake' to check CMake code style
[0.810s] -- Added test 'xmllint' to check XML markup files
[0.811s] -- Configuring done (0.5s)
[0.843s] -- Generating done (0.0s)
[0.845s] -- Build files have been written to: /home/k/robo/build/beagle_msgs
[0.855s] [  2%] [34m[1mGenerating C code for ROS interfaces[0m
[0.857s] [  5%] [34m[1mGenerating C++ code for ROS interfaces[0m
[1.162s] [  5%] Built target beagle_msgs__cpp
[1.164s] [  7%] [34m[1mGenerating C++ type support for eProsima Fast-RTPS[0m
[1.165s] [ 10%] [34m[1mGenerating C++ introspection for ROS interfaces[0m
[1.165s] [ 12%] [34m[1mGenerating C++ type support dispatch for ROS interfaces[0m
[1.175s] [ 17%] [32mBuilding C object CMakeFiles/beagle_msgs__rosidl_generator_c.dir/rosidl_generator_c/beagle_msgs/action/detail/distbeagle__functions.c.o[0m
[1.176s] [ 17%] [32mBuilding C object CMakeFiles/beagle_msgs__rosidl_generator_c.dir/rosidl_generator_c/beagle_msgs/msg/detail/cmd_and_pose_vel__functions.c.o[0m
[1.292s] [ 20%] [32m[1mLinking C shared library libbeagle_msgs__rosidl_generator_c.so[0m
[1.326s] [ 20%] Built target beagle_msgs__rosidl_generator_c
[1.330s] [ 25%] [34m[1mGenerating C introspection for ROS interfaces[0m
[1.330s] [ 25%] [34m[1mGenerating C type support dispatch for ROS interfaces[0m
[1.480s] [ 28%] [32mBuilding CXX object CMakeFiles/beagle_msgs__rosidl_typesupport_introspection_cpp.dir/rosidl_typesupport_introspection_cpp/beagle_msgs/msg/detail/cmd_and_pose_vel__type_support.cpp.o[0m
[1.482s] [ 30%] [32mBuilding CXX object CMakeFiles/beagle_msgs__rosidl_typesupport_introspection_cpp.dir/rosidl_typesupport_introspection_cpp/beagle_msgs/action/detail/distbeagle__type_support.cpp.o[0m
[1.490s] [ 35%] [32mBuilding CXX object CMakeFiles/beagle_msgs__rosidl_typesupport_cpp.dir/rosidl_typesupport_cpp/beagle_msgs/msg/cmd_and_pose_vel__type_support.cpp.o[0m
[1.491s] [ 35%] [32mBuilding CXX object CMakeFiles/beagle_msgs__rosidl_typesupport_cpp.dir/rosidl_typesupport_cpp/beagle_msgs/action/distbeagle__type_support.cpp.o[0m
[1.578s] [ 38%] [32mBuilding CXX object CMakeFiles/beagle_msgs__rosidl_typesupport_fastrtps_cpp.dir/rosidl_typesupport_fastrtps_cpp/beagle_msgs/msg/detail/dds_fastrtps/cmd_and_pose_vel__type_support.cpp.o[0m
[1.598s] [ 41%] [32mBuilding CXX object CMakeFiles/beagle_msgs__rosidl_typesupport_fastrtps_cpp.dir/rosidl_typesupport_fastrtps_cpp/beagle_msgs/action/detail/dds_fastrtps/distbeagle__type_support.cpp.o[0m
[1.749s] [ 43%] [32mBuilding CXX object CMakeFiles/beagle_msgs__rosidl_typesupport_c.dir/rosidl_typesupport_c/beagle_msgs/msg/cmd_and_pose_vel__type_support.cpp.o[0m
[1.820s] [ 46%] [32mBuilding CXX object CMakeFiles/beagle_msgs__rosidl_typesupport_c.dir/rosidl_typesupport_c/beagle_msgs/action/distbeagle__type_support.cpp.o[0m
[1.878s] [ 48%] [32mBuilding C object CMakeFiles/beagle_msgs__rosidl_typesupport_introspection_c.dir/rosidl_typesupport_introspection_c/beagle_msgs/msg/detail/cmd_and_pose_vel__type_support.c.o[0m
[1.882s] [ 51%] [32mBuilding C object CMakeFiles/beagle_msgs__rosidl_typesupport_introspection_c.dir/rosidl_typesupport_introspection_c/beagle_msgs/action/detail/distbeagle__type_support.c.o[0m
[1.883s] [ 53%] [32m[1mLinking CXX shared library libbeagle_msgs__rosidl_typesupport_c.so[0m
[1.927s] [ 56%] [32m[1mLinking C shared library libbeagle_msgs__rosidl_typesupport_introspection_c.so[0m
[1.945s] [ 56%] Built target beagle_msgs__rosidl_typesupport_c
[1.952s] [ 56%] Built target beagle_msgs__rosidl_typesupport_introspection_c
[2.053s] [ 58%] [32m[1mLinking CXX shared library libbeagle_msgs__rosidl_typesupport_introspection_cpp.so[0m
[2.098s] [ 58%] Built target beagle_msgs__rosidl_typesupport_introspection_cpp
[2.110s] [ 61%] [32m[1mLinking CXX shared library libbeagle_msgs__rosidl_typesupport_cpp.so[0m
[2.131s] [ 61%] Built target beagle_msgs__rosidl_typesupport_cpp
[2.144s] [ 64%] [32m[1mLinking CXX shared library libbeagle_msgs__rosidl_typesupport_fastrtps_cpp.so[0m
[2.199s] [ 64%] Built target beagle_msgs__rosidl_typesupport_fastrtps_cpp
[2.202s] [ 66%] [34m[1mGenerating C type support for eProsima Fast-RTPS[0m
[2.458s] [ 69%] [32mBuilding CXX object CMakeFiles/beagle_msgs__rosidl_typesupport_fastrtps_c.dir/rosidl_typesupport_fastrtps_c/beagle_msgs/msg/detail/cmd_and_pose_vel__type_support_c.cpp.o[0m
[2.458s] [ 71%] [32mBuilding CXX object CMakeFiles/beagle_msgs__rosidl_typesupport_fastrtps_c.dir/rosidl_typesupport_fastrtps_c/beagle_msgs/action/detail/distbeagle__type_support_c.cpp.o[0m
[2.727s] [ 74%] [32m[1mLinking CXX shared library libbeagle_msgs__rosidl_typesupport_fastrtps_c.so[0m
[2.780s] [ 74%] Built target beagle_msgs__rosidl_typesupport_fastrtps_c
[2.785s] [ 74%] Built target beagle_msgs
[2.790s] [ 76%] [34m[1mGenerating Python code for ROS interfaces[0m
[3.357s] [ 76%] Built target beagle_msgs__py
[3.364s] [ 79%] [32mBuilding C object CMakeFiles/beagle_msgs__python.dir/rosidl_generator_py/beagle_msgs/msg/_cmd_and_pose_vel_s.c.o[0m
[3.365s] [ 82%] [32mBuilding C object CMakeFiles/beagle_msgs__python.dir/rosidl_generator_py/beagle_msgs/action/_distbeagle_s.c.o[0m
[3.445s] [ 84%] [32m[1mLinking C shared library rosidl_generator_py/beagle_msgs/libbeagle_msgs__python.so[0m
[3.467s] [ 84%] Built target beagle_msgs__python
[3.475s] [ 87%] [32mBuilding C object CMakeFiles/beagle_msgs__rosidl_typesupport_introspection_c__pyext.dir/rosidl_generator_py/beagle_msgs/_beagle_msgs_s.ep.rosidl_typesupport_introspection_c.c.o[0m
[3.475s] [ 89%] [32mBuilding C object CMakeFiles/beagle_msgs__rosidl_typesupport_fastrtps_c__pyext.dir/rosidl_generator_py/beagle_msgs/_beagle_msgs_s.ep.rosidl_typesupport_fastrtps_c.c.o[0m
[3.476s] [ 92%] [32mBuilding C object CMakeFiles/beagle_msgs__rosidl_typesupport_c__pyext.dir/rosidl_generator_py/beagle_msgs/_beagle_msgs_s.ep.rosidl_typesupport_c.c.o[0m
[3.547s] [ 94%] [32m[1mLinking CXX shared library rosidl_generator_py/beagle_msgs/beagle_msgs_s__rosidl_typesupport_fastrtps_c.cpython-38-x86_64-linux-gnu.so[0m
[3.550s] [ 97%] [32m[1mLinking C shared library rosidl_generator_py/beagle_msgs/beagle_msgs_s__rosidl_typesupport_introspection_c.cpython-38-x86_64-linux-gnu.so[0m
[3.576s] [100%] [32m[1mLinking C shared library rosidl_generator_py/beagle_msgs/beagle_msgs_s__rosidl_typesupport_c.cpython-38-x86_64-linux-gnu.so[0m
[3.599s] [100%] Built target beagle_msgs__rosidl_typesupport_introspection_c__pyext
[3.603s] [100%] Built target beagle_msgs__rosidl_typesupport_fastrtps_c__pyext
[3.607s] [100%] Built target beagle_msgs__rosidl_typesupport_c__pyext
[3.614s] Invoked command in '/home/k/robo/build/beagle_msgs' returned '0': CMAKE_PREFIX_PATH=${CMAKE_PREFIX_PATH}:/home/k/robo/install/beagle_first_package:/opt/ros/galactic /home/k/.local/bin/cmake --build /home/k/robo/build/beagle_msgs -- -j8 -l8
[3.724s] Invoking command in '/home/k/robo/build/beagle_msgs': CMAKE_PREFIX_PATH=${CMAKE_PREFIX_PATH}:/home/k/robo/install/beagle_first_package:/opt/ros/galactic /home/k/.local/bin/cmake --install /home/k/robo/build/beagle_msgs
[3.750s] -- Install configuration: ""
[3.750s] -- Installing: /home/k/robo/install/beagle_msgs/share/ament_index/resource_index/rosidl_interfaces/beagle_msgs
[3.751s] -- Up-to-date: /home/k/robo/install/beagle_msgs/include/beagle_msgs
[3.751s] -- Up-to-date: /home/k/robo/install/beagle_msgs/include/beagle_msgs/msg
[3.751s] -- Up-to-date: /home/k/robo/install/beagle_msgs/include/beagle_msgs/msg/positioncmd.h
[3.751s] -- Up-to-date: /home/k/robo/install/beagle_msgs/include/beagle_msgs/msg/detail
[3.751s] -- Installing: /home/k/robo/install/beagle_msgs/include/beagle_msgs/msg/detail/cmd_and_pose_vel__type_support.h
[3.751s] -- Up-to-date: /home/k/robo/install/beagle_msgs/include/beagle_msgs/msg/detail/positioncmd__type_support.h
[3.751s] -- Up-to-date: /home/k/robo/install/beagle_msgs/include/beagle_msgs/msg/detail/position_cmd__type_support.h
[3.751s] -- Up-to-date: /home/k/robo/install/beagle_msgs/include/beagle_msgs/msg/detail/positioncmd__struct.h
[3.751s] -- Up-to-date: /home/k/robo/install/beagle_msgs/include/beagle_msgs/msg/detail/positioncmd__functions.c
[3.751s] -- Installing: /home/k/robo/install/beagle_msgs/include/beagle_msgs/msg/detail/cmd_and_pose_vel__functions.c
[3.751s] -- Up-to-date: /home/k/robo/install/beagle_msgs/include/beagle_msgs/msg/detail/position_cmd__functions.c
[3.751s] -- Up-to-date: /home/k/robo/install/beagle_msgs/include/beagle_msgs/msg/detail/position_cmd__functions.h
[3.752s] -- Up-to-date: /home/k/robo/install/beagle_msgs/include/beagle_msgs/msg/detail/positioncmd__functions.h
[3.752s] -- Installing: /home/k/robo/install/beagle_msgs/include/beagle_msgs/msg/detail/cmd_and_pose_vel__struct.h
[3.752s] -- Installing: /home/k/robo/install/beagle_msgs/include/beagle_msgs/msg/detail/cmd_and_pose_vel__functions.h
[3.752s] -- Up-to-date: /home/k/robo/install/beagle_msgs/include/beagle_msgs/msg/detail/position_cmd__struct.h
[3.752s] -- Up-to-date: /home/k/robo/install/beagle_msgs/include/beagle_msgs/msg/position_cmd.h
[3.752s] -- Installing: /home/k/robo/install/beagle_msgs/include/beagle_msgs/msg/cmd_and_pose_vel.h
[3.752s] -- Up-to-date: /home/k/robo/install/beagle_msgs/include/beagle_msgs/msg/rosidl_generator_c__visibility_control.h
[3.752s] -- Installing: /home/k/robo/install/beagle_msgs/include/beagle_msgs/action
[3.752s] -- Installing: /home/k/robo/install/beagle_msgs/include/beagle_msgs/action/detail
[3.752s] -- Installing: /home/k/robo/install/beagle_msgs/include/beagle_msgs/action/detail/distbeagle__struct.h
[3.752s] -- Installing: /home/k/robo/install/beagle_msgs/include/beagle_msgs/action/detail/distbeagle__functions.c
[3.752s] -- Installing: /home/k/robo/install/beagle_msgs/include/beagle_msgs/action/detail/distbeagle__functions.h
[3.752s] -- Installing: /home/k/robo/install/beagle_msgs/include/beagle_msgs/action/detail/distbeagle__type_support.h
[3.752s] -- Installing: /home/k/robo/install/beagle_msgs/include/beagle_msgs/action/distbeagle.h
[3.752s] -- Up-to-date: /home/k/robo/install/beagle_msgs/share/beagle_msgs/environment/library_path.sh
[3.753s] -- Installing: /home/k/robo/install/beagle_msgs/share/beagle_msgs/environment/library_path.dsv
[3.753s] -- Installing: /home/k/robo/install/beagle_msgs/lib/libbeagle_msgs__rosidl_generator_c.so
[3.755s] -- Set runtime path of "/home/k/robo/install/beagle_msgs/lib/libbeagle_msgs__rosidl_generator_c.so" to ""
[3.755s] -- Up-to-date: /home/k/robo/install/beagle_msgs/include/beagle_msgs
[3.755s] -- Up-to-date: /home/k/robo/install/beagle_msgs/include/beagle_msgs/msg
[3.755s] -- Up-to-date: /home/k/robo/install/beagle_msgs/include/beagle_msgs/msg/rosidl_typesupport_fastrtps_c__visibility_control.h
[3.755s] -- Up-to-date: /home/k/robo/install/beagle_msgs/include/beagle_msgs/msg/detail
[3.755s] -- Up-to-date: /home/k/robo/install/beagle_msgs/include/beagle_msgs/msg/detail/position_cmd__rosidl_typesupport_fastrtps_c.h
[3.755s] -- Up-to-date: /home/k/robo/install/beagle_msgs/include/beagle_msgs/msg/detail/positioncmd__rosidl_typesupport_fastrtps_c.h
[3.755s] -- Installing: /home/k/robo/install/beagle_msgs/include/beagle_msgs/msg/detail/cmd_and_pose_vel__rosidl_typesupport_fastrtps_c.h
[3.755s] -- Up-to-date: /home/k/robo/install/beagle_msgs/include/beagle_msgs/action
[3.755s] -- Up-to-date: /home/k/robo/install/beagle_msgs/include/beagle_msgs/action/detail
[3.755s] -- Installing: /home/k/robo/install/beagle_msgs/include/beagle_msgs/action/detail/distbeagle__rosidl_typesupport_fastrtps_c.h
[3.756s] -- Installing: /home/k/robo/install/beagle_msgs/lib/libbeagle_msgs__rosidl_typesupport_fastrtps_c.so
[3.756s] -- Set runtime path of "/home/k/robo/install/beagle_msgs/lib/libbeagle_msgs__rosidl_typesupport_fastrtps_c.so" to ""
[3.756s] -- Up-to-date: /home/k/robo/install/beagle_msgs/include/beagle_msgs
[3.756s] -- Up-to-date: /home/k/robo/install/beagle_msgs/include/beagle_msgs/msg
[3.756s] -- Up-to-date: /home/k/robo/install/beagle_msgs/include/beagle_msgs/msg/detail
[3.756s] -- Up-to-date: /home/k/robo/install/beagle_msgs/include/beagle_msgs/msg/detail/positioncmd__rosidl_typesupport_fastrtps_cpp.hpp
[3.756s] -- Up-to-date: /home/k/robo/install/beagle_msgs/include/beagle_msgs/msg/detail/dds_fastrtps
[3.756s] -- Up-to-date: /home/k/robo/install/beagle_msgs/include/beagle_msgs/msg/detail/position_cmd__rosidl_typesupport_fastrtps_cpp.hpp
[3.756s] -- Installing: /home/k/robo/install/beagle_msgs/include/beagle_msgs/msg/detail/cmd_and_pose_vel__rosidl_typesupport_fastrtps_cpp.hpp
[3.756s] -- Up-to-date: /home/k/robo/install/beagle_msgs/include/beagle_msgs/msg/rosidl_typesupport_fastrtps_cpp__visibility_control.h
[3.756s] -- Up-to-date: /home/k/robo/install/beagle_msgs/include/beagle_msgs/action
[3.756s] -- Up-to-date: /home/k/robo/install/beagle_msgs/include/beagle_msgs/action/detail
[3.756s] -- Installing: /home/k/robo/install/beagle_msgs/include/beagle_msgs/action/detail/dds_fastrtps
[3.756s] -- Installing: /home/k/robo/install/beagle_msgs/include/beagle_msgs/action/detail/distbeagle__rosidl_typesupport_fastrtps_cpp.hpp
[3.756s] -- Installing: /home/k/robo/install/beagle_msgs/lib/libbeagle_msgs__rosidl_typesupport_fastrtps_cpp.so
[3.757s] -- Set runtime path of "/home/k/robo/install/beagle_msgs/lib/libbeagle_msgs__rosidl_typesupport_fastrtps_cpp.so" to ""
[3.757s] -- Up-to-date: /home/k/robo/install/beagle_msgs/include/beagle_msgs
[3.757s] -- Up-to-date: /home/k/robo/install/beagle_msgs/include/beagle_msgs/msg
[3.757s] -- Up-to-date: /home/k/robo/install/beagle_msgs/include/beagle_msgs/msg/detail
[3.757s] -- Up-to-date: /home/k/robo/install/beagle_msgs/include/beagle_msgs/msg/detail/positioncmd__rosidl_typesupport_introspection_c.h
[3.757s] -- Up-to-date: /home/k/robo/install/beagle_msgs/include/beagle_msgs/msg/detail/positioncmd__type_support.c
[3.757s] -- Installing: /home/k/robo/install/beagle_msgs/include/beagle_msgs/msg/detail/cmd_and_pose_vel__type_support.c
[3.757s] -- Installing: /home/k/robo/install/beagle_msgs/include/beagle_msgs/msg/detail/cmd_and_pose_vel__rosidl_typesupport_introspection_c.h
[3.757s] -- Up-to-date: /home/k/robo/install/beagle_msgs/include/beagle_msgs/msg/detail/position_cmd__rosidl_typesupport_introspection_c.h
[3.757s] -- Up-to-date: /home/k/robo/install/beagle_msgs/include/beagle_msgs/msg/detail/position_cmd__type_support.c
[3.757s] -- Up-to-date: /home/k/robo/install/beagle_msgs/include/beagle_msgs/msg/rosidl_typesupport_introspection_c__visibility_control.h
[3.757s] -- Up-to-date: /home/k/robo/install/beagle_msgs/include/beagle_msgs/action
[3.757s] -- Up-to-date: /home/k/robo/install/beagle_msgs/include/beagle_msgs/action/detail
[3.762s] -- Installing: /home/k/robo/install/beagle_msgs/include/beagle_msgs/action/detail/distbeagle__rosidl_typesupport_introspection_c.h
[3.762s] -- Installing: /home/k/robo/install/beagle_msgs/include/beagle_msgs/action/detail/distbeagle__type_support.c
[3.762s] -- Installing: /home/k/robo/install/beagle_msgs/lib/libbeagle_msgs__rosidl_typesupport_introspection_c.so
[3.763s] -- Set runtime path of "/home/k/robo/install/beagle_msgs/lib/libbeagle_msgs__rosidl_typesupport_introspection_c.so" to ""
[3.763s] -- Installing: /home/k/robo/install/beagle_msgs/lib/libbeagle_msgs__rosidl_typesupport_c.so
[3.763s] -- Set runtime path of "/home/k/robo/install/beagle_msgs/lib/libbeagle_msgs__rosidl_typesupport_c.so" to ""
[3.763s] -- Up-to-date: /home/k/robo/install/beagle_msgs/include/beagle_msgs
[3.763s] -- Up-to-date: /home/k/robo/install/beagle_msgs/include/beagle_msgs/msg
[3.763s] -- Up-to-date: /home/k/robo/install/beagle_msgs/include/beagle_msgs/msg/detail
[3.763s] -- Up-to-date: /home/k/robo/install/beagle_msgs/include/beagle_msgs/msg/detail/position_cmd__builder.hpp
[3.763s] -- Up-to-date: /home/k/robo/install/beagle_msgs/include/beagle_msgs/msg/detail/position_cmd__struct.hpp
[3.763s] -- Installing: /home/k/robo/install/beagle_msgs/include/beagle_msgs/msg/detail/cmd_and_pose_vel__struct.hpp
[3.763s] -- Installing: /home/k/robo/install/beagle_msgs/include/beagle_msgs/msg/detail/cmd_and_pose_vel__builder.hpp
[3.763s] -- Up-to-date: /home/k/robo/install/beagle_msgs/include/beagle_msgs/msg/detail/positioncmd__traits.hpp
[3.763s] -- Up-to-date: /home/k/robo/install/beagle_msgs/include/beagle_msgs/msg/detail/positioncmd__struct.hpp
[3.763s] -- Up-to-date: /home/k/robo/install/beagle_msgs/include/beagle_msgs/msg/detail/position_cmd__traits.hpp
[3.763s] -- Installing: /home/k/robo/install/beagle_msgs/include/beagle_msgs/msg/detail/cmd_and_pose_vel__traits.hpp
[3.763s] -- Up-to-date: /home/k/robo/install/beagle_msgs/include/beagle_msgs/msg/detail/positioncmd__builder.hpp
[3.763s] -- Up-to-date: /home/k/robo/install/beagle_msgs/include/beagle_msgs/msg/position_cmd.hpp
[3.764s] -- Up-to-date: /home/k/robo/install/beagle_msgs/include/beagle_msgs/msg/positioncmd.hpp
[3.764s] -- Installing: /home/k/robo/install/beagle_msgs/include/beagle_msgs/msg/cmd_and_pose_vel.hpp
[3.764s] -- Up-to-date: /home/k/robo/install/beagle_msgs/include/beagle_msgs/action
[3.764s] -- Installing: /home/k/robo/install/beagle_msgs/include/beagle_msgs/action/distbeagle.hpp
[3.764s] -- Up-to-date: /home/k/robo/install/beagle_msgs/include/beagle_msgs/action/detail
[3.764s] -- Installing: /home/k/robo/install/beagle_msgs/include/beagle_msgs/action/detail/distbeagle__builder.hpp
[3.764s] -- Installing: /home/k/robo/install/beagle_msgs/include/beagle_msgs/action/detail/distbeagle__struct.hpp
[3.764s] -- Installing: /home/k/robo/install/beagle_msgs/include/beagle_msgs/action/detail/distbeagle__traits.hpp
[3.764s] -- Up-to-date: /home/k/robo/install/beagle_msgs/include/beagle_msgs
[3.764s] -- Up-to-date: /home/k/robo/install/beagle_msgs/include/beagle_msgs/msg
[3.764s] -- Up-to-date: /home/k/robo/install/beagle_msgs/include/beagle_msgs/msg/detail
[3.764s] -- Up-to-date: /home/k/robo/install/beagle_msgs/include/beagle_msgs/msg/detail/position_cmd__type_support.cpp
[3.764s] -- Up-to-date: /home/k/robo/install/beagle_msgs/include/beagle_msgs/msg/detail/positioncmd__type_support.cpp
[3.764s] -- Installing: /home/k/robo/install/beagle_msgs/include/beagle_msgs/msg/detail/cmd_and_pose_vel__type_support.cpp
[3.764s] -- Up-to-date: /home/k/robo/install/beagle_msgs/include/beagle_msgs/msg/detail/position_cmd__rosidl_typesupport_introspection_cpp.hpp
[3.764s] -- Installing: /home/k/robo/install/beagle_msgs/include/beagle_msgs/msg/detail/cmd_and_pose_vel__rosidl_typesupport_introspection_cpp.hpp
[3.764s] -- Up-to-date: /home/k/robo/install/beagle_msgs/include/beagle_msgs/msg/detail/positioncmd__rosidl_typesupport_introspection_cpp.hpp
[3.764s] -- Up-to-date: /home/k/robo/install/beagle_msgs/include/beagle_msgs/action
[3.765s] -- Up-to-date: /home/k/robo/install/beagle_msgs/include/beagle_msgs/action/detail
[3.765s] -- Installing: /home/k/robo/install/beagle_msgs/include/beagle_msgs/action/detail/distbeagle__type_support.cpp
[3.765s] -- Installing: /home/k/robo/install/beagle_msgs/include/beagle_msgs/action/detail/distbeagle__rosidl_typesupport_introspection_cpp.hpp
[3.765s] -- Installing: /home/k/robo/install/beagle_msgs/lib/libbeagle_msgs__rosidl_typesupport_introspection_cpp.so
[3.765s] -- Set runtime path of "/home/k/robo/install/beagle_msgs/lib/libbeagle_msgs__rosidl_typesupport_introspection_cpp.so" to ""
[3.765s] -- Installing: /home/k/robo/install/beagle_msgs/lib/libbeagle_msgs__rosidl_typesupport_cpp.so
[3.765s] -- Set runtime path of "/home/k/robo/install/beagle_msgs/lib/libbeagle_msgs__rosidl_typesupport_cpp.so" to ""
[3.765s] -- Up-to-date: /home/k/robo/install/beagle_msgs/share/beagle_msgs/environment/pythonpath.sh
[3.765s] -- Installing: /home/k/robo/install/beagle_msgs/share/beagle_msgs/environment/pythonpath.dsv
[3.765s] -- Installing: /home/k/robo/install/beagle_msgs/lib/python3.8/site-packages/beagle_msgs/__init__.py
[3.789s] Compiling '/home/k/robo/install/beagle_msgs/lib/python3.8/site-packages/beagle_msgs/__init__.py'...
[3.793s] -- Up-to-date: /home/k/robo/install/beagle_msgs/lib/python3.8/site-packages/beagle_msgs/msg
[3.793s] -- Up-to-date: /home/k/robo/install/beagle_msgs/lib/python3.8/site-packages/beagle_msgs/msg/_position_cmd.py
[3.793s] -- Installing: /home/k/robo/install/beagle_msgs/lib/python3.8/site-packages/beagle_msgs/msg/__init__.py
[3.793s] -- Up-to-date: /home/k/robo/install/beagle_msgs/lib/python3.8/site-packages/beagle_msgs/msg/_positioncmd.py
[3.794s] -- Up-to-date: /home/k/robo/install/beagle_msgs/lib/python3.8/site-packages/beagle_msgs/msg/_position_cmd_s.c
[3.794s] -- Installing: /home/k/robo/install/beagle_msgs/lib/python3.8/site-packages/beagle_msgs/msg/_cmd_and_pose_vel.py
[3.794s] -- Up-to-date: /home/k/robo/install/beagle_msgs/lib/python3.8/site-packages/beagle_msgs/msg/_positioncmd_s.c
[3.794s] -- Installing: /home/k/robo/install/beagle_msgs/lib/python3.8/site-packages/beagle_msgs/msg/_cmd_and_pose_vel_s.c
[3.794s] -- Installing: /home/k/robo/install/beagle_msgs/lib/python3.8/site-packages/beagle_msgs/action
[3.794s] -- Installing: /home/k/robo/install/beagle_msgs/lib/python3.8/site-packages/beagle_msgs/action/__init__.py
[3.794s] -- Installing: /home/k/robo/install/beagle_msgs/lib/python3.8/site-packages/beagle_msgs/action/_distbeagle.py
[3.794s] -- Installing: /home/k/robo/install/beagle_msgs/lib/python3.8/site-packages/beagle_msgs/action/_distbeagle_s.c
[3.794s] -- Installing: /home/k/robo/install/beagle_msgs/lib/python3.8/site-packages/beagle_msgs/beagle_msgs_s__rosidl_typesupport_fastrtps_c.cpython-38-x86_64-linux-gnu.so
[3.794s] -- Set runtime path of "/home/k/robo/install/beagle_msgs/lib/python3.8/site-packages/beagle_msgs/beagle_msgs_s__rosidl_typesupport_fastrtps_c.cpython-38-x86_64-linux-gnu.so" to ""
[3.795s] -- Installing: /home/k/robo/install/beagle_msgs/lib/python3.8/site-packages/beagle_msgs/beagle_msgs_s__rosidl_typesupport_introspection_c.cpython-38-x86_64-linux-gnu.so
[3.795s] -- Set runtime path of "/home/k/robo/install/beagle_msgs/lib/python3.8/site-packages/beagle_msgs/beagle_msgs_s__rosidl_typesupport_introspection_c.cpython-38-x86_64-linux-gnu.so" to ""
[3.795s] -- Installing: /home/k/robo/install/beagle_msgs/lib/python3.8/site-packages/beagle_msgs/beagle_msgs_s__rosidl_typesupport_c.cpython-38-x86_64-linux-gnu.so
[3.795s] -- Set runtime path of "/home/k/robo/install/beagle_msgs/lib/python3.8/site-packages/beagle_msgs/beagle_msgs_s__rosidl_typesupport_c.cpython-38-x86_64-linux-gnu.so" to ""
[3.795s] -- Installing: /home/k/robo/install/beagle_msgs/lib/libbeagle_msgs__python.so
[3.796s] -- Set runtime path of "/home/k/robo/install/beagle_msgs/lib/libbeagle_msgs__python.so" to ""
[3.796s] -- Up-to-date: /home/k/robo/install/beagle_msgs/share/beagle_msgs/msg/CmdAndPoseVel.idl
[3.796s] -- Installing: /home/k/robo/install/beagle_msgs/share/beagle_msgs/action/Distbeagle.idl
[3.796s] -- Up-to-date: /home/k/robo/install/beagle_msgs/share/beagle_msgs/msg/CmdAndPoseVel.msg
[3.796s] -- Installing: /home/k/robo/install/beagle_msgs/share/beagle_msgs/action/Distbeagle.action
[3.796s] -- Installing: /home/k/robo/install/beagle_msgs/share/ament_index/resource_index/package_run_dependencies/beagle_msgs
[3.796s] -- Up-to-date: /home/k/robo/install/beagle_msgs/share/ament_index/resource_index/parent_prefix_path/beagle_msgs
[3.796s] -- Up-to-date: /home/k/robo/install/beagle_msgs/share/beagle_msgs/environment/ament_prefix_path.sh
[3.796s] -- Installing: /home/k/robo/install/beagle_msgs/share/beagle_msgs/environment/ament_prefix_path.dsv
[3.796s] -- Up-to-date: /home/k/robo/install/beagle_msgs/share/beagle_msgs/environment/path.sh
[3.796s] -- Installing: /home/k/robo/install/beagle_msgs/share/beagle_msgs/environment/path.dsv
[3.796s] -- Up-to-date: /home/k/robo/install/beagle_msgs/share/beagle_msgs/local_setup.bash
[3.796s] -- Up-to-date: /home/k/robo/install/beagle_msgs/share/beagle_msgs/local_setup.sh
[3.797s] -- Up-to-date: /home/k/robo/install/beagle_msgs/share/beagle_msgs/local_setup.zsh
[3.797s] -- Installing: /home/k/robo/install/beagle_msgs/share/beagle_msgs/local_setup.dsv
[3.797s] -- Installing: /home/k/robo/install/beagle_msgs/share/beagle_msgs/package.dsv
[3.797s] -- Up-to-date: /home/k/robo/install/beagle_msgs/share/ament_index/resource_index/packages/beagle_msgs
[3.797s] -- Old export file "/home/k/robo/install/beagle_msgs/share/beagle_msgs/cmake/beagle_msgs__rosidl_generator_cExport.cmake" will be replaced.  Removing files [/home/k/robo/install/beagle_msgs/share/beagle_msgs/cmake/beagle_msgs__rosidl_generator_cExport-noconfig.cmake].
[3.797s] -- Installing: /home/k/robo/install/beagle_msgs/share/beagle_msgs/cmake/beagle_msgs__rosidl_generator_cExport.cmake
[3.797s] -- Installing: /home/k/robo/install/beagle_msgs/share/beagle_msgs/cmake/beagle_msgs__rosidl_generator_cExport-noconfig.cmake
[3.797s] -- Old export file "/home/k/robo/install/beagle_msgs/share/beagle_msgs/cmake/beagle_msgs__rosidl_typesupport_introspection_cExport.cmake" will be replaced.  Removing files [/home/k/robo/install/beagle_msgs/share/beagle_msgs/cmake/beagle_msgs__rosidl_typesupport_introspection_cExport-noconfig.cmake].
[3.797s] -- Installing: /home/k/robo/install/beagle_msgs/share/beagle_msgs/cmake/beagle_msgs__rosidl_typesupport_introspection_cExport.cmake
[3.797s] -- Installing: /home/k/robo/install/beagle_msgs/share/beagle_msgs/cmake/beagle_msgs__rosidl_typesupport_introspection_cExport-noconfig.cmake
[3.798s] -- Old export file "/home/k/robo/install/beagle_msgs/share/beagle_msgs/cmake/beagle_msgs__rosidl_typesupport_cExport.cmake" will be replaced.  Removing files [/home/k/robo/install/beagle_msgs/share/beagle_msgs/cmake/beagle_msgs__rosidl_typesupport_cExport-noconfig.cmake].
[3.798s] -- Installing: /home/k/robo/install/beagle_msgs/share/beagle_msgs/cmake/beagle_msgs__rosidl_typesupport_cExport.cmake
[3.798s] -- Installing: /home/k/robo/install/beagle_msgs/share/beagle_msgs/cmake/beagle_msgs__rosidl_typesupport_cExport-noconfig.cmake
[3.798s] -- Installing: /home/k/robo/install/beagle_msgs/share/beagle_msgs/cmake/beagle_msgs__rosidl_generator_cppExport.cmake
[3.798s] -- Old export file "/home/k/robo/install/beagle_msgs/share/beagle_msgs/cmake/beagle_msgs__rosidl_typesupport_introspection_cppExport.cmake" will be replaced.  Removing files [/home/k/robo/install/beagle_msgs/share/beagle_msgs/cmake/beagle_msgs__rosidl_typesupport_introspection_cppExport-noconfig.cmake].
[3.798s] -- Installing: /home/k/robo/install/beagle_msgs/share/beagle_msgs/cmake/beagle_msgs__rosidl_typesupport_introspection_cppExport.cmake
[3.798s] -- Installing: /home/k/robo/install/beagle_msgs/share/beagle_msgs/cmake/beagle_msgs__rosidl_typesupport_introspection_cppExport-noconfig.cmake
[3.798s] -- Old export file "/home/k/robo/install/beagle_msgs/share/beagle_msgs/cmake/beagle_msgs__rosidl_typesupport_cppExport.cmake" will be replaced.  Removing files [/home/k/robo/install/beagle_msgs/share/beagle_msgs/cmake/beagle_msgs__rosidl_typesupport_cppExport-noconfig.cmake].
[3.798s] -- Installing: /home/k/robo/install/beagle_msgs/share/beagle_msgs/cmake/beagle_msgs__rosidl_typesupport_cppExport.cmake
[3.799s] -- Installing: /home/k/robo/install/beagle_msgs/share/beagle_msgs/cmake/beagle_msgs__rosidl_typesupport_cppExport-noconfig.cmake
[3.799s] -- Installing: /home/k/robo/install/beagle_msgs/share/beagle_msgs/cmake/rosidl_cmake-extras.cmake
[3.799s] -- Installing: /home/k/robo/install/beagle_msgs/share/beagle_msgs/cmake/ament_cmake_export_dependencies-extras.cmake
[3.799s] -- Up-to-date: /home/k/robo/install/beagle_msgs/share/beagle_msgs/cmake/ament_cmake_export_libraries-extras.cmake
[3.799s] -- Up-to-date: /home/k/robo/install/beagle_msgs/share/beagle_msgs/cmake/ament_cmake_export_targets-extras.cmake
[3.799s] -- Up-to-date: /home/k/robo/install/beagle_msgs/share/beagle_msgs/cmake/ament_cmake_export_include_directories-extras.cmake
[3.799s] -- Up-to-date: /home/k/robo/install/beagle_msgs/share/beagle_msgs/cmake/rosidl_cmake_export_typesupport_libraries-extras.cmake
[3.799s] -- Up-to-date: /home/k/robo/install/beagle_msgs/share/beagle_msgs/cmake/rosidl_cmake_export_typesupport_targets-extras.cmake
[3.799s] -- Up-to-date: /home/k/robo/install/beagle_msgs/share/beagle_msgs/cmake/beagle_msgsConfig.cmake
[3.799s] -- Up-to-date: /home/k/robo/install/beagle_msgs/share/beagle_msgs/cmake/beagle_msgsConfig-version.cmake
[3.799s] -- Installing: /home/k/robo/install/beagle_msgs/share/beagle_msgs/package.xml
[3.812s] Invoked command in '/home/k/robo/build/beagle_msgs' returned '0': CMAKE_PREFIX_PATH=${CMAKE_PREFIX_PATH}:/home/k/robo/install/beagle_first_package:/opt/ros/galactic /home/k/.local/bin/cmake --install /home/k/robo/build/beagle_msgs
