[0.276s] Invoking command in '/home/k/robo/build/beagle_msgs': CMAKE_PREFIX_PATH=${CMAKE_PREFIX_PATH}:/home/k/robo/install/beagle_first_package:/opt/ros/galactic /home/k/.local/bin/cmake --build /home/k/robo/build/beagle_msgs -- -j8 -l8
[0.304s] -- Found ament_cmake: 1.1.6 (/opt/ros/galactic/share/ament_cmake/cmake)
[0.320s] -- Found PythonInterp: /usr/bin/python3 (found suitable version "3.8.10", minimum required is "3") 
[0.320s] -- Using PYTHON_EXECUTABLE: /usr/bin/python3
[0.362s] -- Found rosidl_default_generators: 1.1.1 (/opt/ros/galactic/share/rosidl_default_generators/cmake)
[0.363s] -- Using all available rosidl_typesupport_c: rosidl_typesupport_fastrtps_c;rosidl_typesupport_introspection_c
[0.365s] -- Found rosidl_adapter: 2.2.3 (/opt/ros/galactic/share/rosidl_adapter/cmake)
[0.461s] -- Using all available rosidl_typesupport_cpp: rosidl_typesupport_fastrtps_cpp;rosidl_typesupport_introspection_cpp
[0.497s] -- Found PythonInterp: /usr/bin/python3 (found version "3.8.10") 
[0.642s] -- Found ament_cmake_ros: 0.9.2 (/opt/ros/galactic/share/ament_cmake_ros/cmake)
[0.728s] -- Using all available rosidl_typesupport_c: rosidl_typesupport_fastrtps_c;rosidl_typesupport_introspection_c
[0.741s] -- Using all available rosidl_typesupport_cpp: rosidl_typesupport_fastrtps_cpp;rosidl_typesupport_introspection_cpp
[0.761s] -- Found PythonInterp: /usr/bin/python3 (found suitable version "3.8.10", minimum required is "3.5") 
[0.761s] -- Found python_cmake_module: 0.8.1 (/opt/ros/galactic/share/python_cmake_module/cmake)
[0.781s] -- Using PYTHON_EXECUTABLE: /usr/bin/python3
[0.781s] -- Using PYTHON_INCLUDE_DIRS: /usr/include/python3.8
[0.781s] -- Using PYTHON_LIBRARIES: /usr/lib/x86_64-linux-gnu/libpython3.8.so
[0.795s] -- Found ament_lint_auto: 0.10.7 (/opt/ros/galactic/share/ament_lint_auto/cmake)
[0.800s] -- Added test 'copyright' to check source files copyright and LICENSE
[0.802s] -- Added test 'lint_cmake' to check CMake code style
[0.803s] -- Added test 'xmllint' to check XML markup files
[0.805s] -- Configuring done (0.5s)
[0.835s] -- Generating done (0.0s)
[0.837s] -- Build files have been written to: /home/k/robo/build/beagle_msgs
[0.849s] [  2%] [34m[1mGenerating C code for ROS interfaces[0m
[0.852s] [  4%] [34m[1mGenerating C++ code for ROS interfaces[0m
[1.211s] [  4%] Built target beagle_msgs__cpp
[1.215s] [  8%] [34m[1mGenerating C++ type support dispatch for ROS interfaces[0m
[1.215s] [  8%] [34m[1mGenerating C++ type support for eProsima Fast-RTPS[0m
[1.216s] [ 10%] [34m[1mGenerating C++ introspection for ROS interfaces[0m
[1.245s] [ 14%] [32mBuilding C object CMakeFiles/beagle_msgs__rosidl_generator_c.dir/rosidl_generator_c/beagle_msgs/msg/detail/cmd_and_pose_vel__functions.c.o[0m
[1.245s] [ 14%] [32mBuilding C object CMakeFiles/beagle_msgs__rosidl_generator_c.dir/rosidl_generator_c/beagle_msgs/action/detail/distbeagle__functions.c.o[0m
[1.245s] [ 17%] [32mBuilding C object CMakeFiles/beagle_msgs__rosidl_generator_c.dir/rosidl_generator_c/beagle_msgs/srv/detail/beagleposition__functions.c.o[0m
[1.323s] [ 19%] [32m[1mLinking C shared library libbeagle_msgs__rosidl_generator_c.so[0m
[1.340s] [ 19%] Built target beagle_msgs__rosidl_generator_c
[1.343s] [ 23%] [34m[1mGenerating C type support dispatch for ROS interfaces[0m
[1.343s] [ 23%] [34m[1mGenerating C introspection for ROS interfaces[0m
[1.479s] [ 25%] [32mBuilding CXX object CMakeFiles/beagle_msgs__rosidl_typesupport_cpp.dir/rosidl_typesupport_cpp/beagle_msgs/action/distbeagle__type_support.cpp.o[0m
[1.479s] [ 27%] [32mBuilding CXX object CMakeFiles/beagle_msgs__rosidl_typesupport_cpp.dir/rosidl_typesupport_cpp/beagle_msgs/msg/cmd_and_pose_vel__type_support.cpp.o[0m
[1.479s] [ 29%] [32mBuilding CXX object CMakeFiles/beagle_msgs__rosidl_typesupport_cpp.dir/rosidl_typesupport_cpp/beagle_msgs/srv/beagleposition__type_support.cpp.o[0m
[1.700s] [ 31%] [32mBuilding CXX object CMakeFiles/beagle_msgs__rosidl_typesupport_c.dir/rosidl_typesupport_c/beagle_msgs/msg/cmd_and_pose_vel__type_support.cpp.o[0m
[1.705s] [ 34%] [32mBuilding CXX object CMakeFiles/beagle_msgs__rosidl_typesupport_c.dir/rosidl_typesupport_c/beagle_msgs/action/distbeagle__type_support.cpp.o[0m
[1.740s] [ 36%] [32mBuilding CXX object CMakeFiles/beagle_msgs__rosidl_typesupport_c.dir/rosidl_typesupport_c/beagle_msgs/srv/beagleposition__type_support.cpp.o[0m
[1.769s] [ 38%] [32mBuilding CXX object CMakeFiles/beagle_msgs__rosidl_typesupport_introspection_cpp.dir/rosidl_typesupport_introspection_cpp/beagle_msgs/msg/detail/cmd_and_pose_vel__type_support.cpp.o[0m
[1.771s] [ 40%] [32mBuilding CXX object CMakeFiles/beagle_msgs__rosidl_typesupport_introspection_cpp.dir/rosidl_typesupport_introspection_cpp/beagle_msgs/action/detail/distbeagle__type_support.cpp.o[0m
[1.775s] [ 42%] [32mBuilding CXX object CMakeFiles/beagle_msgs__rosidl_typesupport_introspection_cpp.dir/rosidl_typesupport_introspection_cpp/beagle_msgs/srv/detail/beagleposition__type_support.cpp.o[0m
[1.779s] [ 44%] [32mBuilding C object CMakeFiles/beagle_msgs__rosidl_typesupport_introspection_c.dir/rosidl_typesupport_introspection_c/beagle_msgs/msg/detail/cmd_and_pose_vel__type_support.c.o[0m
[1.780s] [ 46%] [32m[1mLinking CXX shared library libbeagle_msgs__rosidl_typesupport_c.so[0m
[1.800s] [ 48%] [32mBuilding C object CMakeFiles/beagle_msgs__rosidl_typesupport_introspection_c.dir/rosidl_typesupport_introspection_c/beagle_msgs/action/detail/distbeagle__type_support.c.o[0m
[1.825s] [ 51%] [32mBuilding C object CMakeFiles/beagle_msgs__rosidl_typesupport_introspection_c.dir/rosidl_typesupport_introspection_c/beagle_msgs/srv/detail/beagleposition__type_support.c.o[0m
[1.843s] [ 51%] Built target beagle_msgs__rosidl_typesupport_c
[1.860s] [ 53%] [32mBuilding CXX object CMakeFiles/beagle_msgs__rosidl_typesupport_fastrtps_cpp.dir/rosidl_typesupport_fastrtps_cpp/beagle_msgs/msg/detail/dds_fastrtps/cmd_and_pose_vel__type_support.cpp.o[0m
[1.863s] [ 55%] [32mBuilding CXX object CMakeFiles/beagle_msgs__rosidl_typesupport_fastrtps_cpp.dir/rosidl_typesupport_fastrtps_cpp/beagle_msgs/action/detail/dds_fastrtps/distbeagle__type_support.cpp.o[0m
[1.866s] [ 57%] [32mBuilding CXX object CMakeFiles/beagle_msgs__rosidl_typesupport_fastrtps_cpp.dir/rosidl_typesupport_fastrtps_cpp/beagle_msgs/srv/detail/dds_fastrtps/beagleposition__type_support.cpp.o[0m
[1.868s] [ 59%] [32m[1mLinking C shared library libbeagle_msgs__rosidl_typesupport_introspection_c.so[0m
[1.922s] [ 59%] Built target beagle_msgs__rosidl_typesupport_introspection_c
[2.046s] [ 61%] [32m[1mLinking CXX shared library libbeagle_msgs__rosidl_typesupport_cpp.so[0m
[2.083s] [ 61%] Built target beagle_msgs__rosidl_typesupport_cpp
[2.251s] [ 63%] [32m[1mLinking CXX shared library libbeagle_msgs__rosidl_typesupport_introspection_cpp.so[0m
[2.297s] [ 63%] Built target beagle_msgs__rosidl_typesupport_introspection_cpp
[2.425s] [ 65%] [32m[1mLinking CXX shared library libbeagle_msgs__rosidl_typesupport_fastrtps_cpp.so[0m
[2.475s] [ 65%] Built target beagle_msgs__rosidl_typesupport_fastrtps_cpp
[2.478s] [ 68%] [34m[1mGenerating C type support for eProsima Fast-RTPS[0m
[2.775s] [ 70%] [32mBuilding CXX object CMakeFiles/beagle_msgs__rosidl_typesupport_fastrtps_c.dir/rosidl_typesupport_fastrtps_c/beagle_msgs/msg/detail/cmd_and_pose_vel__type_support_c.cpp.o[0m
[2.775s] [ 72%] [32mBuilding CXX object CMakeFiles/beagle_msgs__rosidl_typesupport_fastrtps_c.dir/rosidl_typesupport_fastrtps_c/beagle_msgs/action/detail/distbeagle__type_support_c.cpp.o[0m
[2.775s] [ 74%] [32mBuilding CXX object CMakeFiles/beagle_msgs__rosidl_typesupport_fastrtps_c.dir/rosidl_typesupport_fastrtps_c/beagle_msgs/srv/detail/beagleposition__type_support_c.cpp.o[0m
[3.044s] [ 76%] [32m[1mLinking CXX shared library libbeagle_msgs__rosidl_typesupport_fastrtps_c.so[0m
[3.094s] [ 76%] Built target beagle_msgs__rosidl_typesupport_fastrtps_c
[3.100s] [ 76%] Built target beagle_msgs
[3.105s] [ 78%] [34m[1mGenerating Python code for ROS interfaces[0m
[3.762s] [ 78%] Built target beagle_msgs__py
[3.771s] [ 80%] [32mBuilding C object CMakeFiles/beagle_msgs__python.dir/rosidl_generator_py/beagle_msgs/msg/_cmd_and_pose_vel_s.c.o[0m
[3.771s] [ 82%] [32mBuilding C object CMakeFiles/beagle_msgs__python.dir/rosidl_generator_py/beagle_msgs/action/_distbeagle_s.c.o[0m
[3.771s] [ 85%] [32mBuilding C object CMakeFiles/beagle_msgs__python.dir/rosidl_generator_py/beagle_msgs/srv/_beagleposition_s.c.o[0m
[3.861s] [ 87%] [32m[1mLinking C shared library rosidl_generator_py/beagle_msgs/libbeagle_msgs__python.so[0m
[3.881s] [ 87%] Built target beagle_msgs__python
[3.889s] [ 89%] [32mBuilding C object CMakeFiles/beagle_msgs__rosidl_typesupport_c__pyext.dir/rosidl_generator_py/beagle_msgs/_beagle_msgs_s.ep.rosidl_typesupport_c.c.o[0m
[3.889s] [ 91%] [32mBuilding C object CMakeFiles/beagle_msgs__rosidl_typesupport_introspection_c__pyext.dir/rosidl_generator_py/beagle_msgs/_beagle_msgs_s.ep.rosidl_typesupport_introspection_c.c.o[0m
[3.889s] [ 93%] [32mBuilding C object CMakeFiles/beagle_msgs__rosidl_typesupport_fastrtps_c__pyext.dir/rosidl_generator_py/beagle_msgs/_beagle_msgs_s.ep.rosidl_typesupport_fastrtps_c.c.o[0m
[3.960s] [ 97%] [32m[1mLinking C shared library rosidl_generator_py/beagle_msgs/beagle_msgs_s__rosidl_typesupport_introspection_c.cpython-38-x86_64-linux-gnu.so[0m
[3.961s] [ 97%] [32m[1mLinking CXX shared library rosidl_generator_py/beagle_msgs/beagle_msgs_s__rosidl_typesupport_fastrtps_c.cpython-38-x86_64-linux-gnu.so[0m
[3.962s] [100%] [32m[1mLinking C shared library rosidl_generator_py/beagle_msgs/beagle_msgs_s__rosidl_typesupport_c.cpython-38-x86_64-linux-gnu.so[0m
[3.978s] [100%] Built target beagle_msgs__rosidl_typesupport_introspection_c__pyext
[3.978s] [100%] Built target beagle_msgs__rosidl_typesupport_c__pyext
[3.999s] [100%] Built target beagle_msgs__rosidl_typesupport_fastrtps_c__pyext
[4.006s] Invoked command in '/home/k/robo/build/beagle_msgs' returned '0': CMAKE_PREFIX_PATH=${CMAKE_PREFIX_PATH}:/home/k/robo/install/beagle_first_package:/opt/ros/galactic /home/k/.local/bin/cmake --build /home/k/robo/build/beagle_msgs -- -j8 -l8
[4.093s] Invoking command in '/home/k/robo/build/beagle_msgs': CMAKE_PREFIX_PATH=${CMAKE_PREFIX_PATH}:/home/k/robo/install/beagle_first_package:/opt/ros/galactic /home/k/.local/bin/cmake --install /home/k/robo/build/beagle_msgs
[4.112s] -- Install configuration: ""
[4.112s] -- Up-to-date: /home/k/robo/install/beagle_msgs/share/ament_index/resource_index/rosidl_interfaces/beagle_msgs
[4.112s] -- Up-to-date: /home/k/robo/install/beagle_msgs/include/beagle_msgs
[4.112s] -- Up-to-date: /home/k/robo/install/beagle_msgs/include/beagle_msgs/msg
[4.112s] -- Up-to-date: /home/k/robo/install/beagle_msgs/include/beagle_msgs/msg/positioncmd.h
[4.113s] -- Up-to-date: /home/k/robo/install/beagle_msgs/include/beagle_msgs/msg/detail
[4.113s] -- Installing: /home/k/robo/install/beagle_msgs/include/beagle_msgs/msg/detail/cmd_and_pose_vel__type_support.h
[4.113s] -- Up-to-date: /home/k/robo/install/beagle_msgs/include/beagle_msgs/msg/detail/positioncmd__type_support.h
[4.113s] -- Up-to-date: /home/k/robo/install/beagle_msgs/include/beagle_msgs/msg/detail/position_cmd__type_support.h
[4.113s] -- Up-to-date: /home/k/robo/install/beagle_msgs/include/beagle_msgs/msg/detail/positioncmd__struct.h
[4.113s] -- Up-to-date: /home/k/robo/install/beagle_msgs/include/beagle_msgs/msg/detail/positioncmd__functions.c
[4.113s] -- Installing: /home/k/robo/install/beagle_msgs/include/beagle_msgs/msg/detail/cmd_and_pose_vel__functions.c
[4.113s] -- Up-to-date: /home/k/robo/install/beagle_msgs/include/beagle_msgs/msg/detail/position_cmd__functions.c
[4.113s] -- Up-to-date: /home/k/robo/install/beagle_msgs/include/beagle_msgs/msg/detail/position_cmd__functions.h
[4.113s] -- Up-to-date: /home/k/robo/install/beagle_msgs/include/beagle_msgs/msg/detail/positioncmd__functions.h
[4.113s] -- Installing: /home/k/robo/install/beagle_msgs/include/beagle_msgs/msg/detail/cmd_and_pose_vel__struct.h
[4.113s] -- Installing: /home/k/robo/install/beagle_msgs/include/beagle_msgs/msg/detail/cmd_and_pose_vel__functions.h
[4.113s] -- Up-to-date: /home/k/robo/install/beagle_msgs/include/beagle_msgs/msg/detail/position_cmd__struct.h
[4.113s] -- Up-to-date: /home/k/robo/install/beagle_msgs/include/beagle_msgs/msg/position_cmd.h
[4.113s] -- Installing: /home/k/robo/install/beagle_msgs/include/beagle_msgs/msg/cmd_and_pose_vel.h
[4.113s] -- Up-to-date: /home/k/robo/install/beagle_msgs/include/beagle_msgs/msg/rosidl_generator_c__visibility_control.h
[4.113s] -- Up-to-date: /home/k/robo/install/beagle_msgs/include/beagle_msgs/action
[4.113s] -- Up-to-date: /home/k/robo/install/beagle_msgs/include/beagle_msgs/action/detail
[4.114s] -- Installing: /home/k/robo/install/beagle_msgs/include/beagle_msgs/action/detail/distbeagle__struct.h
[4.114s] -- Installing: /home/k/robo/install/beagle_msgs/include/beagle_msgs/action/detail/distbeagle__functions.c
[4.114s] -- Installing: /home/k/robo/install/beagle_msgs/include/beagle_msgs/action/detail/distbeagle__functions.h
[4.114s] -- Installing: /home/k/robo/install/beagle_msgs/include/beagle_msgs/action/detail/distbeagle__type_support.h
[4.114s] -- Installing: /home/k/robo/install/beagle_msgs/include/beagle_msgs/action/distbeagle.h
[4.114s] -- Up-to-date: /home/k/robo/install/beagle_msgs/include/beagle_msgs/srv
[4.114s] -- Installing: /home/k/robo/install/beagle_msgs/include/beagle_msgs/srv/beagleposition.h
[4.114s] -- Up-to-date: /home/k/robo/install/beagle_msgs/include/beagle_msgs/srv/detail
[4.114s] -- Installing: /home/k/robo/install/beagle_msgs/include/beagle_msgs/srv/detail/beagleposition__functions.h
[4.114s] -- Installing: /home/k/robo/install/beagle_msgs/include/beagle_msgs/srv/detail/beagleposition__type_support.h
[4.114s] -- Installing: /home/k/robo/install/beagle_msgs/include/beagle_msgs/srv/detail/beagleposition__functions.c
[4.114s] -- Installing: /home/k/robo/install/beagle_msgs/include/beagle_msgs/srv/detail/beagleposition__struct.h
[4.114s] -- Up-to-date: /home/k/robo/install/beagle_msgs/share/beagle_msgs/environment/library_path.sh
[4.114s] -- Installing: /home/k/robo/install/beagle_msgs/share/beagle_msgs/environment/library_path.dsv
[4.115s] -- Installing: /home/k/robo/install/beagle_msgs/lib/libbeagle_msgs__rosidl_generator_c.so
[4.115s] -- Set runtime path of "/home/k/robo/install/beagle_msgs/lib/libbeagle_msgs__rosidl_generator_c.so" to ""
[4.115s] -- Up-to-date: /home/k/robo/install/beagle_msgs/include/beagle_msgs
[4.115s] -- Up-to-date: /home/k/robo/install/beagle_msgs/include/beagle_msgs/msg
[4.115s] -- Up-to-date: /home/k/robo/install/beagle_msgs/include/beagle_msgs/msg/rosidl_typesupport_fastrtps_c__visibility_control.h
[4.115s] -- Up-to-date: /home/k/robo/install/beagle_msgs/include/beagle_msgs/msg/detail
[4.116s] -- Up-to-date: /home/k/robo/install/beagle_msgs/include/beagle_msgs/msg/detail/position_cmd__rosidl_typesupport_fastrtps_c.h
[4.116s] -- Up-to-date: /home/k/robo/install/beagle_msgs/include/beagle_msgs/msg/detail/positioncmd__rosidl_typesupport_fastrtps_c.h
[4.116s] -- Installing: /home/k/robo/install/beagle_msgs/include/beagle_msgs/msg/detail/cmd_and_pose_vel__rosidl_typesupport_fastrtps_c.h
[4.116s] -- Up-to-date: /home/k/robo/install/beagle_msgs/include/beagle_msgs/action
[4.116s] -- Up-to-date: /home/k/robo/install/beagle_msgs/include/beagle_msgs/action/detail
[4.116s] -- Installing: /home/k/robo/install/beagle_msgs/include/beagle_msgs/action/detail/distbeagle__rosidl_typesupport_fastrtps_c.h
[4.116s] -- Up-to-date: /home/k/robo/install/beagle_msgs/include/beagle_msgs/srv
[4.116s] -- Up-to-date: /home/k/robo/install/beagle_msgs/include/beagle_msgs/srv/detail
[4.116s] -- Installing: /home/k/robo/install/beagle_msgs/include/beagle_msgs/srv/detail/beagleposition__rosidl_typesupport_fastrtps_c.h
[4.116s] -- Installing: /home/k/robo/install/beagle_msgs/lib/libbeagle_msgs__rosidl_typesupport_fastrtps_c.so
[4.116s] -- Set runtime path of "/home/k/robo/install/beagle_msgs/lib/libbeagle_msgs__rosidl_typesupport_fastrtps_c.so" to ""
[4.116s] -- Up-to-date: /home/k/robo/install/beagle_msgs/include/beagle_msgs
[4.116s] -- Up-to-date: /home/k/robo/install/beagle_msgs/include/beagle_msgs/msg
[4.116s] -- Up-to-date: /home/k/robo/install/beagle_msgs/include/beagle_msgs/msg/detail
[4.116s] -- Up-to-date: /home/k/robo/install/beagle_msgs/include/beagle_msgs/msg/detail/positioncmd__rosidl_typesupport_fastrtps_cpp.hpp
[4.116s] -- Up-to-date: /home/k/robo/install/beagle_msgs/include/beagle_msgs/msg/detail/dds_fastrtps
[4.116s] -- Up-to-date: /home/k/robo/install/beagle_msgs/include/beagle_msgs/msg/detail/position_cmd__rosidl_typesupport_fastrtps_cpp.hpp
[4.116s] -- Installing: /home/k/robo/install/beagle_msgs/include/beagle_msgs/msg/detail/cmd_and_pose_vel__rosidl_typesupport_fastrtps_cpp.hpp
[4.116s] -- Up-to-date: /home/k/robo/install/beagle_msgs/include/beagle_msgs/msg/rosidl_typesupport_fastrtps_cpp__visibility_control.h
[4.117s] -- Up-to-date: /home/k/robo/install/beagle_msgs/include/beagle_msgs/action
[4.117s] -- Up-to-date: /home/k/robo/install/beagle_msgs/include/beagle_msgs/action/detail
[4.117s] -- Up-to-date: /home/k/robo/install/beagle_msgs/include/beagle_msgs/action/detail/dds_fastrtps
[4.117s] -- Installing: /home/k/robo/install/beagle_msgs/include/beagle_msgs/action/detail/distbeagle__rosidl_typesupport_fastrtps_cpp.hpp
[4.117s] -- Up-to-date: /home/k/robo/install/beagle_msgs/include/beagle_msgs/srv
[4.117s] -- Up-to-date: /home/k/robo/install/beagle_msgs/include/beagle_msgs/srv/detail
[4.117s] -- Up-to-date: /home/k/robo/install/beagle_msgs/include/beagle_msgs/srv/detail/dds_fastrtps
[4.117s] -- Installing: /home/k/robo/install/beagle_msgs/include/beagle_msgs/srv/detail/beagleposition__rosidl_typesupport_fastrtps_cpp.hpp
[4.117s] -- Installing: /home/k/robo/install/beagle_msgs/lib/libbeagle_msgs__rosidl_typesupport_fastrtps_cpp.so
[4.117s] -- Set runtime path of "/home/k/robo/install/beagle_msgs/lib/libbeagle_msgs__rosidl_typesupport_fastrtps_cpp.so" to ""
[4.117s] -- Up-to-date: /home/k/robo/install/beagle_msgs/include/beagle_msgs
[4.117s] -- Up-to-date: /home/k/robo/install/beagle_msgs/include/beagle_msgs/msg
[4.117s] -- Up-to-date: /home/k/robo/install/beagle_msgs/include/beagle_msgs/msg/detail
[4.117s] -- Up-to-date: /home/k/robo/install/beagle_msgs/include/beagle_msgs/msg/detail/positioncmd__rosidl_typesupport_introspection_c.h
[4.117s] -- Up-to-date: /home/k/robo/install/beagle_msgs/include/beagle_msgs/msg/detail/positioncmd__type_support.c
[4.117s] -- Installing: /home/k/robo/install/beagle_msgs/include/beagle_msgs/msg/detail/cmd_and_pose_vel__type_support.c
[4.117s] -- Installing: /home/k/robo/install/beagle_msgs/include/beagle_msgs/msg/detail/cmd_and_pose_vel__rosidl_typesupport_introspection_c.h
[4.117s] -- Up-to-date: /home/k/robo/install/beagle_msgs/include/beagle_msgs/msg/detail/position_cmd__rosidl_typesupport_introspection_c.h
[4.117s] -- Up-to-date: /home/k/robo/install/beagle_msgs/include/beagle_msgs/msg/detail/position_cmd__type_support.c
[4.117s] -- Up-to-date: /home/k/robo/install/beagle_msgs/include/beagle_msgs/msg/rosidl_typesupport_introspection_c__visibility_control.h
[4.117s] -- Up-to-date: /home/k/robo/install/beagle_msgs/include/beagle_msgs/action
[4.117s] -- Up-to-date: /home/k/robo/install/beagle_msgs/include/beagle_msgs/action/detail
[4.118s] -- Installing: /home/k/robo/install/beagle_msgs/include/beagle_msgs/action/detail/distbeagle__rosidl_typesupport_introspection_c.h
[4.118s] -- Installing: /home/k/robo/install/beagle_msgs/include/beagle_msgs/action/detail/distbeagle__type_support.c
[4.118s] -- Up-to-date: /home/k/robo/install/beagle_msgs/include/beagle_msgs/srv
[4.118s] -- Up-to-date: /home/k/robo/install/beagle_msgs/include/beagle_msgs/srv/detail
[4.118s] -- Installing: /home/k/robo/install/beagle_msgs/include/beagle_msgs/srv/detail/beagleposition__rosidl_typesupport_introspection_c.h
[4.118s] -- Installing: /home/k/robo/install/beagle_msgs/include/beagle_msgs/srv/detail/beagleposition__type_support.c
[4.118s] -- Installing: /home/k/robo/install/beagle_msgs/lib/libbeagle_msgs__rosidl_typesupport_introspection_c.so
[4.118s] -- Set runtime path of "/home/k/robo/install/beagle_msgs/lib/libbeagle_msgs__rosidl_typesupport_introspection_c.so" to ""
[4.118s] -- Installing: /home/k/robo/install/beagle_msgs/lib/libbeagle_msgs__rosidl_typesupport_c.so
[4.118s] -- Set runtime path of "/home/k/robo/install/beagle_msgs/lib/libbeagle_msgs__rosidl_typesupport_c.so" to ""
[4.118s] -- Up-to-date: /home/k/robo/install/beagle_msgs/include/beagle_msgs
[4.118s] -- Up-to-date: /home/k/robo/install/beagle_msgs/include/beagle_msgs/msg
[4.119s] -- Up-to-date: /home/k/robo/install/beagle_msgs/include/beagle_msgs/msg/detail
[4.119s] -- Up-to-date: /home/k/robo/install/beagle_msgs/include/beagle_msgs/msg/detail/position_cmd__builder.hpp
[4.119s] -- Up-to-date: /home/k/robo/install/beagle_msgs/include/beagle_msgs/msg/detail/position_cmd__struct.hpp
[4.119s] -- Installing: /home/k/robo/install/beagle_msgs/include/beagle_msgs/msg/detail/cmd_and_pose_vel__struct.hpp
[4.119s] -- Installing: /home/k/robo/install/beagle_msgs/include/beagle_msgs/msg/detail/cmd_and_pose_vel__builder.hpp
[4.119s] -- Up-to-date: /home/k/robo/install/beagle_msgs/include/beagle_msgs/msg/detail/positioncmd__traits.hpp
[4.119s] -- Up-to-date: /home/k/robo/install/beagle_msgs/include/beagle_msgs/msg/detail/positioncmd__struct.hpp
[4.119s] -- Up-to-date: /home/k/robo/install/beagle_msgs/include/beagle_msgs/msg/detail/position_cmd__traits.hpp
[4.119s] -- Installing: /home/k/robo/install/beagle_msgs/include/beagle_msgs/msg/detail/cmd_and_pose_vel__traits.hpp
[4.119s] -- Up-to-date: /home/k/robo/install/beagle_msgs/include/beagle_msgs/msg/detail/positioncmd__builder.hpp
[4.119s] -- Up-to-date: /home/k/robo/install/beagle_msgs/include/beagle_msgs/msg/position_cmd.hpp
[4.119s] -- Up-to-date: /home/k/robo/install/beagle_msgs/include/beagle_msgs/msg/positioncmd.hpp
[4.119s] -- Installing: /home/k/robo/install/beagle_msgs/include/beagle_msgs/msg/cmd_and_pose_vel.hpp
[4.119s] -- Up-to-date: /home/k/robo/install/beagle_msgs/include/beagle_msgs/action
[4.119s] -- Installing: /home/k/robo/install/beagle_msgs/include/beagle_msgs/action/distbeagle.hpp
[4.119s] -- Up-to-date: /home/k/robo/install/beagle_msgs/include/beagle_msgs/action/detail
[4.119s] -- Installing: /home/k/robo/install/beagle_msgs/include/beagle_msgs/action/detail/distbeagle__builder.hpp
[4.119s] -- Installing: /home/k/robo/install/beagle_msgs/include/beagle_msgs/action/detail/distbeagle__struct.hpp
[4.119s] -- Installing: /home/k/robo/install/beagle_msgs/include/beagle_msgs/action/detail/distbeagle__traits.hpp
[4.119s] -- Up-to-date: /home/k/robo/install/beagle_msgs/include/beagle_msgs/srv
[4.119s] -- Up-to-date: /home/k/robo/install/beagle_msgs/include/beagle_msgs/srv/detail
[4.119s] -- Installing: /home/k/robo/install/beagle_msgs/include/beagle_msgs/srv/detail/beagleposition__traits.hpp
[4.120s] -- Installing: /home/k/robo/install/beagle_msgs/include/beagle_msgs/srv/detail/beagleposition__builder.hpp
[4.120s] -- Installing: /home/k/robo/install/beagle_msgs/include/beagle_msgs/srv/detail/beagleposition__struct.hpp
[4.120s] -- Installing: /home/k/robo/install/beagle_msgs/include/beagle_msgs/srv/beagleposition.hpp
[4.120s] -- Up-to-date: /home/k/robo/install/beagle_msgs/include/beagle_msgs
[4.120s] -- Up-to-date: /home/k/robo/install/beagle_msgs/include/beagle_msgs/msg
[4.120s] -- Up-to-date: /home/k/robo/install/beagle_msgs/include/beagle_msgs/msg/detail
[4.120s] -- Up-to-date: /home/k/robo/install/beagle_msgs/include/beagle_msgs/msg/detail/position_cmd__type_support.cpp
[4.120s] -- Up-to-date: /home/k/robo/install/beagle_msgs/include/beagle_msgs/msg/detail/positioncmd__type_support.cpp
[4.120s] -- Installing: /home/k/robo/install/beagle_msgs/include/beagle_msgs/msg/detail/cmd_and_pose_vel__type_support.cpp
[4.120s] -- Up-to-date: /home/k/robo/install/beagle_msgs/include/beagle_msgs/msg/detail/position_cmd__rosidl_typesupport_introspection_cpp.hpp
[4.120s] -- Installing: /home/k/robo/install/beagle_msgs/include/beagle_msgs/msg/detail/cmd_and_pose_vel__rosidl_typesupport_introspection_cpp.hpp
[4.120s] -- Up-to-date: /home/k/robo/install/beagle_msgs/include/beagle_msgs/msg/detail/positioncmd__rosidl_typesupport_introspection_cpp.hpp
[4.120s] -- Up-to-date: /home/k/robo/install/beagle_msgs/include/beagle_msgs/action
[4.120s] -- Up-to-date: /home/k/robo/install/beagle_msgs/include/beagle_msgs/action/detail
[4.120s] -- Installing: /home/k/robo/install/beagle_msgs/include/beagle_msgs/action/detail/distbeagle__type_support.cpp
[4.120s] -- Installing: /home/k/robo/install/beagle_msgs/include/beagle_msgs/action/detail/distbeagle__rosidl_typesupport_introspection_cpp.hpp
[4.120s] -- Up-to-date: /home/k/robo/install/beagle_msgs/include/beagle_msgs/srv
[4.120s] -- Up-to-date: /home/k/robo/install/beagle_msgs/include/beagle_msgs/srv/detail
[4.120s] -- Installing: /home/k/robo/install/beagle_msgs/include/beagle_msgs/srv/detail/beagleposition__rosidl_typesupport_introspection_cpp.hpp
[4.120s] -- Installing: /home/k/robo/install/beagle_msgs/include/beagle_msgs/srv/detail/beagleposition__type_support.cpp
[4.120s] -- Installing: /home/k/robo/install/beagle_msgs/lib/libbeagle_msgs__rosidl_typesupport_introspection_cpp.so
[4.121s] -- Set runtime path of "/home/k/robo/install/beagle_msgs/lib/libbeagle_msgs__rosidl_typesupport_introspection_cpp.so" to ""
[4.121s] -- Installing: /home/k/robo/install/beagle_msgs/lib/libbeagle_msgs__rosidl_typesupport_cpp.so
[4.121s] -- Set runtime path of "/home/k/robo/install/beagle_msgs/lib/libbeagle_msgs__rosidl_typesupport_cpp.so" to ""
[4.121s] -- Up-to-date: /home/k/robo/install/beagle_msgs/share/beagle_msgs/environment/pythonpath.sh
[4.121s] -- Installing: /home/k/robo/install/beagle_msgs/share/beagle_msgs/environment/pythonpath.dsv
[4.121s] -- Installing: /home/k/robo/install/beagle_msgs/lib/python3.8/site-packages/beagle_msgs/__init__.py
[4.143s] Compiling '/home/k/robo/install/beagle_msgs/lib/python3.8/site-packages/beagle_msgs/__init__.py'...
[4.146s] -- Up-to-date: /home/k/robo/install/beagle_msgs/lib/python3.8/site-packages/beagle_msgs/msg
[4.146s] -- Up-to-date: /home/k/robo/install/beagle_msgs/lib/python3.8/site-packages/beagle_msgs/msg/_position_cmd.py
[4.147s] -- Installing: /home/k/robo/install/beagle_msgs/lib/python3.8/site-packages/beagle_msgs/msg/__init__.py
[4.147s] -- Up-to-date: /home/k/robo/install/beagle_msgs/lib/python3.8/site-packages/beagle_msgs/msg/_positioncmd.py
[4.147s] -- Up-to-date: /home/k/robo/install/beagle_msgs/lib/python3.8/site-packages/beagle_msgs/msg/_position_cmd_s.c
[4.147s] -- Installing: /home/k/robo/install/beagle_msgs/lib/python3.8/site-packages/beagle_msgs/msg/_cmd_and_pose_vel.py
[4.147s] -- Up-to-date: /home/k/robo/install/beagle_msgs/lib/python3.8/site-packages/beagle_msgs/msg/_positioncmd_s.c
[4.147s] -- Installing: /home/k/robo/install/beagle_msgs/lib/python3.8/site-packages/beagle_msgs/msg/_cmd_and_pose_vel_s.c
[4.147s] -- Up-to-date: /home/k/robo/install/beagle_msgs/lib/python3.8/site-packages/beagle_msgs/action
[4.147s] -- Installing: /home/k/robo/install/beagle_msgs/lib/python3.8/site-packages/beagle_msgs/action/__init__.py
[4.147s] -- Installing: /home/k/robo/install/beagle_msgs/lib/python3.8/site-packages/beagle_msgs/action/_distbeagle.py
[4.147s] -- Installing: /home/k/robo/install/beagle_msgs/lib/python3.8/site-packages/beagle_msgs/action/_distbeagle_s.c
[4.147s] -- Up-to-date: /home/k/robo/install/beagle_msgs/lib/python3.8/site-packages/beagle_msgs/srv
[4.147s] -- Installing: /home/k/robo/install/beagle_msgs/lib/python3.8/site-packages/beagle_msgs/srv/_beagleposition_s.c
[4.147s] -- Installing: /home/k/robo/install/beagle_msgs/lib/python3.8/site-packages/beagle_msgs/srv/__init__.py
[4.147s] -- Installing: /home/k/robo/install/beagle_msgs/lib/python3.8/site-packages/beagle_msgs/srv/_beagleposition.py
[4.147s] -- Installing: /home/k/robo/install/beagle_msgs/lib/python3.8/site-packages/beagle_msgs/beagle_msgs_s__rosidl_typesupport_fastrtps_c.cpython-38-x86_64-linux-gnu.so
[4.148s] -- Set runtime path of "/home/k/robo/install/beagle_msgs/lib/python3.8/site-packages/beagle_msgs/beagle_msgs_s__rosidl_typesupport_fastrtps_c.cpython-38-x86_64-linux-gnu.so" to ""
[4.148s] -- Installing: /home/k/robo/install/beagle_msgs/lib/python3.8/site-packages/beagle_msgs/beagle_msgs_s__rosidl_typesupport_introspection_c.cpython-38-x86_64-linux-gnu.so
[4.148s] -- Set runtime path of "/home/k/robo/install/beagle_msgs/lib/python3.8/site-packages/beagle_msgs/beagle_msgs_s__rosidl_typesupport_introspection_c.cpython-38-x86_64-linux-gnu.so" to ""
[4.148s] -- Installing: /home/k/robo/install/beagle_msgs/lib/python3.8/site-packages/beagle_msgs/beagle_msgs_s__rosidl_typesupport_c.cpython-38-x86_64-linux-gnu.so
[4.149s] -- Set runtime path of "/home/k/robo/install/beagle_msgs/lib/python3.8/site-packages/beagle_msgs/beagle_msgs_s__rosidl_typesupport_c.cpython-38-x86_64-linux-gnu.so" to ""
[4.149s] -- Installing: /home/k/robo/install/beagle_msgs/lib/libbeagle_msgs__python.so
[4.149s] -- Set runtime path of "/home/k/robo/install/beagle_msgs/lib/libbeagle_msgs__python.so" to ""
[4.149s] -- Up-to-date: /home/k/robo/install/beagle_msgs/share/beagle_msgs/msg/CmdAndPoseVel.idl
[4.149s] -- Up-to-date: /home/k/robo/install/beagle_msgs/share/beagle_msgs/action/Distbeagle.idl
[4.149s] -- Installing: /home/k/robo/install/beagle_msgs/share/beagle_msgs/srv/Beagleposition.idl
[4.149s] -- Up-to-date: /home/k/robo/install/beagle_msgs/share/beagle_msgs/msg/CmdAndPoseVel.msg
[4.149s] -- Up-to-date: /home/k/robo/install/beagle_msgs/share/beagle_msgs/action/Distbeagle.action
[4.149s] -- Installing: /home/k/robo/install/beagle_msgs/share/beagle_msgs/srv/Beagleposition.srv
[4.149s] -- Installing: /home/k/robo/install/beagle_msgs/share/beagle_msgs/srv/Beagleposition_Request.msg
[4.150s] -- Installing: /home/k/robo/install/beagle_msgs/share/beagle_msgs/srv/Beagleposition_Response.msg
[4.150s] -- Up-to-date: /home/k/robo/install/beagle_msgs/share/ament_index/resource_index/package_run_dependencies/beagle_msgs
[4.150s] -- Up-to-date: /home/k/robo/install/beagle_msgs/share/ament_index/resource_index/parent_prefix_path/beagle_msgs
[4.150s] -- Up-to-date: /home/k/robo/install/beagle_msgs/share/beagle_msgs/environment/ament_prefix_path.sh
[4.150s] -- Installing: /home/k/robo/install/beagle_msgs/share/beagle_msgs/environment/ament_prefix_path.dsv
[4.150s] -- Up-to-date: /home/k/robo/install/beagle_msgs/share/beagle_msgs/environment/path.sh
[4.150s] -- Installing: /home/k/robo/install/beagle_msgs/share/beagle_msgs/environment/path.dsv
[4.150s] -- Up-to-date: /home/k/robo/install/beagle_msgs/share/beagle_msgs/local_setup.bash
[4.150s] -- Up-to-date: /home/k/robo/install/beagle_msgs/share/beagle_msgs/local_setup.sh
[4.150s] -- Up-to-date: /home/k/robo/install/beagle_msgs/share/beagle_msgs/local_setup.zsh
[4.150s] -- Installing: /home/k/robo/install/beagle_msgs/share/beagle_msgs/local_setup.dsv
[4.150s] -- Installing: /home/k/robo/install/beagle_msgs/share/beagle_msgs/package.dsv
[4.150s] -- Up-to-date: /home/k/robo/install/beagle_msgs/share/ament_index/resource_index/packages/beagle_msgs
[4.150s] -- Up-to-date: /home/k/robo/install/beagle_msgs/share/beagle_msgs/cmake/beagle_msgs__rosidl_generator_cExport.cmake
[4.150s] -- Up-to-date: /home/k/robo/install/beagle_msgs/share/beagle_msgs/cmake/beagle_msgs__rosidl_generator_cExport-noconfig.cmake
[4.150s] -- Up-to-date: /home/k/robo/install/beagle_msgs/share/beagle_msgs/cmake/beagle_msgs__rosidl_typesupport_introspection_cExport.cmake
[4.151s] -- Up-to-date: /home/k/robo/install/beagle_msgs/share/beagle_msgs/cmake/beagle_msgs__rosidl_typesupport_introspection_cExport-noconfig.cmake
[4.151s] -- Up-to-date: /home/k/robo/install/beagle_msgs/share/beagle_msgs/cmake/beagle_msgs__rosidl_typesupport_cExport.cmake
[4.151s] -- Up-to-date: /home/k/robo/install/beagle_msgs/share/beagle_msgs/cmake/beagle_msgs__rosidl_typesupport_cExport-noconfig.cmake
[4.151s] -- Up-to-date: /home/k/robo/install/beagle_msgs/share/beagle_msgs/cmake/beagle_msgs__rosidl_generator_cppExport.cmake
[4.151s] -- Up-to-date: /home/k/robo/install/beagle_msgs/share/beagle_msgs/cmake/beagle_msgs__rosidl_typesupport_introspection_cppExport.cmake
[4.151s] -- Up-to-date: /home/k/robo/install/beagle_msgs/share/beagle_msgs/cmake/beagle_msgs__rosidl_typesupport_introspection_cppExport-noconfig.cmake
[4.151s] -- Up-to-date: /home/k/robo/install/beagle_msgs/share/beagle_msgs/cmake/beagle_msgs__rosidl_typesupport_cppExport.cmake
[4.151s] -- Up-to-date: /home/k/robo/install/beagle_msgs/share/beagle_msgs/cmake/beagle_msgs__rosidl_typesupport_cppExport-noconfig.cmake
[4.151s] -- Up-to-date: /home/k/robo/install/beagle_msgs/share/beagle_msgs/cmake/rosidl_cmake-extras.cmake
[4.151s] -- Up-to-date: /home/k/robo/install/beagle_msgs/share/beagle_msgs/cmake/ament_cmake_export_dependencies-extras.cmake
[4.151s] -- Up-to-date: /home/k/robo/install/beagle_msgs/share/beagle_msgs/cmake/ament_cmake_export_libraries-extras.cmake
[4.151s] -- Up-to-date: /home/k/robo/install/beagle_msgs/share/beagle_msgs/cmake/ament_cmake_export_targets-extras.cmake
[4.151s] -- Up-to-date: /home/k/robo/install/beagle_msgs/share/beagle_msgs/cmake/ament_cmake_export_include_directories-extras.cmake
[4.151s] -- Up-to-date: /home/k/robo/install/beagle_msgs/share/beagle_msgs/cmake/rosidl_cmake_export_typesupport_libraries-extras.cmake
[4.151s] -- Up-to-date: /home/k/robo/install/beagle_msgs/share/beagle_msgs/cmake/rosidl_cmake_export_typesupport_targets-extras.cmake
[4.151s] -- Up-to-date: /home/k/robo/install/beagle_msgs/share/beagle_msgs/cmake/beagle_msgsConfig.cmake
[4.151s] -- Up-to-date: /home/k/robo/install/beagle_msgs/share/beagle_msgs/cmake/beagle_msgsConfig-version.cmake
[4.151s] -- Up-to-date: /home/k/robo/install/beagle_msgs/share/beagle_msgs/package.xml
[4.159s] Invoked command in '/home/k/robo/build/beagle_msgs' returned '0': CMAKE_PREFIX_PATH=${CMAKE_PREFIX_PATH}:/home/k/robo/install/beagle_first_package:/opt/ros/galactic /home/k/.local/bin/cmake --install /home/k/robo/build/beagle_msgs
