[0.620s] DEBUG:colcon:Command line arguments: ['/usr/bin/colcon', 'list', '-p', '--base-paths', '/home/k/robo']
[0.620s] DEBUG:colcon:Parsed command line arguments: Namespace(allow_overriding=[], base_paths=['/home/k/robo'], build_base='build', ignore_user_meta=False, log_base=None, log_level=None, main=<bound method ListVerb.main of <colcon_package_information.verb.list.ListVerb object at 0x7f32fb4e7070>>, metas=['./colcon.meta'], names_only=False, packages_above=None, packages_above_and_dependencies=None, packages_above_depth=None, packages_end=None, packages_ignore=None, packages_ignore_regex=None, packages_select=None, packages_select_build_failed=False, packages_select_by_dep=None, packages_select_regex=None, packages_select_test_failures=False, packages_skip=None, packages_skip_build_finished=False, packages_skip_by_dep=None, packages_skip_regex=None, packages_skip_test_passed=False, packages_skip_up_to=None, packages_start=None, packages_up_to=None, packages_up_to_regex=None, paths=None, paths_only=True, topological_graph=False, topological_graph_density=False, topological_graph_dot=False, topological_graph_dot_cluster=False, topological_graph_dot_include_skipped=False, topological_graph_legend=False, topological_order=False, verb_extension=<colcon_package_information.verb.list.ListVerb object at 0x7f32fb4e7070>, verb_name='list', verb_parser=<colcon_defaults.argument_parser.defaults.DefaultArgumentsDecorator object at 0x7f32fb3da880>)
[0.696s] Level 1:colcon.colcon_core.package_discovery:discover_packages(colcon_meta) check parameters
[0.696s] Level 1:colcon.colcon_core.package_discovery:discover_packages(recursive) check parameters
[0.696s] Level 1:colcon.colcon_core.package_discovery:discover_packages(ignore) check parameters
[0.696s] Level 1:colcon.colcon_core.package_discovery:discover_packages(path) check parameters
[0.696s] Level 1:colcon.colcon_core.package_discovery:discover_packages(recursive) discover
[0.696s] INFO:colcon.colcon_core.package_discovery:Crawling recursively for packages in '/home/k/robo'
[0.696s] Level 1:colcon.colcon_core.package_identification:_identify(/home/k/robo) by extensions ['ignore', 'ignore_ament_install']
[0.696s] Level 1:colcon.colcon_core.package_identification:_identify(/home/k/robo) by extension 'ignore'
[0.696s] Level 1:colcon.colcon_core.package_identification:_identify(/home/k/robo) by extension 'ignore_ament_install'
[0.696s] Level 1:colcon.colcon_core.package_identification:_identify(/home/k/robo) by extensions ['colcon_pkg']
[0.696s] Level 1:colcon.colcon_core.package_identification:_identify(/home/k/robo) by extension 'colcon_pkg'
[0.696s] Level 1:colcon.colcon_core.package_identification:_identify(/home/k/robo) by extensions ['colcon_meta']
[0.696s] Level 1:colcon.colcon_core.package_identification:_identify(/home/k/robo) by extension 'colcon_meta'
[0.697s] Level 1:colcon.colcon_core.package_identification:_identify(/home/k/robo) by extensions ['ros']
[0.697s] Level 1:colcon.colcon_core.package_identification:_identify(/home/k/robo) by extension 'ros'
[0.713s] Level 1:colcon.colcon_core.package_identification:_identify(/home/k/robo) by extensions ['cmake', 'python']
[0.714s] Level 1:colcon.colcon_core.package_identification:_identify(/home/k/robo) by extension 'cmake'
[0.714s] Level 1:colcon.colcon_core.package_identification:_identify(/home/k/robo) by extension 'python'
[0.714s] Level 1:colcon.colcon_core.package_identification:_identify(/home/k/robo) by extensions ['python_setup_py']
[0.714s] Level 1:colcon.colcon_core.package_identification:_identify(/home/k/robo) by extension 'python_setup_py'
[0.714s] Level 1:colcon.colcon_core.package_identification:_identify(/home/k/robo/build) by extensions ['ignore', 'ignore_ament_install']
[0.714s] Level 1:colcon.colcon_core.package_identification:_identify(/home/k/robo/build) by extension 'ignore'
[0.714s] Level 1:colcon.colcon_core.package_identification:_identify(/home/k/robo/build) ignored
[0.714s] Level 1:colcon.colcon_core.package_identification:_identify(/home/k/robo/install) by extensions ['ignore', 'ignore_ament_install']
[0.714s] Level 1:colcon.colcon_core.package_identification:_identify(/home/k/robo/install) by extension 'ignore'
[0.714s] Level 1:colcon.colcon_core.package_identification:_identify(/home/k/robo/install) ignored
[0.715s] Level 1:colcon.colcon_core.package_identification:_identify(/home/k/robo/log) by extensions ['ignore', 'ignore_ament_install']
[0.715s] Level 1:colcon.colcon_core.package_identification:_identify(/home/k/robo/log) by extension 'ignore'
[0.715s] Level 1:colcon.colcon_core.package_identification:_identify(/home/k/robo/log) ignored
[0.715s] Level 1:colcon.colcon_core.package_identification:_identify(/home/k/robo/src) by extensions ['ignore', 'ignore_ament_install']
[0.715s] Level 1:colcon.colcon_core.package_identification:_identify(/home/k/robo/src) by extension 'ignore'
[0.715s] Level 1:colcon.colcon_core.package_identification:_identify(/home/k/robo/src) by extension 'ignore_ament_install'
[0.715s] Level 1:colcon.colcon_core.package_identification:_identify(/home/k/robo/src) by extensions ['colcon_pkg']
[0.716s] Level 1:colcon.colcon_core.package_identification:_identify(/home/k/robo/src) by extension 'colcon_pkg'
[0.716s] Level 1:colcon.colcon_core.package_identification:_identify(/home/k/robo/src) by extensions ['colcon_meta']
[0.716s] Level 1:colcon.colcon_core.package_identification:_identify(/home/k/robo/src) by extension 'colcon_meta'
[0.716s] Level 1:colcon.colcon_core.package_identification:_identify(/home/k/robo/src) by extensions ['ros']
[0.716s] Level 1:colcon.colcon_core.package_identification:_identify(/home/k/robo/src) by extension 'ros'
[0.716s] Level 1:colcon.colcon_core.package_identification:_identify(/home/k/robo/src) by extensions ['cmake', 'python']
[0.716s] Level 1:colcon.colcon_core.package_identification:_identify(/home/k/robo/src) by extension 'cmake'
[0.716s] Level 1:colcon.colcon_core.package_identification:_identify(/home/k/robo/src) by extension 'python'
[0.716s] Level 1:colcon.colcon_core.package_identification:_identify(/home/k/robo/src) by extensions ['python_setup_py']
[0.716s] Level 1:colcon.colcon_core.package_identification:_identify(/home/k/robo/src) by extension 'python_setup_py'
[0.716s] Level 1:colcon.colcon_core.package_identification:_identify(/home/k/robo/src/beagle_first_package) by extensions ['ignore', 'ignore_ament_install']
[0.716s] Level 1:colcon.colcon_core.package_identification:_identify(/home/k/robo/src/beagle_first_package) by extension 'ignore'
[0.716s] Level 1:colcon.colcon_core.package_identification:_identify(/home/k/robo/src/beagle_first_package) by extension 'ignore_ament_install'
[0.716s] Level 1:colcon.colcon_core.package_identification:_identify(/home/k/robo/src/beagle_first_package) by extensions ['colcon_pkg']
[0.716s] Level 1:colcon.colcon_core.package_identification:_identify(/home/k/robo/src/beagle_first_package) by extension 'colcon_pkg'
[0.716s] Level 1:colcon.colcon_core.package_identification:_identify(/home/k/robo/src/beagle_first_package) by extensions ['colcon_meta']
[0.716s] Level 1:colcon.colcon_core.package_identification:_identify(/home/k/robo/src/beagle_first_package) by extension 'colcon_meta'
[0.716s] Level 1:colcon.colcon_core.package_identification:_identify(/home/k/robo/src/beagle_first_package) by extensions ['ros']
[0.716s] Level 1:colcon.colcon_core.package_identification:_identify(/home/k/robo/src/beagle_first_package) by extension 'ros'
[0.719s] DEBUG:colcon.colcon_core.package_identification:Package '/home/k/robo/src/beagle_first_package' with type 'ros.ament_python' and name 'beagle_first_package'
[0.720s] Level 1:colcon.colcon_core.package_identification:_identify(/home/k/robo/src/beagle_msgs) by extensions ['ignore', 'ignore_ament_install']
[0.720s] Level 1:colcon.colcon_core.package_identification:_identify(/home/k/robo/src/beagle_msgs) by extension 'ignore'
[0.720s] Level 1:colcon.colcon_core.package_identification:_identify(/home/k/robo/src/beagle_msgs) by extension 'ignore_ament_install'
[0.720s] Level 1:colcon.colcon_core.package_identification:_identify(/home/k/robo/src/beagle_msgs) by extensions ['colcon_pkg']
[0.720s] Level 1:colcon.colcon_core.package_identification:_identify(/home/k/robo/src/beagle_msgs) by extension 'colcon_pkg'
[0.720s] Level 1:colcon.colcon_core.package_identification:_identify(/home/k/robo/src/beagle_msgs) by extensions ['colcon_meta']
[0.720s] Level 1:colcon.colcon_core.package_identification:_identify(/home/k/robo/src/beagle_msgs) by extension 'colcon_meta'
[0.720s] Level 1:colcon.colcon_core.package_identification:_identify(/home/k/robo/src/beagle_msgs) by extensions ['ros']
[0.720s] Level 1:colcon.colcon_core.package_identification:_identify(/home/k/robo/src/beagle_msgs) by extension 'ros'
[0.721s] DEBUG:colcon.colcon_core.package_identification:Package '/home/k/robo/src/beagle_msgs' with type 'ros.ament_cmake' and name 'beagle_msgs'
[0.721s] Level 1:colcon.colcon_core.package_discovery:discover_packages(recursive) using defaults
