[0.279s] Invoking command in '/home/k/robo/build/beagle_msgs': CMAKE_PREFIX_PATH=${CMAKE_PREFIX_PATH}:/home/k/robo/install/beagle_first_package:/opt/ros/galactic /home/k/.local/bin/cmake --build /home/k/robo/build/beagle_msgs -- -j8 -l8
[0.311s] -- Found ament_cmake: 1.1.6 (/opt/ros/galactic/share/ament_cmake/cmake)
[0.331s] -- Found PythonInterp: /usr/bin/python3 (found suitable version "3.8.10", minimum required is "3") 
[0.331s] -- Using PYTHON_EXECUTABLE: /usr/bin/python3
[0.388s] -- Found rosidl_default_generators: 1.1.1 (/opt/ros/galactic/share/rosidl_default_generators/cmake)
[0.390s] -- Using all available rosidl_typesupport_c: rosidl_typesupport_fastrtps_c;rosidl_typesupport_introspection_c
[0.394s] -- Found rosidl_adapter: 2.2.3 (/opt/ros/galactic/share/rosidl_adapter/cmake)
[0.518s] -- Using all available rosidl_typesupport_cpp: rosidl_typesupport_fastrtps_cpp;rosidl_typesupport_introspection_cpp
[0.559s] -- Found PythonInterp: /usr/bin/python3 (found version "3.8.10") 
[0.715s] [31mCMake Error at /opt/ros/galactic/share/rosidl_adapter/cmake/rosidl_adapt_interfaces.cmake:60 (message):
[0.715s]   execute_process(/usr/bin/python3 -m rosidl_adapter --package-name
[0.715s]   beagle_msgs --arguments-file
[0.715s]   /home/k/robo/build/beagle_msgs/rosidl_adapter__arguments__beagle_msgs.json
[0.715s]   --output-dir /home/k/robo/build/beagle_msgs/rosidl_adapter/beagle_msgs
[0.715s]   --output-file
[0.715s]   /home/k/robo/build/beagle_msgs/rosidl_adapter/beagle_msgs.idls) returned
[0.715s]   error code 1:
[0.715s] 
[0.715s]   Traceback (most recent call last):
[0.715s] 
[0.716s]     File "/usr/lib/python3.8/runpy.py", line 194, in _run_module_as_main
[0.716s]       return _run_code(code, main_globals, None,
[0.716s]     File "/usr/lib/python3.8/runpy.py", line 87, in _run_code
[0.716s]       exec(code, run_globals)
[0.716s]     File "/opt/ros/galactic/lib/python3.8/site-packages/rosidl_adapter/__main__.py", line 19, in <module>
[0.717s]       sys.exit(main())
[0.718s]     File "/opt/ros/galactic/lib/python3.8/site-packages/rosidl_adapter/main.py", line 53, in main
[0.718s]       abs_idl_file = convert_to_idl(
[0.718s]     File "/opt/ros/galactic/lib/python3.8/site-packages/rosidl_adapter/__init__.py", line 24, in convert_to_idl
[0.718s]       return convert_srv_to_idl(
[0.718s]     File "/opt/ros/galactic/lib/python3.8/site-packages/rosidl_adapter/srv/__init__.py", line 28, in convert_srv_to_idl
[0.718s]       srv = parse_service_string(package_name, input_file.stem, content)
[0.719s]     File "/opt/ros/galactic/lib/python3.8/site-packages/rosidl_adapter/parser.py", line 843, in parse_service_string
[0.719s]       raise InvalidServiceSpecification(
[0.719s] 
[0.719s]   rosidl_adapter.parser.InvalidServiceSpecification: Could not find separator
[0.719s]   '---' between request and response
[0.719s] 
[0.719s] Call Stack (most recent call first):
[0.719s]   /opt/ros/galactic/share/rosidl_cmake/cmake/rosidl_generate_interfaces.cmake:130 (rosidl_adapt_interfaces)
[0.719s]   CMakeLists.txt:14 (rosidl_generate_interfaces)
[0.719s] 
[0.719s] [0m
[0.720s] -- Configuring incomplete, errors occurred!
[0.720s] make: *** [Makefile:935: cmake_check_build_system] Error 1
[0.720s] Invoked command in '/home/k/robo/build/beagle_msgs' returned '2': CMAKE_PREFIX_PATH=${CMAKE_PREFIX_PATH}:/home/k/robo/install/beagle_first_package:/opt/ros/galactic /home/k/.local/bin/cmake --build /home/k/robo/build/beagle_msgs -- -j8 -l8
