[  2%] Built target beagle_msgs__cpp
[ 12%] Built target beagle_msgs__rosidl_generator_c
[ 55%] Built target beagle_msgs__rosidl_typesupport_c
[ 55%] Built target beagle_msgs__rosidl_typesupport_introspection_c
[ 55%] Built target beagle_msgs__rosidl_typesupport_introspection_cpp
[ 55%] Built target beagle_msgs__rosidl_typesupport_cpp
[ 65%] Built target beagle_msgs__rosidl_typesupport_fastrtps_cpp
[ 76%] Built target beagle_msgs__rosidl_typesupport_fastrtps_c
[ 76%] Built target beagle_msgs
[ 78%] Built target beagle_msgs__py
[ 87%] Built target beagle_msgs__python
[ 97%] Built target beagle_msgs__rosidl_typesupport_fastrtps_c__pyext
[ 97%] Built target beagle_msgs__rosidl_typesupport_c__pyext
[100%] Built target beagle_msgs__rosidl_typesupport_introspection_c__pyext
-- Install configuration: ""
-- Up-to-date: /home/k/robo/install/beagle_msgs/share/ament_index/resource_index/rosidl_interfaces/beagle_msgs
-- Up-to-date: /home/k/robo/install/beagle_msgs/include/beagle_msgs
-- Up-to-date: /home/k/robo/install/beagle_msgs/include/beagle_msgs/msg
-- Up-to-date: /home/k/robo/install/beagle_msgs/include/beagle_msgs/msg/positioncmd.h
-- Up-to-date: /home/k/robo/install/beagle_msgs/include/beagle_msgs/msg/detail
-- Up-to-date: /home/k/robo/install/beagle_msgs/include/beagle_msgs/msg/detail/cmd_and_pose_vel__type_support.h
-- Up-to-date: /home/k/robo/install/beagle_msgs/include/beagle_msgs/msg/detail/positioncmd__type_support.h
-- Up-to-date: /home/k/robo/install/beagle_msgs/include/beagle_msgs/msg/detail/position_cmd__type_support.h
-- Up-to-date: /home/k/robo/install/beagle_msgs/include/beagle_msgs/msg/detail/positioncmd__struct.h
-- Up-to-date: /home/k/robo/install/beagle_msgs/include/beagle_msgs/msg/detail/positioncmd__functions.c
-- Up-to-date: /home/k/robo/install/beagle_msgs/include/beagle_msgs/msg/detail/cmd_and_pose_vel__functions.c
-- Up-to-date: /home/k/robo/install/beagle_msgs/include/beagle_msgs/msg/detail/position_cmd__functions.c
-- Up-to-date: /home/k/robo/install/beagle_msgs/include/beagle_msgs/msg/detail/position_cmd__functions.h
-- Up-to-date: /home/k/robo/install/beagle_msgs/include/beagle_msgs/msg/detail/positioncmd__functions.h
-- Up-to-date: /home/k/robo/install/beagle_msgs/include/beagle_msgs/msg/detail/cmd_and_pose_vel__struct.h
-- Up-to-date: /home/k/robo/install/beagle_msgs/include/beagle_msgs/msg/detail/cmd_and_pose_vel__functions.h
-- Up-to-date: /home/k/robo/install/beagle_msgs/include/beagle_msgs/msg/detail/position_cmd__struct.h
-- Up-to-date: /home/k/robo/install/beagle_msgs/include/beagle_msgs/msg/position_cmd.h
-- Up-to-date: /home/k/robo/install/beagle_msgs/include/beagle_msgs/msg/cmd_and_pose_vel.h
-- Up-to-date: /home/k/robo/install/beagle_msgs/include/beagle_msgs/msg/rosidl_generator_c__visibility_control.h
-- Up-to-date: /home/k/robo/install/beagle_msgs/include/beagle_msgs/action
-- Up-to-date: /home/k/robo/install/beagle_msgs/include/beagle_msgs/action/detail
-- Up-to-date: /home/k/robo/install/beagle_msgs/include/beagle_msgs/action/detail/distbeagle__struct.h
-- Up-to-date: /home/k/robo/install/beagle_msgs/include/beagle_msgs/action/detail/distbeagle__functions.c
-- Up-to-date: /home/k/robo/install/beagle_msgs/include/beagle_msgs/action/detail/distbeagle__functions.h
-- Up-to-date: /home/k/robo/install/beagle_msgs/include/beagle_msgs/action/detail/distbeagle__type_support.h
-- Up-to-date: /home/k/robo/install/beagle_msgs/include/beagle_msgs/action/distbeagle.h
-- Up-to-date: /home/k/robo/install/beagle_msgs/include/beagle_msgs/srv
-- Up-to-date: /home/k/robo/install/beagle_msgs/include/beagle_msgs/srv/beagleposition.h
-- Up-to-date: /home/k/robo/install/beagle_msgs/include/beagle_msgs/srv/detail
-- Up-to-date: /home/k/robo/install/beagle_msgs/include/beagle_msgs/srv/detail/beagleposition__functions.h
-- Up-to-date: /home/k/robo/install/beagle_msgs/include/beagle_msgs/srv/detail/beagleposition__type_support.h
-- Up-to-date: /home/k/robo/install/beagle_msgs/include/beagle_msgs/srv/detail/beagleposition__functions.c
-- Up-to-date: /home/k/robo/install/beagle_msgs/include/beagle_msgs/srv/detail/beagleposition__struct.h
-- Up-to-date: /home/k/robo/install/beagle_msgs/share/beagle_msgs/environment/library_path.sh
-- Up-to-date: /home/k/robo/install/beagle_msgs/share/beagle_msgs/environment/library_path.dsv
-- Up-to-date: /home/k/robo/install/beagle_msgs/lib/libbeagle_msgs__rosidl_generator_c.so
-- Up-to-date: /home/k/robo/install/beagle_msgs/include/beagle_msgs
-- Up-to-date: /home/k/robo/install/beagle_msgs/include/beagle_msgs/msg
-- Up-to-date: /home/k/robo/install/beagle_msgs/include/beagle_msgs/msg/rosidl_typesupport_fastrtps_c__visibility_control.h
-- Up-to-date: /home/k/robo/install/beagle_msgs/include/beagle_msgs/msg/detail
-- Up-to-date: /home/k/robo/install/beagle_msgs/include/beagle_msgs/msg/detail/position_cmd__rosidl_typesupport_fastrtps_c.h
-- Up-to-date: /home/k/robo/install/beagle_msgs/include/beagle_msgs/msg/detail/positioncmd__rosidl_typesupport_fastrtps_c.h
-- Up-to-date: /home/k/robo/install/beagle_msgs/include/beagle_msgs/msg/detail/cmd_and_pose_vel__rosidl_typesupport_fastrtps_c.h
-- Up-to-date: /home/k/robo/install/beagle_msgs/include/beagle_msgs/action
-- Up-to-date: /home/k/robo/install/beagle_msgs/include/beagle_msgs/action/detail
-- Up-to-date: /home/k/robo/install/beagle_msgs/include/beagle_msgs/action/detail/distbeagle__rosidl_typesupport_fastrtps_c.h
-- Up-to-date: /home/k/robo/install/beagle_msgs/include/beagle_msgs/srv
-- Up-to-date: /home/k/robo/install/beagle_msgs/include/beagle_msgs/srv/detail
-- Up-to-date: /home/k/robo/install/beagle_msgs/include/beagle_msgs/srv/detail/beagleposition__rosidl_typesupport_fastrtps_c.h
-- Up-to-date: /home/k/robo/install/beagle_msgs/lib/libbeagle_msgs__rosidl_typesupport_fastrtps_c.so
-- Up-to-date: /home/k/robo/install/beagle_msgs/include/beagle_msgs
-- Up-to-date: /home/k/robo/install/beagle_msgs/include/beagle_msgs/msg
-- Up-to-date: /home/k/robo/install/beagle_msgs/include/beagle_msgs/msg/detail
-- Up-to-date: /home/k/robo/install/beagle_msgs/include/beagle_msgs/msg/detail/positioncmd__rosidl_typesupport_fastrtps_cpp.hpp
-- Up-to-date: /home/k/robo/install/beagle_msgs/include/beagle_msgs/msg/detail/dds_fastrtps
-- Up-to-date: /home/k/robo/install/beagle_msgs/include/beagle_msgs/msg/detail/position_cmd__rosidl_typesupport_fastrtps_cpp.hpp
-- Up-to-date: /home/k/robo/install/beagle_msgs/include/beagle_msgs/msg/detail/cmd_and_pose_vel__rosidl_typesupport_fastrtps_cpp.hpp
-- Up-to-date: /home/k/robo/install/beagle_msgs/include/beagle_msgs/msg/rosidl_typesupport_fastrtps_cpp__visibility_control.h
-- Up-to-date: /home/k/robo/install/beagle_msgs/include/beagle_msgs/action
-- Up-to-date: /home/k/robo/install/beagle_msgs/include/beagle_msgs/action/detail
-- Up-to-date: /home/k/robo/install/beagle_msgs/include/beagle_msgs/action/detail/dds_fastrtps
-- Up-to-date: /home/k/robo/install/beagle_msgs/include/beagle_msgs/action/detail/distbeagle__rosidl_typesupport_fastrtps_cpp.hpp
-- Up-to-date: /home/k/robo/install/beagle_msgs/include/beagle_msgs/srv
-- Up-to-date: /home/k/robo/install/beagle_msgs/include/beagle_msgs/srv/detail
-- Up-to-date: /home/k/robo/install/beagle_msgs/include/beagle_msgs/srv/detail/dds_fastrtps
-- Up-to-date: /home/k/robo/install/beagle_msgs/include/beagle_msgs/srv/detail/beagleposition__rosidl_typesupport_fastrtps_cpp.hpp
-- Up-to-date: /home/k/robo/install/beagle_msgs/lib/libbeagle_msgs__rosidl_typesupport_fastrtps_cpp.so
-- Up-to-date: /home/k/robo/install/beagle_msgs/include/beagle_msgs
-- Up-to-date: /home/k/robo/install/beagle_msgs/include/beagle_msgs/msg
-- Up-to-date: /home/k/robo/install/beagle_msgs/include/beagle_msgs/msg/detail
-- Up-to-date: /home/k/robo/install/beagle_msgs/include/beagle_msgs/msg/detail/positioncmd__rosidl_typesupport_introspection_c.h
-- Up-to-date: /home/k/robo/install/beagle_msgs/include/beagle_msgs/msg/detail/positioncmd__type_support.c
-- Up-to-date: /home/k/robo/install/beagle_msgs/include/beagle_msgs/msg/detail/cmd_and_pose_vel__type_support.c
-- Up-to-date: /home/k/robo/install/beagle_msgs/include/beagle_msgs/msg/detail/cmd_and_pose_vel__rosidl_typesupport_introspection_c.h
-- Up-to-date: /home/k/robo/install/beagle_msgs/include/beagle_msgs/msg/detail/position_cmd__rosidl_typesupport_introspection_c.h
-- Up-to-date: /home/k/robo/install/beagle_msgs/include/beagle_msgs/msg/detail/position_cmd__type_support.c
-- Up-to-date: /home/k/robo/install/beagle_msgs/include/beagle_msgs/msg/rosidl_typesupport_introspection_c__visibility_control.h
-- Up-to-date: /home/k/robo/install/beagle_msgs/include/beagle_msgs/action
-- Up-to-date: /home/k/robo/install/beagle_msgs/include/beagle_msgs/action/detail
-- Up-to-date: /home/k/robo/install/beagle_msgs/include/beagle_msgs/action/detail/distbeagle__rosidl_typesupport_introspection_c.h
-- Up-to-date: /home/k/robo/install/beagle_msgs/include/beagle_msgs/action/detail/distbeagle__type_support.c
-- Up-to-date: /home/k/robo/install/beagle_msgs/include/beagle_msgs/srv
-- Up-to-date: /home/k/robo/install/beagle_msgs/include/beagle_msgs/srv/detail
-- Up-to-date: /home/k/robo/install/beagle_msgs/include/beagle_msgs/srv/detail/beagleposition__rosidl_typesupport_introspection_c.h
-- Up-to-date: /home/k/robo/install/beagle_msgs/include/beagle_msgs/srv/detail/beagleposition__type_support.c
-- Up-to-date: /home/k/robo/install/beagle_msgs/lib/libbeagle_msgs__rosidl_typesupport_introspection_c.so
-- Up-to-date: /home/k/robo/install/beagle_msgs/lib/libbeagle_msgs__rosidl_typesupport_c.so
-- Up-to-date: /home/k/robo/install/beagle_msgs/include/beagle_msgs
-- Up-to-date: /home/k/robo/install/beagle_msgs/include/beagle_msgs/msg
-- Up-to-date: /home/k/robo/install/beagle_msgs/include/beagle_msgs/msg/detail
-- Up-to-date: /home/k/robo/install/beagle_msgs/include/beagle_msgs/msg/detail/position_cmd__builder.hpp
-- Up-to-date: /home/k/robo/install/beagle_msgs/include/beagle_msgs/msg/detail/position_cmd__struct.hpp
-- Up-to-date: /home/k/robo/install/beagle_msgs/include/beagle_msgs/msg/detail/cmd_and_pose_vel__struct.hpp
-- Up-to-date: /home/k/robo/install/beagle_msgs/include/beagle_msgs/msg/detail/cmd_and_pose_vel__builder.hpp
-- Up-to-date: /home/k/robo/install/beagle_msgs/include/beagle_msgs/msg/detail/positioncmd__traits.hpp
-- Up-to-date: /home/k/robo/install/beagle_msgs/include/beagle_msgs/msg/detail/positioncmd__struct.hpp
-- Up-to-date: /home/k/robo/install/beagle_msgs/include/beagle_msgs/msg/detail/position_cmd__traits.hpp
-- Up-to-date: /home/k/robo/install/beagle_msgs/include/beagle_msgs/msg/detail/cmd_and_pose_vel__traits.hpp
-- Up-to-date: /home/k/robo/install/beagle_msgs/include/beagle_msgs/msg/detail/positioncmd__builder.hpp
-- Up-to-date: /home/k/robo/install/beagle_msgs/include/beagle_msgs/msg/position_cmd.hpp
-- Up-to-date: /home/k/robo/install/beagle_msgs/include/beagle_msgs/msg/positioncmd.hpp
-- Up-to-date: /home/k/robo/install/beagle_msgs/include/beagle_msgs/msg/cmd_and_pose_vel.hpp
-- Up-to-date: /home/k/robo/install/beagle_msgs/include/beagle_msgs/action
-- Up-to-date: /home/k/robo/install/beagle_msgs/include/beagle_msgs/action/distbeagle.hpp
-- Up-to-date: /home/k/robo/install/beagle_msgs/include/beagle_msgs/action/detail
-- Up-to-date: /home/k/robo/install/beagle_msgs/include/beagle_msgs/action/detail/distbeagle__builder.hpp
-- Up-to-date: /home/k/robo/install/beagle_msgs/include/beagle_msgs/action/detail/distbeagle__struct.hpp
-- Up-to-date: /home/k/robo/install/beagle_msgs/include/beagle_msgs/action/detail/distbeagle__traits.hpp
-- Up-to-date: /home/k/robo/install/beagle_msgs/include/beagle_msgs/srv
-- Up-to-date: /home/k/robo/install/beagle_msgs/include/beagle_msgs/srv/detail
-- Up-to-date: /home/k/robo/install/beagle_msgs/include/beagle_msgs/srv/detail/beagleposition__traits.hpp
-- Up-to-date: /home/k/robo/install/beagle_msgs/include/beagle_msgs/srv/detail/beagleposition__builder.hpp
-- Up-to-date: /home/k/robo/install/beagle_msgs/include/beagle_msgs/srv/detail/beagleposition__struct.hpp
-- Up-to-date: /home/k/robo/install/beagle_msgs/include/beagle_msgs/srv/beagleposition.hpp
-- Up-to-date: /home/k/robo/install/beagle_msgs/include/beagle_msgs
-- Up-to-date: /home/k/robo/install/beagle_msgs/include/beagle_msgs/msg
-- Up-to-date: /home/k/robo/install/beagle_msgs/include/beagle_msgs/msg/detail
-- Up-to-date: /home/k/robo/install/beagle_msgs/include/beagle_msgs/msg/detail/position_cmd__type_support.cpp
-- Up-to-date: /home/k/robo/install/beagle_msgs/include/beagle_msgs/msg/detail/positioncmd__type_support.cpp
-- Up-to-date: /home/k/robo/install/beagle_msgs/include/beagle_msgs/msg/detail/cmd_and_pose_vel__type_support.cpp
-- Up-to-date: /home/k/robo/install/beagle_msgs/include/beagle_msgs/msg/detail/position_cmd__rosidl_typesupport_introspection_cpp.hpp
-- Up-to-date: /home/k/robo/install/beagle_msgs/include/beagle_msgs/msg/detail/cmd_and_pose_vel__rosidl_typesupport_introspection_cpp.hpp
-- Up-to-date: /home/k/robo/install/beagle_msgs/include/beagle_msgs/msg/detail/positioncmd__rosidl_typesupport_introspection_cpp.hpp
-- Up-to-date: /home/k/robo/install/beagle_msgs/include/beagle_msgs/action
-- Up-to-date: /home/k/robo/install/beagle_msgs/include/beagle_msgs/action/detail
-- Up-to-date: /home/k/robo/install/beagle_msgs/include/beagle_msgs/action/detail/distbeagle__type_support.cpp
-- Up-to-date: /home/k/robo/install/beagle_msgs/include/beagle_msgs/action/detail/distbeagle__rosidl_typesupport_introspection_cpp.hpp
-- Up-to-date: /home/k/robo/install/beagle_msgs/include/beagle_msgs/srv
-- Up-to-date: /home/k/robo/install/beagle_msgs/include/beagle_msgs/srv/detail
-- Up-to-date: /home/k/robo/install/beagle_msgs/include/beagle_msgs/srv/detail/beagleposition__rosidl_typesupport_introspection_cpp.hpp
-- Up-to-date: /home/k/robo/install/beagle_msgs/include/beagle_msgs/srv/detail/beagleposition__type_support.cpp
-- Up-to-date: /home/k/robo/install/beagle_msgs/lib/libbeagle_msgs__rosidl_typesupport_introspection_cpp.so
-- Up-to-date: /home/k/robo/install/beagle_msgs/lib/libbeagle_msgs__rosidl_typesupport_cpp.so
-- Up-to-date: /home/k/robo/install/beagle_msgs/share/beagle_msgs/environment/pythonpath.sh
-- Up-to-date: /home/k/robo/install/beagle_msgs/share/beagle_msgs/environment/pythonpath.dsv
-- Up-to-date: /home/k/robo/install/beagle_msgs/lib/python3.8/site-packages/beagle_msgs/__init__.py
-- Up-to-date: /home/k/robo/install/beagle_msgs/lib/python3.8/site-packages/beagle_msgs/msg
-- Up-to-date: /home/k/robo/install/beagle_msgs/lib/python3.8/site-packages/beagle_msgs/msg/_position_cmd.py
-- Up-to-date: /home/k/robo/install/beagle_msgs/lib/python3.8/site-packages/beagle_msgs/msg/__init__.py
-- Up-to-date: /home/k/robo/install/beagle_msgs/lib/python3.8/site-packages/beagle_msgs/msg/_positioncmd.py
-- Up-to-date: /home/k/robo/install/beagle_msgs/lib/python3.8/site-packages/beagle_msgs/msg/_position_cmd_s.c
-- Up-to-date: /home/k/robo/install/beagle_msgs/lib/python3.8/site-packages/beagle_msgs/msg/_cmd_and_pose_vel.py
-- Up-to-date: /home/k/robo/install/beagle_msgs/lib/python3.8/site-packages/beagle_msgs/msg/_positioncmd_s.c
-- Up-to-date: /home/k/robo/install/beagle_msgs/lib/python3.8/site-packages/beagle_msgs/msg/_cmd_and_pose_vel_s.c
-- Up-to-date: /home/k/robo/install/beagle_msgs/lib/python3.8/site-packages/beagle_msgs/action
-- Up-to-date: /home/k/robo/install/beagle_msgs/lib/python3.8/site-packages/beagle_msgs/action/__init__.py
-- Up-to-date: /home/k/robo/install/beagle_msgs/lib/python3.8/site-packages/beagle_msgs/action/_distbeagle.py
-- Up-to-date: /home/k/robo/install/beagle_msgs/lib/python3.8/site-packages/beagle_msgs/action/_distbeagle_s.c
-- Up-to-date: /home/k/robo/install/beagle_msgs/lib/python3.8/site-packages/beagle_msgs/srv
-- Up-to-date: /home/k/robo/install/beagle_msgs/lib/python3.8/site-packages/beagle_msgs/srv/_beagleposition_s.c
-- Up-to-date: /home/k/robo/install/beagle_msgs/lib/python3.8/site-packages/beagle_msgs/srv/__init__.py
-- Up-to-date: /home/k/robo/install/beagle_msgs/lib/python3.8/site-packages/beagle_msgs/srv/_beagleposition.py
-- Up-to-date: /home/k/robo/install/beagle_msgs/lib/python3.8/site-packages/beagle_msgs/beagle_msgs_s__rosidl_typesupport_fastrtps_c.cpython-38-x86_64-linux-gnu.so
-- Up-to-date: /home/k/robo/install/beagle_msgs/lib/python3.8/site-packages/beagle_msgs/beagle_msgs_s__rosidl_typesupport_introspection_c.cpython-38-x86_64-linux-gnu.so
-- Up-to-date: /home/k/robo/install/beagle_msgs/lib/python3.8/site-packages/beagle_msgs/beagle_msgs_s__rosidl_typesupport_c.cpython-38-x86_64-linux-gnu.so
-- Up-to-date: /home/k/robo/install/beagle_msgs/lib/libbeagle_msgs__python.so
-- Up-to-date: /home/k/robo/install/beagle_msgs/share/beagle_msgs/msg/CmdAndPoseVel.idl
-- Up-to-date: /home/k/robo/install/beagle_msgs/share/beagle_msgs/action/Distbeagle.idl
-- Up-to-date: /home/k/robo/install/beagle_msgs/share/beagle_msgs/srv/Beagleposition.idl
-- Up-to-date: /home/k/robo/install/beagle_msgs/share/beagle_msgs/msg/CmdAndPoseVel.msg
-- Up-to-date: /home/k/robo/install/beagle_msgs/share/beagle_msgs/action/Distbeagle.action
-- Up-to-date: /home/k/robo/install/beagle_msgs/share/beagle_msgs/srv/Beagleposition.srv
-- Up-to-date: /home/k/robo/install/beagle_msgs/share/beagle_msgs/srv/Beagleposition_Request.msg
-- Up-to-date: /home/k/robo/install/beagle_msgs/share/beagle_msgs/srv/Beagleposition_Response.msg
-- Up-to-date: /home/k/robo/install/beagle_msgs/share/ament_index/resource_index/package_run_dependencies/beagle_msgs
-- Up-to-date: /home/k/robo/install/beagle_msgs/share/ament_index/resource_index/parent_prefix_path/beagle_msgs
-- Up-to-date: /home/k/robo/install/beagle_msgs/share/beagle_msgs/environment/ament_prefix_path.sh
-- Up-to-date: /home/k/robo/install/beagle_msgs/share/beagle_msgs/environment/ament_prefix_path.dsv
-- Up-to-date: /home/k/robo/install/beagle_msgs/share/beagle_msgs/environment/path.sh
-- Up-to-date: /home/k/robo/install/beagle_msgs/share/beagle_msgs/environment/path.dsv
-- Up-to-date: /home/k/robo/install/beagle_msgs/share/beagle_msgs/local_setup.bash
-- Up-to-date: /home/k/robo/install/beagle_msgs/share/beagle_msgs/local_setup.sh
-- Up-to-date: /home/k/robo/install/beagle_msgs/share/beagle_msgs/local_setup.zsh
-- Up-to-date: /home/k/robo/install/beagle_msgs/share/beagle_msgs/local_setup.dsv
-- Installing: /home/k/robo/install/beagle_msgs/share/beagle_msgs/package.dsv
-- Up-to-date: /home/k/robo/install/beagle_msgs/share/ament_index/resource_index/packages/beagle_msgs
-- Up-to-date: /home/k/robo/install/beagle_msgs/share/beagle_msgs/cmake/beagle_msgs__rosidl_generator_cExport.cmake
-- Up-to-date: /home/k/robo/install/beagle_msgs/share/beagle_msgs/cmake/beagle_msgs__rosidl_generator_cExport-noconfig.cmake
-- Up-to-date: /home/k/robo/install/beagle_msgs/share/beagle_msgs/cmake/beagle_msgs__rosidl_typesupport_introspection_cExport.cmake
-- Up-to-date: /home/k/robo/install/beagle_msgs/share/beagle_msgs/cmake/beagle_msgs__rosidl_typesupport_introspection_cExport-noconfig.cmake
-- Up-to-date: /home/k/robo/install/beagle_msgs/share/beagle_msgs/cmake/beagle_msgs__rosidl_typesupport_cExport.cmake
-- Up-to-date: /home/k/robo/install/beagle_msgs/share/beagle_msgs/cmake/beagle_msgs__rosidl_typesupport_cExport-noconfig.cmake
-- Up-to-date: /home/k/robo/install/beagle_msgs/share/beagle_msgs/cmake/beagle_msgs__rosidl_generator_cppExport.cmake
-- Up-to-date: /home/k/robo/install/beagle_msgs/share/beagle_msgs/cmake/beagle_msgs__rosidl_typesupport_introspection_cppExport.cmake
-- Up-to-date: /home/k/robo/install/beagle_msgs/share/beagle_msgs/cmake/beagle_msgs__rosidl_typesupport_introspection_cppExport-noconfig.cmake
-- Up-to-date: /home/k/robo/install/beagle_msgs/share/beagle_msgs/cmake/beagle_msgs__rosidl_typesupport_cppExport.cmake
-- Up-to-date: /home/k/robo/install/beagle_msgs/share/beagle_msgs/cmake/beagle_msgs__rosidl_typesupport_cppExport-noconfig.cmake
-- Up-to-date: /home/k/robo/install/beagle_msgs/share/beagle_msgs/cmake/rosidl_cmake-extras.cmake
-- Up-to-date: /home/k/robo/install/beagle_msgs/share/beagle_msgs/cmake/ament_cmake_export_dependencies-extras.cmake
-- Up-to-date: /home/k/robo/install/beagle_msgs/share/beagle_msgs/cmake/ament_cmake_export_libraries-extras.cmake
-- Up-to-date: /home/k/robo/install/beagle_msgs/share/beagle_msgs/cmake/ament_cmake_export_targets-extras.cmake
-- Up-to-date: /home/k/robo/install/beagle_msgs/share/beagle_msgs/cmake/ament_cmake_export_include_directories-extras.cmake
-- Up-to-date: /home/k/robo/install/beagle_msgs/share/beagle_msgs/cmake/rosidl_cmake_export_typesupport_libraries-extras.cmake
-- Up-to-date: /home/k/robo/install/beagle_msgs/share/beagle_msgs/cmake/rosidl_cmake_export_typesupport_targets-extras.cmake
-- Up-to-date: /home/k/robo/install/beagle_msgs/share/beagle_msgs/cmake/beagle_msgsConfig.cmake
-- Up-to-date: /home/k/robo/install/beagle_msgs/share/beagle_msgs/cmake/beagle_msgsConfig-version.cmake
-- Up-to-date: /home/k/robo/install/beagle_msgs/share/beagle_msgs/package.xml
