[0.700s] Invoking command in '/home/k/robo/src/beagle_first_package': PYTHONPATH=/home/k/robo/build/beagle_first_package/prefix_override:/home/k/robo/install/beagle_first_package/lib/python3.8/site-packages:${PYTHONPATH} /usr/bin/python3 setup.py egg_info --egg-base ../../build/beagle_first_package build --build-base /home/k/robo/build/beagle_first_package/build install --record /home/k/robo/build/beagle_first_package/install.log --single-version-externally-managed
[0.948s] running egg_info
[0.958s] writing ../../build/beagle_first_package/beagle_first_package.egg-info/PKG-INFO
[0.958s] writing dependency_links to ../../build/beagle_first_package/beagle_first_package.egg-info/dependency_links.txt
[0.958s] writing entry points to ../../build/beagle_first_package/beagle_first_package.egg-info/entry_points.txt
[0.959s] writing requirements to ../../build/beagle_first_package/beagle_first_package.egg-info/requires.txt
[0.959s] writing top-level names to ../../build/beagle_first_package/beagle_first_package.egg-info/top_level.txt
[0.986s] reading manifest file '../../build/beagle_first_package/beagle_first_package.egg-info/SOURCES.txt'
[0.987s] writing manifest file '../../build/beagle_first_package/beagle_first_package.egg-info/SOURCES.txt'
[0.987s] running build
[0.987s] running build_py
[0.987s] copying beagle_first_package/beagle_first_pub.py -> /home/k/robo/build/beagle_first_package/build/lib/beagle_first_package
[0.987s] running install
[0.987s] /home/k/.local/lib/python3.8/site-packages/setuptools/command/install.py:34: SetuptoolsDeprecationWarning: setup.py install is deprecated. Use build and pip and other standards-based tools.
[0.987s]   warnings.warn(
[0.991s] running install_lib
[1.000s] copying /home/k/robo/build/beagle_first_package/build/lib/beagle_first_package/beagle_first_pub.py -> /home/k/robo/install/beagle_first_package/lib/python3.8/site-packages/beagle_first_package
[1.000s] byte-compiling /home/k/robo/install/beagle_first_package/lib/python3.8/site-packages/beagle_first_package/beagle_first_pub.py to beagle_first_pub.cpython-38.pyc
[1.001s] running install_data
[1.011s] running install_egg_info
[1.022s] removing '/home/k/robo/install/beagle_first_package/lib/python3.8/site-packages/beagle_first_package-0.0.0-py3.8.egg-info' (and everything under it)
[1.022s] Copying ../../build/beagle_first_package/beagle_first_package.egg-info to /home/k/robo/install/beagle_first_package/lib/python3.8/site-packages/beagle_first_package-0.0.0-py3.8.egg-info
[1.022s] running install_scripts
[1.060s] Installing beagle_first_node script to /home/k/robo/install/beagle_first_package/lib/beagle_first_package
[1.060s] Installing beagle_first_pub script to /home/k/robo/install/beagle_first_package/lib/beagle_first_package
[1.060s] Installing beagle_first_sub script to /home/k/robo/install/beagle_first_package/lib/beagle_first_package
[1.060s] writing list of installed files to '/home/k/robo/build/beagle_first_package/install.log'
[1.093s] Invoked command in '/home/k/robo/src/beagle_first_package' returned '0': PYTHONPATH=/home/k/robo/build/beagle_first_package/prefix_override:/home/k/robo/install/beagle_first_package/lib/python3.8/site-packages:${PYTHONPATH} /usr/bin/python3 setup.py egg_info --egg-base ../../build/beagle_first_package build --build-base /home/k/robo/build/beagle_first_package/build install --record /home/k/robo/build/beagle_first_package/install.log --single-version-externally-managed
