[0.276s] Invoking command in '/home/k/robo/build/beagle_msgs': CMAKE_PREFIX_PATH=${CMAKE_PREFIX_PATH}:/home/k/robo/install/beagle_first_package:/opt/ros/galactic /home/k/.local/bin/cmake --build /home/k/robo/build/beagle_msgs -- -j8 -l8
[0.304s] -- Found ament_cmake: 1.1.6 (/opt/ros/galactic/share/ament_cmake/cmake)
[0.320s] -- Found PythonInterp: /usr/bin/python3 (found suitable version "3.8.10", minimum required is "3") 
[0.321s] -- Using PYTHON_EXECUTABLE: /usr/bin/python3
[0.368s] -- Found rosidl_default_generators: 1.1.1 (/opt/ros/galactic/share/rosidl_default_generators/cmake)
[0.369s] -- Using all available rosidl_typesupport_c: rosidl_typesupport_fastrtps_c;rosidl_typesupport_introspection_c
[0.371s] -- Found rosidl_adapter: 2.2.3 (/opt/ros/galactic/share/rosidl_adapter/cmake)
[0.468s] -- Using all available rosidl_typesupport_cpp: rosidl_typesupport_fastrtps_cpp;rosidl_typesupport_introspection_cpp
[0.502s] -- Found PythonInterp: /usr/bin/python3 (found version "3.8.10") 
[0.578s] -- Found ament_cmake_ros: 0.9.2 (/opt/ros/galactic/share/ament_cmake_ros/cmake)
[0.644s] -- Using all available rosidl_typesupport_c: rosidl_typesupport_fastrtps_c;rosidl_typesupport_introspection_c
[0.648s] -- Using all available rosidl_typesupport_cpp: rosidl_typesupport_fastrtps_cpp;rosidl_typesupport_introspection_cpp
[0.663s] -- Found PythonInterp: /usr/bin/python3 (found suitable version "3.8.10", minimum required is "3.5") 
[0.664s] -- Found python_cmake_module: 0.8.1 (/opt/ros/galactic/share/python_cmake_module/cmake)
[0.679s] -- Using PYTHON_EXECUTABLE: /usr/bin/python3
[0.679s] -- Using PYTHON_INCLUDE_DIRS: /usr/include/python3.8
[0.679s] -- Using PYTHON_LIBRARIES: /usr/lib/x86_64-linux-gnu/libpython3.8.so
[0.688s] -- Found ament_lint_auto: 0.10.7 (/opt/ros/galactic/share/ament_lint_auto/cmake)
[0.694s] -- Added test 'copyright' to check source files copyright and LICENSE
[0.695s] -- Added test 'lint_cmake' to check CMake code style
[0.695s] -- Added test 'xmllint' to check XML markup files
[0.696s] -- Configuring done (0.4s)
[0.715s] -- Generating done (0.0s)
[0.716s] -- Build files have been written to: /home/k/robo/build/beagle_msgs
[0.725s] [  3%] [34m[1mGenerating C code for ROS interfaces[0m
[0.727s] [  6%] [34m[1mGenerating C++ code for ROS interfaces[0m
[0.876s] [  9%] [32mBuilding C object CMakeFiles/beagle_msgs__rosidl_generator_c.dir/rosidl_generator_c/beagle_msgs/msg/detail/cmd_and_pose_vel__functions.c.o[0m
[0.897s] [  9%] Built target beagle_msgs__cpp
[0.900s] [ 12%] [34m[1mGenerating C++ type support dispatch for ROS interfaces[0m
[0.900s] [ 16%] [34m[1mGenerating C++ type support for eProsima Fast-RTPS[0m
[0.901s] [ 19%] [34m[1mGenerating C++ introspection for ROS interfaces[0m
[0.904s] [ 22%] [32m[1mLinking C shared library libbeagle_msgs__rosidl_generator_c.so[0m
[0.926s] [ 22%] Built target beagle_msgs__rosidl_generator_c
[0.929s] [ 29%] [34m[1mGenerating C type support dispatch for ROS interfaces[0m
[0.929s] [ 29%] [34m[1mGenerating C introspection for ROS interfaces[0m
[1.062s] [ 32%] [32mBuilding CXX object CMakeFiles/beagle_msgs__rosidl_typesupport_introspection_cpp.dir/rosidl_typesupport_introspection_cpp/beagle_msgs/msg/detail/cmd_and_pose_vel__type_support.cpp.o[0m
[1.156s] [ 35%] [32mBuilding CXX object CMakeFiles/beagle_msgs__rosidl_typesupport_cpp.dir/rosidl_typesupport_cpp/beagle_msgs/msg/cmd_and_pose_vel__type_support.cpp.o[0m
[1.158s] [ 38%] [32mBuilding CXX object CMakeFiles/beagle_msgs__rosidl_typesupport_c.dir/rosidl_typesupport_c/beagle_msgs/msg/cmd_and_pose_vel__type_support.cpp.o[0m
[1.159s] [ 41%] [32mBuilding CXX object CMakeFiles/beagle_msgs__rosidl_typesupport_fastrtps_cpp.dir/rosidl_typesupport_fastrtps_cpp/beagle_msgs/msg/detail/dds_fastrtps/cmd_and_pose_vel__type_support.cpp.o[0m
[1.184s] [ 45%] [32m[1mLinking CXX shared library libbeagle_msgs__rosidl_typesupport_c.so[0m
[1.185s] [ 48%] [32mBuilding C object CMakeFiles/beagle_msgs__rosidl_typesupport_introspection_c.dir/rosidl_typesupport_introspection_c/beagle_msgs/msg/detail/cmd_and_pose_vel__type_support.c.o[0m
[1.210s] [ 48%] Built target beagle_msgs__rosidl_typesupport_c
[1.215s] [ 51%] [32m[1mLinking C shared library libbeagle_msgs__rosidl_typesupport_introspection_c.so[0m
[1.228s] [ 51%] Built target beagle_msgs__rosidl_typesupport_introspection_c
[1.289s] [ 54%] [32m[1mLinking CXX shared library libbeagle_msgs__rosidl_typesupport_introspection_cpp.so[0m
[1.310s] [ 54%] Built target beagle_msgs__rosidl_typesupport_introspection_cpp
[1.412s] [ 58%] [32m[1mLinking CXX shared library libbeagle_msgs__rosidl_typesupport_cpp.so[0m
[1.430s] [ 58%] Built target beagle_msgs__rosidl_typesupport_cpp
[1.452s] [ 61%] [32m[1mLinking CXX shared library libbeagle_msgs__rosidl_typesupport_fastrtps_cpp.so[0m
[1.501s] [ 61%] Built target beagle_msgs__rosidl_typesupport_fastrtps_cpp
[1.503s] [ 64%] [34m[1mGenerating C type support for eProsima Fast-RTPS[0m
[1.641s] [ 67%] [32mBuilding CXX object CMakeFiles/beagle_msgs__rosidl_typesupport_fastrtps_c.dir/rosidl_typesupport_fastrtps_c/beagle_msgs/msg/detail/cmd_and_pose_vel__type_support_c.cpp.o[0m
[1.842s] [ 70%] [32m[1mLinking CXX shared library libbeagle_msgs__rosidl_typesupport_fastrtps_c.so[0m
[1.892s] [ 70%] Built target beagle_msgs__rosidl_typesupport_fastrtps_c
[1.898s] [ 70%] Built target beagle_msgs
[1.903s] [ 74%] [34m[1mGenerating Python code for ROS interfaces[0m
[2.114s] [ 74%] Built target beagle_msgs__py
[2.119s] [ 77%] [32mBuilding C object CMakeFiles/beagle_msgs__python.dir/rosidl_generator_py/beagle_msgs/msg/_cmd_and_pose_vel_s.c.o[0m
[2.169s] [ 80%] [32m[1mLinking C shared library rosidl_generator_py/beagle_msgs/libbeagle_msgs__python.so[0m
[2.186s] [ 80%] Built target beagle_msgs__python
[2.194s] [ 87%] [32mBuilding C object CMakeFiles/beagle_msgs__rosidl_typesupport_c__pyext.dir/rosidl_generator_py/beagle_msgs/_beagle_msgs_s.ep.rosidl_typesupport_c.c.o[0m
[2.194s] [ 87%] [32mBuilding C object CMakeFiles/beagle_msgs__rosidl_typesupport_introspection_c__pyext.dir/rosidl_generator_py/beagle_msgs/_beagle_msgs_s.ep.rosidl_typesupport_introspection_c.c.o[0m
[2.194s] [ 90%] [32mBuilding C object CMakeFiles/beagle_msgs__rosidl_typesupport_fastrtps_c__pyext.dir/rosidl_generator_py/beagle_msgs/_beagle_msgs_s.ep.rosidl_typesupport_fastrtps_c.c.o[0m
[2.241s] [ 96%] [32m[1mLinking C shared library rosidl_generator_py/beagle_msgs/beagle_msgs_s__rosidl_typesupport_c.cpython-38-x86_64-linux-gnu.so[0m
[2.241s] [ 96%] [32m[1mLinking C shared library rosidl_generator_py/beagle_msgs/beagle_msgs_s__rosidl_typesupport_introspection_c.cpython-38-x86_64-linux-gnu.so[0m
[2.241s] [100%] [32m[1mLinking CXX shared library rosidl_generator_py/beagle_msgs/beagle_msgs_s__rosidl_typesupport_fastrtps_c.cpython-38-x86_64-linux-gnu.so[0m
[2.255s] [100%] Built target beagle_msgs__rosidl_typesupport_introspection_c__pyext
[2.255s] [100%] Built target beagle_msgs__rosidl_typesupport_c__pyext
[2.277s] [100%] Built target beagle_msgs__rosidl_typesupport_fastrtps_c__pyext
[2.285s] Invoked command in '/home/k/robo/build/beagle_msgs' returned '0': CMAKE_PREFIX_PATH=${CMAKE_PREFIX_PATH}:/home/k/robo/install/beagle_first_package:/opt/ros/galactic /home/k/.local/bin/cmake --build /home/k/robo/build/beagle_msgs -- -j8 -l8
[2.354s] Invoking command in '/home/k/robo/build/beagle_msgs': CMAKE_PREFIX_PATH=${CMAKE_PREFIX_PATH}:/home/k/robo/install/beagle_first_package:/opt/ros/galactic /home/k/.local/bin/cmake --install /home/k/robo/build/beagle_msgs
[2.373s] -- Install configuration: ""
[2.374s] -- Installing: /home/k/robo/install/beagle_msgs/share/ament_index/resource_index/rosidl_interfaces/beagle_msgs
[2.374s] -- Up-to-date: /home/k/robo/install/beagle_msgs/include/beagle_msgs
[2.374s] -- Up-to-date: /home/k/robo/install/beagle_msgs/include/beagle_msgs/msg
[2.374s] -- Up-to-date: /home/k/robo/install/beagle_msgs/include/beagle_msgs/msg/positioncmd.h
[2.374s] -- Up-to-date: /home/k/robo/install/beagle_msgs/include/beagle_msgs/msg/detail
[2.374s] -- Installing: /home/k/robo/install/beagle_msgs/include/beagle_msgs/msg/detail/cmd_and_pose_vel__type_support.h
[2.374s] -- Up-to-date: /home/k/robo/install/beagle_msgs/include/beagle_msgs/msg/detail/positioncmd__type_support.h
[2.374s] -- Up-to-date: /home/k/robo/install/beagle_msgs/include/beagle_msgs/msg/detail/position_cmd__type_support.h
[2.374s] -- Up-to-date: /home/k/robo/install/beagle_msgs/include/beagle_msgs/msg/detail/positioncmd__struct.h
[2.374s] -- Up-to-date: /home/k/robo/install/beagle_msgs/include/beagle_msgs/msg/detail/positioncmd__functions.c
[2.374s] -- Installing: /home/k/robo/install/beagle_msgs/include/beagle_msgs/msg/detail/cmd_and_pose_vel__functions.c
[2.374s] -- Up-to-date: /home/k/robo/install/beagle_msgs/include/beagle_msgs/msg/detail/position_cmd__functions.c
[2.374s] -- Up-to-date: /home/k/robo/install/beagle_msgs/include/beagle_msgs/msg/detail/position_cmd__functions.h
[2.374s] -- Up-to-date: /home/k/robo/install/beagle_msgs/include/beagle_msgs/msg/detail/positioncmd__functions.h
[2.374s] -- Installing: /home/k/robo/install/beagle_msgs/include/beagle_msgs/msg/detail/cmd_and_pose_vel__struct.h
[2.374s] -- Installing: /home/k/robo/install/beagle_msgs/include/beagle_msgs/msg/detail/cmd_and_pose_vel__functions.h
[2.374s] -- Up-to-date: /home/k/robo/install/beagle_msgs/include/beagle_msgs/msg/detail/position_cmd__struct.h
[2.374s] -- Up-to-date: /home/k/robo/install/beagle_msgs/include/beagle_msgs/msg/position_cmd.h
[2.374s] -- Installing: /home/k/robo/install/beagle_msgs/include/beagle_msgs/msg/cmd_and_pose_vel.h
[2.374s] -- Up-to-date: /home/k/robo/install/beagle_msgs/include/beagle_msgs/msg/rosidl_generator_c__visibility_control.h
[2.374s] -- Up-to-date: /home/k/robo/install/beagle_msgs/share/beagle_msgs/environment/library_path.sh
[2.375s] -- Installing: /home/k/robo/install/beagle_msgs/share/beagle_msgs/environment/library_path.dsv
[2.375s] -- Installing: /home/k/robo/install/beagle_msgs/lib/libbeagle_msgs__rosidl_generator_c.so
[2.375s] -- Set runtime path of "/home/k/robo/install/beagle_msgs/lib/libbeagle_msgs__rosidl_generator_c.so" to ""
[2.375s] -- Up-to-date: /home/k/robo/install/beagle_msgs/include/beagle_msgs
[2.375s] -- Up-to-date: /home/k/robo/install/beagle_msgs/include/beagle_msgs/msg
[2.375s] -- Up-to-date: /home/k/robo/install/beagle_msgs/include/beagle_msgs/msg/rosidl_typesupport_fastrtps_c__visibility_control.h
[2.375s] -- Up-to-date: /home/k/robo/install/beagle_msgs/include/beagle_msgs/msg/detail
[2.375s] -- Up-to-date: /home/k/robo/install/beagle_msgs/include/beagle_msgs/msg/detail/position_cmd__rosidl_typesupport_fastrtps_c.h
[2.375s] -- Up-to-date: /home/k/robo/install/beagle_msgs/include/beagle_msgs/msg/detail/positioncmd__rosidl_typesupport_fastrtps_c.h
[2.375s] -- Installing: /home/k/robo/install/beagle_msgs/include/beagle_msgs/msg/detail/cmd_and_pose_vel__rosidl_typesupport_fastrtps_c.h
[2.375s] -- Installing: /home/k/robo/install/beagle_msgs/lib/libbeagle_msgs__rosidl_typesupport_fastrtps_c.so
[2.375s] -- Set runtime path of "/home/k/robo/install/beagle_msgs/lib/libbeagle_msgs__rosidl_typesupport_fastrtps_c.so" to ""
[2.375s] -- Up-to-date: /home/k/robo/install/beagle_msgs/include/beagle_msgs
[2.375s] -- Up-to-date: /home/k/robo/install/beagle_msgs/include/beagle_msgs/msg
[2.375s] -- Up-to-date: /home/k/robo/install/beagle_msgs/include/beagle_msgs/msg/detail
[2.375s] -- Up-to-date: /home/k/robo/install/beagle_msgs/include/beagle_msgs/msg/detail/positioncmd__rosidl_typesupport_fastrtps_cpp.hpp
[2.375s] -- Up-to-date: /home/k/robo/install/beagle_msgs/include/beagle_msgs/msg/detail/dds_fastrtps
[2.375s] -- Up-to-date: /home/k/robo/install/beagle_msgs/include/beagle_msgs/msg/detail/position_cmd__rosidl_typesupport_fastrtps_cpp.hpp
[2.375s] -- Installing: /home/k/robo/install/beagle_msgs/include/beagle_msgs/msg/detail/cmd_and_pose_vel__rosidl_typesupport_fastrtps_cpp.hpp
[2.375s] -- Up-to-date: /home/k/robo/install/beagle_msgs/include/beagle_msgs/msg/rosidl_typesupport_fastrtps_cpp__visibility_control.h
[2.375s] -- Installing: /home/k/robo/install/beagle_msgs/lib/libbeagle_msgs__rosidl_typesupport_fastrtps_cpp.so
[2.375s] -- Set runtime path of "/home/k/robo/install/beagle_msgs/lib/libbeagle_msgs__rosidl_typesupport_fastrtps_cpp.so" to ""
[2.375s] -- Up-to-date: /home/k/robo/install/beagle_msgs/include/beagle_msgs
[2.375s] -- Up-to-date: /home/k/robo/install/beagle_msgs/include/beagle_msgs/msg
[2.376s] -- Up-to-date: /home/k/robo/install/beagle_msgs/include/beagle_msgs/msg/detail
[2.376s] -- Up-to-date: /home/k/robo/install/beagle_msgs/include/beagle_msgs/msg/detail/positioncmd__rosidl_typesupport_introspection_c.h
[2.376s] -- Up-to-date: /home/k/robo/install/beagle_msgs/include/beagle_msgs/msg/detail/positioncmd__type_support.c
[2.376s] -- Installing: /home/k/robo/install/beagle_msgs/include/beagle_msgs/msg/detail/cmd_and_pose_vel__type_support.c
[2.376s] -- Installing: /home/k/robo/install/beagle_msgs/include/beagle_msgs/msg/detail/cmd_and_pose_vel__rosidl_typesupport_introspection_c.h
[2.376s] -- Up-to-date: /home/k/robo/install/beagle_msgs/include/beagle_msgs/msg/detail/position_cmd__rosidl_typesupport_introspection_c.h
[2.376s] -- Up-to-date: /home/k/robo/install/beagle_msgs/include/beagle_msgs/msg/detail/position_cmd__type_support.c
[2.376s] -- Up-to-date: /home/k/robo/install/beagle_msgs/include/beagle_msgs/msg/rosidl_typesupport_introspection_c__visibility_control.h
[2.376s] -- Installing: /home/k/robo/install/beagle_msgs/lib/libbeagle_msgs__rosidl_typesupport_introspection_c.so
[2.376s] -- Set runtime path of "/home/k/robo/install/beagle_msgs/lib/libbeagle_msgs__rosidl_typesupport_introspection_c.so" to ""
[2.376s] -- Installing: /home/k/robo/install/beagle_msgs/lib/libbeagle_msgs__rosidl_typesupport_c.so
[2.376s] -- Set runtime path of "/home/k/robo/install/beagle_msgs/lib/libbeagle_msgs__rosidl_typesupport_c.so" to ""
[2.376s] -- Up-to-date: /home/k/robo/install/beagle_msgs/include/beagle_msgs
[2.376s] -- Up-to-date: /home/k/robo/install/beagle_msgs/include/beagle_msgs/msg
[2.376s] -- Up-to-date: /home/k/robo/install/beagle_msgs/include/beagle_msgs/msg/detail
[2.376s] -- Up-to-date: /home/k/robo/install/beagle_msgs/include/beagle_msgs/msg/detail/position_cmd__builder.hpp
[2.376s] -- Up-to-date: /home/k/robo/install/beagle_msgs/include/beagle_msgs/msg/detail/position_cmd__struct.hpp
[2.376s] -- Installing: /home/k/robo/install/beagle_msgs/include/beagle_msgs/msg/detail/cmd_and_pose_vel__struct.hpp
[2.376s] -- Installing: /home/k/robo/install/beagle_msgs/include/beagle_msgs/msg/detail/cmd_and_pose_vel__builder.hpp
[2.376s] -- Up-to-date: /home/k/robo/install/beagle_msgs/include/beagle_msgs/msg/detail/positioncmd__traits.hpp
[2.376s] -- Up-to-date: /home/k/robo/install/beagle_msgs/include/beagle_msgs/msg/detail/positioncmd__struct.hpp
[2.376s] -- Up-to-date: /home/k/robo/install/beagle_msgs/include/beagle_msgs/msg/detail/position_cmd__traits.hpp
[2.376s] -- Installing: /home/k/robo/install/beagle_msgs/include/beagle_msgs/msg/detail/cmd_and_pose_vel__traits.hpp
[2.376s] -- Up-to-date: /home/k/robo/install/beagle_msgs/include/beagle_msgs/msg/detail/positioncmd__builder.hpp
[2.377s] -- Up-to-date: /home/k/robo/install/beagle_msgs/include/beagle_msgs/msg/position_cmd.hpp
[2.377s] -- Up-to-date: /home/k/robo/install/beagle_msgs/include/beagle_msgs/msg/positioncmd.hpp
[2.377s] -- Installing: /home/k/robo/install/beagle_msgs/include/beagle_msgs/msg/cmd_and_pose_vel.hpp
[2.377s] -- Up-to-date: /home/k/robo/install/beagle_msgs/include/beagle_msgs
[2.377s] -- Up-to-date: /home/k/robo/install/beagle_msgs/include/beagle_msgs/msg
[2.377s] -- Up-to-date: /home/k/robo/install/beagle_msgs/include/beagle_msgs/msg/detail
[2.377s] -- Up-to-date: /home/k/robo/install/beagle_msgs/include/beagle_msgs/msg/detail/position_cmd__type_support.cpp
[2.377s] -- Up-to-date: /home/k/robo/install/beagle_msgs/include/beagle_msgs/msg/detail/positioncmd__type_support.cpp
[2.377s] -- Installing: /home/k/robo/install/beagle_msgs/include/beagle_msgs/msg/detail/cmd_and_pose_vel__type_support.cpp
[2.377s] -- Up-to-date: /home/k/robo/install/beagle_msgs/include/beagle_msgs/msg/detail/position_cmd__rosidl_typesupport_introspection_cpp.hpp
[2.377s] -- Installing: /home/k/robo/install/beagle_msgs/include/beagle_msgs/msg/detail/cmd_and_pose_vel__rosidl_typesupport_introspection_cpp.hpp
[2.377s] -- Up-to-date: /home/k/robo/install/beagle_msgs/include/beagle_msgs/msg/detail/positioncmd__rosidl_typesupport_introspection_cpp.hpp
[2.377s] -- Installing: /home/k/robo/install/beagle_msgs/lib/libbeagle_msgs__rosidl_typesupport_introspection_cpp.so
[2.377s] -- Set runtime path of "/home/k/robo/install/beagle_msgs/lib/libbeagle_msgs__rosidl_typesupport_introspection_cpp.so" to ""
[2.377s] -- Installing: /home/k/robo/install/beagle_msgs/lib/libbeagle_msgs__rosidl_typesupport_cpp.so
[2.377s] -- Set runtime path of "/home/k/robo/install/beagle_msgs/lib/libbeagle_msgs__rosidl_typesupport_cpp.so" to ""
[2.377s] -- Up-to-date: /home/k/robo/install/beagle_msgs/share/beagle_msgs/environment/pythonpath.sh
[2.377s] -- Installing: /home/k/robo/install/beagle_msgs/share/beagle_msgs/environment/pythonpath.dsv
[2.377s] -- Installing: /home/k/robo/install/beagle_msgs/lib/python3.8/site-packages/beagle_msgs/__init__.py
[2.397s] Compiling '/home/k/robo/install/beagle_msgs/lib/python3.8/site-packages/beagle_msgs/__init__.py'...
[2.400s] -- Up-to-date: /home/k/robo/install/beagle_msgs/lib/python3.8/site-packages/beagle_msgs/msg
[2.400s] -- Up-to-date: /home/k/robo/install/beagle_msgs/lib/python3.8/site-packages/beagle_msgs/msg/_position_cmd.py
[2.400s] -- Installing: /home/k/robo/install/beagle_msgs/lib/python3.8/site-packages/beagle_msgs/msg/__init__.py
[2.400s] -- Up-to-date: /home/k/robo/install/beagle_msgs/lib/python3.8/site-packages/beagle_msgs/msg/_positioncmd.py
[2.400s] -- Up-to-date: /home/k/robo/install/beagle_msgs/lib/python3.8/site-packages/beagle_msgs/msg/_position_cmd_s.c
[2.400s] -- Installing: /home/k/robo/install/beagle_msgs/lib/python3.8/site-packages/beagle_msgs/msg/_cmd_and_pose_vel.py
[2.400s] -- Up-to-date: /home/k/robo/install/beagle_msgs/lib/python3.8/site-packages/beagle_msgs/msg/_positioncmd_s.c
[2.400s] -- Installing: /home/k/robo/install/beagle_msgs/lib/python3.8/site-packages/beagle_msgs/msg/_cmd_and_pose_vel_s.c
[2.400s] -- Installing: /home/k/robo/install/beagle_msgs/lib/python3.8/site-packages/beagle_msgs/beagle_msgs_s__rosidl_typesupport_fastrtps_c.cpython-38-x86_64-linux-gnu.so
[2.400s] -- Set runtime path of "/home/k/robo/install/beagle_msgs/lib/python3.8/site-packages/beagle_msgs/beagle_msgs_s__rosidl_typesupport_fastrtps_c.cpython-38-x86_64-linux-gnu.so" to ""
[2.400s] -- Installing: /home/k/robo/install/beagle_msgs/lib/python3.8/site-packages/beagle_msgs/beagle_msgs_s__rosidl_typesupport_introspection_c.cpython-38-x86_64-linux-gnu.so
[2.401s] -- Set runtime path of "/home/k/robo/install/beagle_msgs/lib/python3.8/site-packages/beagle_msgs/beagle_msgs_s__rosidl_typesupport_introspection_c.cpython-38-x86_64-linux-gnu.so" to ""
[2.401s] -- Installing: /home/k/robo/install/beagle_msgs/lib/python3.8/site-packages/beagle_msgs/beagle_msgs_s__rosidl_typesupport_c.cpython-38-x86_64-linux-gnu.so
[2.401s] -- Set runtime path of "/home/k/robo/install/beagle_msgs/lib/python3.8/site-packages/beagle_msgs/beagle_msgs_s__rosidl_typesupport_c.cpython-38-x86_64-linux-gnu.so" to ""
[2.401s] -- Installing: /home/k/robo/install/beagle_msgs/lib/libbeagle_msgs__python.so
[2.401s] -- Set runtime path of "/home/k/robo/install/beagle_msgs/lib/libbeagle_msgs__python.so" to ""
[2.401s] -- Installing: /home/k/robo/install/beagle_msgs/share/beagle_msgs/msg/CmdAndPoseVel.idl
[2.401s] -- Installing: /home/k/robo/install/beagle_msgs/share/beagle_msgs/msg/CmdAndPoseVel.msg
[2.401s] -- Up-to-date: /home/k/robo/install/beagle_msgs/share/ament_index/resource_index/package_run_dependencies/beagle_msgs
[2.401s] -- Up-to-date: /home/k/robo/install/beagle_msgs/share/ament_index/resource_index/parent_prefix_path/beagle_msgs
[2.401s] -- Up-to-date: /home/k/robo/install/beagle_msgs/share/beagle_msgs/environment/ament_prefix_path.sh
[2.401s] -- Installing: /home/k/robo/install/beagle_msgs/share/beagle_msgs/environment/ament_prefix_path.dsv
[2.401s] -- Up-to-date: /home/k/robo/install/beagle_msgs/share/beagle_msgs/environment/path.sh
[2.401s] -- Installing: /home/k/robo/install/beagle_msgs/share/beagle_msgs/environment/path.dsv
[2.401s] -- Up-to-date: /home/k/robo/install/beagle_msgs/share/beagle_msgs/local_setup.bash
[2.402s] -- Up-to-date: /home/k/robo/install/beagle_msgs/share/beagle_msgs/local_setup.sh
[2.402s] -- Up-to-date: /home/k/robo/install/beagle_msgs/share/beagle_msgs/local_setup.zsh
[2.402s] -- Installing: /home/k/robo/install/beagle_msgs/share/beagle_msgs/local_setup.dsv
[2.402s] -- Installing: /home/k/robo/install/beagle_msgs/share/beagle_msgs/package.dsv
[2.402s] -- Up-to-date: /home/k/robo/install/beagle_msgs/share/ament_index/resource_index/packages/beagle_msgs
[2.402s] -- Up-to-date: /home/k/robo/install/beagle_msgs/share/beagle_msgs/cmake/beagle_msgs__rosidl_generator_cExport.cmake
[2.402s] -- Up-to-date: /home/k/robo/install/beagle_msgs/share/beagle_msgs/cmake/beagle_msgs__rosidl_generator_cExport-noconfig.cmake
[2.402s] -- Up-to-date: /home/k/robo/install/beagle_msgs/share/beagle_msgs/cmake/beagle_msgs__rosidl_typesupport_introspection_cExport.cmake
[2.402s] -- Up-to-date: /home/k/robo/install/beagle_msgs/share/beagle_msgs/cmake/beagle_msgs__rosidl_typesupport_introspection_cExport-noconfig.cmake
[2.402s] -- Up-to-date: /home/k/robo/install/beagle_msgs/share/beagle_msgs/cmake/beagle_msgs__rosidl_typesupport_cExport.cmake
[2.402s] -- Up-to-date: /home/k/robo/install/beagle_msgs/share/beagle_msgs/cmake/beagle_msgs__rosidl_typesupport_cExport-noconfig.cmake
[2.402s] -- Up-to-date: /home/k/robo/install/beagle_msgs/share/beagle_msgs/cmake/beagle_msgs__rosidl_generator_cppExport.cmake
[2.402s] -- Up-to-date: /home/k/robo/install/beagle_msgs/share/beagle_msgs/cmake/beagle_msgs__rosidl_typesupport_introspection_cppExport.cmake
[2.402s] -- Up-to-date: /home/k/robo/install/beagle_msgs/share/beagle_msgs/cmake/beagle_msgs__rosidl_typesupport_introspection_cppExport-noconfig.cmake
[2.402s] -- Up-to-date: /home/k/robo/install/beagle_msgs/share/beagle_msgs/cmake/beagle_msgs__rosidl_typesupport_cppExport.cmake
[2.402s] -- Up-to-date: /home/k/robo/install/beagle_msgs/share/beagle_msgs/cmake/beagle_msgs__rosidl_typesupport_cppExport-noconfig.cmake
[2.402s] -- Installing: /home/k/robo/install/beagle_msgs/share/beagle_msgs/cmake/rosidl_cmake-extras.cmake
[2.402s] -- Up-to-date: /home/k/robo/install/beagle_msgs/share/beagle_msgs/cmake/ament_cmake_export_dependencies-extras.cmake
[2.402s] -- Up-to-date: /home/k/robo/install/beagle_msgs/share/beagle_msgs/cmake/ament_cmake_export_libraries-extras.cmake
[2.403s] -- Up-to-date: /home/k/robo/install/beagle_msgs/share/beagle_msgs/cmake/ament_cmake_export_targets-extras.cmake
[2.403s] -- Up-to-date: /home/k/robo/install/beagle_msgs/share/beagle_msgs/cmake/ament_cmake_export_include_directories-extras.cmake
[2.403s] -- Up-to-date: /home/k/robo/install/beagle_msgs/share/beagle_msgs/cmake/rosidl_cmake_export_typesupport_libraries-extras.cmake
[2.403s] -- Up-to-date: /home/k/robo/install/beagle_msgs/share/beagle_msgs/cmake/rosidl_cmake_export_typesupport_targets-extras.cmake
[2.403s] -- Up-to-date: /home/k/robo/install/beagle_msgs/share/beagle_msgs/cmake/beagle_msgsConfig.cmake
[2.403s] -- Up-to-date: /home/k/robo/install/beagle_msgs/share/beagle_msgs/cmake/beagle_msgsConfig-version.cmake
[2.403s] -- Up-to-date: /home/k/robo/install/beagle_msgs/share/beagle_msgs/package.xml
[2.410s] Invoked command in '/home/k/robo/build/beagle_msgs' returned '0': CMAKE_PREFIX_PATH=${CMAKE_PREFIX_PATH}:/home/k/robo/install/beagle_first_package:/opt/ros/galactic /home/k/.local/bin/cmake --install /home/k/robo/build/beagle_msgs
