[0.286s] Invoking command in '/home/k/robo/build/beagle_msgs': CMAKE_PREFIX_PATH=/home/k/robo/install/beagle_first_package:/opt/ros/galactic /home/k/.local/bin/cmake /home/k/robo/src/beagle_msgs -DCMAKE_INSTALL_PREFIX=/home/k/robo/install/beagle_msgs
[0.309s] -- Found ament_cmake: 1.1.6 (/opt/ros/galactic/share/ament_cmake/cmake)
[0.326s] -- Found PythonInterp: /usr/bin/python3 (found suitable version "3.8.10", minimum required is "3") 
[0.326s] -- Using PYTHON_EXECUTABLE: /usr/bin/python3
[0.367s] -- Found rosidl_default_generators: 1.1.1 (/opt/ros/galactic/share/rosidl_default_generators/cmake)
[0.368s] -- Using all available rosidl_typesupport_c: rosidl_typesupport_fastrtps_c;rosidl_typesupport_introspection_c
[0.371s] -- Found rosidl_adapter: 2.2.3 (/opt/ros/galactic/share/rosidl_adapter/cmake)
[0.463s] -- Using all available rosidl_typesupport_cpp: rosidl_typesupport_fastrtps_cpp;rosidl_typesupport_introspection_cpp
[0.492s] -- Found PythonInterp: /usr/bin/python3 (found version "3.8.10") 
[0.612s] [31mCMake Error at /opt/ros/galactic/share/rosidl_adapter/cmake/rosidl_adapt_interfaces.cmake:60 (message):
[0.612s]   execute_process(/usr/bin/python3 -m rosidl_adapter --package-name
[0.612s]   beagle_msgs --arguments-file
[0.612s]   /home/k/robo/build/beagle_msgs/rosidl_adapter__arguments__beagle_msgs.json
[0.612s]   --output-dir /home/k/robo/build/beagle_msgs/rosidl_adapter/beagle_msgs
[0.612s]   --output-file
[0.612s]   /home/k/robo/build/beagle_msgs/rosidl_adapter/beagle_msgs.idls) returned
[0.612s]   error code 1:
[0.612s] 
[0.612s]   Traceback (most recent call last):
[0.613s] 
[0.613s]     File "/usr/lib/python3.8/runpy.py", line 194, in _run_module_as_main
[0.613s]       return _run_code(code, main_globals, None,
[0.613s]     File "/usr/lib/python3.8/runpy.py", line 87, in _run_code
[0.613s]       exec(code, run_globals)
[0.613s]     File "/opt/ros/galactic/lib/python3.8/site-packages/rosidl_adapter/__main__.py", line 19, in <module>
[0.613s]       sys.exit(main())
[0.613s]     File "/opt/ros/galactic/lib/python3.8/site-packages/rosidl_adapter/main.py", line 53, in main
[0.613s]       abs_idl_file = convert_to_idl(
[0.613s]     File "/opt/ros/galactic/lib/python3.8/site-packages/rosidl_adapter/__init__.py", line 19, in convert_to_idl
[0.613s]       return convert_msg_to_idl(
[0.613s]     File "/opt/ros/galactic/lib/python3.8/site-packages/rosidl_adapter/msg/__init__.py", line 28, in convert_msg_to_idl
[0.613s]       msg = parse_message_string(package_name, input_file.stem, content)
[0.613s]     File "/opt/ros/galactic/lib/python3.8/site-packages/rosidl_adapter/parser.py", line 540, in parse_message_string
[0.613s]       msg = MessageSpecification(pkg_name, msg_name, fields, constants)
[0.613s]     File "/opt/ros/galactic/lib/python3.8/site-packages/rosidl_adapter/parser.py", line 387, in __init__
[0.613s]       self.base_type = BaseType(
[0.613s]     File "/opt/ros/galactic/lib/python3.8/site-packages/rosidl_adapter/parser.py", line 204, in __init__
[0.613s]       raise InvalidResourceName(
[0.613s] 
[0.613s]   rosidl_adapter.parser.InvalidResourceName: 'beaglecmdposition' is an
[0.613s]   invalid message name.  It should have the pattern '^[A-Z][A-Za-z0-9]*$'
[0.613s] 
[0.613s] Call Stack (most recent call first):
[0.613s]   /opt/ros/galactic/share/rosidl_cmake/cmake/rosidl_generate_interfaces.cmake:130 (rosidl_adapt_interfaces)
[0.613s]   CMakeLists.txt:14 (rosidl_generate_interfaces)
[0.614s] 
[0.614s] [0m
[0.614s] -- Configuring incomplete, errors occurred!
[0.620s] Invoked command in '/home/k/robo/build/beagle_msgs' returned '1': CMAKE_PREFIX_PATH=/home/k/robo/install/beagle_first_package:/opt/ros/galactic /home/k/.local/bin/cmake /home/k/robo/src/beagle_msgs -DCMAKE_INSTALL_PREFIX=/home/k/robo/install/beagle_msgs
