[0.283s] Invoking command in '/home/k/robo/build/beagle_msgs': CMAKE_PREFIX_PATH=${CMAKE_PREFIX_PATH}:/home/k/robo/install/beagle_first_package:/opt/ros/galactic /home/k/.local/bin/cmake --build /home/k/robo/build/beagle_msgs -- -j8 -l8
[0.341s] -- Found ament_cmake: 1.1.6 (/opt/ros/galactic/share/ament_cmake/cmake)
[0.361s] -- Found PythonInterp: /usr/bin/python3 (found suitable version "3.8.10", minimum required is "3") 
[0.361s] -- Using PYTHON_EXECUTABLE: /usr/bin/python3
[0.416s] -- Found rosidl_default_generators: 1.1.1 (/opt/ros/galactic/share/rosidl_default_generators/cmake)
[0.419s] -- Using all available rosidl_typesupport_c: rosidl_typesupport_fastrtps_c;rosidl_typesupport_introspection_c
[0.423s] -- Found rosidl_adapter: 2.2.3 (/opt/ros/galactic/share/rosidl_adapter/cmake)
[0.535s] -- Using all available rosidl_typesupport_cpp: rosidl_typesupport_fastrtps_cpp;rosidl_typesupport_introspection_cpp
[0.572s] -- Found PythonInterp: /usr/bin/python3 (found version "3.8.10") 
[0.707s] [31mCMake Error at /opt/ros/galactic/share/rosidl_adapter/cmake/rosidl_adapt_interfaces.cmake:60 (message):
[0.707s]   execute_process(/usr/bin/python3 -m rosidl_adapter --package-name
[0.707s]   beagle_msgs --arguments-file
[0.708s]   /home/k/robo/build/beagle_msgs/rosidl_adapter__arguments__beagle_msgs.json
[0.708s]   --output-dir /home/k/robo/build/beagle_msgs/rosidl_adapter/beagle_msgs
[0.708s]   --output-file
[0.708s]   /home/k/robo/build/beagle_msgs/rosidl_adapter/beagle_msgs.idls) returned
[0.708s]   error code 1:
[0.708s] 
[0.708s]   Error processing 'string Beagle_sec_position' of
[0.708s]   'beagle_msgs/Beagleposition_Response': ''Beagle_sec_position' is an invalid
[0.708s]   field name.  It should have the pattern
[0.708s]   '^(?!.*__)(?!.*_$)[a-z][a-z0-9_]*$''
[0.708s] 
[0.708s]   Traceback (most recent call last):
[0.708s] 
[0.708s]     File "/usr/lib/python3.8/runpy.py", line 194, in _run_module_as_main
[0.708s]       return _run_code(code, main_globals, None,
[0.708s]     File "/usr/lib/python3.8/runpy.py", line 87, in _run_code
[0.708s]       exec(code, run_globals)
[0.708s]     File "/opt/ros/galactic/lib/python3.8/site-packages/rosidl_adapter/__main__.py", line 19, in <module>
[0.708s]       sys.exit(main())
[0.708s]     File "/opt/ros/galactic/lib/python3.8/site-packages/rosidl_adapter/main.py", line 53, in main
[0.709s]       abs_idl_file = convert_to_idl(
[0.709s]     File "/opt/ros/galactic/lib/python3.8/site-packages/rosidl_adapter/__init__.py", line 24, in convert_to_idl
[0.709s]       return convert_srv_to_idl(
[0.709s]     File "/opt/ros/galactic/lib/python3.8/site-packages/rosidl_adapter/srv/__init__.py", line 28, in convert_srv_to_idl
[0.709s]       srv = parse_service_string(package_name, input_file.stem, content)
[0.709s]     File "/opt/ros/galactic/lib/python3.8/site-packages/rosidl_adapter/parser.py", line 856, in parse_service_string
[0.709s]       response_message = parse_message_string(
[0.709s]     File "/opt/ros/galactic/lib/python3.8/site-packages/rosidl_adapter/parser.py", line 515, in parse_message_string
[0.709s]       fields.append(Field(
[0.709s]     File "/opt/ros/galactic/lib/python3.8/site-packages/rosidl_adapter/parser.py", line 353, in __init__
[0.709s]       raise NameError(
[0.709s] 
[0.709s]   NameError: 'Beagle_sec_position' is an invalid field name.  It should have
[0.709s]   the pattern '^(?!.*__)(?!.*_$)[a-z][a-z0-9_]*$'
[0.709s] 
[0.709s] Call Stack (most recent call first):
[0.709s]   /opt/ros/galactic/share/rosidl_cmake/cmake/rosidl_generate_interfaces.cmake:130 (rosidl_adapt_interfaces)
[0.709s]   CMakeLists.txt:14 (rosidl_generate_interfaces)
[0.709s] 
[0.709s] [0m
[0.709s] -- Configuring incomplete, errors occurred!
[0.713s] make: *** [Makefile:1151: cmake_check_build_system] Error 1
[0.717s] Invoked command in '/home/k/robo/build/beagle_msgs' returned '2': CMAKE_PREFIX_PATH=${CMAKE_PREFIX_PATH}:/home/k/robo/install/beagle_first_package:/opt/ros/galactic /home/k/.local/bin/cmake --build /home/k/robo/build/beagle_msgs -- -j8 -l8
