[0.792s] Invoking command in '/home/k/robo/src/beagle_first_package': PYTHONPATH=/home/k/robo/build/beagle_first_package/prefix_override:/home/k/robo/install/beagle_first_package/lib/python3.8/site-packages:${PYTHONPATH} /usr/bin/python3 setup.py egg_info --egg-base ../../build/beagle_first_package build --build-base /home/k/robo/build/beagle_first_package/build install --record /home/k/robo/build/beagle_first_package/install.log --single-version-externally-managed
[1.045s] running egg_info
[1.055s] writing ../../build/beagle_first_package/beagle_first_package.egg-info/PKG-INFO
[1.055s] writing dependency_links to ../../build/beagle_first_package/beagle_first_package.egg-info/dependency_links.txt
[1.055s] writing entry points to ../../build/beagle_first_package/beagle_first_package.egg-info/entry_points.txt
[1.055s] writing requirements to ../../build/beagle_first_package/beagle_first_package.egg-info/requires.txt
[1.056s] writing top-level names to ../../build/beagle_first_package/beagle_first_package.egg-info/top_level.txt
[1.085s] reading manifest file '../../build/beagle_first_package/beagle_first_package.egg-info/SOURCES.txt'
[1.085s] writing manifest file '../../build/beagle_first_package/beagle_first_package.egg-info/SOURCES.txt'
[1.085s] running build
[1.086s] running build_py
[1.086s] copying beagle_first_package/beagle_first_sub.py -> /home/k/robo/build/beagle_first_package/build/lib/beagle_first_package
[1.086s] running install
[1.086s] /home/k/.local/lib/python3.8/site-packages/setuptools/command/install.py:34: SetuptoolsDeprecationWarning: setup.py install is deprecated. Use build and pip and other standards-based tools.
[1.086s]   warnings.warn(
[1.089s] running install_lib
[1.099s] copying /home/k/robo/build/beagle_first_package/build/lib/beagle_first_package/beagle_first_sub.py -> /home/k/robo/install/beagle_first_package/lib/python3.8/site-packages/beagle_first_package
[1.099s] byte-compiling /home/k/robo/install/beagle_first_package/lib/python3.8/site-packages/beagle_first_package/beagle_first_sub.py to beagle_first_sub.cpython-38.pyc
[1.100s] running install_data
[1.110s] copying launch/beagle_dice.launch.py -> /home/k/robo/install/beagle_first_package/share/beagle_first_package/launch
[1.110s] running install_egg_info
[1.121s] removing '/home/k/robo/install/beagle_first_package/lib/python3.8/site-packages/beagle_first_package-0.0.0-py3.8.egg-info' (and everything under it)
[1.121s] Copying ../../build/beagle_first_package/beagle_first_package.egg-info to /home/k/robo/install/beagle_first_package/lib/python3.8/site-packages/beagle_first_package-0.0.0-py3.8.egg-info
[1.122s] running install_scripts
[1.161s] Installing beagle_action_server script to /home/k/robo/install/beagle_first_package/lib/beagle_first_package
[1.161s] Installing beagle_first_node script to /home/k/robo/install/beagle_first_package/lib/beagle_first_package
[1.161s] Installing beagle_first_pub script to /home/k/robo/install/beagle_first_package/lib/beagle_first_package
[1.161s] Installing beagle_first_sub script to /home/k/robo/install/beagle_first_package/lib/beagle_first_package
[1.162s] writing list of installed files to '/home/k/robo/build/beagle_first_package/install.log'
[1.194s] Invoked command in '/home/k/robo/src/beagle_first_package' returned '0': PYTHONPATH=/home/k/robo/build/beagle_first_package/prefix_override:/home/k/robo/install/beagle_first_package/lib/python3.8/site-packages:${PYTHONPATH} /usr/bin/python3 setup.py egg_info --egg-base ../../build/beagle_first_package build --build-base /home/k/robo/build/beagle_first_package/build install --record /home/k/robo/build/beagle_first_package/install.log --single-version-externally-managed
