running egg_info
writing ../../build/beagle_first_package/beagle_first_package.egg-info/PKG-INFO
writing dependency_links to ../../build/beagle_first_package/beagle_first_package.egg-info/dependency_links.txt
writing entry points to ../../build/beagle_first_package/beagle_first_package.egg-info/entry_points.txt
writing requirements to ../../build/beagle_first_package/beagle_first_package.egg-info/requires.txt
writing top-level names to ../../build/beagle_first_package/beagle_first_package.egg-info/top_level.txt
reading manifest file '../../build/beagle_first_package/beagle_first_package.egg-info/SOURCES.txt'
writing manifest file '../../build/beagle_first_package/beagle_first_package.egg-info/SOURCES.txt'
running build
running build_py
running install
running install_lib
running install_data
copying launch/beagle_dice.launch.py -> /home/k/robo/install/beagle_first_package/share/beagle_first_package/launch
running install_egg_info
removing '/home/k/robo/install/beagle_first_package/lib/python3.8/site-packages/beagle_first_package-0.0.0-py3.8.egg-info' (and everything under it)
Copying ../../build/beagle_first_package/beagle_first_package.egg-info to /home/k/robo/install/beagle_first_package/lib/python3.8/site-packages/beagle_first_package-0.0.0-py3.8.egg-info
running install_scripts
Installing beagle_action_server script to /home/k/robo/install/beagle_first_package/lib/beagle_first_package
Installing beagle_first_node script to /home/k/robo/install/beagle_first_package/lib/beagle_first_package
Installing beagle_first_pub script to /home/k/robo/install/beagle_first_package/lib/beagle_first_package
Installing beagle_first_sub script to /home/k/robo/install/beagle_first_package/lib/beagle_first_package
Installing beagle_service_server script to /home/k/robo/install/beagle_first_package/lib/beagle_first_package
writing list of installed files to '/home/k/robo/build/beagle_first_package/install.log'
