[0.443s] Invoking command in '/home/k/robo/build/beagle_msgs': CMAKE_PREFIX_PATH=${CMAKE_PREFIX_PATH}:/home/k/robo/install/beagle_first_package:/opt/ros/galactic /home/k/.local/bin/cmake --build /home/k/robo/build/beagle_msgs -- -j8 -l8
[0.542s] [ 34%] Built target beagle_msgs__cpp
[0.548s] [ 65%] Built target beagle_msgs__rosidl_generator_c
[0.576s] [ 76%] Built target beagle_msgs__rosidl_typesupport_introspection_c
[0.580s] [ 76%] Built target beagle_msgs__rosidl_typesupport_c
[0.590s] [ 76%] Built target beagle_msgs__rosidl_typesupport_introspection_cpp
[0.599s] [ 78%] Built target beagle_msgs__rosidl_typesupport_cpp
[0.599s] [ 78%] Built target beagle_msgs__rosidl_typesupport_fastrtps_cpp
[0.610s] [ 87%] Built target beagle_msgs__rosidl_typesupport_fastrtps_c
[0.622s] [ 89%] Built target beagle_msgs
[0.629s] Built target beagle_msgs__py
[0.639s] Built target beagle_msgs__python
[0.669s] Built target beagle_msgs__rosidl_typesupport_fastrtps_c__pyext
[0.671s] Built target beagle_msgs__rosidl_typesupport_introspection_c__pyext
[0.672s] Built target beagle_msgs__rosidl_typesupport_c__pyext
[0.683s] Invoked command in '/home/k/robo/build/beagle_msgs' returned '0': CMAKE_PREFIX_PATH=${CMAKE_PREFIX_PATH}:/home/k/robo/install/beagle_first_package:/opt/ros/galactic /home/k/.local/bin/cmake --build /home/k/robo/build/beagle_msgs -- -j8 -l8
[0.902s] Invoking command in '/home/k/robo/build/beagle_msgs': CMAKE_PREFIX_PATH=${CMAKE_PREFIX_PATH}:/home/k/robo/install/beagle_first_package:/opt/ros/galactic /home/k/.local/bin/cmake --install /home/k/robo/build/beagle_msgs
[0.992s] -- Install configuration: ""
[0.993s] -- Up-to-date: /home/k/robo/install/beagle_msgs/share/ament_index/resource_index/rosidl_interfaces/beagle_msgs
[0.994s] -- Up-to-date: /home/k/robo/install/beagle_msgs/include/beagle_msgs
[0.994s] -- Up-to-date: /home/k/robo/install/beagle_msgs/include/beagle_msgs/msg
[1.001s] -- Up-to-date: /home/k/robo/install/beagle_msgs/include/beagle_msgs/msg/positioncmd.h
[1.002s] -- Up-to-date: /home/k/robo/install/beagle_msgs/include/beagle_msgs/msg/detail
[1.002s] -- Up-to-date: /home/k/robo/install/beagle_msgs/include/beagle_msgs/msg/detail/cmd_and_pose_vel__type_support.h
[1.002s] -- Up-to-date: /home/k/robo/install/beagle_msgs/include/beagle_msgs/msg/detail/positioncmd__type_support.h
[1.002s] -- Up-to-date: /home/k/robo/install/beagle_msgs/include/beagle_msgs/msg/detail/position_cmd__type_support.h
[1.002s] -- Up-to-date: /home/k/robo/install/beagle_msgs/include/beagle_msgs/msg/detail/positioncmd__struct.h
[1.002s] -- Up-to-date: /home/k/robo/install/beagle_msgs/include/beagle_msgs/msg/detail/positioncmd__functions.c
[1.002s] -- Up-to-date: /home/k/robo/install/beagle_msgs/include/beagle_msgs/msg/detail/cmd_and_pose_vel__functions.c
[1.002s] -- Up-to-date: /home/k/robo/install/beagle_msgs/include/beagle_msgs/msg/detail/position_cmd__functions.c
[1.002s] -- Up-to-date: /home/k/robo/install/beagle_msgs/include/beagle_msgs/msg/detail/position_cmd__functions.h
[1.002s] -- Up-to-date: /home/k/robo/install/beagle_msgs/include/beagle_msgs/msg/detail/positioncmd__functions.h
[1.002s] -- Up-to-date: /home/k/robo/install/beagle_msgs/include/beagle_msgs/msg/detail/cmd_and_pose_vel__struct.h
[1.003s] -- Up-to-date: /home/k/robo/install/beagle_msgs/include/beagle_msgs/msg/detail/cmd_and_pose_vel__functions.h
[1.003s] -- Up-to-date: /home/k/robo/install/beagle_msgs/include/beagle_msgs/msg/detail/position_cmd__struct.h
[1.003s] -- Up-to-date: /home/k/robo/install/beagle_msgs/include/beagle_msgs/msg/position_cmd.h
[1.003s] -- Up-to-date: /home/k/robo/install/beagle_msgs/include/beagle_msgs/msg/cmd_and_pose_vel.h
[1.003s] -- Up-to-date: /home/k/robo/install/beagle_msgs/include/beagle_msgs/msg/rosidl_generator_c__visibility_control.h
[1.003s] -- Up-to-date: /home/k/robo/install/beagle_msgs/include/beagle_msgs/action
[1.003s] -- Up-to-date: /home/k/robo/install/beagle_msgs/include/beagle_msgs/action/detail
[1.003s] -- Up-to-date: /home/k/robo/install/beagle_msgs/include/beagle_msgs/action/detail/distbeagle__struct.h
[1.003s] -- Up-to-date: /home/k/robo/install/beagle_msgs/include/beagle_msgs/action/detail/distbeagle__functions.c
[1.003s] -- Up-to-date: /home/k/robo/install/beagle_msgs/include/beagle_msgs/action/detail/distbeagle__functions.h
[1.003s] -- Up-to-date: /home/k/robo/install/beagle_msgs/include/beagle_msgs/action/detail/distbeagle__type_support.h
[1.003s] -- Up-to-date: /home/k/robo/install/beagle_msgs/include/beagle_msgs/action/distbeagle.h
[1.004s] -- Up-to-date: /home/k/robo/install/beagle_msgs/include/beagle_msgs/srv
[1.004s] -- Up-to-date: /home/k/robo/install/beagle_msgs/include/beagle_msgs/srv/beagleposition.h
[1.004s] -- Up-to-date: /home/k/robo/install/beagle_msgs/include/beagle_msgs/srv/detail
[1.004s] -- Up-to-date: /home/k/robo/install/beagle_msgs/include/beagle_msgs/srv/detail/beagleposition__functions.h
[1.004s] -- Up-to-date: /home/k/robo/install/beagle_msgs/include/beagle_msgs/srv/detail/beagleposition__type_support.h
[1.004s] -- Up-to-date: /home/k/robo/install/beagle_msgs/include/beagle_msgs/srv/detail/beagleposition__functions.c
[1.004s] -- Up-to-date: /home/k/robo/install/beagle_msgs/include/beagle_msgs/srv/detail/beagleposition__struct.h
[1.004s] -- Up-to-date: /home/k/robo/install/beagle_msgs/share/beagle_msgs/environment/library_path.sh
[1.004s] -- Up-to-date: /home/k/robo/install/beagle_msgs/share/beagle_msgs/environment/library_path.dsv
[1.004s] -- Up-to-date: /home/k/robo/install/beagle_msgs/lib/libbeagle_msgs__rosidl_generator_c.so
[1.004s] -- Up-to-date: /home/k/robo/install/beagle_msgs/include/beagle_msgs
[1.004s] -- Up-to-date: /home/k/robo/install/beagle_msgs/include/beagle_msgs/msg
[1.004s] -- Up-to-date: /home/k/robo/install/beagle_msgs/include/beagle_msgs/msg/rosidl_typesupport_fastrtps_c__visibility_control.h
[1.004s] -- Up-to-date: /home/k/robo/install/beagle_msgs/include/beagle_msgs/msg/detail
[1.004s] -- Up-to-date: /home/k/robo/install/beagle_msgs/include/beagle_msgs/msg/detail/position_cmd__rosidl_typesupport_fastrtps_c.h
[1.004s] -- Up-to-date: /home/k/robo/install/beagle_msgs/include/beagle_msgs/msg/detail/positioncmd__rosidl_typesupport_fastrtps_c.h
[1.004s] -- Up-to-date: /home/k/robo/install/beagle_msgs/include/beagle_msgs/msg/detail/cmd_and_pose_vel__rosidl_typesupport_fastrtps_c.h
[1.005s] -- Up-to-date: /home/k/robo/install/beagle_msgs/include/beagle_msgs/action
[1.005s] -- Up-to-date: /home/k/robo/install/beagle_msgs/include/beagle_msgs/action/detail
[1.005s] -- Up-to-date: /home/k/robo/install/beagle_msgs/include/beagle_msgs/action/detail/distbeagle__rosidl_typesupport_fastrtps_c.h
[1.005s] -- Up-to-date: /home/k/robo/install/beagle_msgs/include/beagle_msgs/srv
[1.005s] -- Up-to-date: /home/k/robo/install/beagle_msgs/include/beagle_msgs/srv/detail
[1.005s] -- Up-to-date: /home/k/robo/install/beagle_msgs/include/beagle_msgs/srv/detail/beagleposition__rosidl_typesupport_fastrtps_c.h
[1.005s] -- Up-to-date: /home/k/robo/install/beagle_msgs/lib/libbeagle_msgs__rosidl_typesupport_fastrtps_c.so
[1.005s] -- Up-to-date: /home/k/robo/install/beagle_msgs/include/beagle_msgs
[1.005s] -- Up-to-date: /home/k/robo/install/beagle_msgs/include/beagle_msgs/msg
[1.005s] -- Up-to-date: /home/k/robo/install/beagle_msgs/include/beagle_msgs/msg/detail
[1.005s] -- Up-to-date: /home/k/robo/install/beagle_msgs/include/beagle_msgs/msg/detail/positioncmd__rosidl_typesupport_fastrtps_cpp.hpp
[1.005s] -- Up-to-date: /home/k/robo/install/beagle_msgs/include/beagle_msgs/msg/detail/dds_fastrtps
[1.005s] -- Up-to-date: /home/k/robo/install/beagle_msgs/include/beagle_msgs/msg/detail/position_cmd__rosidl_typesupport_fastrtps_cpp.hpp
[1.005s] -- Up-to-date: /home/k/robo/install/beagle_msgs/include/beagle_msgs/msg/detail/cmd_and_pose_vel__rosidl_typesupport_fastrtps_cpp.hpp
[1.005s] -- Up-to-date: /home/k/robo/install/beagle_msgs/include/beagle_msgs/msg/rosidl_typesupport_fastrtps_cpp__visibility_control.h
[1.005s] -- Up-to-date: /home/k/robo/install/beagle_msgs/include/beagle_msgs/action
[1.005s] -- Up-to-date: /home/k/robo/install/beagle_msgs/include/beagle_msgs/action/detail
[1.006s] -- Up-to-date: /home/k/robo/install/beagle_msgs/include/beagle_msgs/action/detail/dds_fastrtps
[1.006s] -- Up-to-date: /home/k/robo/install/beagle_msgs/include/beagle_msgs/action/detail/distbeagle__rosidl_typesupport_fastrtps_cpp.hpp
[1.006s] -- Up-to-date: /home/k/robo/install/beagle_msgs/include/beagle_msgs/srv
[1.006s] -- Up-to-date: /home/k/robo/install/beagle_msgs/include/beagle_msgs/srv/detail
[1.006s] -- Up-to-date: /home/k/robo/install/beagle_msgs/include/beagle_msgs/srv/detail/dds_fastrtps
[1.006s] -- Up-to-date: /home/k/robo/install/beagle_msgs/include/beagle_msgs/srv/detail/beagleposition__rosidl_typesupport_fastrtps_cpp.hpp
[1.006s] -- Up-to-date: /home/k/robo/install/beagle_msgs/lib/libbeagle_msgs__rosidl_typesupport_fastrtps_cpp.so
[1.006s] -- Up-to-date: /home/k/robo/install/beagle_msgs/include/beagle_msgs
[1.006s] -- Up-to-date: /home/k/robo/install/beagle_msgs/include/beagle_msgs/msg
[1.006s] -- Up-to-date: /home/k/robo/install/beagle_msgs/include/beagle_msgs/msg/detail
[1.006s] -- Up-to-date: /home/k/robo/install/beagle_msgs/include/beagle_msgs/msg/detail/positioncmd__rosidl_typesupport_introspection_c.h
[1.006s] -- Up-to-date: /home/k/robo/install/beagle_msgs/include/beagle_msgs/msg/detail/positioncmd__type_support.c
[1.006s] -- Up-to-date: /home/k/robo/install/beagle_msgs/include/beagle_msgs/msg/detail/cmd_and_pose_vel__type_support.c
[1.006s] -- Up-to-date: /home/k/robo/install/beagle_msgs/include/beagle_msgs/msg/detail/cmd_and_pose_vel__rosidl_typesupport_introspection_c.h
[1.006s] -- Up-to-date: /home/k/robo/install/beagle_msgs/include/beagle_msgs/msg/detail/position_cmd__rosidl_typesupport_introspection_c.h
[1.007s] -- Up-to-date: /home/k/robo/install/beagle_msgs/include/beagle_msgs/msg/detail/position_cmd__type_support.c
[1.007s] -- Up-to-date: /home/k/robo/install/beagle_msgs/include/beagle_msgs/msg/rosidl_typesupport_introspection_c__visibility_control.h
[1.007s] -- Up-to-date: /home/k/robo/install/beagle_msgs/include/beagle_msgs/action
[1.007s] -- Up-to-date: /home/k/robo/install/beagle_msgs/include/beagle_msgs/action/detail
[1.007s] -- Up-to-date: /home/k/robo/install/beagle_msgs/include/beagle_msgs/action/detail/distbeagle__rosidl_typesupport_introspection_c.h
[1.007s] -- Up-to-date: /home/k/robo/install/beagle_msgs/include/beagle_msgs/action/detail/distbeagle__type_support.c
[1.007s] -- Up-to-date: /home/k/robo/install/beagle_msgs/include/beagle_msgs/srv
[1.007s] -- Up-to-date: /home/k/robo/install/beagle_msgs/include/beagle_msgs/srv/detail
[1.007s] -- Up-to-date: /home/k/robo/install/beagle_msgs/include/beagle_msgs/srv/detail/beagleposition__rosidl_typesupport_introspection_c.h
[1.007s] -- Up-to-date: /home/k/robo/install/beagle_msgs/include/beagle_msgs/srv/detail/beagleposition__type_support.c
[1.007s] -- Up-to-date: /home/k/robo/install/beagle_msgs/lib/libbeagle_msgs__rosidl_typesupport_introspection_c.so
[1.007s] -- Up-to-date: /home/k/robo/install/beagle_msgs/lib/libbeagle_msgs__rosidl_typesupport_c.so
[1.007s] -- Up-to-date: /home/k/robo/install/beagle_msgs/include/beagle_msgs
[1.007s] -- Up-to-date: /home/k/robo/install/beagle_msgs/include/beagle_msgs/msg
[1.007s] -- Up-to-date: /home/k/robo/install/beagle_msgs/include/beagle_msgs/msg/detail
[1.007s] -- Up-to-date: /home/k/robo/install/beagle_msgs/include/beagle_msgs/msg/detail/position_cmd__builder.hpp
[1.008s] -- Up-to-date: /home/k/robo/install/beagle_msgs/include/beagle_msgs/msg/detail/position_cmd__struct.hpp
[1.008s] -- Up-to-date: /home/k/robo/install/beagle_msgs/include/beagle_msgs/msg/detail/cmd_and_pose_vel__struct.hpp
[1.008s] -- Up-to-date: /home/k/robo/install/beagle_msgs/include/beagle_msgs/msg/detail/cmd_and_pose_vel__builder.hpp
[1.008s] -- Up-to-date: /home/k/robo/install/beagle_msgs/include/beagle_msgs/msg/detail/positioncmd__traits.hpp
[1.008s] -- Up-to-date: /home/k/robo/install/beagle_msgs/include/beagle_msgs/msg/detail/positioncmd__struct.hpp
[1.008s] -- Up-to-date: /home/k/robo/install/beagle_msgs/include/beagle_msgs/msg/detail/position_cmd__traits.hpp
[1.008s] -- Up-to-date: /home/k/robo/install/beagle_msgs/include/beagle_msgs/msg/detail/cmd_and_pose_vel__traits.hpp
[1.008s] -- Up-to-date: /home/k/robo/install/beagle_msgs/include/beagle_msgs/msg/detail/positioncmd__builder.hpp
[1.008s] -- Up-to-date: /home/k/robo/install/beagle_msgs/include/beagle_msgs/msg/position_cmd.hpp
[1.008s] -- Up-to-date: /home/k/robo/install/beagle_msgs/include/beagle_msgs/msg/positioncmd.hpp
[1.008s] -- Up-to-date: /home/k/robo/install/beagle_msgs/include/beagle_msgs/msg/cmd_and_pose_vel.hpp
[1.008s] -- Up-to-date: /home/k/robo/install/beagle_msgs/include/beagle_msgs/action
[1.008s] -- Up-to-date: /home/k/robo/install/beagle_msgs/include/beagle_msgs/action/distbeagle.hpp
[1.008s] -- Up-to-date: /home/k/robo/install/beagle_msgs/include/beagle_msgs/action/detail
[1.009s] -- Up-to-date: /home/k/robo/install/beagle_msgs/include/beagle_msgs/action/detail/distbeagle__builder.hpp
[1.009s] -- Up-to-date: /home/k/robo/install/beagle_msgs/include/beagle_msgs/action/detail/distbeagle__struct.hpp
[1.009s] -- Up-to-date: /home/k/robo/install/beagle_msgs/include/beagle_msgs/action/detail/distbeagle__traits.hpp
[1.009s] -- Up-to-date: /home/k/robo/install/beagle_msgs/include/beagle_msgs/srv
[1.009s] -- Up-to-date: /home/k/robo/install/beagle_msgs/include/beagle_msgs/srv/detail
[1.009s] -- Up-to-date: /home/k/robo/install/beagle_msgs/include/beagle_msgs/srv/detail/beagleposition__traits.hpp
[1.009s] -- Up-to-date: /home/k/robo/install/beagle_msgs/include/beagle_msgs/srv/detail/beagleposition__builder.hpp
[1.009s] -- Up-to-date: /home/k/robo/install/beagle_msgs/include/beagle_msgs/srv/detail/beagleposition__struct.hpp
[1.009s] -- Up-to-date: /home/k/robo/install/beagle_msgs/include/beagle_msgs/srv/beagleposition.hpp
[1.009s] -- Up-to-date: /home/k/robo/install/beagle_msgs/include/beagle_msgs
[1.009s] -- Up-to-date: /home/k/robo/install/beagle_msgs/include/beagle_msgs/msg
[1.010s] -- Up-to-date: /home/k/robo/install/beagle_msgs/include/beagle_msgs/msg/detail
[1.010s] -- Up-to-date: /home/k/robo/install/beagle_msgs/include/beagle_msgs/msg/detail/position_cmd__type_support.cpp
[1.010s] -- Up-to-date: /home/k/robo/install/beagle_msgs/include/beagle_msgs/msg/detail/positioncmd__type_support.cpp
[1.010s] -- Up-to-date: /home/k/robo/install/beagle_msgs/include/beagle_msgs/msg/detail/cmd_and_pose_vel__type_support.cpp
[1.010s] -- Up-to-date: /home/k/robo/install/beagle_msgs/include/beagle_msgs/msg/detail/position_cmd__rosidl_typesupport_introspection_cpp.hpp
[1.010s] -- Up-to-date: /home/k/robo/install/beagle_msgs/include/beagle_msgs/msg/detail/cmd_and_pose_vel__rosidl_typesupport_introspection_cpp.hpp
[1.010s] -- Up-to-date: /home/k/robo/install/beagle_msgs/include/beagle_msgs/msg/detail/positioncmd__rosidl_typesupport_introspection_cpp.hpp
[1.010s] -- Up-to-date: /home/k/robo/install/beagle_msgs/include/beagle_msgs/action
[1.010s] -- Up-to-date: /home/k/robo/install/beagle_msgs/include/beagle_msgs/action/detail
[1.010s] -- Up-to-date: /home/k/robo/install/beagle_msgs/include/beagle_msgs/action/detail/distbeagle__type_support.cpp
[1.010s] -- Up-to-date: /home/k/robo/install/beagle_msgs/include/beagle_msgs/action/detail/distbeagle__rosidl_typesupport_introspection_cpp.hpp
[1.010s] -- Up-to-date: /home/k/robo/install/beagle_msgs/include/beagle_msgs/srv
[1.010s] -- Up-to-date: /home/k/robo/install/beagle_msgs/include/beagle_msgs/srv/detail
[1.010s] -- Up-to-date: /home/k/robo/install/beagle_msgs/include/beagle_msgs/srv/detail/beagleposition__rosidl_typesupport_introspection_cpp.hpp
[1.010s] -- Up-to-date: /home/k/robo/install/beagle_msgs/include/beagle_msgs/srv/detail/beagleposition__type_support.cpp
[1.010s] -- Up-to-date: /home/k/robo/install/beagle_msgs/lib/libbeagle_msgs__rosidl_typesupport_introspection_cpp.so
[1.011s] -- Up-to-date: /home/k/robo/install/beagle_msgs/lib/libbeagle_msgs__rosidl_typesupport_cpp.so
[1.011s] -- Up-to-date: /home/k/robo/install/beagle_msgs/share/beagle_msgs/environment/pythonpath.sh
[1.011s] -- Up-to-date: /home/k/robo/install/beagle_msgs/share/beagle_msgs/environment/pythonpath.dsv
[1.011s] -- Up-to-date: /home/k/robo/install/beagle_msgs/lib/python3.8/site-packages/beagle_msgs/__init__.py
[1.011s] -- Up-to-date: /home/k/robo/install/beagle_msgs/lib/python3.8/site-packages/beagle_msgs/msg
[1.011s] -- Up-to-date: /home/k/robo/install/beagle_msgs/lib/python3.8/site-packages/beagle_msgs/msg/_position_cmd.py
[1.011s] -- Up-to-date: /home/k/robo/install/beagle_msgs/lib/python3.8/site-packages/beagle_msgs/msg/__init__.py
[1.011s] -- Up-to-date: /home/k/robo/install/beagle_msgs/lib/python3.8/site-packages/beagle_msgs/msg/_positioncmd.py
[1.011s] -- Up-to-date: /home/k/robo/install/beagle_msgs/lib/python3.8/site-packages/beagle_msgs/msg/_position_cmd_s.c
[1.011s] -- Up-to-date: /home/k/robo/install/beagle_msgs/lib/python3.8/site-packages/beagle_msgs/msg/_cmd_and_pose_vel.py
[1.011s] -- Up-to-date: /home/k/robo/install/beagle_msgs/lib/python3.8/site-packages/beagle_msgs/msg/_positioncmd_s.c
[1.011s] -- Up-to-date: /home/k/robo/install/beagle_msgs/lib/python3.8/site-packages/beagle_msgs/msg/_cmd_and_pose_vel_s.c
[1.011s] -- Up-to-date: /home/k/robo/install/beagle_msgs/lib/python3.8/site-packages/beagle_msgs/action
[1.011s] -- Up-to-date: /home/k/robo/install/beagle_msgs/lib/python3.8/site-packages/beagle_msgs/action/__init__.py
[1.011s] -- Up-to-date: /home/k/robo/install/beagle_msgs/lib/python3.8/site-packages/beagle_msgs/action/_distbeagle.py
[1.012s] -- Up-to-date: /home/k/robo/install/beagle_msgs/lib/python3.8/site-packages/beagle_msgs/action/_distbeagle_s.c
[1.012s] -- Up-to-date: /home/k/robo/install/beagle_msgs/lib/python3.8/site-packages/beagle_msgs/srv
[1.012s] -- Up-to-date: /home/k/robo/install/beagle_msgs/lib/python3.8/site-packages/beagle_msgs/srv/_beagleposition_s.c
[1.012s] -- Up-to-date: /home/k/robo/install/beagle_msgs/lib/python3.8/site-packages/beagle_msgs/srv/__init__.py
[1.012s] -- Up-to-date: /home/k/robo/install/beagle_msgs/lib/python3.8/site-packages/beagle_msgs/srv/_beagleposition.py
[1.012s] -- Up-to-date: /home/k/robo/install/beagle_msgs/lib/python3.8/site-packages/beagle_msgs/beagle_msgs_s__rosidl_typesupport_fastrtps_c.cpython-38-x86_64-linux-gnu.so
[1.012s] -- Up-to-date: /home/k/robo/install/beagle_msgs/lib/python3.8/site-packages/beagle_msgs/beagle_msgs_s__rosidl_typesupport_introspection_c.cpython-38-x86_64-linux-gnu.so
[1.012s] -- Up-to-date: /home/k/robo/install/beagle_msgs/lib/python3.8/site-packages/beagle_msgs/beagle_msgs_s__rosidl_typesupport_c.cpython-38-x86_64-linux-gnu.so
[1.012s] -- Up-to-date: /home/k/robo/install/beagle_msgs/lib/libbeagle_msgs__python.so
[1.012s] -- Up-to-date: /home/k/robo/install/beagle_msgs/share/beagle_msgs/msg/CmdAndPoseVel.idl
[1.012s] -- Up-to-date: /home/k/robo/install/beagle_msgs/share/beagle_msgs/action/Distbeagle.idl
[1.012s] -- Up-to-date: /home/k/robo/install/beagle_msgs/share/beagle_msgs/srv/Beagleposition.idl
[1.012s] -- Up-to-date: /home/k/robo/install/beagle_msgs/share/beagle_msgs/msg/CmdAndPoseVel.msg
[1.012s] -- Up-to-date: /home/k/robo/install/beagle_msgs/share/beagle_msgs/action/Distbeagle.action
[1.012s] -- Up-to-date: /home/k/robo/install/beagle_msgs/share/beagle_msgs/srv/Beagleposition.srv
[1.012s] -- Up-to-date: /home/k/robo/install/beagle_msgs/share/beagle_msgs/srv/Beagleposition_Request.msg
[1.013s] -- Up-to-date: /home/k/robo/install/beagle_msgs/share/beagle_msgs/srv/Beagleposition_Response.msg
[1.013s] -- Up-to-date: /home/k/robo/install/beagle_msgs/share/ament_index/resource_index/package_run_dependencies/beagle_msgs
[1.013s] -- Up-to-date: /home/k/robo/install/beagle_msgs/share/ament_index/resource_index/parent_prefix_path/beagle_msgs
[1.013s] -- Up-to-date: /home/k/robo/install/beagle_msgs/share/beagle_msgs/environment/ament_prefix_path.sh
[1.013s] -- Up-to-date: /home/k/robo/install/beagle_msgs/share/beagle_msgs/environment/ament_prefix_path.dsv
[1.013s] -- Up-to-date: /home/k/robo/install/beagle_msgs/share/beagle_msgs/environment/path.sh
[1.013s] -- Up-to-date: /home/k/robo/install/beagle_msgs/share/beagle_msgs/environment/path.dsv
[1.013s] -- Up-to-date: /home/k/robo/install/beagle_msgs/share/beagle_msgs/local_setup.bash
[1.013s] -- Up-to-date: /home/k/robo/install/beagle_msgs/share/beagle_msgs/local_setup.sh
[1.013s] -- Up-to-date: /home/k/robo/install/beagle_msgs/share/beagle_msgs/local_setup.zsh
[1.013s] -- Up-to-date: /home/k/robo/install/beagle_msgs/share/beagle_msgs/local_setup.dsv
[1.013s] -- Up-to-date: /home/k/robo/install/beagle_msgs/share/beagle_msgs/package.dsv
[1.023s] -- Up-to-date: /home/k/robo/install/beagle_msgs/share/ament_index/resource_index/packages/beagle_msgs
[1.024s] -- Up-to-date: /home/k/robo/install/beagle_msgs/share/beagle_msgs/cmake/beagle_msgs__rosidl_generator_cExport.cmake
[1.024s] -- Up-to-date: /home/k/robo/install/beagle_msgs/share/beagle_msgs/cmake/beagle_msgs__rosidl_generator_cExport-noconfig.cmake
[1.024s] -- Up-to-date: /home/k/robo/install/beagle_msgs/share/beagle_msgs/cmake/beagle_msgs__rosidl_typesupport_introspection_cExport.cmake
[1.024s] -- Up-to-date: /home/k/robo/install/beagle_msgs/share/beagle_msgs/cmake/beagle_msgs__rosidl_typesupport_introspection_cExport-noconfig.cmake
[1.024s] -- Up-to-date: /home/k/robo/install/beagle_msgs/share/beagle_msgs/cmake/beagle_msgs__rosidl_typesupport_cExport.cmake
[1.024s] -- Up-to-date: /home/k/robo/install/beagle_msgs/share/beagle_msgs/cmake/beagle_msgs__rosidl_typesupport_cExport-noconfig.cmake
[1.024s] -- Up-to-date: /home/k/robo/install/beagle_msgs/share/beagle_msgs/cmake/beagle_msgs__rosidl_generator_cppExport.cmake
[1.024s] -- Up-to-date: /home/k/robo/install/beagle_msgs/share/beagle_msgs/cmake/beagle_msgs__rosidl_typesupport_introspection_cppExport.cmake
[1.024s] -- Up-to-date: /home/k/robo/install/beagle_msgs/share/beagle_msgs/cmake/beagle_msgs__rosidl_typesupport_introspection_cppExport-noconfig.cmake
[1.024s] -- Up-to-date: /home/k/robo/install/beagle_msgs/share/beagle_msgs/cmake/beagle_msgs__rosidl_typesupport_cppExport.cmake
[1.024s] -- Up-to-date: /home/k/robo/install/beagle_msgs/share/beagle_msgs/cmake/beagle_msgs__rosidl_typesupport_cppExport-noconfig.cmake
[1.024s] -- Up-to-date: /home/k/robo/install/beagle_msgs/share/beagle_msgs/cmake/rosidl_cmake-extras.cmake
[1.025s] -- Up-to-date: /home/k/robo/install/beagle_msgs/share/beagle_msgs/cmake/ament_cmake_export_dependencies-extras.cmake
[1.025s] -- Up-to-date: /home/k/robo/install/beagle_msgs/share/beagle_msgs/cmake/ament_cmake_export_libraries-extras.cmake
[1.025s] -- Up-to-date: /home/k/robo/install/beagle_msgs/share/beagle_msgs/cmake/ament_cmake_export_targets-extras.cmake
[1.025s] -- Up-to-date: /home/k/robo/install/beagle_msgs/share/beagle_msgs/cmake/ament_cmake_export_include_directories-extras.cmake
[1.025s] -- Up-to-date: /home/k/robo/install/beagle_msgs/share/beagle_msgs/cmake/rosidl_cmake_export_typesupport_libraries-extras.cmake
[1.025s] -- Up-to-date: /home/k/robo/install/beagle_msgs/share/beagle_msgs/cmake/rosidl_cmake_export_typesupport_targets-extras.cmake
[1.025s] -- Up-to-date: /home/k/robo/install/beagle_msgs/share/beagle_msgs/cmake/beagle_msgsConfig.cmake
[1.025s] -- Up-to-date: /home/k/robo/install/beagle_msgs/share/beagle_msgs/cmake/beagle_msgsConfig-version.cmake
[1.025s] -- Up-to-date: /home/k/robo/install/beagle_msgs/share/beagle_msgs/package.xml
[1.025s] Invoked command in '/home/k/robo/build/beagle_msgs' returned '0': CMAKE_PREFIX_PATH=${CMAKE_PREFIX_PATH}:/home/k/robo/install/beagle_first_package:/opt/ros/galactic /home/k/.local/bin/cmake --install /home/k/robo/build/beagle_msgs
