[0.287s] Invoking command in '/home/k/robo/build/beagle_msgs': CMAKE_PREFIX_PATH=${CMAKE_PREFIX_PATH}:/home/k/robo/install/beagle_first_package:/opt/ros/galactic /home/k/.local/bin/cmake --build /home/k/robo/build/beagle_msgs -- -j8 -l8
[0.310s] [33mCMake Warning (dev) at CMakeLists.txt:15:
[0.310s]   Syntax Warning in cmake code at column 26
[0.311s] 
[0.311s]   Argument not separated from preceding token by whitespace.
[0.311s] This warning is for project developers.  Use -Wno-dev to suppress it.
[0.311s] [0m
[0.314s] -- Found ament_cmake: 1.1.6 (/opt/ros/galactic/share/ament_cmake/cmake)
[0.330s] -- Found PythonInterp: /usr/bin/python3 (found suitable version "3.8.10", minimum required is "3") 
[0.330s] -- Using PYTHON_EXECUTABLE: /usr/bin/python3
[0.371s] -- Found rosidl_default_generators: 1.1.1 (/opt/ros/galactic/share/rosidl_default_generators/cmake)
[0.372s] -- Using all available rosidl_typesupport_c: rosidl_typesupport_fastrtps_c;rosidl_typesupport_introspection_c
[0.375s] -- Found rosidl_adapter: 2.2.3 (/opt/ros/galactic/share/rosidl_adapter/cmake)
[0.476s] -- Using all available rosidl_typesupport_cpp: rosidl_typesupport_fastrtps_cpp;rosidl_typesupport_introspection_cpp
[0.492s] [31mCMake Error at /opt/ros/galactic/share/rosidl_cmake/cmake/rosidl_generate_interfaces.cmake:93 (message):
[0.492s]   rosidl_generate_interfaces() the passed file ',' doesn't exist relative to
[0.492s]   the CMAKE_CURRENT_SOURCE_DIR '/home/k/robo/src/beagle_msgs'
[0.492s] Call Stack (most recent call first):
[0.492s]   CMakeLists.txt:14 (rosidl_generate_interfaces)
[0.492s] 
[0.492s] [0m
[0.492s] -- Configuring incomplete, errors occurred!
[0.498s] make: *** [Makefile:719: cmake_check_build_system] Error 1
[0.503s] Invoked command in '/home/k/robo/build/beagle_msgs' returned '2': CMAKE_PREFIX_PATH=${CMAKE_PREFIX_PATH}:/home/k/robo/install/beagle_first_package:/opt/ros/galactic /home/k/.local/bin/cmake --build /home/k/robo/build/beagle_msgs -- -j8 -l8
