[1.602s] Invoking command in '/home/k/robo/src/beagle_first_package': PYTHONPATH=/home/k/robo/build/beagle_first_package/prefix_override:/home/k/robo/install/beagle_first_package/lib/python3.8/site-packages:${PYTHONPATH} /usr/bin/python3 setup.py egg_info --egg-base ../../build/beagle_first_package build --build-base /home/k/robo/build/beagle_first_package/build install --record /home/k/robo/build/beagle_first_package/install.log --single-version-externally-managed
[2.127s] running egg_info
[2.144s] writing ../../build/beagle_first_package/beagle_first_package.egg-info/PKG-INFO
[2.146s] writing dependency_links to ../../build/beagle_first_package/beagle_first_package.egg-info/dependency_links.txt
[2.146s] writing entry points to ../../build/beagle_first_package/beagle_first_package.egg-info/entry_points.txt
[2.146s] writing requirements to ../../build/beagle_first_package/beagle_first_package.egg-info/requires.txt
[2.147s] writing top-level names to ../../build/beagle_first_package/beagle_first_package.egg-info/top_level.txt
[2.189s] reading manifest file '../../build/beagle_first_package/beagle_first_package.egg-info/SOURCES.txt'
[2.190s] writing manifest file '../../build/beagle_first_package/beagle_first_package.egg-info/SOURCES.txt'
[2.190s] running build
[2.190s] running build_py
[2.190s] running install
[2.191s] /home/k/.local/lib/python3.8/site-packages/setuptools/command/install.py:34: SetuptoolsDeprecationWarning: setup.py install is deprecated. Use build and pip and other standards-based tools.
[2.191s]   warnings.warn(
[2.195s] running install_lib
[2.211s] running install_data
[2.228s] running install_egg_info
[2.240s] removing '/home/k/robo/install/beagle_first_package/lib/python3.8/site-packages/beagle_first_package-0.0.0-py3.8.egg-info' (and everything under it)
[2.240s] Copying ../../build/beagle_first_package/beagle_first_package.egg-info to /home/k/robo/install/beagle_first_package/lib/python3.8/site-packages/beagle_first_package-0.0.0-py3.8.egg-info
[2.241s] running install_scripts
[2.289s] Installing beagle_action_server script to /home/k/robo/install/beagle_first_package/lib/beagle_first_package
[2.289s] Installing beagle_first_node script to /home/k/robo/install/beagle_first_package/lib/beagle_first_package
[2.289s] Installing beagle_first_pub script to /home/k/robo/install/beagle_first_package/lib/beagle_first_package
[2.289s] Installing beagle_first_sub script to /home/k/robo/install/beagle_first_package/lib/beagle_first_package
[2.289s] Installing beagle_service_server script to /home/k/robo/install/beagle_first_package/lib/beagle_first_package
[2.290s] writing list of installed files to '/home/k/robo/build/beagle_first_package/install.log'
[2.352s] Invoked command in '/home/k/robo/src/beagle_first_package' returned '0': PYTHONPATH=/home/k/robo/build/beagle_first_package/prefix_override:/home/k/robo/install/beagle_first_package/lib/python3.8/site-packages:${PYTHONPATH} /usr/bin/python3 setup.py egg_info --egg-base ../../build/beagle_first_package build --build-base /home/k/robo/build/beagle_first_package/build install --record /home/k/robo/build/beagle_first_package/install.log --single-version-externally-managed
