[0.291s] Invoking command in '/home/k/robo/build/beagle_msgs': CMAKE_PREFIX_PATH=${CMAKE_PREFIX_PATH}:/home/k/robo/install/beagle_first_package:/opt/ros/galactic /home/k/.local/bin/cmake --build /home/k/robo/build/beagle_msgs -- -j8 -l8
[0.318s] -- Found ament_cmake: 1.1.6 (/opt/ros/galactic/share/ament_cmake/cmake)
[0.334s] -- Found PythonInterp: /usr/bin/python3 (found suitable version "3.8.10", minimum required is "3") 
[0.335s] -- Using PYTHON_EXECUTABLE: /usr/bin/python3
[0.377s] -- Found rosidl_default_generators: 1.1.1 (/opt/ros/galactic/share/rosidl_default_generators/cmake)
[0.378s] -- Using all available rosidl_typesupport_c: rosidl_typesupport_fastrtps_c;rosidl_typesupport_introspection_c
[0.380s] -- Found rosidl_adapter: 2.2.3 (/opt/ros/galactic/share/rosidl_adapter/cmake)
[0.492s] -- Using all available rosidl_typesupport_cpp: rosidl_typesupport_fastrtps_cpp;rosidl_typesupport_introspection_cpp
[0.527s] -- Found PythonInterp: /usr/bin/python3 (found version "3.8.10") 
[0.683s] [31mCMake Error at /opt/ros/galactic/share/rosidl_adapter/cmake/rosidl_adapt_interfaces.cmake:60 (message):
[0.683s]   execute_process(/usr/bin/python3 -m rosidl_adapter --package-name
[0.684s]   beagle_msgs --arguments-file
[0.685s]   /home/k/robo/build/beagle_msgs/rosidl_adapter__arguments__beagle_msgs.json
[0.685s]   --output-dir /home/k/robo/build/beagle_msgs/rosidl_adapter/beagle_msgs
[0.685s]   --output-file
[0.685s]   /home/k/robo/build/beagle_msgs/rosidl_adapter/beagle_msgs.idls) returned
[0.685s]   error code 1:
[0.685s] 
[0.685s]   Error with: beagle_msgs Distbeagle_Goal ---
[0.685s] 
[0.685s]   Traceback (most recent call last):
[0.685s] 
[0.686s]     File "/usr/lib/python3.8/runpy.py", line 194, in _run_module_as_main
[0.686s]       return _run_code(code, main_globals, None,
[0.686s]     File "/usr/lib/python3.8/runpy.py", line 87, in _run_code
[0.686s]       exec(code, run_globals)
[0.686s]     File "/opt/ros/galactic/lib/python3.8/site-packages/rosidl_adapter/__main__.py", line 19, in <module>
[0.686s]       sys.exit(main())
[0.686s]     File "/opt/ros/galactic/lib/python3.8/site-packages/rosidl_adapter/main.py", line 53, in main
[0.686s]       abs_idl_file = convert_to_idl(
[0.686s]     File "/opt/ros/galactic/lib/python3.8/site-packages/rosidl_adapter/__init__.py", line 29, in convert_to_idl
[0.686s]       return convert_action_to_idl(
[0.686s]     File "/opt/ros/galactic/lib/python3.8/site-packages/rosidl_adapter/action/__init__.py", line 28, in convert_action_to_idl
[0.686s]       action = parse_action_string(package_name, input_file.stem, content)
[0.686s]     File "/opt/ros/galactic/lib/python3.8/site-packages/rosidl_adapter/parser.py", line 892, in parse_action_string
[0.686s]       goal_message = parse_message_string(
[0.686s]     File "/opt/ros/galactic/lib/python3.8/site-packages/rosidl_adapter/parser.py", line 506, in parse_message_string
[0.686s]       raise InvalidFieldDefinition(line)
[0.686s] 
[0.687s]   rosidl_adapter.parser.InvalidFieldDefinition: ---
[0.687s] -- Configuring incomplete, errors occurred!
[0.687s] 
[0.687s] Call Stack (most recent call first):
[0.687s]   /opt/ros/galactic/share/rosidl_cmake/cmake/rosidl_generate_interfaces.cmake:130 (rosidl_adapt_interfaces)
[0.687s]   CMakeLists.txt:14 (rosidl_generate_interfaces)
[0.687s] 
[0.687s] [0m
[0.687s] make: *** [Makefile:719: cmake_check_build_system] Error 1
[0.687s] Invoked command in '/home/k/robo/build/beagle_msgs' returned '2': CMAKE_PREFIX_PATH=${CMAKE_PREFIX_PATH}:/home/k/robo/install/beagle_first_package:/opt/ros/galactic /home/k/.local/bin/cmake --build /home/k/robo/build/beagle_msgs -- -j8 -l8
