[0.276s] Invoking command in '/home/k/robo/build/beagle_msgs': CMAKE_PREFIX_PATH=${CMAKE_PREFIX_PATH}:/home/k/robo/install/beagle_first_package:/opt/ros/galactic /home/k/.local/bin/cmake --build /home/k/robo/build/beagle_msgs -- -j8 -l8
[0.303s] -- Found ament_cmake: 1.1.6 (/opt/ros/galactic/share/ament_cmake/cmake)
[0.320s] -- Found PythonInterp: /usr/bin/python3 (found suitable version "3.8.10", minimum required is "3") 
[0.320s] -- Using PYTHON_EXECUTABLE: /usr/bin/python3
[0.380s] -- Found rosidl_default_generators: 1.1.1 (/opt/ros/galactic/share/rosidl_default_generators/cmake)
[0.381s] -- Using all available rosidl_typesupport_c: rosidl_typesupport_fastrtps_c;rosidl_typesupport_introspection_c
[0.384s] -- Found rosidl_adapter: 2.2.3 (/opt/ros/galactic/share/rosidl_adapter/cmake)
[0.481s] -- Using all available rosidl_typesupport_cpp: rosidl_typesupport_fastrtps_cpp;rosidl_typesupport_introspection_cpp
[0.510s] -- Found PythonInterp: /usr/bin/python3 (found version "3.8.10") 
[0.638s] [31mCMake Error at /opt/ros/galactic/share/rosidl_adapter/cmake/rosidl_adapt_interfaces.cmake:60 (message):
[0.638s]   execute_process(/usr/bin/python3 -m rosidl_adapter --package-name
[0.638s]   beagle_msgs --arguments-file
[0.638s]   /home/k/robo/build/beagle_msgs/rosidl_adapter__arguments__beagle_msgs.json
[0.638s]   --output-dir /home/k/robo/build/beagle_msgs/rosidl_adapter/beagle_msgs
[0.638s]   --output-file
[0.638s]   /home/k/robo/build/beagle_msgs/rosidl_adapter/beagle_msgs.idls) returned
[0.638s]   error code 1:
[0.639s] 
[0.639s]   Error processing 'int bealge_count' of 'beagle_msgs/Positioncmd': ''int' is
[0.639s]   an invalid message name.  It should have the pattern '^[A-Z][A-Za-z0-9]*$''
[0.639s] 
[0.639s]   Traceback (most recent call last):
[0.639s] 
[0.639s]     File "/usr/lib/python3.8/runpy.py", line 194, in _run_module_as_main
[0.639s]       return _run_code(code, main_globals, None,
[0.639s]     File "/usr/lib/python3.8/runpy.py", line 87, in _run_code
[0.639s]       exec(code, run_globals)
[0.639s]     File "/opt/ros/galactic/lib/python3.8/site-packages/rosidl_adapter/__main__.py", line 19, in <module>
[0.639s]       sys.exit(main())
[0.639s]     File "/opt/ros/galactic/lib/python3.8/site-packages/rosidl_adapter/main.py", line 53, in main
[0.639s]       abs_idl_file = convert_to_idl(
[0.639s]     File "/opt/ros/galactic/lib/python3.8/site-packages/rosidl_adapter/__init__.py", line 19, in convert_to_idl
[0.639s]       return convert_msg_to_idl(
[0.639s]     File "/opt/ros/galactic/lib/python3.8/site-packages/rosidl_adapter/msg/__init__.py", line 28, in convert_msg_to_idl
[0.640s]       msg = parse_message_string(package_name, input_file.stem, content)
[0.640s]     File "/opt/ros/galactic/lib/python3.8/site-packages/rosidl_adapter/parser.py", line 516, in parse_message_string
[0.640s]       Type(type_string, context_package_name=pkg_name),
[0.640s]     File "/opt/ros/galactic/lib/python3.8/site-packages/rosidl_adapter/parser.py", line 276, in __init__
[0.640s]       super(Type, self).__init__(
[0.640s]     File "/opt/ros/galactic/lib/python3.8/site-packages/rosidl_adapter/parser.py", line 204, in __init__
[0.640s]       raise InvalidResourceName(
[0.640s] 
[0.640s]   rosidl_adapter.parser.InvalidResourceName: 'int' is an invalid message
[0.640s]   name.  It should have the pattern '^[A-Z][A-Za-z0-9]*$'
[0.640s] 
[0.640s] Call Stack (most recent call first):
[0.640s]   /opt/ros/galactic/share/rosidl_cmake/cmake/rosidl_generate_interfaces.cmake:130 (rosidl_adapt_interfaces)
[0.640s]   CMakeLists.txt:14 (rosidl_generate_interfaces)
[0.640s] 
[0.640s] [0m
[0.641s] -- Configuring incomplete, errors occurred!
[0.642s] make: *** [Makefile:719: cmake_check_build_system] Error 1
[0.646s] Invoked command in '/home/k/robo/build/beagle_msgs' returned '2': CMAKE_PREFIX_PATH=${CMAKE_PREFIX_PATH}:/home/k/robo/install/beagle_first_package:/opt/ros/galactic /home/k/.local/bin/cmake --build /home/k/robo/build/beagle_msgs -- -j8 -l8
