[0.343s] Invoking command in '/home/k/robo/build/beagle_msgs': CMAKE_PREFIX_PATH=${CMAKE_PREFIX_PATH}:/home/k/robo/install/beagle_first_package:/opt/ros/galactic /home/k/.local/bin/cmake --build /home/k/robo/build/beagle_msgs -- -j8 -l8
[0.408s] [ 25%] Built target beagle_msgs__cpp
[0.432s] Built target beagle_msgs__rosidl_generator_c
[0.455s] Built target beagle_msgs__rosidl_typesupport_cpp
[0.460s] Built target beagle_msgs__rosidl_typesupport_fastrtps_cpp
[0.462s] Built target beagle_msgs__rosidl_typesupport_introspection_cpp
[0.467s] Built target beagle_msgs__rosidl_typesupport_introspection_c
[0.472s] Built target beagle_msgs__rosidl_typesupport_c
[0.472s] Built target beagle_msgs__rosidl_typesupport_fastrtps_c
[0.479s] Built target beagle_msgs
[0.487s] Built target beagle_msgs__py
[0.498s] Built target beagle_msgs__python
[0.508s] Built target beagle_msgs__rosidl_typesupport_fastrtps_c__pyext
[0.511s] Built target beagle_msgs__rosidl_typesupport_c__pyext
[0.515s] Built target beagle_msgs__rosidl_typesupport_introspection_c__pyext
[0.524s] Invoked command in '/home/k/robo/build/beagle_msgs' returned '0': CMAKE_PREFIX_PATH=${CMAKE_PREFIX_PATH}:/home/k/robo/install/beagle_first_package:/opt/ros/galactic /home/k/.local/bin/cmake --build /home/k/robo/build/beagle_msgs -- -j8 -l8
[0.717s] Invoking command in '/home/k/robo/build/beagle_msgs': CMAKE_PREFIX_PATH=${CMAKE_PREFIX_PATH}:/home/k/robo/install/beagle_first_package:/opt/ros/galactic /home/k/.local/bin/cmake --install /home/k/robo/build/beagle_msgs
[0.753s] -- Install configuration: ""
[0.755s] -- Up-to-date: /home/k/robo/install/beagle_msgs/share/ament_index/resource_index/rosidl_interfaces/beagle_msgs
[0.755s] -- Up-to-date: /home/k/robo/install/beagle_msgs/include/beagle_msgs
[0.755s] -- Up-to-date: /home/k/robo/install/beagle_msgs/include/beagle_msgs/msg
[0.756s] -- Up-to-date: /home/k/robo/install/beagle_msgs/include/beagle_msgs/msg/positioncmd.h
[0.756s] -- Up-to-date: /home/k/robo/install/beagle_msgs/include/beagle_msgs/msg/detail
[0.756s] -- Up-to-date: /home/k/robo/install/beagle_msgs/include/beagle_msgs/msg/detail/cmd_and_pose_vel__type_support.h
[0.756s] -- Up-to-date: /home/k/robo/install/beagle_msgs/include/beagle_msgs/msg/detail/positioncmd__type_support.h
[0.756s] -- Up-to-date: /home/k/robo/install/beagle_msgs/include/beagle_msgs/msg/detail/position_cmd__type_support.h
[0.756s] -- Up-to-date: /home/k/robo/install/beagle_msgs/include/beagle_msgs/msg/detail/positioncmd__struct.h
[0.756s] -- Up-to-date: /home/k/robo/install/beagle_msgs/include/beagle_msgs/msg/detail/positioncmd__functions.c
[0.756s] -- Up-to-date: /home/k/robo/install/beagle_msgs/include/beagle_msgs/msg/detail/cmd_and_pose_vel__functions.c
[0.756s] -- Up-to-date: /home/k/robo/install/beagle_msgs/include/beagle_msgs/msg/detail/position_cmd__functions.c
[0.756s] -- Up-to-date: /home/k/robo/install/beagle_msgs/include/beagle_msgs/msg/detail/position_cmd__functions.h
[0.756s] -- Up-to-date: /home/k/robo/install/beagle_msgs/include/beagle_msgs/msg/detail/positioncmd__functions.h
[0.756s] -- Up-to-date: /home/k/robo/install/beagle_msgs/include/beagle_msgs/msg/detail/cmd_and_pose_vel__struct.h
[0.756s] -- Up-to-date: /home/k/robo/install/beagle_msgs/include/beagle_msgs/msg/detail/cmd_and_pose_vel__functions.h
[0.756s] -- Up-to-date: /home/k/robo/install/beagle_msgs/include/beagle_msgs/msg/detail/position_cmd__struct.h
[0.756s] -- Up-to-date: /home/k/robo/install/beagle_msgs/include/beagle_msgs/msg/position_cmd.h
[0.756s] -- Up-to-date: /home/k/robo/install/beagle_msgs/include/beagle_msgs/msg/cmd_and_pose_vel.h
[0.757s] -- Up-to-date: /home/k/robo/install/beagle_msgs/include/beagle_msgs/msg/rosidl_generator_c__visibility_control.h
[0.757s] -- Up-to-date: /home/k/robo/install/beagle_msgs/include/beagle_msgs/action
[0.757s] -- Up-to-date: /home/k/robo/install/beagle_msgs/include/beagle_msgs/action/detail
[0.757s] -- Up-to-date: /home/k/robo/install/beagle_msgs/include/beagle_msgs/action/detail/distbeagle__struct.h
[0.760s] -- Up-to-date: /home/k/robo/install/beagle_msgs/include/beagle_msgs/action/detail/distbeagle__functions.c
[0.760s] -- Up-to-date: /home/k/robo/install/beagle_msgs/include/beagle_msgs/action/detail/distbeagle__functions.h
[0.760s] -- Up-to-date: /home/k/robo/install/beagle_msgs/include/beagle_msgs/action/detail/distbeagle__type_support.h
[0.760s] -- Up-to-date: /home/k/robo/install/beagle_msgs/include/beagle_msgs/action/distbeagle.h
[0.760s] -- Up-to-date: /home/k/robo/install/beagle_msgs/include/beagle_msgs/srv
[0.760s] -- Up-to-date: /home/k/robo/install/beagle_msgs/include/beagle_msgs/srv/beagleposition.h
[0.760s] -- Up-to-date: /home/k/robo/install/beagle_msgs/include/beagle_msgs/srv/detail
[0.760s] -- Up-to-date: /home/k/robo/install/beagle_msgs/include/beagle_msgs/srv/detail/beagleposition__functions.h
[0.760s] -- Up-to-date: /home/k/robo/install/beagle_msgs/include/beagle_msgs/srv/detail/beagleposition__type_support.h
[0.760s] -- Up-to-date: /home/k/robo/install/beagle_msgs/include/beagle_msgs/srv/detail/beagleposition__functions.c
[0.760s] -- Up-to-date: /home/k/robo/install/beagle_msgs/include/beagle_msgs/srv/detail/beagleposition__struct.h
[0.760s] -- Up-to-date: /home/k/robo/install/beagle_msgs/share/beagle_msgs/environment/library_path.sh
[0.760s] -- Up-to-date: /home/k/robo/install/beagle_msgs/share/beagle_msgs/environment/library_path.dsv
[0.760s] -- Up-to-date: /home/k/robo/install/beagle_msgs/lib/libbeagle_msgs__rosidl_generator_c.so
[0.761s] -- Up-to-date: /home/k/robo/install/beagle_msgs/include/beagle_msgs
[0.761s] -- Up-to-date: /home/k/robo/install/beagle_msgs/include/beagle_msgs/msg
[0.761s] -- Up-to-date: /home/k/robo/install/beagle_msgs/include/beagle_msgs/msg/rosidl_typesupport_fastrtps_c__visibility_control.h
[0.761s] -- Up-to-date: /home/k/robo/install/beagle_msgs/include/beagle_msgs/msg/detail
[0.761s] -- Up-to-date: /home/k/robo/install/beagle_msgs/include/beagle_msgs/msg/detail/position_cmd__rosidl_typesupport_fastrtps_c.h
[0.761s] -- Up-to-date: /home/k/robo/install/beagle_msgs/include/beagle_msgs/msg/detail/positioncmd__rosidl_typesupport_fastrtps_c.h
[0.761s] -- Up-to-date: /home/k/robo/install/beagle_msgs/include/beagle_msgs/msg/detail/cmd_and_pose_vel__rosidl_typesupport_fastrtps_c.h
[0.761s] -- Up-to-date: /home/k/robo/install/beagle_msgs/include/beagle_msgs/action
[0.761s] -- Up-to-date: /home/k/robo/install/beagle_msgs/include/beagle_msgs/action/detail
[0.761s] -- Up-to-date: /home/k/robo/install/beagle_msgs/include/beagle_msgs/action/detail/distbeagle__rosidl_typesupport_fastrtps_c.h
[0.761s] -- Up-to-date: /home/k/robo/install/beagle_msgs/include/beagle_msgs/srv
[0.761s] -- Up-to-date: /home/k/robo/install/beagle_msgs/include/beagle_msgs/srv/detail
[0.761s] -- Up-to-date: /home/k/robo/install/beagle_msgs/include/beagle_msgs/srv/detail/beagleposition__rosidl_typesupport_fastrtps_c.h
[0.761s] -- Up-to-date: /home/k/robo/install/beagle_msgs/lib/libbeagle_msgs__rosidl_typesupport_fastrtps_c.so
[0.761s] -- Up-to-date: /home/k/robo/install/beagle_msgs/include/beagle_msgs
[0.761s] -- Up-to-date: /home/k/robo/install/beagle_msgs/include/beagle_msgs/msg
[0.761s] -- Up-to-date: /home/k/robo/install/beagle_msgs/include/beagle_msgs/msg/detail
[0.761s] -- Up-to-date: /home/k/robo/install/beagle_msgs/include/beagle_msgs/msg/detail/positioncmd__rosidl_typesupport_fastrtps_cpp.hpp
[0.761s] -- Up-to-date: /home/k/robo/install/beagle_msgs/include/beagle_msgs/msg/detail/dds_fastrtps
[0.762s] -- Up-to-date: /home/k/robo/install/beagle_msgs/include/beagle_msgs/msg/detail/position_cmd__rosidl_typesupport_fastrtps_cpp.hpp
[0.762s] -- Up-to-date: /home/k/robo/install/beagle_msgs/include/beagle_msgs/msg/detail/cmd_and_pose_vel__rosidl_typesupport_fastrtps_cpp.hpp
[0.762s] -- Up-to-date: /home/k/robo/install/beagle_msgs/include/beagle_msgs/msg/rosidl_typesupport_fastrtps_cpp__visibility_control.h
[0.762s] -- Up-to-date: /home/k/robo/install/beagle_msgs/include/beagle_msgs/action
[0.762s] -- Up-to-date: /home/k/robo/install/beagle_msgs/include/beagle_msgs/action/detail
[0.762s] -- Up-to-date: /home/k/robo/install/beagle_msgs/include/beagle_msgs/action/detail/dds_fastrtps
[0.762s] -- Up-to-date: /home/k/robo/install/beagle_msgs/include/beagle_msgs/action/detail/distbeagle__rosidl_typesupport_fastrtps_cpp.hpp
[0.762s] -- Up-to-date: /home/k/robo/install/beagle_msgs/include/beagle_msgs/srv
[0.762s] -- Up-to-date: /home/k/robo/install/beagle_msgs/include/beagle_msgs/srv/detail
[0.762s] -- Up-to-date: /home/k/robo/install/beagle_msgs/include/beagle_msgs/srv/detail/dds_fastrtps
[0.762s] -- Up-to-date: /home/k/robo/install/beagle_msgs/include/beagle_msgs/srv/detail/beagleposition__rosidl_typesupport_fastrtps_cpp.hpp
[0.762s] -- Up-to-date: /home/k/robo/install/beagle_msgs/lib/libbeagle_msgs__rosidl_typesupport_fastrtps_cpp.so
[0.762s] -- Up-to-date: /home/k/robo/install/beagle_msgs/include/beagle_msgs
[0.762s] -- Up-to-date: /home/k/robo/install/beagle_msgs/include/beagle_msgs/msg
[0.762s] -- Up-to-date: /home/k/robo/install/beagle_msgs/include/beagle_msgs/msg/detail
[0.762s] -- Up-to-date: /home/k/robo/install/beagle_msgs/include/beagle_msgs/msg/detail/positioncmd__rosidl_typesupport_introspection_c.h
[0.762s] -- Up-to-date: /home/k/robo/install/beagle_msgs/include/beagle_msgs/msg/detail/positioncmd__type_support.c
[0.763s] -- Up-to-date: /home/k/robo/install/beagle_msgs/include/beagle_msgs/msg/detail/cmd_and_pose_vel__type_support.c
[0.763s] -- Up-to-date: /home/k/robo/install/beagle_msgs/include/beagle_msgs/msg/detail/cmd_and_pose_vel__rosidl_typesupport_introspection_c.h
[0.763s] -- Up-to-date: /home/k/robo/install/beagle_msgs/include/beagle_msgs/msg/detail/position_cmd__rosidl_typesupport_introspection_c.h
[0.763s] -- Up-to-date: /home/k/robo/install/beagle_msgs/include/beagle_msgs/msg/detail/position_cmd__type_support.c
[0.763s] -- Up-to-date: /home/k/robo/install/beagle_msgs/include/beagle_msgs/msg/rosidl_typesupport_introspection_c__visibility_control.h
[0.763s] -- Up-to-date: /home/k/robo/install/beagle_msgs/include/beagle_msgs/action
[0.763s] -- Up-to-date: /home/k/robo/install/beagle_msgs/include/beagle_msgs/action/detail
[0.763s] -- Up-to-date: /home/k/robo/install/beagle_msgs/include/beagle_msgs/action/detail/distbeagle__rosidl_typesupport_introspection_c.h
[0.763s] -- Up-to-date: /home/k/robo/install/beagle_msgs/include/beagle_msgs/action/detail/distbeagle__type_support.c
[0.763s] -- Up-to-date: /home/k/robo/install/beagle_msgs/include/beagle_msgs/srv
[0.763s] -- Up-to-date: /home/k/robo/install/beagle_msgs/include/beagle_msgs/srv/detail
[0.763s] -- Up-to-date: /home/k/robo/install/beagle_msgs/include/beagle_msgs/srv/detail/beagleposition__rosidl_typesupport_introspection_c.h
[0.763s] -- Up-to-date: /home/k/robo/install/beagle_msgs/include/beagle_msgs/srv/detail/beagleposition__type_support.c
[0.763s] -- Up-to-date: /home/k/robo/install/beagle_msgs/lib/libbeagle_msgs__rosidl_typesupport_introspection_c.so
[0.763s] -- Up-to-date: /home/k/robo/install/beagle_msgs/lib/libbeagle_msgs__rosidl_typesupport_c.so
[0.763s] -- Up-to-date: /home/k/robo/install/beagle_msgs/include/beagle_msgs
[0.763s] -- Up-to-date: /home/k/robo/install/beagle_msgs/include/beagle_msgs/msg
[0.764s] -- Up-to-date: /home/k/robo/install/beagle_msgs/include/beagle_msgs/msg/detail
[0.764s] -- Up-to-date: /home/k/robo/install/beagle_msgs/include/beagle_msgs/msg/detail/position_cmd__builder.hpp
[0.764s] -- Up-to-date: /home/k/robo/install/beagle_msgs/include/beagle_msgs/msg/detail/position_cmd__struct.hpp
[0.764s] -- Up-to-date: /home/k/robo/install/beagle_msgs/include/beagle_msgs/msg/detail/cmd_and_pose_vel__struct.hpp
[0.764s] -- Up-to-date: /home/k/robo/install/beagle_msgs/include/beagle_msgs/msg/detail/cmd_and_pose_vel__builder.hpp
[0.764s] -- Up-to-date: /home/k/robo/install/beagle_msgs/include/beagle_msgs/msg/detail/positioncmd__traits.hpp
[0.764s] -- Up-to-date: /home/k/robo/install/beagle_msgs/include/beagle_msgs/msg/detail/positioncmd__struct.hpp
[0.764s] -- Up-to-date: /home/k/robo/install/beagle_msgs/include/beagle_msgs/msg/detail/position_cmd__traits.hpp
[0.764s] -- Up-to-date: /home/k/robo/install/beagle_msgs/include/beagle_msgs/msg/detail/cmd_and_pose_vel__traits.hpp
[0.764s] -- Up-to-date: /home/k/robo/install/beagle_msgs/include/beagle_msgs/msg/detail/positioncmd__builder.hpp
[0.764s] -- Up-to-date: /home/k/robo/install/beagle_msgs/include/beagle_msgs/msg/position_cmd.hpp
[0.764s] -- Up-to-date: /home/k/robo/install/beagle_msgs/include/beagle_msgs/msg/positioncmd.hpp
[0.764s] -- Up-to-date: /home/k/robo/install/beagle_msgs/include/beagle_msgs/msg/cmd_and_pose_vel.hpp
[0.764s] -- Up-to-date: /home/k/robo/install/beagle_msgs/include/beagle_msgs/action
[0.764s] -- Up-to-date: /home/k/robo/install/beagle_msgs/include/beagle_msgs/action/distbeagle.hpp
[0.764s] -- Up-to-date: /home/k/robo/install/beagle_msgs/include/beagle_msgs/action/detail
[0.764s] -- Up-to-date: /home/k/robo/install/beagle_msgs/include/beagle_msgs/action/detail/distbeagle__builder.hpp
[0.765s] -- Up-to-date: /home/k/robo/install/beagle_msgs/include/beagle_msgs/action/detail/distbeagle__struct.hpp
[0.765s] -- Up-to-date: /home/k/robo/install/beagle_msgs/include/beagle_msgs/action/detail/distbeagle__traits.hpp
[0.765s] -- Up-to-date: /home/k/robo/install/beagle_msgs/include/beagle_msgs/srv
[0.765s] -- Up-to-date: /home/k/robo/install/beagle_msgs/include/beagle_msgs/srv/detail
[0.765s] -- Up-to-date: /home/k/robo/install/beagle_msgs/include/beagle_msgs/srv/detail/beagleposition__traits.hpp
[0.765s] -- Up-to-date: /home/k/robo/install/beagle_msgs/include/beagle_msgs/srv/detail/beagleposition__builder.hpp
[0.765s] -- Up-to-date: /home/k/robo/install/beagle_msgs/include/beagle_msgs/srv/detail/beagleposition__struct.hpp
[0.765s] -- Up-to-date: /home/k/robo/install/beagle_msgs/include/beagle_msgs/srv/beagleposition.hpp
[0.765s] -- Up-to-date: /home/k/robo/install/beagle_msgs/include/beagle_msgs
[0.765s] -- Up-to-date: /home/k/robo/install/beagle_msgs/include/beagle_msgs/msg
[0.765s] -- Up-to-date: /home/k/robo/install/beagle_msgs/include/beagle_msgs/msg/detail
[0.766s] -- Up-to-date: /home/k/robo/install/beagle_msgs/include/beagle_msgs/msg/detail/position_cmd__type_support.cpp
[0.766s] -- Up-to-date: /home/k/robo/install/beagle_msgs/include/beagle_msgs/msg/detail/positioncmd__type_support.cpp
[0.766s] -- Up-to-date: /home/k/robo/install/beagle_msgs/include/beagle_msgs/msg/detail/cmd_and_pose_vel__type_support.cpp
[0.766s] -- Up-to-date: /home/k/robo/install/beagle_msgs/include/beagle_msgs/msg/detail/position_cmd__rosidl_typesupport_introspection_cpp.hpp
[0.766s] -- Up-to-date: /home/k/robo/install/beagle_msgs/include/beagle_msgs/msg/detail/cmd_and_pose_vel__rosidl_typesupport_introspection_cpp.hpp
[0.766s] -- Up-to-date: /home/k/robo/install/beagle_msgs/include/beagle_msgs/msg/detail/positioncmd__rosidl_typesupport_introspection_cpp.hpp
[0.766s] -- Up-to-date: /home/k/robo/install/beagle_msgs/include/beagle_msgs/action
[0.766s] -- Up-to-date: /home/k/robo/install/beagle_msgs/include/beagle_msgs/action/detail
[0.767s] -- Up-to-date: /home/k/robo/install/beagle_msgs/include/beagle_msgs/action/detail/distbeagle__type_support.cpp
[0.767s] -- Up-to-date: /home/k/robo/install/beagle_msgs/include/beagle_msgs/action/detail/distbeagle__rosidl_typesupport_introspection_cpp.hpp
[0.767s] -- Up-to-date: /home/k/robo/install/beagle_msgs/include/beagle_msgs/srv
[0.767s] -- Up-to-date: /home/k/robo/install/beagle_msgs/include/beagle_msgs/srv/detail
[0.767s] -- Up-to-date: /home/k/robo/install/beagle_msgs/include/beagle_msgs/srv/detail/beagleposition__rosidl_typesupport_introspection_cpp.hpp
[0.767s] -- Up-to-date: /home/k/robo/install/beagle_msgs/include/beagle_msgs/srv/detail/beagleposition__type_support.cpp
[0.768s] -- Up-to-date: /home/k/robo/install/beagle_msgs/lib/libbeagle_msgs__rosidl_typesupport_introspection_cpp.so
[0.768s] -- Up-to-date: /home/k/robo/install/beagle_msgs/lib/libbeagle_msgs__rosidl_typesupport_cpp.so
[0.768s] -- Up-to-date: /home/k/robo/install/beagle_msgs/share/beagle_msgs/environment/pythonpath.sh
[0.768s] -- Up-to-date: /home/k/robo/install/beagle_msgs/share/beagle_msgs/environment/pythonpath.dsv
[0.769s] -- Up-to-date: /home/k/robo/install/beagle_msgs/lib/python3.8/site-packages/beagle_msgs/__init__.py
[0.805s] -- Up-to-date: /home/k/robo/install/beagle_msgs/lib/python3.8/site-packages/beagle_msgs/msg
[0.806s] -- Up-to-date: /home/k/robo/install/beagle_msgs/lib/python3.8/site-packages/beagle_msgs/msg/_position_cmd.py
[0.806s] -- Up-to-date: /home/k/robo/install/beagle_msgs/lib/python3.8/site-packages/beagle_msgs/msg/__init__.py
[0.806s] -- Up-to-date: /home/k/robo/install/beagle_msgs/lib/python3.8/site-packages/beagle_msgs/msg/_positioncmd.py
[0.806s] -- Up-to-date: /home/k/robo/install/beagle_msgs/lib/python3.8/site-packages/beagle_msgs/msg/_position_cmd_s.c
[0.806s] -- Up-to-date: /home/k/robo/install/beagle_msgs/lib/python3.8/site-packages/beagle_msgs/msg/_cmd_and_pose_vel.py
[0.806s] -- Up-to-date: /home/k/robo/install/beagle_msgs/lib/python3.8/site-packages/beagle_msgs/msg/_positioncmd_s.c
[0.806s] -- Up-to-date: /home/k/robo/install/beagle_msgs/lib/python3.8/site-packages/beagle_msgs/msg/_cmd_and_pose_vel_s.c
[0.807s] -- Up-to-date: /home/k/robo/install/beagle_msgs/lib/python3.8/site-packages/beagle_msgs/action
[0.807s] -- Up-to-date: /home/k/robo/install/beagle_msgs/lib/python3.8/site-packages/beagle_msgs/action/__init__.py
[0.807s] -- Up-to-date: /home/k/robo/install/beagle_msgs/lib/python3.8/site-packages/beagle_msgs/action/_distbeagle.py
[0.807s] -- Up-to-date: /home/k/robo/install/beagle_msgs/lib/python3.8/site-packages/beagle_msgs/action/_distbeagle_s.c
[0.807s] -- Up-to-date: /home/k/robo/install/beagle_msgs/lib/python3.8/site-packages/beagle_msgs/srv
[0.807s] -- Up-to-date: /home/k/robo/install/beagle_msgs/lib/python3.8/site-packages/beagle_msgs/srv/_beagleposition_s.c
[0.808s] -- Up-to-date: /home/k/robo/install/beagle_msgs/lib/python3.8/site-packages/beagle_msgs/srv/__init__.py
[0.808s] -- Up-to-date: /home/k/robo/install/beagle_msgs/lib/python3.8/site-packages/beagle_msgs/srv/_beagleposition.py
[0.808s] -- Up-to-date: /home/k/robo/install/beagle_msgs/lib/python3.8/site-packages/beagle_msgs/beagle_msgs_s__rosidl_typesupport_fastrtps_c.cpython-38-x86_64-linux-gnu.so
[0.808s] -- Up-to-date: /home/k/robo/install/beagle_msgs/lib/python3.8/site-packages/beagle_msgs/beagle_msgs_s__rosidl_typesupport_introspection_c.cpython-38-x86_64-linux-gnu.so
[0.808s] -- Up-to-date: /home/k/robo/install/beagle_msgs/lib/python3.8/site-packages/beagle_msgs/beagle_msgs_s__rosidl_typesupport_c.cpython-38-x86_64-linux-gnu.so
[0.809s] -- Up-to-date: /home/k/robo/install/beagle_msgs/lib/libbeagle_msgs__python.so
[0.809s] -- Up-to-date: /home/k/robo/install/beagle_msgs/share/beagle_msgs/msg/CmdAndPoseVel.idl
[0.809s] -- Up-to-date: /home/k/robo/install/beagle_msgs/share/beagle_msgs/action/Distbeagle.idl
[0.809s] -- Up-to-date: /home/k/robo/install/beagle_msgs/share/beagle_msgs/srv/Beagleposition.idl
[0.809s] -- Up-to-date: /home/k/robo/install/beagle_msgs/share/beagle_msgs/msg/CmdAndPoseVel.msg
[0.809s] -- Up-to-date: /home/k/robo/install/beagle_msgs/share/beagle_msgs/action/Distbeagle.action
[0.810s] -- Up-to-date: /home/k/robo/install/beagle_msgs/share/beagle_msgs/srv/Beagleposition.srv
[0.810s] -- Up-to-date: /home/k/robo/install/beagle_msgs/share/beagle_msgs/srv/Beagleposition_Request.msg
[0.810s] -- Up-to-date: /home/k/robo/install/beagle_msgs/share/beagle_msgs/srv/Beagleposition_Response.msg
[0.810s] -- Up-to-date: /home/k/robo/install/beagle_msgs/share/ament_index/resource_index/package_run_dependencies/beagle_msgs
[0.811s] -- Up-to-date: /home/k/robo/install/beagle_msgs/share/ament_index/resource_index/parent_prefix_path/beagle_msgs
[0.811s] -- Up-to-date: /home/k/robo/install/beagle_msgs/share/beagle_msgs/environment/ament_prefix_path.sh
[0.811s] -- Up-to-date: /home/k/robo/install/beagle_msgs/share/beagle_msgs/environment/ament_prefix_path.dsv
[0.811s] -- Up-to-date: /home/k/robo/install/beagle_msgs/share/beagle_msgs/environment/path.sh
[0.811s] -- Up-to-date: /home/k/robo/install/beagle_msgs/share/beagle_msgs/environment/path.dsv
[0.813s] -- Up-to-date: /home/k/robo/install/beagle_msgs/share/beagle_msgs/local_setup.bash
[0.813s] -- Up-to-date: /home/k/robo/install/beagle_msgs/share/beagle_msgs/local_setup.sh
[0.813s] -- Up-to-date: /home/k/robo/install/beagle_msgs/share/beagle_msgs/local_setup.zsh
[0.813s] -- Up-to-date: /home/k/robo/install/beagle_msgs/share/beagle_msgs/local_setup.dsv
[0.813s] -- Installing: /home/k/robo/install/beagle_msgs/share/beagle_msgs/package.dsv
[0.814s] -- Up-to-date: /home/k/robo/install/beagle_msgs/share/ament_index/resource_index/packages/beagle_msgs
[0.814s] -- Up-to-date: /home/k/robo/install/beagle_msgs/share/beagle_msgs/cmake/beagle_msgs__rosidl_generator_cExport.cmake
[0.814s] -- Up-to-date: /home/k/robo/install/beagle_msgs/share/beagle_msgs/cmake/beagle_msgs__rosidl_generator_cExport-noconfig.cmake
[0.814s] -- Up-to-date: /home/k/robo/install/beagle_msgs/share/beagle_msgs/cmake/beagle_msgs__rosidl_typesupport_introspection_cExport.cmake
[0.814s] -- Up-to-date: /home/k/robo/install/beagle_msgs/share/beagle_msgs/cmake/beagle_msgs__rosidl_typesupport_introspection_cExport-noconfig.cmake
[0.814s] -- Up-to-date: /home/k/robo/install/beagle_msgs/share/beagle_msgs/cmake/beagle_msgs__rosidl_typesupport_cExport.cmake
[0.814s] -- Up-to-date: /home/k/robo/install/beagle_msgs/share/beagle_msgs/cmake/beagle_msgs__rosidl_typesupport_cExport-noconfig.cmake
[0.814s] -- Up-to-date: /home/k/robo/install/beagle_msgs/share/beagle_msgs/cmake/beagle_msgs__rosidl_generator_cppExport.cmake
[0.814s] -- Up-to-date: /home/k/robo/install/beagle_msgs/share/beagle_msgs/cmake/beagle_msgs__rosidl_typesupport_introspection_cppExport.cmake
[0.814s] -- Up-to-date: /home/k/robo/install/beagle_msgs/share/beagle_msgs/cmake/beagle_msgs__rosidl_typesupport_introspection_cppExport-noconfig.cmake
[0.814s] -- Up-to-date: /home/k/robo/install/beagle_msgs/share/beagle_msgs/cmake/beagle_msgs__rosidl_typesupport_cppExport.cmake
[0.814s] -- Up-to-date: /home/k/robo/install/beagle_msgs/share/beagle_msgs/cmake/beagle_msgs__rosidl_typesupport_cppExport-noconfig.cmake
[0.814s] -- Up-to-date: /home/k/robo/install/beagle_msgs/share/beagle_msgs/cmake/rosidl_cmake-extras.cmake
[0.814s] -- Up-to-date: /home/k/robo/install/beagle_msgs/share/beagle_msgs/cmake/ament_cmake_export_dependencies-extras.cmake
[0.814s] -- Up-to-date: /home/k/robo/install/beagle_msgs/share/beagle_msgs/cmake/ament_cmake_export_libraries-extras.cmake
[0.814s] -- Up-to-date: /home/k/robo/install/beagle_msgs/share/beagle_msgs/cmake/ament_cmake_export_targets-extras.cmake
[0.814s] -- Up-to-date: /home/k/robo/install/beagle_msgs/share/beagle_msgs/cmake/ament_cmake_export_include_directories-extras.cmake
[0.814s] -- Up-to-date: /home/k/robo/install/beagle_msgs/share/beagle_msgs/cmake/rosidl_cmake_export_typesupport_libraries-extras.cmake
[0.815s] -- Up-to-date: /home/k/robo/install/beagle_msgs/share/beagle_msgs/cmake/rosidl_cmake_export_typesupport_targets-extras.cmake
[0.815s] -- Up-to-date: /home/k/robo/install/beagle_msgs/share/beagle_msgs/cmake/beagle_msgsConfig.cmake
[0.815s] -- Up-to-date: /home/k/robo/install/beagle_msgs/share/beagle_msgs/cmake/beagle_msgsConfig-version.cmake
[0.815s] -- Up-to-date: /home/k/robo/install/beagle_msgs/share/beagle_msgs/package.xml
[0.837s] Invoked command in '/home/k/robo/build/beagle_msgs' returned '0': CMAKE_PREFIX_PATH=${CMAKE_PREFIX_PATH}:/home/k/robo/install/beagle_first_package:/opt/ros/galactic /home/k/.local/bin/cmake --install /home/k/robo/build/beagle_msgs
