[0.836s] Invoking command in '/home/k/robo/src/beagle_first_package': PYTHONPATH=/home/k/robo/build/beagle_first_package/prefix_override:/home/k/robo/install/beagle_first_package/lib/python3.8/site-packages:${PYTHONPATH} /usr/bin/python3 setup.py egg_info --egg-base ../../build/beagle_first_package build --build-base /home/k/robo/build/beagle_first_package/build install --record /home/k/robo/build/beagle_first_package/install.log --single-version-externally-managed
[1.095s] running egg_info
[1.105s] writing ../../build/beagle_first_package/beagle_first_package.egg-info/PKG-INFO
[1.105s] writing dependency_links to ../../build/beagle_first_package/beagle_first_package.egg-info/dependency_links.txt
[1.105s] writing entry points to ../../build/beagle_first_package/beagle_first_package.egg-info/entry_points.txt
[1.106s] writing requirements to ../../build/beagle_first_package/beagle_first_package.egg-info/requires.txt
[1.106s] writing top-level names to ../../build/beagle_first_package/beagle_first_package.egg-info/top_level.txt
[1.135s] reading manifest file '../../build/beagle_first_package/beagle_first_package.egg-info/SOURCES.txt'
[1.136s] writing manifest file '../../build/beagle_first_package/beagle_first_package.egg-info/SOURCES.txt'
[1.136s] running build
[1.136s] running build_py
[1.136s] copying beagle_first_package/beagle_first_pub.py -> /home/k/robo/build/beagle_first_package/build/lib/beagle_first_package
[1.136s] running install
[1.136s] /home/k/.local/lib/python3.8/site-packages/setuptools/command/install.py:34: SetuptoolsDeprecationWarning: setup.py install is deprecated. Use build and pip and other standards-based tools.
[1.137s]   warnings.warn(
[1.140s] running install_lib
[1.150s] copying /home/k/robo/build/beagle_first_package/build/lib/beagle_first_package/beagle_first_pub.py -> /home/k/robo/install/beagle_first_package/lib/python3.8/site-packages/beagle_first_package
[1.150s] byte-compiling /home/k/robo/install/beagle_first_package/lib/python3.8/site-packages/beagle_first_package/beagle_first_pub.py to beagle_first_pub.cpython-38.pyc
[1.151s] running install_data
[1.161s] running install_egg_info
[1.170s] removing '/home/k/robo/install/beagle_first_package/lib/python3.8/site-packages/beagle_first_package-0.0.0-py3.8.egg-info' (and everything under it)
[1.171s] Copying ../../build/beagle_first_package/beagle_first_package.egg-info to /home/k/robo/install/beagle_first_package/lib/python3.8/site-packages/beagle_first_package-0.0.0-py3.8.egg-info
[1.171s] running install_scripts
[1.210s] Installing beagle_first_node script to /home/k/robo/install/beagle_first_package/lib/beagle_first_package
[1.211s] Installing beagle_first_pub script to /home/k/robo/install/beagle_first_package/lib/beagle_first_package
[1.211s] Installing beagle_first_sub script to /home/k/robo/install/beagle_first_package/lib/beagle_first_package
[1.211s] Installing bealge_camera script to /home/k/robo/install/beagle_first_package/lib/beagle_first_package
[1.211s] writing list of installed files to '/home/k/robo/build/beagle_first_package/install.log'
[1.248s] Invoked command in '/home/k/robo/src/beagle_first_package' returned '0': PYTHONPATH=/home/k/robo/build/beagle_first_package/prefix_override:/home/k/robo/install/beagle_first_package/lib/python3.8/site-packages:${PYTHONPATH} /usr/bin/python3 setup.py egg_info --egg-base ../../build/beagle_first_package build --build-base /home/k/robo/build/beagle_first_package/build install --record /home/k/robo/build/beagle_first_package/install.log --single-version-externally-managed
