[0.270s] DEBUG:colcon:Command line arguments: ['/usr/bin/colcon', 'build']
[0.270s] DEBUG:colcon:Parsed command line arguments: Namespace(allow_overriding=[], ament_cmake_args=None, base_paths=['.'], build_base='build', catkin_cmake_args=None, catkin_skip_building_tests=False, cmake_args=None, cmake_clean_cache=False, cmake_clean_first=False, cmake_force_configure=False, cmake_target=None, cmake_target_skip_unavailable=False, continue_on_error=False, event_handlers=None, executor='parallel', ignore_user_meta=False, install_base='install', log_base=None, log_level=None, main=<bound method BuildVerb.main of <colcon_core.verb.build.BuildVerb object at 0x7f248e763190>>, merge_install=False, metas=['./colcon.meta'], packages_above=None, packages_above_and_dependencies=None, packages_above_depth=None, packages_end=None, packages_ignore=None, packages_ignore_regex=None, packages_select=None, packages_select_build_failed=False, packages_select_by_dep=None, packages_select_regex=None, packages_select_test_failures=False, packages_skip=None, packages_skip_build_finished=False, packages_skip_by_dep=None, packages_skip_regex=None, packages_skip_test_passed=False, packages_skip_up_to=None, packages_start=None, packages_up_to=None, packages_up_to_regex=None, parallel_workers=8, paths=None, symlink_install=False, test_result_base=None, verb_extension=<colcon_core.verb.build.BuildVerb object at 0x7f248e763190>, verb_name='build', verb_parser=<colcon_defaults.argument_parser.defaults.DefaultArgumentsDecorator object at 0x7f248e622730>)
[0.306s] Level 1:colcon.colcon_core.package_discovery:discover_packages(colcon_meta) check parameters
[0.306s] Level 1:colcon.colcon_core.package_discovery:discover_packages(recursive) check parameters
[0.306s] Level 1:colcon.colcon_core.package_discovery:discover_packages(ignore) check parameters
[0.306s] Level 1:colcon.colcon_core.package_discovery:discover_packages(path) check parameters
[0.306s] Level 1:colcon.colcon_core.package_discovery:discover_packages(colcon_meta) discover
[0.307s] Level 1:colcon.colcon_core.package_discovery:discover_packages(recursive) discover
[0.307s] INFO:colcon.colcon_core.package_discovery:Crawling recursively for packages in '/home/k/robo'
[0.307s] Level 1:colcon.colcon_core.package_identification:_identify(.) by extensions ['ignore', 'ignore_ament_install']
[0.307s] Level 1:colcon.colcon_core.package_identification:_identify(.) by extension 'ignore'
[0.307s] Level 1:colcon.colcon_core.package_identification:_identify(.) by extension 'ignore_ament_install'
[0.307s] Level 1:colcon.colcon_core.package_identification:_identify(.) by extensions ['colcon_pkg']
[0.307s] Level 1:colcon.colcon_core.package_identification:_identify(.) by extension 'colcon_pkg'
[0.307s] Level 1:colcon.colcon_core.package_identification:_identify(.) by extensions ['colcon_meta']
[0.307s] Level 1:colcon.colcon_core.package_identification:_identify(.) by extension 'colcon_meta'
[0.307s] Level 1:colcon.colcon_core.package_identification:_identify(.) by extensions ['ros']
[0.307s] Level 1:colcon.colcon_core.package_identification:_identify(.) by extension 'ros'
[0.315s] Level 1:colcon.colcon_core.package_identification:_identify(.) by extensions ['cmake', 'python']
[0.315s] Level 1:colcon.colcon_core.package_identification:_identify(.) by extension 'cmake'
[0.315s] Level 1:colcon.colcon_core.package_identification:_identify(.) by extension 'python'
[0.315s] Level 1:colcon.colcon_core.package_identification:_identify(.) by extensions ['python_setup_py']
[0.315s] Level 1:colcon.colcon_core.package_identification:_identify(.) by extension 'python_setup_py'
[0.315s] Level 1:colcon.colcon_core.package_identification:_identify(build) by extensions ['ignore', 'ignore_ament_install']
[0.315s] Level 1:colcon.colcon_core.package_identification:_identify(build) by extension 'ignore'
[0.315s] Level 1:colcon.colcon_core.package_identification:_identify(build) ignored
[0.315s] Level 1:colcon.colcon_core.package_identification:_identify(install) by extensions ['ignore', 'ignore_ament_install']
[0.315s] Level 1:colcon.colcon_core.package_identification:_identify(install) by extension 'ignore'
[0.315s] Level 1:colcon.colcon_core.package_identification:_identify(install) ignored
[0.315s] Level 1:colcon.colcon_core.package_identification:_identify(log) by extensions ['ignore', 'ignore_ament_install']
[0.316s] Level 1:colcon.colcon_core.package_identification:_identify(log) by extension 'ignore'
[0.316s] Level 1:colcon.colcon_core.package_identification:_identify(log) ignored
[0.316s] Level 1:colcon.colcon_core.package_identification:_identify(src) by extensions ['ignore', 'ignore_ament_install']
[0.316s] Level 1:colcon.colcon_core.package_identification:_identify(src) by extension 'ignore'
[0.316s] Level 1:colcon.colcon_core.package_identification:_identify(src) by extension 'ignore_ament_install'
[0.316s] Level 1:colcon.colcon_core.package_identification:_identify(src) by extensions ['colcon_pkg']
[0.316s] Level 1:colcon.colcon_core.package_identification:_identify(src) by extension 'colcon_pkg'
[0.316s] Level 1:colcon.colcon_core.package_identification:_identify(src) by extensions ['colcon_meta']
[0.316s] Level 1:colcon.colcon_core.package_identification:_identify(src) by extension 'colcon_meta'
[0.316s] Level 1:colcon.colcon_core.package_identification:_identify(src) by extensions ['ros']
[0.316s] Level 1:colcon.colcon_core.package_identification:_identify(src) by extension 'ros'
[0.316s] Level 1:colcon.colcon_core.package_identification:_identify(src) by extensions ['cmake', 'python']
[0.316s] Level 1:colcon.colcon_core.package_identification:_identify(src) by extension 'cmake'
[0.316s] Level 1:colcon.colcon_core.package_identification:_identify(src) by extension 'python'
[0.316s] Level 1:colcon.colcon_core.package_identification:_identify(src) by extensions ['python_setup_py']
[0.316s] Level 1:colcon.colcon_core.package_identification:_identify(src) by extension 'python_setup_py'
[0.316s] Level 1:colcon.colcon_core.package_identification:_identify(src/beagle_first_package) by extensions ['ignore', 'ignore_ament_install']
[0.316s] Level 1:colcon.colcon_core.package_identification:_identify(src/beagle_first_package) by extension 'ignore'
[0.316s] Level 1:colcon.colcon_core.package_identification:_identify(src/beagle_first_package) by extension 'ignore_ament_install'
[0.316s] Level 1:colcon.colcon_core.package_identification:_identify(src/beagle_first_package) by extensions ['colcon_pkg']
[0.316s] Level 1:colcon.colcon_core.package_identification:_identify(src/beagle_first_package) by extension 'colcon_pkg'
[0.316s] Level 1:colcon.colcon_core.package_identification:_identify(src/beagle_first_package) by extensions ['colcon_meta']
[0.316s] Level 1:colcon.colcon_core.package_identification:_identify(src/beagle_first_package) by extension 'colcon_meta'
[0.316s] Level 1:colcon.colcon_core.package_identification:_identify(src/beagle_first_package) by extensions ['ros']
[0.316s] Level 1:colcon.colcon_core.package_identification:_identify(src/beagle_first_package) by extension 'ros'
[0.318s] DEBUG:colcon.colcon_core.package_identification:Package 'src/beagle_first_package' with type 'ros.ament_python' and name 'beagle_first_package'
[0.318s] Level 1:colcon.colcon_core.package_identification:_identify(src/beagle_msgs) by extensions ['ignore', 'ignore_ament_install']
[0.318s] Level 1:colcon.colcon_core.package_identification:_identify(src/beagle_msgs) by extension 'ignore'
[0.318s] Level 1:colcon.colcon_core.package_identification:_identify(src/beagle_msgs) by extension 'ignore_ament_install'
[0.318s] Level 1:colcon.colcon_core.package_identification:_identify(src/beagle_msgs) by extensions ['colcon_pkg']
[0.318s] Level 1:colcon.colcon_core.package_identification:_identify(src/beagle_msgs) by extension 'colcon_pkg'
[0.318s] Level 1:colcon.colcon_core.package_identification:_identify(src/beagle_msgs) by extensions ['colcon_meta']
[0.318s] Level 1:colcon.colcon_core.package_identification:_identify(src/beagle_msgs) by extension 'colcon_meta'
[0.318s] Level 1:colcon.colcon_core.package_identification:_identify(src/beagle_msgs) by extensions ['ros']
[0.318s] Level 1:colcon.colcon_core.package_identification:_identify(src/beagle_msgs) by extension 'ros'
[0.318s] DEBUG:colcon.colcon_core.package_identification:Package 'src/beagle_msgs' with type 'ros.ament_cmake' and name 'beagle_msgs'
[0.318s] Level 1:colcon.colcon_core.package_discovery:discover_packages(recursive) using defaults
[0.318s] Level 1:colcon.colcon_core.package_discovery:discover_packages(ignore) discover
[0.318s] Level 1:colcon.colcon_core.package_discovery:discover_packages(ignore) using defaults
[0.318s] Level 1:colcon.colcon_core.package_discovery:discover_packages(path) discover
[0.318s] Level 1:colcon.colcon_core.package_discovery:discover_packages(path) using defaults
[0.335s] Level 1:colcon.colcon_core.package_discovery:discover_packages(prefix_path) check parameters
[0.335s] Level 1:colcon.colcon_core.package_discovery:discover_packages(prefix_path) discover
[0.338s] DEBUG:colcon.colcon_installed_package_information.package_discovery:Found 2 installed packages in /home/k/robo/install
[0.339s] DEBUG:colcon.colcon_installed_package_information.package_discovery:Found 280 installed packages in /opt/ros/galactic
[0.340s] Level 1:colcon.colcon_core.package_discovery:discover_packages(prefix_path) using defaults
[0.385s] Level 5:colcon.colcon_core.verb:set package 'beagle_first_package' build argument 'cmake_args' from command line to 'None'
[0.385s] Level 5:colcon.colcon_core.verb:set package 'beagle_first_package' build argument 'cmake_target' from command line to 'None'
[0.385s] Level 5:colcon.colcon_core.verb:set package 'beagle_first_package' build argument 'cmake_target_skip_unavailable' from command line to 'False'
[0.385s] Level 5:colcon.colcon_core.verb:set package 'beagle_first_package' build argument 'cmake_clean_cache' from command line to 'False'
[0.385s] Level 5:colcon.colcon_core.verb:set package 'beagle_first_package' build argument 'cmake_clean_first' from command line to 'False'
[0.385s] Level 5:colcon.colcon_core.verb:set package 'beagle_first_package' build argument 'cmake_force_configure' from command line to 'False'
[0.385s] Level 5:colcon.colcon_core.verb:set package 'beagle_first_package' build argument 'ament_cmake_args' from command line to 'None'
[0.385s] Level 5:colcon.colcon_core.verb:set package 'beagle_first_package' build argument 'catkin_cmake_args' from command line to 'None'
[0.385s] Level 5:colcon.colcon_core.verb:set package 'beagle_first_package' build argument 'catkin_skip_building_tests' from command line to 'False'
[0.385s] DEBUG:colcon.colcon_core.verb:Building package 'beagle_first_package' with the following arguments: {'ament_cmake_args': None, 'build_base': '/home/k/robo/build/beagle_first_package', 'catkin_cmake_args': None, 'catkin_skip_building_tests': False, 'cmake_args': None, 'cmake_clean_cache': False, 'cmake_clean_first': False, 'cmake_force_configure': False, 'cmake_target': None, 'cmake_target_skip_unavailable': False, 'install_base': '/home/k/robo/install/beagle_first_package', 'merge_install': False, 'path': '/home/k/robo/src/beagle_first_package', 'symlink_install': False, 'test_result_base': None}
[0.386s] Level 5:colcon.colcon_core.verb:set package 'beagle_msgs' build argument 'cmake_args' from command line to 'None'
[0.386s] Level 5:colcon.colcon_core.verb:set package 'beagle_msgs' build argument 'cmake_target' from command line to 'None'
[0.386s] Level 5:colcon.colcon_core.verb:set package 'beagle_msgs' build argument 'cmake_target_skip_unavailable' from command line to 'False'
[0.386s] Level 5:colcon.colcon_core.verb:set package 'beagle_msgs' build argument 'cmake_clean_cache' from command line to 'False'
[0.386s] Level 5:colcon.colcon_core.verb:set package 'beagle_msgs' build argument 'cmake_clean_first' from command line to 'False'
[0.386s] Level 5:colcon.colcon_core.verb:set package 'beagle_msgs' build argument 'cmake_force_configure' from command line to 'False'
[0.387s] Level 5:colcon.colcon_core.verb:set package 'beagle_msgs' build argument 'ament_cmake_args' from command line to 'None'
[0.387s] Level 5:colcon.colcon_core.verb:set package 'beagle_msgs' build argument 'catkin_cmake_args' from command line to 'None'
[0.387s] Level 5:colcon.colcon_core.verb:set package 'beagle_msgs' build argument 'catkin_skip_building_tests' from command line to 'False'
[0.387s] DEBUG:colcon.colcon_core.verb:Building package 'beagle_msgs' with the following arguments: {'ament_cmake_args': None, 'build_base': '/home/k/robo/build/beagle_msgs', 'catkin_cmake_args': None, 'catkin_skip_building_tests': False, 'cmake_args': None, 'cmake_clean_cache': False, 'cmake_clean_first': False, 'cmake_force_configure': False, 'cmake_target': None, 'cmake_target_skip_unavailable': False, 'install_base': '/home/k/robo/install/beagle_msgs', 'merge_install': False, 'path': '/home/k/robo/src/beagle_msgs', 'symlink_install': False, 'test_result_base': None}
[0.387s] INFO:colcon.colcon_core.executor:Executing jobs using 'parallel' executor
[0.392s] DEBUG:colcon.colcon_parallel_executor.executor.parallel:run_until_complete
[0.392s] INFO:colcon.colcon_ros.task.ament_python.build:Building ROS package in '/home/k/robo/src/beagle_first_package' with build type 'ament_python'
[0.392s] Level 1:colcon.colcon_core.shell:create_environment_hook('beagle_first_package', 'ament_prefix_path')
[0.396s] INFO:colcon.colcon_core.plugin_system:Skipping extension 'colcon_core.shell.bat': Not used on non-Windows systems
[0.396s] INFO:colcon.colcon_core.shell:Creating environment hook '/home/k/robo/install/beagle_first_package/share/beagle_first_package/hook/ament_prefix_path.ps1'
[0.396s] INFO:colcon.colcon_core.shell:Creating environment descriptor '/home/k/robo/install/beagle_first_package/share/beagle_first_package/hook/ament_prefix_path.dsv'
[0.397s] INFO:colcon.colcon_core.shell:Creating environment hook '/home/k/robo/install/beagle_first_package/share/beagle_first_package/hook/ament_prefix_path.sh'
[0.399s] INFO:colcon.colcon_core.shell:Skip shell extension 'powershell' for command environment: Not usable outside of PowerShell
[0.399s] DEBUG:colcon.colcon_core.shell:Skip shell extension 'dsv' for command environment
[0.404s] INFO:colcon.colcon_ros.task.ament_cmake.build:Building ROS package in '/home/k/robo/src/beagle_msgs' with build type 'ament_cmake'
[0.404s] INFO:colcon.colcon_cmake.task.cmake.build:Building CMake package in '/home/k/robo/src/beagle_msgs'
[0.407s] INFO:colcon.colcon_core.shell:Skip shell extension 'powershell' for command environment: Not usable outside of PowerShell
[0.407s] DEBUG:colcon.colcon_core.shell:Skip shell extension 'dsv' for command environment
[0.655s] INFO:colcon.colcon_core.task.python.build:Building Python package in '/home/k/robo/src/beagle_first_package'
[0.658s] INFO:colcon.colcon_core.shell:Skip shell extension 'powershell' for command environment: Not usable outside of PowerShell
[0.658s] DEBUG:colcon.colcon_core.shell:Skip shell extension 'dsv' for command environment
[0.668s] DEBUG:colcon.colcon_core.event_handler.log_command:Invoking command in '/home/k/robo/build/beagle_msgs': CMAKE_PREFIX_PATH=${CMAKE_PREFIX_PATH}:/home/k/robo/install/beagle_first_package:/opt/ros/galactic /home/k/.local/bin/cmake --build /home/k/robo/build/beagle_msgs -- -j8 -l8
[0.743s] DEBUG:colcon.colcon_core.event_handler.log_command:Invoked command in '/home/k/robo/build/beagle_msgs' returned '0': CMAKE_PREFIX_PATH=${CMAKE_PREFIX_PATH}:/home/k/robo/install/beagle_first_package:/opt/ros/galactic /home/k/.local/bin/cmake --build /home/k/robo/build/beagle_msgs -- -j8 -l8
[0.824s] DEBUG:colcon.colcon_core.event_handler.log_command:Invoking command in '/home/k/robo/build/beagle_msgs': CMAKE_PREFIX_PATH=${CMAKE_PREFIX_PATH}:/home/k/robo/install/beagle_first_package:/opt/ros/galactic /home/k/.local/bin/cmake --install /home/k/robo/build/beagle_msgs
[0.888s] Level 1:colcon.colcon_core.environment:create_environment_scripts_only(beagle_msgs)
[0.890s] DEBUG:colcon.colcon_core.event_handler.log_command:Invoked command in '/home/k/robo/build/beagle_msgs' returned '0': CMAKE_PREFIX_PATH=${CMAKE_PREFIX_PATH}:/home/k/robo/install/beagle_first_package:/opt/ros/galactic /home/k/.local/bin/cmake --install /home/k/robo/build/beagle_msgs
[0.897s] Level 1:colcon.colcon_core.environment:checking '/home/k/robo/install/beagle_msgs' for CMake module files
[0.898s] Level 1:colcon.colcon_core.environment:checking '/home/k/robo/install/beagle_msgs' for CMake config files
[0.898s] Level 1:colcon.colcon_core.shell:create_environment_hook('beagle_msgs', 'cmake_prefix_path')
[0.901s] INFO:colcon.colcon_core.shell:Creating environment hook '/home/k/robo/install/beagle_msgs/share/beagle_msgs/hook/cmake_prefix_path.ps1'
[0.902s] INFO:colcon.colcon_core.shell:Creating environment descriptor '/home/k/robo/install/beagle_msgs/share/beagle_msgs/hook/cmake_prefix_path.dsv'
[0.902s] INFO:colcon.colcon_core.shell:Creating environment hook '/home/k/robo/install/beagle_msgs/share/beagle_msgs/hook/cmake_prefix_path.sh'
[0.903s] Level 1:colcon.colcon_core.environment:checking '/home/k/robo/install/beagle_msgs/lib'
[0.903s] Level 1:colcon.colcon_core.shell:create_environment_hook('beagle_msgs', 'ld_library_path_lib')
[0.907s] INFO:colcon.colcon_core.shell:Creating environment hook '/home/k/robo/install/beagle_msgs/share/beagle_msgs/hook/ld_library_path_lib.ps1'
[0.907s] INFO:colcon.colcon_core.shell:Creating environment descriptor '/home/k/robo/install/beagle_msgs/share/beagle_msgs/hook/ld_library_path_lib.dsv'
[0.908s] INFO:colcon.colcon_core.shell:Creating environment hook '/home/k/robo/install/beagle_msgs/share/beagle_msgs/hook/ld_library_path_lib.sh'
[0.908s] Level 1:colcon.colcon_core.environment:checking '/home/k/robo/install/beagle_msgs/bin'
[0.908s] Level 1:colcon.colcon_core.environment:checking '/home/k/robo/install/beagle_msgs/lib/pkgconfig/beagle_msgs.pc'
[0.908s] Level 1:colcon.colcon_core.environment:checking '/home/k/robo/install/beagle_msgs/lib/python3.8/site-packages'
[0.908s] Level 1:colcon.colcon_core.shell:create_environment_hook('beagle_msgs', 'pythonpath')
[0.912s] INFO:colcon.colcon_core.shell:Creating environment hook '/home/k/robo/install/beagle_msgs/share/beagle_msgs/hook/pythonpath.ps1'
[0.912s] INFO:colcon.colcon_core.shell:Creating environment descriptor '/home/k/robo/install/beagle_msgs/share/beagle_msgs/hook/pythonpath.dsv'
[0.912s] INFO:colcon.colcon_core.shell:Creating environment hook '/home/k/robo/install/beagle_msgs/share/beagle_msgs/hook/pythonpath.sh'
[0.913s] Level 1:colcon.colcon_core.environment:checking '/home/k/robo/install/beagle_msgs/bin'
[0.916s] INFO:colcon.colcon_core.shell:Creating package script '/home/k/robo/install/beagle_msgs/share/beagle_msgs/package.ps1'
[0.917s] INFO:colcon.colcon_core.shell:Creating package descriptor '/home/k/robo/install/beagle_msgs/share/beagle_msgs/package.dsv'
[0.918s] INFO:colcon.colcon_core.shell:Creating package script '/home/k/robo/install/beagle_msgs/share/beagle_msgs/package.sh'
[0.919s] INFO:colcon.colcon_core.shell:Creating package script '/home/k/robo/install/beagle_msgs/share/beagle_msgs/package.bash'
[0.919s] INFO:colcon.colcon_core.shell:Creating package script '/home/k/robo/install/beagle_msgs/share/beagle_msgs/package.zsh'
[0.920s] Level 1:colcon.colcon_core.environment:create_file_with_runtime_dependencies(/home/k/robo/install/beagle_msgs/share/colcon-core/packages/beagle_msgs)
[0.996s] Level 1:colcon.colcon_core.environment:create_environment_scripts_only(beagle_msgs)
[1.001s] Level 1:colcon.colcon_core.environment:checking '/home/k/robo/install/beagle_msgs' for CMake module files
[1.001s] Level 1:colcon.colcon_core.environment:checking '/home/k/robo/install/beagle_msgs' for CMake config files
[1.002s] Level 1:colcon.colcon_core.shell:create_environment_hook('beagle_msgs', 'cmake_prefix_path')
[1.004s] INFO:colcon.colcon_core.shell:Creating environment hook '/home/k/robo/install/beagle_msgs/share/beagle_msgs/hook/cmake_prefix_path.ps1'
[1.005s] INFO:colcon.colcon_core.shell:Creating environment descriptor '/home/k/robo/install/beagle_msgs/share/beagle_msgs/hook/cmake_prefix_path.dsv'
[1.005s] INFO:colcon.colcon_core.shell:Creating environment hook '/home/k/robo/install/beagle_msgs/share/beagle_msgs/hook/cmake_prefix_path.sh'
[1.006s] Level 1:colcon.colcon_core.environment:checking '/home/k/robo/install/beagle_msgs/lib'
[1.006s] Level 1:colcon.colcon_core.shell:create_environment_hook('beagle_msgs', 'ld_library_path_lib')
[1.008s] INFO:colcon.colcon_core.shell:Creating environment hook '/home/k/robo/install/beagle_msgs/share/beagle_msgs/hook/ld_library_path_lib.ps1'
[1.008s] INFO:colcon.colcon_core.shell:Creating environment descriptor '/home/k/robo/install/beagle_msgs/share/beagle_msgs/hook/ld_library_path_lib.dsv'
[1.009s] INFO:colcon.colcon_core.shell:Creating environment hook '/home/k/robo/install/beagle_msgs/share/beagle_msgs/hook/ld_library_path_lib.sh'
[1.009s] Level 1:colcon.colcon_core.environment:checking '/home/k/robo/install/beagle_msgs/bin'
[1.009s] Level 1:colcon.colcon_core.environment:checking '/home/k/robo/install/beagle_msgs/lib/pkgconfig/beagle_msgs.pc'
[1.009s] Level 1:colcon.colcon_core.environment:checking '/home/k/robo/install/beagle_msgs/lib/python3.8/site-packages'
[1.009s] Level 1:colcon.colcon_core.shell:create_environment_hook('beagle_msgs', 'pythonpath')
[1.011s] INFO:colcon.colcon_core.shell:Creating environment hook '/home/k/robo/install/beagle_msgs/share/beagle_msgs/hook/pythonpath.ps1'
[1.012s] INFO:colcon.colcon_core.shell:Creating environment descriptor '/home/k/robo/install/beagle_msgs/share/beagle_msgs/hook/pythonpath.dsv'
[1.012s] INFO:colcon.colcon_core.shell:Creating environment hook '/home/k/robo/install/beagle_msgs/share/beagle_msgs/hook/pythonpath.sh'
[1.012s] Level 1:colcon.colcon_core.environment:checking '/home/k/robo/install/beagle_msgs/bin'
[1.015s] INFO:colcon.colcon_core.shell:Creating package script '/home/k/robo/install/beagle_msgs/share/beagle_msgs/package.ps1'
[1.016s] INFO:colcon.colcon_core.shell:Creating package descriptor '/home/k/robo/install/beagle_msgs/share/beagle_msgs/package.dsv'
[1.016s] INFO:colcon.colcon_core.shell:Creating package script '/home/k/robo/install/beagle_msgs/share/beagle_msgs/package.sh'
[1.017s] INFO:colcon.colcon_core.shell:Creating package script '/home/k/robo/install/beagle_msgs/share/beagle_msgs/package.bash'
[1.017s] INFO:colcon.colcon_core.shell:Creating package script '/home/k/robo/install/beagle_msgs/share/beagle_msgs/package.zsh'
[1.018s] Level 1:colcon.colcon_core.environment:create_file_with_runtime_dependencies(/home/k/robo/install/beagle_msgs/share/colcon-core/packages/beagle_msgs)
[1.170s] DEBUG:colcon.colcon_core.event_handler.log_command:Invoking command in '/home/k/robo/src/beagle_first_package': PYTHONPATH=/home/k/robo/build/beagle_first_package/prefix_override:/home/k/robo/install/beagle_first_package/lib/python3.8/site-packages:${PYTHONPATH} /usr/bin/python3 setup.py egg_info --egg-base ../../build/beagle_first_package build --build-base /home/k/robo/build/beagle_first_package/build install --record /home/k/robo/build/beagle_first_package/install.log --single-version-externally-managed
[1.619s] Level 1:colcon.colcon_core.environment:checking '/home/k/robo/install/beagle_first_package' for CMake module files
[1.620s] DEBUG:colcon.colcon_core.event_handler.log_command:Invoked command in '/home/k/robo/src/beagle_first_package' returned '0': PYTHONPATH=/home/k/robo/build/beagle_first_package/prefix_override:/home/k/robo/install/beagle_first_package/lib/python3.8/site-packages:${PYTHONPATH} /usr/bin/python3 setup.py egg_info --egg-base ../../build/beagle_first_package build --build-base /home/k/robo/build/beagle_first_package/build install --record /home/k/robo/build/beagle_first_package/install.log --single-version-externally-managed
[1.620s] Level 1:colcon.colcon_core.environment:checking '/home/k/robo/install/beagle_first_package' for CMake config files
[1.620s] Level 1:colcon.colcon_core.environment:checking '/home/k/robo/install/beagle_first_package/lib'
[1.621s] Level 1:colcon.colcon_core.environment:checking '/home/k/robo/install/beagle_first_package/bin'
[1.621s] Level 1:colcon.colcon_core.environment:checking '/home/k/robo/install/beagle_first_package/lib/pkgconfig/beagle_first_package.pc'
[1.621s] Level 1:colcon.colcon_core.environment:checking '/home/k/robo/install/beagle_first_package/lib/python3.8/site-packages'
[1.621s] Level 1:colcon.colcon_core.shell:create_environment_hook('beagle_first_package', 'pythonpath')
[1.623s] INFO:colcon.colcon_core.shell:Creating environment hook '/home/k/robo/install/beagle_first_package/share/beagle_first_package/hook/pythonpath.ps1'
[1.625s] INFO:colcon.colcon_core.shell:Creating environment descriptor '/home/k/robo/install/beagle_first_package/share/beagle_first_package/hook/pythonpath.dsv'
[1.625s] INFO:colcon.colcon_core.shell:Creating environment hook '/home/k/robo/install/beagle_first_package/share/beagle_first_package/hook/pythonpath.sh'
[1.625s] Level 1:colcon.colcon_core.environment:checking '/home/k/robo/install/beagle_first_package/bin'
[1.625s] Level 1:colcon.colcon_core.environment:create_environment_scripts_only(beagle_first_package)
[1.629s] INFO:colcon.colcon_core.shell:Creating package script '/home/k/robo/install/beagle_first_package/share/beagle_first_package/package.ps1'
[1.629s] INFO:colcon.colcon_core.shell:Creating package descriptor '/home/k/robo/install/beagle_first_package/share/beagle_first_package/package.dsv'
[1.630s] INFO:colcon.colcon_core.shell:Creating package script '/home/k/robo/install/beagle_first_package/share/beagle_first_package/package.sh'
[1.630s] INFO:colcon.colcon_core.shell:Creating package script '/home/k/robo/install/beagle_first_package/share/beagle_first_package/package.bash'
[1.630s] INFO:colcon.colcon_core.shell:Creating package script '/home/k/robo/install/beagle_first_package/share/beagle_first_package/package.zsh'
[1.630s] Level 1:colcon.colcon_core.environment:create_file_with_runtime_dependencies(/home/k/robo/install/beagle_first_package/share/colcon-core/packages/beagle_first_package)
[1.631s] DEBUG:colcon.colcon_parallel_executor.executor.parallel:closing loop
[1.631s] DEBUG:colcon.colcon_parallel_executor.executor.parallel:loop closed
[1.631s] DEBUG:colcon.colcon_parallel_executor.executor.parallel:run_until_complete finished with '0'
[1.631s] DEBUG:colcon.colcon_core.event_reactor:joining thread
[1.637s] INFO:colcon.colcon_core.plugin_system:Skipping extension 'colcon_notification.desktop_notification.terminal_notifier': Not used on non-Darwin systems
[1.637s] INFO:colcon.colcon_core.plugin_system:Skipping extension 'colcon_notification.desktop_notification.win32': Not used on non-Windows systems
[1.637s] INFO:colcon.colcon_notification.desktop_notification:Sending desktop notification using 'notify2'
[1.649s] DEBUG:colcon.colcon_core.event_reactor:joined thread
[1.653s] INFO:colcon.colcon_core.shell:Creating prefix script '/home/k/robo/install/local_setup.ps1'
[1.653s] INFO:colcon.colcon_core.shell:Creating prefix util module '/home/k/robo/install/_local_setup_util_ps1.py'
[1.654s] INFO:colcon.colcon_core.shell:Creating prefix chain script '/home/k/robo/install/setup.ps1'
[1.656s] INFO:colcon.colcon_core.shell:Creating prefix script '/home/k/robo/install/local_setup.sh'
[1.656s] INFO:colcon.colcon_core.shell:Creating prefix util module '/home/k/robo/install/_local_setup_util_sh.py'
[1.657s] INFO:colcon.colcon_core.shell:Creating prefix chain script '/home/k/robo/install/setup.sh'
[1.658s] INFO:colcon.colcon_core.shell:Creating prefix script '/home/k/robo/install/local_setup.bash'
[1.659s] INFO:colcon.colcon_core.shell:Creating prefix chain script '/home/k/robo/install/setup.bash'
[1.660s] INFO:colcon.colcon_core.shell:Creating prefix script '/home/k/robo/install/local_setup.zsh'
[1.660s] INFO:colcon.colcon_core.shell:Creating prefix chain script '/home/k/robo/install/setup.zsh'
