/home/k/robo/install/beagle_first_package/lib/python3.8/site-packages/beagle_first_package/beagle_camera.py
/home/k/robo/install/beagle_first_package/lib/python3.8/site-packages/beagle_first_package/beagle_service_server.py
/home/k/robo/install/beagle_first_package/lib/python3.8/site-packages/beagle_first_package/beagle_action_server.py
/home/k/robo/install/beagle_first_package/lib/python3.8/site-packages/beagle_first_package/beagle_first_sub.py
/home/k/robo/install/beagle_first_package/lib/python3.8/site-packages/beagle_first_package/beagle_cmd_and_pose.py
/home/k/robo/install/beagle_first_package/lib/python3.8/site-packages/beagle_first_package/beagle_first_pub.py
/home/k/robo/install/beagle_first_package/lib/python3.8/site-packages/beagle_first_package/__pycache__/beagle_camera.cpython-38.pyc
/home/k/robo/install/beagle_first_package/lib/python3.8/site-packages/beagle_first_package/__pycache__/beagle_service_server.cpython-38.pyc
/home/k/robo/install/beagle_first_package/lib/python3.8/site-packages/beagle_first_package/__pycache__/beagle_action_server.cpython-38.pyc
/home/k/robo/install/beagle_first_package/lib/python3.8/site-packages/beagle_first_package/__pycache__/beagle_first_sub.cpython-38.pyc
/home/k/robo/install/beagle_first_package/lib/python3.8/site-packages/beagle_first_package/__pycache__/beagle_cmd_and_pose.cpython-38.pyc
/home/k/robo/install/beagle_first_package/lib/python3.8/site-packages/beagle_first_package/__pycache__/beagle_first_pub.cpython-38.pyc
/home/k/robo/install/beagle_first_package/share/ament_index/resource_index/packages/beagle_first_package
/home/k/robo/install/beagle_first_package/share/beagle_first_package/package.xml
/home/k/robo/install/beagle_first_package/share/beagle_first_package/launch/beagle_dice.launch.py
/home/k/robo/install/beagle_first_package/lib/python3.8/site-packages/beagle_first_package-0.0.0-py3.8.egg-info/PKG-INFO
/home/k/robo/install/beagle_first_package/lib/python3.8/site-packages/beagle_first_package-0.0.0-py3.8.egg-info/requires.txt
/home/k/robo/install/beagle_first_package/lib/python3.8/site-packages/beagle_first_package-0.0.0-py3.8.egg-info/top_level.txt
/home/k/robo/install/beagle_first_package/lib/python3.8/site-packages/beagle_first_package-0.0.0-py3.8.egg-info/zip-safe
/home/k/robo/install/beagle_first_package/lib/python3.8/site-packages/beagle_first_package-0.0.0-py3.8.egg-info/dependency_links.txt
/home/k/robo/install/beagle_first_package/lib/python3.8/site-packages/beagle_first_package-0.0.0-py3.8.egg-info/SOURCES.txt
/home/k/robo/install/beagle_first_package/lib/python3.8/site-packages/beagle_first_package-0.0.0-py3.8.egg-info/entry_points.txt
/home/k/robo/install/beagle_first_package/lib/beagle_first_package/beagle_action_server
/home/k/robo/install/beagle_first_package/lib/beagle_first_package/beagle_first_node
/home/k/robo/install/beagle_first_package/lib/beagle_first_package/beagle_first_pub
/home/k/robo/install/beagle_first_package/lib/beagle_first_package/beagle_first_sub
/home/k/robo/install/beagle_first_package/lib/beagle_first_package/beagle_service_server
